dzjzSj8pA9NWl57ytkOkpDOQLlIxbXIBtzoDMwdZ2rr8JWlnMTqKk00+0kOfs0rtg8+zf1C6bY+f7YQfUwR0Z2MbIMHHUlU7/SSfFlsXXpvogECU1qqzw3ZrU1UtVJvFoNBTN+KYSDWePPQFIxIF4eLK3hFqf3AdErStrz5G/Y1t53xx9L/Z1mxwUVwTTWWqZ0j7h6Ov/g==
RGq+i4DdBGX43O9FtiTOvDFPz3B6mIMu2dT1ucz2tEJFccOxTcc2NfFmbduSZM4evt/j3Y+1QTckZX4B1u3hMnMXC/zZWg2niHdOGDYYUCo1TwDz9bn75M2J5gilG8T4bhloJPIJNSITDcSSqF2sv7ZRZOwLQ6j2awHrf4rdUt9/epqoFxBFfbNGQVCNi6Wv+A==
S4w1s5N7zYqQAhgO16uEzz1/ZGKCRr6AaaDrPYv/VTGy/kU5BTYcN8WUWbqP7DMtsQUPZVBCKKY31MFdwmwDErL7VHSI3XrBcT9yVXW+Mct7qaieWpePzVPtxdfgHULxemVF8hcf50yl4smHjK+SiJrQdCoRh6xjKWH/xAkxmrhJE6A4ypHE1M5x8cKXVRiCxBVIP9KZiPxXmyyWL/nXDyZV9p+bcvYY66gBXbceHcAhw4Gv3A==
DibmB0wuyE8iTfAa1+cQw2zPkqGtQAtdUB16vK167dfdIlgon9Qydv5FSW5RCM/Qj4eLi9Vpr6hiWDEWAM5QDK/7aWs82eqJam45bV9SIwp8TgdzfDq5bQil31V4hWMUCgDzwZanT9WfjYepIMz5+Y4Ir17rdV/bTxQcxxTA2oS1gBgkNKK5vK/j
jrt8rqPLVvfTg3OP2Ma6y0z4//a0/9AqtIK7vcJdICO0mbONkNxOgd1m1cs9/mB074GL6n7Z8TIhVPcMb5uzl6V1l3SihImKcFLokE8n0TdMhdKVanIBMS8Om9ac0r/vDKYBsch550kImVsI6tzLneb790kfET/1UJDBJW4Ul0KbaWcHj8ikW2RcYhhVXKB4RP6BoK//
KMGBcMphxIbRRR8O+SCzUEz4//a0/9AqtIK7vcJdICO0iLuDltNP091m1cs9/mB074CL6n7Z8TIhVPcMb5uzl6V1l3SihImKcFLokE8n0TdMhdKVanIBMS8Om9ac0r/vDKYBsch550kImVsI6tzLneb790kfET/1UJDBJW4Ul0KbaWcHj8ikW2RcYhhVXKB4RP6BoK//
V1MD5pWRCXDN1XIq7oUi7paNYA4ol1bVWNKeq3s/1XvLF444QwVLNEAuk8yxR/66bu2QkQN0abTd9frRdTcedVn29XvYUTcexu8rfRcl6fcMFUbhHr15sutHQ9whamXnYOfWeP7oaCoNv8iTbSkTpKW5HijtS1x49kmgxMp5HeK7nVwyYG3Uv05hLEyT0wC2Q/HTH8INyl/nqlKIbyCtvdvW2bDF+52vwA==
O/SK3JYrpYMthlZaHRInZ0lXL2VoVtcwB9cmDqunqJIWJzV0AW1+QZF/UlVV/pFLHelLnjpXb03zLeXXwN0icZolJfI3X0fMBaIph+xvcgg6EFQqMUcM48mhn8TpcTo46VOAOKrRJFSusdHCt5W4AiTVKD8y2eh899sMlg+5N49GlRafu7JWmEtoYV1XXn1AgYOhr/w=
uBZEhf/aiO/bxfU5moUzR9clMfHY5p5iY3nmHEN7RCIGPovr1H9V/DYsavyqyrNxHkWCcZ1nRrVhht2bxkE/Hs7/Mx0/1dG31MUuQeYN8TJjN/s8iTq9JxjXPljm+GAqBa/Qs4UZa2R96bbIVTvU+H75WGSiqcWig210Unh93L9GcTSsu6M4dhuhO7+6vULfb1rq6Mfw9f0j5rGQ3euVr8g=
dOXhEubF5I4L48RU6A/nLw26zrXu8tAqvICtr5ZPI3O03P7ExJIb091m1cs9/mB074SL6n7Z8TIhVPcMb5uzl6V1l3SihImKcFLokE8n0TdMhdKVanIBMS8Om9ac0r/vDKYBsch550kImVsI6tzLneb790kfET/1UJDBJW4Ul0KbaWcHj8ikW2RcYhhVXKB4RP6BoK//
tsmeUiItqB/SG+8R3ZCK0QUSbzg2Vtc7GMchXKK05pMcbDV0AW1+QZF/UlVV/pFLGOlLnjpXb03zLeXXwN0icZolJfI3X0fMBaIph+xvcgg6EFQqMUcM48mhn8TpcTo46VOAOKrRJFSusdHCt5W4AiTVKD8y2eh899sMlg+5N49GlRafu7JWmEtoYV1XXn1AgYOhr/w=
k5DjLw2/twq+44YLImTTxGXx/IBGst30pbmAof6vZ+E5r5qVHY75awQYU54iJ3dtG90tl4iNitFitZ1yT8//LO1yYcekX1roIiBMKil3FAPhkdeEoaHS2FHD+LgSQdz0BuGZgn9lUCI8pTA/KinwXJ+rRFbHaZ8vPgWuH0Mi7vgjOKmdn25VIJmzua/k
pkMK8nYw0txgnKK4WvtbT0lNI2hqF554GMB/A+f498AUPnR0AW1+QZF/UlVV/pFLGuhLnjpXb03zLeXXwN0icZolJfI3X0fMBaIph+xvcgg6EFQqMUcM48mhn8TpcTo46VOAOKrRJFSusdHCt5W4AiTVKD8y2eh899sMlg+5N49GlRafu7JWmEtoYV1XXn1AgYOhr/w=
Vrs2c/NXUR9WFHBvEaHvBLWHP1PWC4XmbQn0tcAQBaVfdODBFZe47SHMcFRKhk3eLZGWCIGB/tzDiQT0ILC0Y86gXhqeg2AdKDUFMOE5baDszqehjom+N22Y2WLj3t/lH03Nc3M2Ago1wGhEnCLfuZ3NROMWN+rc3VsX+M9EbGzT9STgpTOoNxtDUE/vejoCx6cuXXOrX38j3ygmVXde6rsYc+8Dxa/GmJH8ypYqRUJsAswYxYKv0Q==
dkgJ8GbgbN1wFHuiuWBresBGuLlkbmoOpoKqJduDi9v/x/Zbbxumjyy8qrhieFI1wOe8m81i3T8diiiwPy3iX/5tmZbxkL94T2+7k7VRf0DiMGEu4NZgZO9TmfOcobqhakZpFf/K06I8JjdrnALpBYhND20YnVP8yqiDWTZfn/2fpVdRgFSJUU7gn0aLTY8zz3xM//TY6uz1KOi8lNrplK/L
nDtsjL6lqOBREakBHW7LLEIyXMiAgnDtNLpCaoZmgjHLl4Pf/8P+T38PjmsM2IJsMiya8YAjdM+dtnVbvW6AJK+5att+6RECYQQXnO8LE0flBbeEovSperACSADPt7HnjLWypWpCYQHv3vtGHEIfv8xWIcHIicc5SEn7mGpMK82myxd5HyHfxRDAIbXuhDeS2xlH94+4hKukDMKI1czAqITO4ZCvzw==
xjazi46lfSJsrQnTH3ULrwoyjMxVMHPCeqA3POEe/wjORxIFXH9CfMj78gDwhFH44665LAIQsuZ46RvrMAWXKrtDHAx43oiz5cVZ+SeHoskoWfDh11JF261kT/bLl+57WMBwdOaqgyNGK+O1ndQLJXCQA9fymFgVTnykpbOSdUESiq4xmn8APeJ03Q/Oxm0tvScsUeS/yba8sAE8g83VyteIy+eTr84=
dR7F5t0lU0MeIQG6Kvv8gLz+pxwy5aDsTAcsrLZYlniOS8ORh93/zeJFR3maeXzmbnYayr6TYA0I5UXgQantMEwe53+umb4nTUiZskNOX3W/nY2jUyYCGhUQKJQ8sl8pPR0EMzYn6sz9i1cob9Ts/HMlZDCFI6gnO5MQn0/qupJnd26NU7tfbwMPaPb15956G8gzPyPVr9a4QbwaNrrF0szSjMjlkq/B
wh65MXNLMZ1YCss+lWbFLklXL2VoVtc4BcE0WqautsAWIXwgTzgMQZF/UlVV/pFLF+tKnjpXb03zLeXXwN0icZolJfI3X0fMBaIph+xvcgg6EFQqMUcM48mhn8TpcTo46VOAOKrRJFSusdHCt5W4AiTVKD8y2eh899sMlg+5N49GlRafu7JWmEtoYV1XXn1AgYOhr/w=
TPoHdbffV9vXlrXv6kJiVZa/9OqGPvGXTbnVNwtdCIOG4aHkumn1DIn9zSxUOre6QSI+m7WM6Z5LWj8pZ3kdL/vSQmYtFBj4dGb/taW51H9eE+rwhc+nhOdADCArQXQ8rVdo24MXoHOHvpqOf1M+QbsP39P7yxja/fO+JsMso7OLIe+qgEWMdn5uZU5UdlyEjaav/Q==
bFK2XFZbBODc6k6LfM3K3fLZxu/qr1BsB+nFAIGJ7RCM/mcV6ba+Bw0oGVKDbl9Vf30NwxMGAjpVcKh0/JJfCf39hFN2B+rsvevXyK/07NyzxeRQxQOoB3vzkH+Pyrqyp5fu7RObX09Db+gWNcfeWtsos19j9a/2+CE8+vaaxfIMMgyopbKv4Q==
I43be9G2XIMPCnB8WSaasUxyTXsoPBNpdGm7KxAF92obw7dLF95oc0VF+TnHh4KJiNkQobdSZRsN5C+2K5fOOzhAkLTGqqPjpquD9b3U62UQEKMX0pg4Va78BOWTkpWBsgoO8Xp/YH1C9H1PrsZN7R2nTJEEv+n2HDDh/OPN9Qo3CKuns6/u
Cbsf3UuvmGSgs790EXbEnPDZxv7ouVRsB+nFAIGJ7RCM/mcT6ba+Bw0oGVKDbl9Vf30NwxMGAjpVcKh0/JJfCf39hFN2B+rsvevXyK/07NyzxeRQxQOoB3vzkH+Pyrqyp5fu7RObX09Db+gWNcfeWtsos19j9a/2+CE8+vaaxfIMMgyopbKv4Q==
M0VQMoPsVSM31TqOdyCi6UxyS200IRNpdGm7KxAF92obw7FLF95oc0VF+TnHh4KJiNkQobdSZRsN5C+2K5fOOzhAkLTGqqPjpquD9b3U62UQEKMX0pg4Va78BOWTkpWBsgoO8Xp/YH1C9H1PrsZN7R2nTJEEv+n2HDDh/OPN9Qo3CKuns6/u
JnIMQBv6G2/UJjRowb2gy0xySnsmJBNpdGm7KxAF92obw7JLF95oc0VF+TnHh4KJiNkQobdSZRsN5C+2K5fOOzhAkLTGqqPjpquD9b3U62UQEKMX0pg4Va78BOWTkpWBsgoO8Xp/YH1C9H1PrsZN7R2nTJEEv+n2HDDh/OPN9Qo3CKuns6/u
iIfcDNYraYUZT3qAUkBAv3l0M6ggQCRgaQftDA0vTjz6iBJDVFEr84KHehEll471KVYFu6JyyB62z9s9Z4UZd5y1lqFOnWmy+6eTnHGK9WfQB2Y4zghYKj1f+NPdyaMkNVlOaD2rTHjmafCEGtmNYks9LHKQTaS/vkFcjGNzcDbTUYPZEi3aX/fKAki/QD09a7ZpcPWbra/w
+lG8UyGxJzn4cmU9w3ul14mwykxetSGWZIO9Hdswtk41YgVpX3XcxYdhod1eIZbH7QVxJlDZPQEhn+LVxR5BC0rLtJ5Kd7+No011V3C9krGqRTXyJ383DPUCWQd8zyJI6vBkKgGn3KOZAQ9EmdHK+JlzkDi6sRSUHtFhQif16ML09Vg/wvm4PCc7nBa/WYfJdnUGn6uSptg7yJHdx/6tgNHjka/M
LkEk/k6DxzHwcKIrSQukpAj5EC3iVCd3GCs8440wnXPQbdcah25JqoiL9Bi9GhVtWFthq4rW8mugiFUWP+nRWlcEJSspnq1A9x/HEexkfHXtQCMjyDOlNAKrhYO2LQEyU9erfHmaLaeot+6YlthwKhWPoHNVedvk7UlGiAXb5PiO2QikEslVIvPNpBJIncy/VhEEbOsDyPaLQYv5ap0y3186Oii3UGV9kwbh0C3Lha/Y
LkEk/k6DxzHwcKIrSQukpAj5EC3iVCd3GCs8440wnXPQbdcah25JqoiL9Bi9GhVtWFthq4rW8mugiFUWP+nRWlcEJSspnq1A9x/HEexkfHXtQCMjyDOlNAKrhYO2LQEyU9erfHmaLaeot+6YlthwKhWPoHNVedvk7UlGiAXb5PiO2QikEslVIvPNpBJIncy/VhEEbOsDyPaLQYv5ap0y3186Oii3UGV9kwbh0C3Lha/Y
s+YzOmdZdrIfJT1LGJznZQOxLgHJoTFXKGJvSuYF7VIbMOBkYTRcec/d4Zjw9BKM1S38EWzpcrGCXvQLAXUdMcunzsEsSZQ5CxIZAwn0y35n90KznLBUjNqqv9tiWyd9MbSnrfQApw+u2ITNKmygrd+ymYlWOkqJ5v/8hYbEGUei5oEluT3ICbh/Fe4YIIW0Ly15gpN475+vr/I=
XRAc96nTvOZnDKNHHrXPVqG2XuaEq/nuzH+JkuCOqEsawNC707JtMk65iF1OEGWHX702RcuvvhcteFkCI/7fxd8tTZMzFgIqdSDoJFwC35ldrcQDVhfq/J27l5gPZGxME5WkAOUTqBdbo9AvL1o6IgfHrr0zi19fYz+oRpVXXsp7ePkPQ+Wv5thxfKpWCkVirGJM+IWir/E=
TPTyjubH1ptqbm6PfncUvrJ7OCEcdigcIYxETcSvz14wdqMqZqTTwAf7PBZfmadMUzVlnwtSRljbCDHdp77NAPEjca8s
9RQyxyjQUDqLESZ28hfy2chCtLFhWjkUqL/lNcHK6Nms/cp1Xg61nS/57Kd0Oxg1yPO3uKA7jRkppzLJOXK4AaJtgIe8jfl8TCm1iLdRf0DiMGEu4NZgZO9TmfOcobqhakZpFf/K06I8JjdrnALpBYhND20YnVP8yqiDWTZfn/2fpVdRgFSJUU7gn0aISI8wz3xM//TY6uz1KOi8lNrplK/L
trSi5XF9kwNwmPxKY9O0Zamjla2fmYCS0ug6FqKY2bZz38xiFHyt7LOLfS6/4KxP8W/AdTYn/Dsbblnv7ac1QxaQWD9yZTWmQ+qJPlaWjmB2xES0PGVAgDxqJFFTG0xa/CZDwJSfM5v0BU7BRk0RMkP3m7wpel0nOBde2Ea4gCrl73Az5dlLZJ2pFkg1+/T4nrn45MJp5aJjLdTSGL38v2Yx1CwbY1h2O+HbPB99Id9PGgpoZzCV/QOmURB9K/WvqA==
7LpOsTYaa4bmjiCX8hrqUkcCq/gKaXrFsNUj8l6uAKq1qARhs+sGcwPIQW0KSZTl3HgRHS5sx2o4hJfcD5DUM8R0suCVZPAQJNYxeK8n
CCoeXMpT1YnUbiKEbU3EcyTNiSLD5x3KpPwDjPijf1qjNifShNraDSgYDF3L3ufx5nB5u03rsaG8TxjA0u+1kf0wcmmQIEqrnsQUtnWn3jqbiDD6oxavFjiBvFq2+sWSTJKMCGVSrwE=
02IY7O8999zulJE8djKNU5eSluGwJCyyt8gk5gSq/NacW31bn1oVGkxq28iYjZmvKCxLNeaDFGHwznzMFeSY7bgHGy4Ers+qivznMFNTwLYDcZMdh40JXycqkoivoO29m1aZsAV7Xa8A
EoivrR2Uz/clwcVDqi5CpsAFn2FFrSELs7IhGniC95jEVU0PXJS3hYorwKGkplA8KZysDWxfR/7oBrsqflSLYI+LlNY3ia9tq2XdH3OCfjjTGBkdzw5FYCkTaa80
dCi705t0RWWd8m4fDutCMTOnjxSM7qoga1gVe4dKHRpEesPo8L1hb3B849Ve85zheH4EbP00wK2A9zNOHL7HqoLs/9B7I/h22yH7vX89gd+v2iroB3A1/eNmcZAda1WvCA==
mlh6a0IMYowzqhkQSR1u9RqUoDG93Is6XFgVe4dKHRpEesPo8L1hb3B849Ve85zheH4EbP00wK2A9zNOHL7HqoLs/9B7I/h22yH7vX89gd+v2iroB3A1/eNmcZAda1WvCA==
oBdcdIPM69nbaSCgXnLoIjX4NIEU8NMGq4M5NqOa+gZ9EE7B35/OAF0t4I8iAcYCupRDSH5dPouNtqLCeWq8kMEoRV/GhuVdxUVBQb8/kaYUEDkMCw3dGk9oIxdrrzY=
G6KOsDWiIgPsTMyvtGpESwj5EC3iVCd3GCs8440wnXPQbdcah25JqoiL9Bi9GhVtWFthq4rW8mugiFUWP+nRWlcEJSspnq1A9x/HEexkfHXtQCMjyDOlNAKrhYO2LQEyU9erfHmaLaeot+6YlthwKhWPoHNVedvk7UlGiAXb5PiO2QikEslVIvPNpBJIncy/VhEEbOsDyPaLQYv9b50x3186Oii3UGV9kwbh0C3Lha/Y
3zVS3WtY8od7jTiSVjz8gEcCq/kKaXrFsNUj8l6uAKq1qARhs+sGcwPIQW0KSZTl3HgRHS5sx2o5hJfcD5DUM8R0suCVZPAQJNYxeK8n
kcvPDll5+cfUG1Q3ovhpvQ5NJpaTgL7ScPoPbkCZiQFlDMYycnSk5AuIPc9uxg1t3aQNEUW+KXZcMCF8I821ivcI6ydzry4=
vU8/bbBOYKBo/ioZdDiG0VEMetIx+inb5+QZBYDvLT0OkckBQKY2ah0jPnajnGBCK3Du+iC1TMYePuWetMYc9C12ry0=
eMmKujecXBYwJL68SLOSLi+Eq/YuNL3SRQVkqRS99gSMyLGNrvwnGvjQt+4OoPTjhITScBX0UKDkhtEIr1c=
Yw9BMj4RyUBaqgFfyWK9tjS8s1C0uiPZx/UYXr4keQdC5iFl2bQpyRl+da44oKX0Ty3ZQrP4j98Pr1I=
CPYSkH1RTnUCefq3X/bVlD1+08E3j1s5VG8tZlrmybgZBhoS2M3LiTHhBvgfpOOR6H6mAC4Ve6XGo2AOCkSBvRqoca2uHGe6fbB3zg6AtAMEJBIQFdQQQGQmEWivNw==
NTlxnpUf6FlOARpqt1F1yR+uc/1ZaHS77DBS14O7AKrmKmxAm2PYdrvhWzmbfaPezxqKaOcwFf2DptEQ/St1ryg=
NTlxnpUf6FlOARpqt1F1yR+uc/1ZaHS77DBS14O7AKrmKmxAm2PYdrvhWzmbfaPezxqKaOcwFf2DptEQ/St1ryg=
/3+XHCdiXl81XRHnYybueepLIDvQTl3rgCwy2AsQI2xJ9BFaeALhv0fJzSkCPSrQItKsdCPP44FcaC46WUMYEmIPLU4nVBweqATY/h8q1o1iaiAqYT4QPjTUFw4nSS3QLgHyjxWUGPNIceJABxLFty8KalogiPXnBhUL5ko=
