1VnC3pjGPxpzl7eeEOx48zOQLlIxbXIBtzoDMwdZ2rr8JWlnMTqKk00+0kOfs0rtg8+zf1C6bY+f7YQfUwR0Z2MbIMHHUlU7/SSfFlsXXpvogECU1qqzw3ZrU1UtVJvFoNBTN+KYSDWePPQFIxIF4eLK3hFqf3AdErStrz5G/Y1t4Xxx9L/Z1mxwUVwTTWWqZ0j7h6Ov/g==
fkHC6yNG5fOY0jtqYuXJ6jFPz3B6mIMu2dT1ucz2tEJFccOxTcc2NfFmbduSZM4evt/j3Y+1QTckZX4B1u3hMnMXC/zZWg2niHdOGDYYUCo1TwDz9bn75M2J5gilG8T4bhloJPIJNSITDcSSqF2sv7ZRZOwLQ6j2awHreYrdUt9/epqoFxBFfbNGQVCNi6Wv+A==
aMIqtam8nZYyyk1AaJg8Jj1/ZGKCRr6AaaDrPYv/VTGy/kU5BTYcN8WUWbqP7DMtsQUPZVBCKKY31MFdwmwDErL7VHSI3XrBcT9yVXW+Mct7qaieWpePzVPtxdfgHULxemVF8hcf50yl4smHjK+SiJrQdCoRh6xjKWH/xAkxmrhJE6A4ypHE1M5x8cKXVRiCxBVIP9KZiPxXmyyWL/nXCSZV9p+bcvYY66gBXbceHcAhw4Gv3A==
U51Aes1G92SYMheoKRVo62zPkqGtQAtdUB16vK167dfdIlgon9Qydv5FSW5RCM/Qj4eLi9Vpr6hiWDEWAM5QDK/7aWs82eqJam45bV9SIwp8TgdzfDq5bQil31V4hWMUCgDzwZanT9WfjYepIMz5+Y4Ir17tdV/bTxQcxxTA2oS1gBgkNKK5vK/j
qohb7LnJ2bIbsawruw6zSkz4//a0/9AqtIK7vcJdICO0mbONkNxOgd1m1cs9/mB074GL6n7Z8TIhVPcMb5uzl6V1l3SihImKcFLokE8n0TdMhdKVanIBMS8Om9ac0r/vDKYBsch550kImVsI6tzLneb790kfET/1UJDBJW4Ul0KdaWcHj8ikW2RcYhhVXKB4RP6BoK//
mDYQk/tdzhrg5R4EP5plo0z4//a0/9AqtIK7vcJdICO0iLuDltNP091m1cs9/mB074CL6n7Z8TIhVPcMb5uzl6V1l3SihImKcFLokE8n0TdMhdKVanIBMS8Om9ac0r/vDKYBsch550kImVsI6tzLneb790kfET/1UJDBJW4Ul0KdaWcHj8ikW2RcYhhVXKB4RP6BoK//
dE7dZs66J8Oyck8HLlaKqZaNYA4ol1bVWNKeq3s/1XvLF444QwVLNEAuk8yxR/66bu2QkQN0abTd9frRdTcedVn29XvYUTcexu8rfRcl6fcMFUbhHr15sutHQ9whamXnYOfWeP7oaCoNv8iTbSkTpKW5HijtS1x49kmgxMp5HeK7nVwyYG3Uv05hLEyT0wC2Q/HTGcINyl/nqlKIbyCtvdvW2bDF+52vwA==
qGBl3wZqppKGN6OEZ2VGMklXL2VoVtcwB9cmDqunqJIWJzV0AW1+QZF/UlVV/pFLHelLnjpXb03zLeXXwN0icZolJfI3X0fMBaIph+xvcgg6EFQqMUcM48mhn8TpcTo46VOAOKrRJFSusdHCt5W4AiTVKD8y2eh899sMlg+5N4lGlRafu7JWmEtoYV1XXn1AgYOhr/w=
pTcjT7rQjGVdL3NhvnRE/dclMfHY5p5iY3nmHEN7RCIGPovr1H9V/DYsavyqyrNxHkWCcZ1nRrVhht2bxkE/Hs7/Mx0/1dG31MUuQeYN8TJjN/s8iTq9JxjXPljm+GAqBa/Qs4UZa2R96bbIVTvU+H75WGSiqcWig210Unh93L9GcTSsu6M4dhuhO7m6vULfb1rq6Mfw9f0j5rGQ3euVr8g=
k+6zUKLholJO4LFlOREYbw26zrXu8tAqvICtr5ZPI3O03P7ExJIb091m1cs9/mB074SL6n7Z8TIhVPcMb5uzl6V1l3SihImKcFLokE8n0TdMhdKVanIBMS8Om9ac0r/vDKYBsch550kImVsI6tzLneb790kfET/1UJDBJW4Ul0KdaWcHj8ikW2RcYhhVXKB4RP6BoK//
EXLlHbJAlA5w8nK2qGvdpgUSbzg2Vtc7GMchXKK05pMcbDV0AW1+QZF/UlVV/pFLGOlLnjpXb03zLeXXwN0icZolJfI3X0fMBaIph+xvcgg6EFQqMUcM48mhn8TpcTo46VOAOKrRJFSusdHCt5W4AiTVKD8y2eh899sMlg+5N4lGlRafu7JWmEtoYV1XXn1AgYOhr/w=
y4Ey4WxwYL4mxPy9AwJtrGXx/IBGst30pbmAof6vZ+E5r5qVHY75awQYU54iJ3dtG90tl4iNitFitZ1yT8//LO1yYcekX1roIiBMKil3FAPhkdeEoaHS2FHD+LgSQdz0BuGZgn9lUCI8pTA/KinwXJ+rRFbHaZ8pPgWuH0Mi7vgjOKmdn25VIJmzua/k
9vRmH5rGd8Nr38wZNqJIuIpwFy5CnpAIObSdu//qkm+WepS+29SG2tQDPA1EGotLPd6lg/02UAzPnZriftHhKgEsx8Sv08MvRe0H/CIMGRIQ6hhYD2/hz2ydwp1qehEpD/arntwaT1dsPpE5SPF30eghK0AqFPvlxuPnQR8ZL+1w6PHtrlzn+n3x948PQDTDBOSS0BUUkIBk5pGor/c=
rVu020Z+SQpkhH9iDxsbfUlNI2hqF554GMB/A+f49MAUPnR0AW1+QZF/UlVV/pFLGuhLnjpXb03zLeXXwN0icZolJfI3X0fMBaIph+xvcgg6EFQqMUcM48mhn8TpcTo46VOAOKrRJFSusdHCt5W4AiTVKD8y2eh899sMlg+5N4lGlRafu7JWmEtoYV1XXn1AgYOhr/w=
npnju6uW2iH980qbXN44WLWHP1PWC4XmbQn0tcAQBaVfdODBFZe47SHMcFRKhk3eLZGWCIGB/tzDiQT0ILC0Y86gXhqeg2AdKDUFMOE5baDszqehjom+N22Y2WLj3t/lH03Nc3M2Ago1wGhEnCLfuZ3NROMWN+rc3VsX+M9EbGzT9STgpTOoNxtDUE/vejoCx6cuXXOrX38j3ygmVXde6rsYde8Dxa/GmJH8ypYqRUJsAswYxYKv0Q==
J71E3t0qYcxGsFhia5QrGcBGuLlkbmoOpoKqJduDi9v/x/Zbbxumjyy8qrhieFI1wOe8m81i3T8diiiwPy3iX/5tmZbxkL94T2+7k7VRf0DiMGEu4NZgZO9TmfOcobqhakZpFf/K06I8JjdrnALpBYhND20YnVP8yqiDWTZfn/2fpVdRgFSJUU7gn0aNTY8zz3xM//TY6uz1KOi8lNrplK/L
WFYew4O5+5adF76Hfkd2y0lXL2VoVtc4BcE0WqautsAWIXwgTzgMQZF/UlVV/pFLF+tKnjpXb03zLeXXwN0icZolJfI3X0fMBaIph+xvcgg6EFQqMUcM48mhn8TpcTo46VOAOKrRJFSusdHCt5W4AiTVKD8y2eh899sMlg+5N4lGlRafu7JWmEtoYV1XXn1AgYOhr/w=
PFm+MqmucbdzB0oKsbG4D5a/9OqGPvGXTbnVNwtdCIOG4aHkumn1DIn9zSxUOre6QSI+m7WM6Z5LWj8pZ3kdL/vSQmYtFBj4dGb/taW51H9eE+rwhc+nhOdADCArQXQ8rVdo24MXoHOHvpqOf1M+QbsP39P7yxja/fO+JsMspbOLIe+qgEWMdn5uZU5UdlyEjaav/Q==
7Ay/LDfEUGu0CcNQ1F5R7fLZxu/qr1BsB+nFAIGJ7RCM/mcV6ba+Bw0oGVKDbl9Vf30NwxMGAjpVcKh0/JJfCf39hFN2B+rsvevXyK/07NyzxeRQxQOoB3vzkH+Pyrqyp5fu7RObX09Db+gWNcfeWtsotV9j9a/2+CE8+vaaxfIMMgyopbKv4Q==
TO9ujHVTO5r+VfmeSK32mExyTXsoPBNpdGm7KxAF92obw7dLF95oc0VF+TnHh4KJiNkQobdSZRsN5C+2K5fOOzhAkLTGqqPjpquD9b3U62UQEKMX0pg4Va78BOWTkpWBsgoO8Xp/YH1C9H1PrsZN7R2hTJEEv+n2HDDh/OPN9Qo3CKuns6/u
kj1HAfWlWi3h2V600Zxot/DZxv7ouVRsB+nFAIGJ7RCM/mcT6ba+Bw0oGVKDbl9Vf30NwxMGAjpVcKh0/JJfCf39hFN2B+rsvevXyK/07NyzxeRQxQOoB3vzkH+Pyrqyp5fu7RObX09Db+gWNcfeWtsotV9j9a/2+CE8+vaaxfIMMgyopbKv4Q==
oeNNSjluBkCf9e32L4J+B0xyS200IRNpdGm7KxAF92obw7FLF95oc0VF+TnHh4KJiNkQobdSZRsN5C+2K5fOOzhAkLTGqqPjpquD9b3U62UQEKMX0pg4Va78BOWTkpWBsgoO8Xp/YH1C9H1PrsZN7R2hTJEEv+n2HDDh/OPN9Qo3CKuns6/u
ixcrWl3ITqCUqID2tB+4W0xySnsmJBNpdGm7KxAF92obw7JLF95oc0VF+TnHh4KJiNkQobdSZRsN5C+2K5fOOzhAkLTGqqPjpquD9b3U62UQEKMX0pg4Va78BOWTkpWBsgoO8Xp/YH1C9H1PrsZN7R2hTJEEv+n2HDDh/OPN9Qo3CKuns6/u
L6RGRiBDVSQsjcUliR6lwtWfwGcQNF6P0BkkudqjrMP5RHNb44F0u7LhbzFPPOOLhUHlCPHRLfgcRgdc3q++L11Qudpzth89b0XtC6OegpKFiIh8jMqf4W1F5BtGH+rE7ZN3QF8srLSj/QSYdZsor6sLsHf/knpaNy+OpSODX2cTF0iexR+eMssQVZfTbS9eKNkc8obCBRqcimzglaqvyQ==
/YGrIkvCSLheN5hN8VVvl5aFsMYaQN+rPFxpaGkC4RSvUyohOXxXejLFqOyBTYbiSp0EEbAU9nBhowfmARhK7Mh5szk4bXoRMtWtcr/vr2xd0pFHND8KKNIAXCo5V+TDsfFHBFEBYpgB4wi4IiGMNPYBKQLvxYDiDMUgPzrJwBzPC9TWdwnvae7lnh8zAj44k5jZHQ+OhWDpk6mv9A==
RzXX4/J1GBlOaP2PPWgf3JaFsMYaQN+rPFxpaGkC4RSvUyohOXxXejLFqOyBTYbiSp0EEbAU9nBhowfmARhK7Mh5szk4bXoRMtWtcr/vr2xd0pFHND8KKNIAXCo5V+TDsfFHBFEBYpgB4wi4IiGMNPYBKQLvxYDiDMUgPzrJwBzPC9TWdwnvbe/lnx4zAj44k5jZHQ+OhWDpk6mv9A==
/3+XHCdiXl81XRHnYybueepLIDvQTl3rgCwy2AsQI2xJ9BFaeALhv0fJzSkCPSrQItKsdCPP44FcaC46WUMYEmIPLU4nVBweqATY/h8q1o1iaiAqYT4QPjTUFw4nSS3QLgHyjxWUGPNIceJABxLFty8KalogiPXnBhUL5ko=
