8Z4x1l2CBKARLhD+MoIDnR9GJHh2F5kmV8k8R6ClqaxTYTUbZwMXW5VoKTtrx8hMXLka0SVraQ/0AseVito+cds1fuk2U2fxYc8g4YRkZxs9HUI4SiUR6q/J5PGldSkq8lKEPerVZU6rtt/G/ZD0Hi7Fbjlw0+08v84Zngu5J45TnRORsLJdiEl5d1MVQWdEgYO+o/U=
AwIC5duI7qdKnlDvshLzn84Me7+Z0MimvsbO0byG3m/snW/7iqMuVUfDxkEXxic7rvvcTpDDtN16d9JDZMnsp7W5I4uaMX7AxXOvqdi40JGDgg1tHiEfMWtiIKZeHfChd0apsuXWh7TW9vzxNHkqZz/UHWpjDrE9pQbB6YkxakaPwAs9TYPvZUUsk7eko+8=
cJsYtZrsykngn/1A+UlaoXz2i6wX3pP5OBPeACfmhs6+Q+gNPC6vZESQjOrQO8M/R2tMUz+5hJGEJMKddRaQ0rJDRoFRaW7TRgOi/bPzsnnuQ1kDWsuo5hxj+PVuJ4bb+Inwv2Hpt2NWUXIocQMbUeS47Gk38rmFEkHT2f8y9L5CXWw5Ixa9mql2CxyixgjJSPnWX0vk6cLvrn0VsdYVcRXxdl7bEJ9VAWPjDfHcJ8+Yo9M=
OyabyNRV1mHt3Gy3JuGLkPqWmuTT9mkpU7qcfoHrixGDigcd87eiQVU7R1/EYVsbeycDmQFdGTtZUJUQkZs5Yfbol1R7EfiX3/berseP2ZC31vZLxAetR3+yinqIxL74otvy5wPdWQ1JaqheINLWXts4skpr8KH9+Cos+OeMy7ATKAiopa2j6A==
7Exm2svf+f4F2zuOYu9NtZjw07PMFvHARb/JKCwcAJbS56n5q0OgU4mfqy1bTtexWyoj3e2ft5MMVTtnYyMTdemJWWchNCWcGW+Z3a6sx3hTBfiL59Ku4o87OWwvUmYnrFNtm4dWunaAsJ7Eeh8iS6tJ2ZHxzliS6Oa2IsM8oqaDJOGhgE6cdG94awxLbFiEjbmj9A==
+c1TotXeU7H3lzlFGpSZxJjw07PMFvHARb/JKCwcAJbS9qH3rUyhAYmfqy1bTtexWysj3e2ft5MMVTtnYyMTdemJWWchNCWcGW+Z3a6sx3hTBfiL59Ku4o87OWwvUmYnrFNtm4dWunaAsJ7Eeh8iS6tJ2ZHxzliS6Oa2IsM8oqaDJOGhgE6cdG94awxLbFiEjbmj9A==
0wWGwW2dp8P9Km3foUHMdUpsm8k0MnPJcaIVEOoT2BPEWFZyRVMAKt+951Oy3wXi6a/rKRNU86kU6RbrUmOWJc8jHhF9w87r9ptUviiD7M1yV6rzjElE141ZK5vC8YZwTdN3efC4+EFbIoXd5uFHIWOCGNb2nRgRD2ahor2WP0RelqQh3HlCN+c0lRrbzmktrSY5WeGxwra3oAMtlcOX1c2My+eMo8c=
K/SLhX3a4dpQZul7zR9ixD95bBOHbXvHNGeljpyd+xJWXydBmJmqE2YDgj3Tc1K5iEO6QzpLSKY8Y9i1zqcmm9iJkP+BadejtlES6NGDu5HEuMypl3IZRXJBMxmfshT+Il1MeYOWHdqJditcQkZoiaj5tp+rZIkCz65d1RFWtbE18Zaeu5B/FWFjA01RXIePuKPz
mLGQD0D+z4Vc4LTh79IxM5t8EzlJiNpXYOKd+KK3zj7ZMor8n4fOjoJEIgkKSM4APdOl4Zs3X3ivk4fgY5e5OV8hgMurncd1S7cVpzkNFTItjnVRaQfq2n+az4t4AXM0BpDD5elWS0R+JZA9TbFzkPIkLE4uXv6p2un3BxlbJegwoOT4pljn6nrk/4oBSzTIFOaDxhtWj5pg5pG3o/4=
Kbd4B7qhNSt6iU/Evj0l/tmy4vCWG/HATb3fOngOA8bSouSw/w31AYmfqy1bTtexWy8j3e2ft5MMVTtnYyMTdemJWWchNCWcGW+Z3a6sx3hTBfiL59Ku4o87OWwvUmYnrFNtm4dWunaAsJ7Eeh8iS6tJ2ZHxzliS6Oa2IsM8oqaDJOGhgE6cdG94awxLbFiEjbmj9A==
1nPb8buuhAoInNlssOoZ1XM8LE7ZbXvMK3ei3JWOtRNcFCdBmJmqE2YDgj3Tc1K5jUO6QzpLSKY8Y9i1zqcmm9iJkP+BadejtlES6NGDu5HEuMypl3IZRXJBMxmfshT+Il1MeYOWHdqJditcQkZoiaj5tp+rZIkCz65d1RFWtbE18Zaeu5B/FWFjA01RXIePuKPz
eQ+2mymEIGH1/eoPwn5DObaxfxARuJ6E5dGShGdro0Muw0rN+1NKyZFCorMia2DWdCMQZSYHngugCShveYl/8/4RWtg5Y6Oh3LjUmY+S8XU6AXtJN1LsbprdNOk7NvUKQTZjLGpmcHmw+a7vs0Sh8gduFYV59g0hzXEuDsPw18Wpo8t9OTyfv6Cj6w==
i48YF3ECT3WUQnKvcigRli/PYY3MF22u3ayh/pdjg3WX95YrpbX2v0JtNnlvZVXpWdfrZYum99lLJiLV/feXe9wdey+zy7MdeQHZ77FchXTJJ9mVfkTnEEMN+IP3uo4KX3N5JP+6xk882+0TFz4anlD43oyq9wIju0HZmeGmeHo4rvZqE9QCzhOsYSkQJjycvzArRJuEeOydsaP8
ntnYUT6G6Kt+0b6Gam6k6T9jYB6FLDKPK3D8g9DCp0BURmZBmJmqE2YDgj3Tc1K5j0K6QzpLSKY8Y9i1zqcmm9iJkP+BadejtlES6NGDu5HEuMypl3IZRXJBMxmfshT+Il1MeYOWHdqJditcQkZoiaj5tp+rZIkCz65d1RFWtbE18Zaeu5B/FWFjA01RXIePuKPz
rN5b2CkDBLnVQTGRzLhuVGy9kuzZooEFO6IPKnUzMo/IoT3zjtyGojd5IdtIZXeHlEeGwOnEwoU243FJlmX+kno1fKSANx8yEqeViVufL+AP61fKYr5pQf+58GNr9fdtK4/Fz7nlRQrNlkW5Ka8aQt9in6N4KSPMpggzTam+e1yeHcDVzdmjqJI8HCbu9o4xepEnLxlz9ZCQOJRQZjDX8hrcL+KBo2Tw9P6zLlv+fwLAHsGfo9Y=
7j2IvKJch3AK3wgFlL+7O9KRgmwZCUSN0CM/s8ejz57vRm9R9o48+uq1ci1MbuCBk1CqafGzS/kTMmdVw66iaAVD59c0uRtzax/jUbHFmZOJqLUY4cP5iWZQ9xxLCfi/j45+JjdXmfin7haDdJ8t769KqnL4nH4QMmOSrzPFWSUZEgjW0AqWNssAUoLbaCFVKNIM8JfUC1iDkGjglbWjwA==
cMZBMFAsruHmOKLEpaN2iT95bBOHbXvPNnG32pGU5UBWWW4V1szYE2YDgj3Tc1K5gkG7QzpLSKY8Y9i1zqcmm9iJkP+BadejtlES6NGDu5HEuMypl3IZRXJBMxmfshT+Il1MeYOWHdqJditcQkZoiaj5tp+rZIkCz65d1RFWtbE18Zaeu5B/FWFjA01RXIePuKPz
9HmDnEXVLjOSZtKIL5sijrb6gAu7lBxS8yxXHhcocsXQlZZzSLu9zfsbh7Qf/x9p5RUhVe/tWOfLsd95e9tNa/nBTV6dAu39CasyFk/214d4DWtYNlwbSYn608jOScjxjX0r/MIoNGJOciZlaoVvi5nXvYSAbDzUxnT/5kqIp0bBh2ykpGobanv6V1ZQiom7o/I=
2h1q0RHnXq3IPsCCKzqsNeaMhJGU248DHdu12dtPz/BPW7f+ZYGJ8b+pELPrpdd9a/9lP7mV5foNhmVpqf96Uh/S/5N4GUN8ZhhTHSluW0xe7WClzSkD2NIsPHZuJm4hOiHHHxlDFSDQKHSA5mD34lqsjxKB08QANO6T/tuuHxIArqGvo+Y=
4G4SmBC1JyrVdhfivVFoowMWESd+Ja6BTN+gsyRRVevkFV6FYm8MU07KGlMeeSg/kBdO6cazt7Exr7BhNISX2w09UjhaBSEqXylUcTUVeWoisnQ92vU1DvsWT0YNMEReXqV+OWAzHfwPbmkemxn3ToO9I5HA0g1ImZnn06UhFwSxo66j5Q==
mr0Nv2WVPRIaL0/jivZt5uSMhICWzYsDHdu12dtPz/BPW7f4ZYGJ8b+pELPrpdd9a/9lP7mV5foNhmVpqf96Uh/S/5N4GUN8ZhhTHSluW0xe7WClzSkD2NIsPHZuJm4hOiHHHxlDFSDQKHSA5mD34lqsjxKB08QANO6T/tuuHxIArqGvo+Y=
BL89KLxeKP7E87hqglffBQMWFzFiOK6BTN+gsyRRVevkFViFYm8MU07KGlMeeSg/kBdO6cazt7Exr7BhNISX2w09UjhaBSEqXylUcTUVeWoisnQ92vU1DvsWT0YNMEReXqV+OWAzHfwPbmkemxn3ToO9I5HA0g1ImZnn06UhFwSxo66j5Q==
AXHWuxol4tvI3LhkqHuGNgMWFidwPa6BTN+gsyRRVevkFVuFYm8MU07KGlMeeSg/kBdO6cazt7Exr7BhNISX2w09UjhaBSEqXylUcTUVeWoisnQ92vU1DvsWT0YNMEReXqV+OWAzHfwPbmkemxn3ToO9I5HA0g1ImZnn06UhFwSxo66j5Q==
SjmBCzXKzmXUpkvlc4hQPZN6QThCl9QWOb/EoeLmwHqcfpb2hdTOipZEPR8BSMwEb4Ol4Zs3X3ivk4fnYpi5OV8hgMurncd1S7cVpzkNFTItjnVRaQfq2n+az4t4AXM0BpDD5elWS0R+JZA9TbFzkPIkLE4uXv6p2un3BxlbJegwoOT4pljn6nrk/4oBSzTIFOaDxhtWj5pg5pG3o/4=
WIm8cDxKp+xCLd8WBd6xsFfxZUaFp39JKmIqDuYJ/RNcc6lRThZ0KpKNuun4qUKgvRHUaTapJfLUGfYrIXQdN8enjut2R84rUAkYDynJrxNukSq4iaNTgcy4xLl/UkEVSoHrqecSvA6q3cTJa3alqtG204waJkCZoPm+j4OEUVK37oUlqTbdAb1xHu4TMIelOSM7nYl875+wo/s=
2tYxXzw+fLhX06fQXokkwVfxZUaFp39JKmIqDuYJ/RNcc6lRThZ0KpKNuun4qUKgvRHUaTapJfLUGfYrIXQdN8enjut2R84rUAkYDynJrxNukSq4iaNTgcy4xLl/UkEVSoHrqecSvA6q3cTJa3alqtG204waJkCZoPm+j4OEUVK37oUlqTbdAr1xGugTMYelOSM7nYl875+wo/s=
nGtI3LIQWrZo4/yL5A5JrlfxZUaFp39JKmIqDuYJ/RNcc6lRThZ0KpKNuun4qUKgvRHUaTapJfLUGfYrIXQdN8enjut2R84rUAkYDynJrxNukSq4iaNTgcy4xLl/UkEVSoHrqecSvA6q3cTJa3alqtG204waJkCZoPm+j4OEUVK37oUlqTbdBrxxGegTMYelOSM7nYl875+wo/s=
/3+XHCdiXl81XRHnYybueepLIDvQTl3rgCwy2AsQI2xJ9BFaeALhv0fJzSkCPSrQItKsdCPP44FcaC46WUMYEmIPLU4nVBweqATY/h8q1o1iaiAqYT4QPjTUFw4nSS3QLgHyjxWUGPNIceJABxLFty8KalogiPXnBhUL5ko=
