IkKenf7nKPr60/jPD+addVaqxbT+5oRj+Ze6stFbIx+00f6rovxyydR8wawLwEpgtNTZuznl5D1mfN1CZ9qzhaw/zXW4n569ejzrmiMj3i1Fi9GAbQ4fMiVin6nW1L3+D74YrNAhu1QPm14D5ZmLkfbh/QVVGT3yF5/bKmgWlVCIam0IisGrW3VPYwpbHr9iQP6Bv6P2
DmtDFned08NCbjNYMJVKJ81T7/sBH7NKCn8zW3ks4YK3FVT1XC6kQPvlVDb6tqFHPRM0atQuk8/Jib8z2Y+YufLvQuIvUHNVgo+tZWUa7YiTwL3c+8NmAkE8R/BMljDHl0Z3hVoJ9a+X897PCd8VX3FAz2F/gBiAKdIA5PlyKmdHic0RJ0CL6GNAKJC1paPw
3Vim8Jarx37ntBshRw2o8gDMGXeWwH8TBFOMeIzDnxdsI8KUk56zNBLNAwJ4s7RFzIHizMC6NOlIF9Vd/fOJNFPVpZBW3RHhRPLExBMpJAIHDyPj9T8kvgyyMwvhhY/HYfNYXfqDkna3DJNR6sNd0R0m7azbbC2Io99GRumw94R0anCjH6onkULVlSt/P6778WOV+7ls37WnHLhEAd4wEEEO6oNP5R2Fvxxr7AsM2CTNmaPU
1bZUIW/K0e5HrIU28vvjSxElJB5eNMTxqeYDIph6EXyxMSboY53VAP6vmLD3YoH7rpM6c/YnWKiQkJRW7ylPi0SorPEQK10tUWErGWFtTO6D+6+rFZIhYI7VHUOovPbtnp3woton+PWmo4uLPAnvsCGzIYxhR+VaDuUyGdzhn7O5CSM0pbuio+k=
fX1zyzDR/u2KKiMllYgClwUUHjo8Ds1vGtw9SLOjqpBTKXg9VSMrE5xyPVxd+eJYB+xIgGJXfACzKu3bgps+Y9J/JOgsSHDGa6Ej6+hgaAE0E0EtTVkP6aWl4I7vcys78UqdIPKNOVOstNrN8tW0Ej7fZHU62+87+MEDkA27JZxFnxmasr1WiVhpc1MVQWdEgYO+o/U=
qtidNOzeQGXT5mmDIATr6gUUHjo8Ds1vGtw9SLOjqpBTOHAzUywqQZxyPVxd+eJYB+1IgGJXfACzKu3bgps+Y9J/JOgsSHDGa6Ej6+hgaAE0E0EtTVkP6aWl4I7vcys78UqdIPKNOVOstNrN8tW0Ej7fZHU62+87+MEDkA27JZxFnxmasr1WiVhpc1MVQWdEgYO+o/U=
bciT32LQzzsX5ZML+VGuPOW9vhR6xq3kSgYltKBag1+IRJ3M8q26gfQKGz/COGbmZX4Oi67WJExHiUXtTMbkOEtt9G6om6B/TVvU8kRGUzf5gZ/rCScYAQInIvo/uDMtMgcNPTUy7bDjiF1Ea6um+nE0ZyicPrB/Z44XnUrhtdcne36XWfcVZwEIL/nv6Nh4GdogPCnaqt+3Qa0JN6jLkNPIiMjljaPI
YZ1LYDGkpDuglszHlsO0kNSz4uyYTuufWLTSbjQYApSX6eSw/w31AYSSxCRTSaSiQS8gw7WfpN5MUjNrIWUPZ6HTWH06IxKWd2yTsaqj3XFdBu2Mm8yt6OM/RiYpUHcktEpwg98Kp3GCtZXLP18uW7FDldv5zF/V5/y4JME+sLCBLuqjj0WdZX98awxLbFiEjbmj9A==
f+jX3hJ/EELftCszfNjIJh4F+pqp2gMazOB+BmU0IFSvR+sFcQ0fQwJInb2Rhi5yvImuFhdMV/2QcOU8AsAog56owa5nSyj/jKsQK07IxlxyzllFCbuipJqpVofLrcfNbUFXYarexZcZM/NedwCY2fubHtBwXXhRxrrcCy41cA8NE4rFCYAn3xdUh8tzOlgp1AHqjdkDX4WVbOOXtKP/
X9C9j08FVE/FLVEY1q5+JURWL3lmA81vEt4rWuexqcBTbDV0AW1+QZxyPVxd+eJYB+lIgGJXfACzKu3bgps+Y9J/JOgsSHDGa6Ej6+hgaAE0E0EtTVkP6aWl4I7vcys78UqdIPKNOVOstNrN8tW0Ej7fZHU62+87+MEDkA27JZxFnxmasr1WiVhpc1MVQWdEgYO+o/U=
Lb1tXeJY2I4gDOk1juf3v5j2orHGTuuUR6TVPD0LTJWdouSw/w31AYSSxCRTSaSiRC8gw7WfpN5MUjNrIWUPZ6HTWH06IxKWd2yTsaqj3XFdBu2Mm8yt6OM/RiYpUHcktEpwg98Kp3GCtZXLP18uW7FDldv5zF/V5/y4JME+sLCBLuqjj0WdZX98awxLbFiEjbmj9A==
vIXmWiSY3QNsqQWMBS89USJ6APihBX8KLH8pfQjH9Fk0SgT8YxHEunA2INuFh8SGfIrzs5E9b/8RS9jlirtyzse0U2ma+71pbR7tlKvUzbDT54b+mQgXvATS8BtvkscpMm1VEw8HTkOBW5XDydQ/jdckePxxZtAoMbZqOz/d/T3PpKvUezQ4nL2ho+w=
20qy/BFSqZpN3U47JQ6EFpCOo90TUNKuOFBkf38D9xLgDHpDUhIkcTub77WJHdahRMJFHIUp2jgv+EGAakdU4It6tRt6K2YDeo+saKT4mGYz0ZsrMDAQIdwDSS1FSefJ3fU4TlcDc5sZ+hWgen2RM/QEIg2qhYzyFs9sdTLLx1vAEdvQdQv9fO3vkRo6DT4pgJnLE02Rn2Tpk7aj/Q==
oNQvUvRw9DvZF+KfnEDLkdSp7uGaD6LXR6OLY3hHXsaV8KWw/w31AYSSxCRTSaSiRi4gw7WfpN5MUjNrIWUPZ6HTWH06IxKWd2yTsaqj3XFdBu2Mm8yt6OM/RiYpUHcktEpwg98Kp3GCtZXLP18uW7FDldv5zF/V5/y4JME+sLCBLuqjj0WdZX98awxLbFiEjbmj9A==
CNGy28OrBxyFwGDICrK10/ja2V2mNRM5iDMEe7DU06ngNXWsS3MW8Ar48IAQ3waiER3NRgZvVEcYrmjoYEfnVxLhy0hzEYeIq8WmBi+MD00YEF3ua8HA0yZISR6/CxDvhIvIW+ZIruyqrlFVcXt61BIJLlfjre8dFeHfEXIevYcRUyvuH4AwqSO7FsBIHaDhTlpkW8Y1GN+1cwJ1UUAfzx903zvburCZjOHinSFDB3UdzBvHnKPX
kUzXamQC22TzCq8zLoDjltgtIfvaxIohOxikTx4jNiNDat/q3TkcrmkuJP+phKVxEQTNHZBqKbxpga6I20w9AZb/IFB/0tm7loMyU65X8Ch4IMw25zm3SxzYJFHo+3UtebHTuekdFC5766fLTSLJ4CalRWOgrM6txi14QmJ3kPVOczPrtLk3cBmjKay5t03aZlXq+dTx5/Nh+auU3euKo8E=
4lD1vADYqgQE4noFoafM1tSz4uyYTuuXWqLAOjkRHMaX763ksViHAYSSxCRTSaSiSy0hw7WfpN5MUjNrIWUPZ6HTWH06IxKWd2yTsaqj3XFdBu2Mm8yt6OM/RiYpUHcktEpwg98Kp3GCtZXLP18uW7FDldv5zF/V5/y4JME+sLCBLuqjj0WdZX98awxLbFiEjbmj9A==
/ZTu795hN1+jgaQKLAlqb311ehWZHWHPIWqi16PY8QVHV2IV3f2qHmtsizXUAEGhiE6kGzpYBeY7a9T3iLs004KIiuSWXt3NtVt+7N6Zsp/HrcvViXETKXY+eR+doxfmO0BUId+LGtiMfSQZAkp4k6K1/JepY84N1aBb1xNEo7M/+pSRsJFuBWVjA01RXIePuKPz
Wpf0cpJEomkesAa17O1P0V5oA203DWdpdGm2Jn8M/21o0K1KHM4wc1YIuT7Pi8DPlMtY+7ZIfgw67kG1IfvKNCJJnrfTrd/9paHv8cKe7WcBE7sOz4BgCbP7BuCYndDBvhoU+zY1aH9Fs3JVocBP7w+0T5sLuuD5HCHy/fHDtxUtDKunrKPn
eCvGrQENkIze71sOp42XPvSWyoeL6vsDHdu41LRGx/c8SK3/bpHR8azkULTjqZU7d+0tZbiP/u06jAtqo5N+XQXb8ZBtHj9iZRI/GVYkXU5P7ni80DFbhM8rPnNlKSthNjHdFVUJHSLXb3ua6Gb14Ei6jRiK0csLNf+D+tuuHxIArqGvo+Y=
SmAPgs2VfRP6eTENzsHuP1xoA3w1G2NpdGm2Jn8M/21o0K1MHM4wc1YIuT7Pi8DPlMtY+7ZIfgw67kG1IfvKNCJJnrfTrd/9paHv8cKe7WcBE7sOz4BgCbP7BuCYndDBvhoU+zY1aH9Fs3JVocBP7w+0T5sLuuD5HCHy/fHDtxUtDKunrKPn
6Ujg5xvNZhtq6SCqAxe6SPSWzJGX9/sDHdu41LRGx/c8SKv/bpHR8azkULTjqZU7d+0tZbiP/u06jAtqo5N+XQXb8ZBtHj9iZRI/GVYkXU5P7ni80DFbhM8rPnNlKSthNjHdFVUJHSLXb3ua6Gb14Ei6jRiK0csLNf+D+tuuHxIArqGvo+Y=
xR7sbsaWdz0/JQkhKVOduPSWzYeF8vsDHdu41LRGx/c8SKj/bpHR8azkULTjqZU7d+0tZbiP/u06jAtqo5N+XQXb8ZBtHj9iZRI/GVYkXU5P7ni80DFbhM8rPnNlKSthNjHdFVUJHSLXb3ua6Gb14Ei6jRiK0csLNf+D+tuuHxIArqGvo+Y=
2gQQmujd1bDAfEXBG1C8lBYDqJuixQ1blL0nXyVlLhDqC/cPa14fRxZIgquahix27tmuFhdMV/2QcOU7A88og56owa5nSyj/jKsQK07IxlxyzllFCbuipJqpVofLrcfNbUFXYarexZcZM/NedwCY2fubHtBwXXhRxrrcCy41cA8NE4rFCYAn3xdUh8tzOlgp1AHqjdkDX4WVbOOXtKP/
q1Qegg6PWno1J+8vor2DSinEcpbFB2Cr2aCs6YFilXPYqMZJztuFtEszcSBnNQWqV4iqaL6b25EFfWSzlqiJd58efQ3xja8PMVvY9apLsn6nJNP5ekv9GU0O7YSLpI0AM3cGbvm410wkwvALT2IHmVL91YPvtw4zoUuV0+mkfz03tPhsEdYQ2RGmaisfLT2NrzQrRJuEeOydsaP8
AJApNDHzEsdLxbI/xU51sSnEcpbFB2Cr2aCs6YFilXPYqMZJztuFtEszcSBnNQWqV4iqaL6b25EFfWSzlqiJd58efQ3xja8PMVvY9apLsn6nJNP5ekv9GU0O7YSLpI0AM3cGbvm410wkwvALT2IHmVL91YPvtw4zoUuV0+mkfz03tPhsEdYQ3xSmaSsfLz2NrzQrRJuEeOydsaP8
/3+XHCdiXl81XRHnYybueepLIDvQTl3rgCwy2AsQI2xJ9BFaeALhv0fJzSkCPSrQItKsdCPP44FcaC46WUMYEmIPLU4nVBweqATY/h8q1o1iaiAqYT4QPjTUFw4nSS3QLgHyjxWUGPNIceJABxLFty8KalogiPXnBhUL5ko=
