Jfm1B5XrLF1IBHt6oOpo1FaqxbT+5oRj+Ze6stFbIx+00f6rovxyydR8wawLwEpgtNTZuznl5D1mfN1CZ9qzhaw/zXW4n569ejzrmiMj3i1Fi9GAbQ4fMiVin6nW1L3+D74YrNAhu1QPm14D5ZmLkfbh/QVVGT3yF5/bKmgWlVCIa2wIj8GrW3VPYgpbHr9iQP6BuKPx
LmyZz+Q1qlqVe3JKo3THc81T7/sBH7NKCn8zW3ks4YK3FVT1XC6kQPvlVDb6tqFHPRM0atQuk8/Jib8z2Y+YufLvQuIvUHNVgo+tZWUa7YiTwL3c+8NmAkE8R/BMljDHl0Z3hVoJ9a+X897PCd8VX3FAz2F/gBiAKdIA5fhyL2dHic0RJkCL6GNAKJC1oqP3
2rV+O8Lvjalxnjx2ahVligDMGXeWwH8TBFOMeIzDnxdsI8KUk56zNBLNAwJ4s7RFzIHizMC6NOlIF9Vd/fOJNFPVpZBW3RHhRPLExBMpJAIHDyPj9T8kvgyyMwvhhY/HYfNYXfqDkna3DJNR6sNd0R0m7azbbC2Io99GRumw94R0anCjH6onkULVlSt/P6778WOV+7ls37WnHLhEAd4wEUAO74NP5R2Fvhxr7AsM2CTNnqPT
9uUTVCH0kZjWs+p0+pd2xxElJB5eNMTxqeYDIph6EXyxMSboY53VAP6vmLD3YoH7rpM6c/YnWKiQkJRW7ylPi0SorPEQK10tUWErGWFtTO6D+6+rFZIhYI7VHUOovPbtnp3woton+PWmo4uLPAnvsCGzIYxgRuVfDuUyGdzgn7O5CSM0pbulo+4=
0yD+mDWlEbJUr6n5xnWjZAUUHjo8Ds1vGtw9SLOjqpBTKXg9VSMrE5xyPVxd+eJYB+xIgGJXfACzKu3bgps+Y9J/JOgsSHDGa6Ej6+hgaAE0E0EtTVkP6aWl4I7vcys78UqdIPKNOVOstNrN8tW0Ej7fZHU62+87+MEDkA27JZxEnhmfsr1WiVhoc1MVQWdEgYO5o/I=
ZyVUQ7YehjIE7nILjEnXVgUUHjo8Ds1vGtw9SLOjqpBTOHAzUywqQZxyPVxd+eJYB+1IgGJXfACzKu3bgps+Y9J/JOgsSHDGa6Ej6+hgaAE0E0EtTVkP6aWl4I7vcys78UqdIPKNOVOstNrN8tW0Ej7fZHU62+87+MEDkA27JZxEnhmfsr1WiVhoc1MVQWdEgYO5o/I=
NXhbQhhpKrMs+Eatpr6fiuW9vhR6xq3kSgYltKBag1+IRJ3M8q26gfQKGz/COGbmZX4Oi67WJExHiUXtTMbkOEtt9G6om6B/TVvU8kRGUzf5gZ/rCScYAQInIvo/uDMtMgcNPTUy7bDjiF1Ea6um+nE0ZyicPrB/Z44XnUrhtdcne36XWfcVZwEIL/nv6Nh4GdogPSjar9+3Qa0JNqjLkNPIiMjliqPP
bisg50eq9YrPvnWV8AL7OdSz4uyYTuufWLTSbjQYApSX6eSw/w31AYSSxCRTSaSiQS8gw7WfpN5MUjNrIWUPZ6HTWH06IxKWd2yTsaqj3XFdBu2Mm8yt6OM/RiYpUHcktEpwg98Kp3GCtZXLP18uW7FDldv5zF/V5/y4JME+sLGALu+jj0WdZX58awxLbFiEjb6j8w==
U+xo91Tm1bEayKR0SHxf1x4F+pqp2gMazOB+BmU0IFSvR+sFcQ0fQwJInb2Rhi5yvImuFhdMV/2QcOU8AsAog56owa5nSyj/jKsQK07IxlxyzllFCbuipJqpVofLrcfNbUFXYarexZcZM/NedwCY2fubHtBwXXhRxrrcCy41cA8NE4rFCYAn3xdUhspzP1gp1AHqjNkDX4WVbOOXs6P4
7jovM3Rq0I7fZXVD6r76+ERWL3lmA81vEt4rWuexqcBTbDV0AW1+QZxyPVxd+eJYB+lIgGJXfACzKu3bgps+Y9J/JOgsSHDGa6Ej6+hgaAE0E0EtTVkP6aWl4I7vcys78UqdIPKNOVOstNrN8tW0Ej7fZHU62+87+MEDkA27JZxEnhmfsr1WiVhoc1MVQWdEgYO5o/I=
/flGbNwMw7ExknvX0S5zEpj2orHGTuuUR6TVPD0LTJWdouSw/w31AYSSxCRTSaSiRC8gw7WfpN5MUjNrIWUPZ6HTWH06IxKWd2yTsaqj3XFdBu2Mm8yt6OM/RiYpUHcktEpwg98Kp3GCtZXLP18uW7FDldv5zF/V5/y4JME+sLGALu+jj0WdZX58awxLbFiEjb6j8w==
G+xW0weUAprxdzS6f7o1kyJ6APihBX8KLH8pfQjH9Fk0SgT8YxHEunA2INuFh8SGfIrzs5E9b/8RS9jlirtyzse0U2ma+71pbR7tlKvUzbDT54b+mQgXvATS8BtvkscpMm1VEw8HTkOBW5XDydQ/jdckePxxZtApMLZvOz/d/T3OpKvUezQ4nL2mo+s=
PQo3UnOUld2xCIgG7NW1htSp7uGaD6LXR6OLY3hHXcaV8KWw/w31AYSSxCRTSaSiRi4gw7WfpN5MUjNrIWUPZ6HTWH06IxKWd2yTsaqj3XFdBu2Mm8yt6OM/RiYpUHcktEpwg98Kp3GCtZXLP18uW7FDldv5zF/V5/y4JME+sLGALu+jj0WdZX58awxLbFiEjb6j8w==
T7Eh7dkcjswuxDw0EQcadPja2V2mNRM5iDMEe7DU06ngNXWsS3MW8Ar48IAQ3waiER3NRgZvVEcYrmjoYEfnVxLhy0hzEYeIq8WmBi+MD00YEF3ua8HA0yZISR6/CxDvhIvIW+ZIruyqrlFVcXt61BIJLlfjre8dFeHfEXIevYcRUyvuH4AwqSO7FsBIHaDhTlpkW8Y1GN+1cwJ1UUAfzx903jrbv7CZjOHinCFDB3UdzBvHm6PQ
z0JBdvYVmSjBgySk1v9w7tgtIfvaxIohOxikTx4jNiNDat/q3TkcrmkuJP+phKVxEQTNHZBqKbxpga6I20w9AZb/IFB/0tm7loMyU65X8Ch4IMw25zm3SxzYJFHo+3UtebHTuekdFC5766fLTSLJ4CalRWOgrM6txi14QmJ3kPVOczPrtLk3cBmjKay4tk3fZlXq+dTw5/Nh+auU3euNo8Y=
e0ulbgnLKIkFzEdsxrx1wdXtlD4c5W3LJvzuAd8AuF8SKzIjR2LT+sEh+I4NFtjP5UxhMVXMAW0sko3czRkyGFfEuYESd6zA40p9WzL7jqPiHzToPGgABpsBU2t4wDhB5PNxLX2536n1BXAOn9Pb+4FqjSDi7QmTHNRqTWK15NLu/xR1yvu/eyghkxC9W5XcdH4Jn6KdpskoyIPTheG3hNHjiaPC
2m4hLkt9m7G1r8F/D2NTGVI2VOOgj3PgN5F2d4lUvj3bjamzo8TkTnZGm3EWlphtO2re8IEmeuzxu3g0tGaHV7yoZthhsRERLEQQlONJVVv3Te2FuO++TbpsSwqjs779hbuxsG0+fwLlsv85VkQdrs9OONzQ0ZskT0v+k2UJa8G20R01VSndwlfPO7rohjWAyBtM+I+xi6u1H8Ka247fsoDO4YijwQ==
e4pkxrnzorMtZbgFK/0XwBMvgsF8EX7Bd6McCPwRzTTCVwgvMCNFZsnyuxXqnh/i4qf/aAMRt+hbhRbmXwyfLchQDQB7wdCz9ogZ/i+L4I80S7i71khezJpuIfXB++p0Qsl+d/Ot/z1FIY+x4p4NJ2GTG87vgABJU3umoLidMAEemrQ71jUIP+Uz0hXBwG8vrzQuWuu/wLm8oRI8kcOX1c2My+eLo8A=
aRoUOxQdQTJd2vNgoSP1btSz4uyYTuuXWqLAOjkRHMaX763ksViHAYSSxCRTSaSiSy0hw7WfpN5MUjNrIWUPZ6HTWH06IxKWd2yTsaqj3XFdBu2Mm8yt6OM/RiYpUHcktEpwg98Kp3GCtZXLP18uW7FDldv5zF/V5/y4JME+sLGALu+jj0WdZX58awxLbFiEjb6j8w==
cPxfrSnfH6B+hXPHNMOfpn11ehWZHWHPIWqi16PY8QVHV2IV3f2qHmtsizXUAEGhiE6kGzpYBeY7a9T3iLs004KIiuSWXt3NtVt+7N6Zsp/HrcvViXETKXY+eR+doxfmO0BUId+LGtiMfSQZAkp4k6K1/JepY84N1aBb1xNEorI//5SRsJFuBGVjA01RXIePv6P0
+4Ng26YKIogseHbvNQ/EV15oA203DWdpdGm2Jn8M/21o0K1KHM4wc1YIuT7Pi8DPlMtY+7ZIfgw67kG1IfvKNCJJnrfTrd/9paHv8cKe7WcBE7sOz4BgCbP7BuCYndDBvhoU+zY1aH9Fs3JVocBP7w+0TpoLv+D5HCHy/PHDtxUtDKunq6Pg
gZekcZDnbzavWeOU6jR4jfSWyoeL6vsDHdu41LRGx/c8SK3/bpHR8azkULTjqZU7d+0tZbiP/u06jAtqo5N+XQXb8ZBtHj9iZRI/GVYkXU5P7ni80DFbhM8rPnNlKSthNjHdFVUJHSLXb3ua6Gb14Ei7jBiP0csLNf+C+tuuHxIArqGoo+E=
c+9QIQiYt5tvchfjWYcAG1xoA3w1G2NpdGm2Jn8M/21o0K1MHM4wc1YIuT7Pi8DPlMtY+7ZIfgw67kG1IfvKNCJJnrfTrd/9paHv8cKe7WcBE7sOz4BgCbP7BuCYndDBvhoU+zY1aH9Fs3JVocBP7w+0TpoLv+D5HCHy/PHDtxUtDKunq6Pg
3w7UItqTxoYZllQ37FOBUPSWzJGX9/sDHdu41LRGx/c8SKv/bpHR8azkULTjqZU7d+0tZbiP/u06jAtqo5N+XQXb8ZBtHj9iZRI/GVYkXU5P7ni80DFbhM8rPnNlKSthNjHdFVUJHSLXb3ua6Gb14Ei7jBiP0csLNf+C+tuuHxIArqGoo+E=
UHGn1twCD5/kR7vyiRAQNvSWzYeF8vsDHdu41LRGx/c8SKj/bpHR8azkULTjqZU7d+0tZbiP/u06jAtqo5N+XQXb8ZBtHj9iZRI/GVYkXU5P7ni80DFbhM8rPnNlKSthNjHdFVUJHSLXb3ua6Gb14Ei7jBiP0csLNf+C+tuuHxIArqGoo+E=
e51td9nYcOJA+qeP9aqv/+r3UKzBuOXljXOVj66A5lABy5ypyaN2O2jr1V0sdmSIK900XsKor08taxRCJPbTh5kxX9tpFxgxYhfiSl8Is51St80NVQLtgIO4nfQLGyZKEYSnGPwOsE8HvtctKlE1Z0fLvqc5xxVXYTjvSY9YWMh5auADSOqv79dxbblWGEsgs3hI+IW6o/8=
XSUdaufj4Cq7rXRNI00r8SddvfHYjR7lAyr3tbw/wZaY1vjQ/11weqjSRc2RbgxRfNuw0l6JxlEkYkRU85lk8iYdL/PVz2QO7CKzm4E1T7dB41hN2vNSxtecE8EKcx0hPTbtvPucbThDT8bWiQA39FR6cLM/2uchIkUVu5+P7gvRc5XrmZyfBUeMONRhbvBvYB7vk2+V3TXejOt867yY1O2Oo8M=
AV7RV97RYLVMwJ5/v6nE6hB7zVqrgwS20wMaYed5HlrKQeQd1LOXFnMg/3T0ivzAxKdhABEx4i8Tw7PUalOkuoWA0k8YF98V3Xye3KTW8wxO7JS0s0iX7M8nJJGZr5iZsk/CQm9wc3XCLy3FJTrtqNNgPXy742YiAZzHUAy2MOfX5vclGin1j9dTXm9J/xV/MeBPwT+gGKBpcoBLuFIvRwcpTbFmYIvII+CoMPWCo9c=
AV7RV97RYLVMwJ5/v6nE6hB7zVqrgwS20wMaYed5HlrKQeQd1LOXFnMg/3T0ivzAxKdhABEx4i8Tw7PUalOkuoWA0k8YF98V3Xye3KTW8wxO7JS0s0iX7M8nJJGZr5iZsk/CQm9wc3XCLy3FJTrtqNNgPXy742YiAZzHUAy2MOfX5vclGin1j9dTXm9J/xV/MeBPwT+gGKBpcoBLuFIvRwcpTbFmYIvII+CoMPWCo9c=
xbey1eCW16b4GaqvSYvhnCenu0Bop9al6+WNPIx0uNexfv3FzdznQVAXDfZtig1nXVL4mF8OFGHnDWmt3PhoqAN1LWcHcZW5eFPG8UrQM7ZDD8bBdYfJjG0CBz4VjoeFtvhlEj/yQGAQ7eMYv3eGr4U1E31GbWWJ1ZWlfqdzQ4YIuk28OCM3xE8N8xdFo7omOzKnjnDymbSj/Q==
LvFxXusxwe3ozeAP7iXxFj3aZQhjZXMVtzgFLkBZ25+mYSVJHgCqxy0py0ughWeKy4PsKg7HIJOGyOleXwtwL2QLaJvGSE4syi7xFVF7WpTyiU6Xw63P3XVhP1FSHp3HsdNLLv+AEGmDO/YAKB1Aoe7axBsmNXgfFfOitTFA/49/9Hp5+7/Q2WxhQlwBQye1fUz7h7uj8A==
rybvGi6G/emkmuzoEBAL919SeMo5/XvJ/fhQFJz1aTc10M4eXaEUGQcsOHShjnBCI37v8y+1XdUeLOvcq9wY9C1uoyM=
PKPAztgLTRi7yAsVyRwOBdApLfPf8Nk7NSXrXwRqVSEQUOPE7CwPvGprYuC/x+9xGRDGPv0zeZpdrLTx3RNnX8r/OUEyz5+/lcU8SKxX8Ch4IMw25zm3SxzYJFHo+3UtebHTuekdFC5766fLTSLJ4CalRWOgrM6txi14QmJ3kPVOczPrtLk3cBmjKay7tU3fZlXq+dTw5/Nh+auU3euNo8Y=
hP8uQ7oZJpZaRCI4sJfK5fdE6EnXTtczpoJQN9sPkNe7LQHlDVueXajTS1yFWT8WGzMDghUKUvcQtaJz1MesnhrcyOT5sjWSYBH/jBMc6/BU8AOg/dwCpea5zezrmfNTj/pkJz+UETPp+X+jub+Y6VIfAvLP4POFov9t9QUq7dgzMP3MG3Pm0mFMh2AspjCXN7Y3lbq5dX+3gx5fae8VD9Gwj3GfMJhQCaLAdptCLzfneY0BxvALOEMw6ADVkqOn
Njhno3ygWn5TNTL4YUYCC0VxiNgxYBbZFUH3u5ySlvhZfV2c46oBNOM0ugl3q6wjPDELUIXrTTz/jeEfiq0u6XC4+5Md8Q8k2TNhoyo=
cF0r/ORvexwOX6PEE79pam9b/HqGSQFca0LKLUWqCsecoh3WgZCPvFByFAQG1MbqtIbGBeeIWY8UZ+4/Zdj/wsSdaJ9Vbl27uDjulYHAL69vNO3ZK78AOfyhUrzRw9dVjYwLZ0ujAA==
z6BmhUEzQ3dUH0COQGgj0SLGjyvn/g3BnugFgNq4alyOe2belMDQQGIdDl/ez+yxvGFy9Ve2uKahSQvV1bzwmOQheUv9dE6yhdUkxW+o2DiZmiD+qxqvHzeBrUm26MvQU4iICGVKow8=
fs4Lt9R5rk/9UNpY25m3q3oznR/LmZb67PzQdAox3puGk0wlNO3CEe/K+FKJJRvRzaCQTCxtCe8FyM4GbXl0gbd0+CyRlhCak+Zva59tPc0udCuEG0R4LB12ozs=
TLfyEA0xeLc3exBLBGNr/wJvtvpKVKQi0ZCG9uT40EhyBS637reseWw5El2nDjguMdGrvWVEMNC0+ZljjUxOupXNBC1f0JjwScJAVluiL5enGQ0hBhALmANQaCAVcqMH
ZrhT9TAZQWnDY0aDczOLdytcmd97ZoU45pCG9uT40EhyBS637reseWw5El2nDjguMdGrvWVEMNC0+ZljjUxOupXNBC1f0JjwScJAVluiL5enGQ0hBhALmANQaCAVcqMH
yPdlchRL6R61AMVQikYWkCp42NU0jFs4DnBgelD2jr9WARoF3NeAk3r7Q6xY8O2L82uxFmAeeLPRpUkODkSptzzba6KoHmWoaLF/wA+JuwMVNxICG5YPWmAmEXCjOQ==
3Rm9O75/usWbOmhipfObDxB7zVqrgwS20wMaYed5HlrKQeQd1LOXFnMg/3T0ivzAxKdhABEx4i8Tw7PUalOkuoWA0k8YF98V3Xye3KTW8wxO7JS0s0iX7M8nJJGZr5iZsk/CQm9wc3XCLy3FJTrtqNNgPXy742YiAZzHUAy2MOfX5vclGin1j9dTXm9J/xV/MeBPwT+gGKBpcoBHu1IvRwcpTbFmYIvII+CoMPWCo9c=
hY1PeLzCd+kHUQuRSwgoNkVxiNkxYBbZFUH3u5ySlvhZfV2c46oBNOM0ugl3q6wjPDELUIXrTTz+jeEfiq0u6XC4+5Md8Q8k2TNhoyo=
5tIWq5Aax9xzOjvLgurunhgjSSYLN3IWZRbGX3Av+mIOmu1YV4N5ZlUO5X/DmNmNjp5NsfIcXDAc/D72drftBTAst5H9mqyBwryk0fzU5XEDDIxKiYh6CaX4AOPZ2ICLvRABsjJ0ZHxPqxJVocBP7w+0TZgLv+D5HCHy/PHDtxUtDKunq6Pg
CEZPrIjbiGwb+EGl8n+UHOnvkQLpo1JW+D1UKGQlNoCJ1rxBY7anyexi98l+tUY7+FpmQfHnIfnSkZ0/Z8kFMfjbVkmqCIP+A8c2GVX/2YRtChdGNVZ3Tfaw1crfStDokGVzoN8vNmdFfWMlZpV1gdWdtYaHKzPOyHL95FicpkzPhWOvpXsKbnv6V1ZQiom8o/U=
MHYn1WKyj3zLDI3r0u5AlVal0q/785Ve+Ze6stJdIx+00f7EyZJ0tbMCz61Mhh997sHOv3je7jVhU8kdcvX1i7c9zXW4n569ejzrmiMj3i1Fi9GAbQ4fMiVin6nW1L3+D74YrNAhu1QPm14D5ZmLkfbh/QVVGT3yF5/bKmgWlVCIaG4Ij8GrW3VPYgpbHr9iQP6BuKPx
xtvuG8UePO2KBFPuCcWkGfdE6EnXTtczpoJQN9sPkNe7LQHlDVueXajTS1yFWT8WGzMDghUKUvcQtaJz1MesnhrcyOT5sjWSYBH/jBMc6/BU8AOg/dwCpea5zezrmfNTj/pkJz+UETPp+X+jub+Y6VIfAvLP4POFov9t9QUq7dgzMP3MG3Pm0mFMh2AspjCXN7Y3lbq5dX+3gx5fae8VD9Gwj3GfMJhQCaLAdppCLzfneY0BxvALOEMw6ADVkqOn
ay/LArvpN6IMgUg4NjQAyx9RJGtlG4R1EMA7SqatisBebDV5AQIYL/VlNCQtgZhKXqwemD1IaA30E/TKrps+Y9J/JOgsSHDGa6Ej6+hgaAE0E0EtTVkP6aWl4I7vcys78UqdIPKNOVOstNrN8tW0Ej7fZHU62+87+MEDkA27JZxHnBmfsr1WiVhoc1MVQWdEgYO5o/I=
6+zEXPu/wcxh3F6UW718mRB7w1Kv3QGxzlRObqgAP3Lwadcy55qXF39hsHOxmeXX2aZhCR544isf/fy/al6p1JiHyzwLB9wQwz/Gz/rFuDhip7mNrReCw4kpP5OZr5iZsk/CQm9wc3XCLy3FJTrtqNNgPXy742YiAZzHUAy2MOfX5vclGin1j9dTXm9J/xV/MeBPwT+gGKBpcoBGulIvRwcpTbFmYIvII+CoMPWCo9c=
jN4GTs07ZmmgPkSiRz25fduTgXMGJUWMxlA8sdej/8j0QiFZ/shiu7+NPG8KbqnEuHeLbOu3XIBjTwYfmvW4KEJX+d1NpwJTKVn/Q/mfmImSv4ISj8Dz5WJf7RVFCu2485B9LFtT5rKh7AeAbIYw9/cWt3X6mXUfdyOevynPFW8REA+R3xCYMMkCQJbaYi9XJ9kN4YbQC1iDkGjglbKjxw==
axawaYvT9Xf80KYBOGls0NZmBD9Om9geeL3Cp/v7hWbZb4r6kpXTp9RJbkxJGuQtU7q/5YxOLwXO2d63eNb+LUEr+dWyvYUzV6Vd/TgXDiUahBtSY2vu1WWTwYhtBg8qBZqv4ZYcTUZvJogkUKkrzO8jLkslUbvp1vntDVURLeo35+viqF7l6Gjw/oAPSTvDFfeSwhtWj5pg5pGwo/k=
jY3Nv0igcGLTJNhBSMAezRY00FtY2P/IsriUtQ/Ptb4hQvig0BBfhcImr7WviNgYWfqgHuo6rz93YS0pdsjL8JPoCOglaqMv
CWZHUXscAyK05s4caj5bp2D+JZ0N5vJU64MzMb+bvRBoAEbxmoOFA1cT4NoxT49MrZhWVX5dMZefvIvCaX+yjMMTJkXJgOdf11RFSLM/mKkUASoMGQOfBVVsIxdzozg=
BniC0WDSWjGJ+92fSsN42WM2x1tY2P/IsriUtQ/Ptb4hQvig0BBfhcImr7WviNgYWfqgHuo6rz93YS0pdsjL8JPoCOglaqMv
XDuWW34+xPdaLqyMnKVacWA2x1tY2P/IsriUtQ/Ptb4hQvig0BBfhcImr7WviNgYWfqgHuo6rz93YS0pdsjL8JPoCOglaqMv
EM1zM6CKM6+7iKe1CQ+LNTYfyq8TXjQvgJS/DPpExGG3Y1Xayd5IFEic3wFKmj8hV+R4vPEm0Oqy9m97vx39fU7kqxT79DjcPWajKw==
QQkGKFwjSbJRn7zo8kH7Ca/rH6HWo+Lsj2nBga6AokMP5Zz3muYpfEjf6zQ7fxz4U6cmB4r9uBAyfxkFHe/Cq5kxX9tpFxgxYhfiSl8Is51St80NVQLtgIO4nfQLGyZKEYSnGPwOsE8HvtctKlE1Z0fLvqc5xxVXYTjvSY9YWMh5auAOSuqv79dxbblWGEsgs3hI+IW6o/8=
M0GC1zBdNJFZwuHHFq3LKinn+gc8stG+7/iNeMl7op6ycfvzhJ2mCAleLPkD7hcBLCqHkV5NVjP4Una50b9RsRJZLWcHcZW5eFPG8UrQM7ZDD8bBdYfJjG0CBz4VjoeFtvhlEj/yQGAQ7eMYv3eGr4U1E31GbWWJ1ZWlfqdzQ4YIuk28OCQ2xE8N8xdFo7omOzKnjnDymbSj/Q==
LHwKUFisX6LnxoXNrg9rj8yYsMMDR5CReUY5ZX4F1lXoEGMKHl1SYDbcvfmJcrDPLdVMZPVRoCp2vBaYNVhA7cxDrApWK2YDeo+saKT4mGYz0ZsrMDAQIdwDSS1FSefJ3fU4TlcDc5sZ+hWgen2RM/QEIg2qhYzyFs9sdTLLx1vAEdvQdQv9fO/skR86DT4pgJjLE02Rn2Tpk7Gj+g==
qHxTN7HiogxCsO0KZ045Og34bkadtzpqb2luBcBN/hwVOuhxRHgQMJuZr56Wl3v5ulSDHXbyMPDQWPMUBjUaD9q6oIcwW9xjCggCFD7+pX1tm0a8hrlaj8+tw8VhUUt5Tv6hr+UDvxazwNyRN2uiqNS93MlaKlCDqrX0h4GDFl2t4IMnqyTJALd/HOEYMZa0PSM7nYl875+3o/w=
DhiQ3AReWWnWrRCV2FPC8Q0ZNZoQXZKAOzz7V0JI1ZgGuoKFqYDHHzfU5YjTP7jp9IGKzHkDv0W17IPXE6NY
aWYdoTF6Wgi4DHMIksRVkEIw+sV5QbnpEcppazMsPY0FO2bl92wn//bIYTBaas593WDTBzvk2aAHf2yBCPEGVO2jC/35PN8/Z6Ms
gIGxnqScl0j3Zk0xkt/fRjEA/8FnLQPFDkK4p92R2/pEaVKH86IBNOEzsAgn/JwyODELUIXrTTz/jOEfiq0u6XC4+5Md8Q8k2TNhoyo=
UMRFpVEFpPRVCIaZGI7vAF3jciGnl64XbCeC8bFQfgT1wBmjv4pTqFl1fMLhEQxgrtrftkRd/cj+2go18UC/Dz/0Pfg7vxBZrGGC3EFDZzU9TDsHe6Mw
I6Z0DLIlwLOlSFdvdOon3rLEdwX+735a3V3PTamHX0z0Bl0JD5z+we57C1oKBIzr2xzzntZGF75HizhaacWqgbbKsFc9LAqpfue7euhGtUDI2M44j/EL67VfQtrbzl9ygA5hSKMB
I6Z0DLIlwLOlSFdvdOon3rLEdwX+735a3V3PTamHX0z0Bl0JD5z+we57C1oKBIzr2xzzntZGF75HizhaacWqgbbKsFc9LAqpfue7euhGtUDI2M44j/EL67VfQtrbzl9ygA5hSKMB
f5PlQz2OAIzS1ymvmXiYlmkAxr8OXA98z4/xDOMIz2n0JFnfzsdOWCy5/UYevxYlV+R4vPEm0Oqy9m97vx39fU7kqxT79DjcPWajKw==
B9PNruIz2/3Q0iDibK5QU+YoJypVIXMbPNIDQc60xFJVEpYdL+z00mDhMxBdm7VcVzxpnwJdRknICCPT5aHXBPEjaaMi
SVvK2/teFSSWP7TamNlJAWAgeV/4MHnz9gMehERNfcqGG6aZn7CY0AkiwPaawi+35/mNgcZwC7hDsOiA1RKjJw==
uYlYH3PJpmKC1ueQ9QhVsmC/ihKipi9UIpv+mShtP2Hx0Zh1+TpOaOfzsINERQhx1L3sIRrqCp2zlDDiROk/MJHTUczTpBVfPkVCWezAbzNpKTN0NRt1oz4=
UHr4N8IlJ4OpY5SqBW38IWNbo0oZlOnZpu/A5UGIvrQ4Qr36rE55wpZ1hKaviNgYWfqgHuo6rz93YS0pdsjL8JPoCOglaqMv
q9UOYyx6gfHd0UHDSu18zYyeEleFwIgLvXAytQ47AyYIWo3cuAT2JE9tszfFQ/pGO5JnrvCS2RSjXQ==
GKTYtYSMhCqiy9D+kxvOyxyf0mhunc0ezMn9Nv7v1nX3VPgMUfaQOtIGb4vfzb2t7lQrpFuk+IzdFqNb
iKVluF1cAt8tM2NJHsytHT4U+RJa3rqcqLiLoQaGtrMnV73ntDV9wpYDhrGviNgYWfqgHuo6rz93YS0pdsjL8JPoCOglaqMv
UMRFpVEFpPRVCIaZGI7vAF3jciGnl64XbCeC8bFQfgT1wBmjv4pTqFl1fMLhEQxgrtrftkRd/cj+2go18UC/Dz/0Pfg7vxBZrGGC3EFDZzU9TDsHe6Mw
SYOkUrtnKCrOUVtF2Fw7WABDfIyFiveFKfNGJlGRnAB+Go9WVF3tqC6aWtVhwA9vz7QNGEu/IHlcITJ8McP3le0M6ydroyA=
MrRTEjRLcn3IVQ9j7JeLmJlb+hbZBaB6tfF4eJKKE97Q3Wkgsgo2LQUga7djBLFQj//kMaBR3iQV49OtwRz3L2+jJA==
47c5YwFIbyzhwF7K3D4gjB+u9m3eYIZS1Wy8fXfs7D11oXB3PQzKyf5H+1roJnWgSHgOWI8RS0s1PwI62+6f0gDuIWijIQ==
PbAI/jyMBRjzibp35XckzMA3fZdURX2ydnNGwU/4WGi5imBuCkqvT5cR7VmWuEuAc5jImMUao18=
P5L0TeILJjh5ajCWO35+VEOvYvhGdSC/oypEgdKaEp2rZHhC/HnXcLnjSSybdK3fxhWKefQwB/PBucsU/SttoyY=
iKVluF1cAt8tM2NJHsytHT4U+RJa3rqcqLiLoQaGtrMnV73ntDV9wpYDhrGviNgYWfqgHuo6rz93YS0pdsjL8JPoCOglaqMv
UMRFpVEFpPRVCIaZGI7vAF3jciGnl64XbCeC8bFQfgT1wBmjv4pTqFl1fMLhEQxgrtrftkRd/cj+2go18UC/Dz/0Pfg7vxBZrGGC3EFDZzU9TDsHe6Mw
B9PNruIz2/3Q0iDibK5QU+YoJypVIXMbPNIDQc60xFJVEpYdL+z00mDhMxBdm7VcVzxpnwJdRknICCPT5aHXBPEjaaMi
UMRFpVEFpPRVCIaZGI7vAF3jciGnl64XbCeC8bFQfgT1wBmjv4pTqFl1fMLhEQxgrtrftkRd/cj+2go18UC/Dz/0Pfg7vxBZrGGC3EFDZzU9TDsHe6Mw
B9PNruIz2/3Q0iDibK5QU+YoJypVIXMbPNIDQc60xFJVEpYdL+z00mDhMxBdm7VcVzxpnwJdRknICCPT5aHXBPEjaaMi
32RreJz96wvs41uS6RqsAGOd2GKWvFyBx6VHy7r7JQHUKWaDzoKZAzUXClifiqmr4Xx7tgT/uqurXFmXiKi5m+Y7fgz0FX3i1uMG0W+o2DiZmiD+qhqvHzeBrUm26MvQU4iICGVKow8=
30SyTXkrn1ornvtWjaKIq6LR5uC399B+XizfrO4rKRuBzLuGZM+6m8tsmSfoGDkrhou+PJQlfdK208ZhDxhYiPkq4M7KKq8vV7Ft+dZYS2AzOEg4BXqjPw==
GKTYtYSMhCqiy9D+kxvOyxyf0mhunc0ezMn9Nv7v1nX3VPgMUfaQOtIGb4vfzb2t7lQrpFuk+IzdFqNb
Xy78rWNotg9uK05INEOWDzlNiqJh+CYwGj4MHmPb6tgGAXOBxS3o+72AUkVO62O2iMotDPg01hRPXZMHBRNa1rsCh/4w4jlkoy0=
hRT6SS0kLMFIKFdDfdntl1fwmAYnXtayq3IbGNwcWLme8qx6kSX0LkkxouVmDtjjvZhiba6Ds47IMn2kWFwmjM/F4++lu4quezrXFlDKCXyjNQ==
pg9+b7A+m43MP6JZ/2vXRjAnZ2RX79WrY18/ypiXfjocbJVs2mJ6DkGRnMrpVUpR9vpQZz0c6pk+N1vqaNYVEIgo7kiPASubdY/iSltePyJAPgF4ozE=
UMRFpVEFpPRVCIaZGI7vAF3jciGnl64XbCeC8bFQfgT1wBmjv4pTqFl1fMLhEQxgrtrftkRd/cj+2go18UC/Dz/0Pfg7vxBZrGGC3EFDZzU9TDsHe6Mw
BP++D/yHBdZWSd6t9rAVICBpeiEIvcC2eGgslIqCOzwcbNNu1jY3TgfbmMrpVUpR9vpQZz0c6pk+N1vqaNYVEIgo7kiPASubdY/iSltePyJAPgF4ozE=
B9PNruIz2/3Q0iDibK5QU+YoJypVIXMbPNIDQc60xFJVEpYdL+z00mDhMxBdm7VcVzxpnwJdRknICCPT5aHXBPEjaaMi
QpdtootJm3HINI1lynAMW9bJwajBZn3y7oVkrWTps4vGCX0GxRhcDQtjyM6J2c7hcitHN+vKAGr62W+NQr7f4bIcECJhyvqdw7TAIjRJz7ABc4EMg4QFXy4lkpm8oP+z2UmDtAV7RaMO
jBtFj7HGfVWqQvCjskHoSl3jciGnl64XbCeC8bFQXgT1wBmjv4pTqFl1fMLhEQxgrtrftkRd/cj+2go18UC/Dz/0Pfg7vxBZrGGC3EFDZzU9TDsHe6Mw
HbhA7AGLTDE8Sx5rDDZx9C6xw0XsuTkWIImnmDp8LyL3mN5r/3kMYam594tYGk9hwrzgYhHqCp2zlDDiROk/MJHTUczTpBVfPkVCWezAbzNpKTN0NRt1oz4=
bHbMyrgfZaxJnqYP4uyPXiBpeiELvcC2eGgslIqCOzwcbNNu1jY3TgfbmMrpVUpR9vpQZz0c6pk+N1vqaNYVEIgo7kiPASubdY/iSltePyJAPgF4ozE=
kEpNR1Chf/ox74Ytb90tGR+p+nbaJtcex2v4Omnl6iE2qnB3PQzKyf5H+1roJnWgSHgOWI8RS0s1PwI62+6f0gDuIWijIQ==
otkF0JzKXTPjGh33Reg8KdozfZdURX2ydnNGwU/4WGi5imBuCkqvT5cR7VmWuEuAc5jImMUao18=
NBVYWBHvms4N9lB7ouWLtZSWBFeF3YgLvXAytQ47AyYIWo3cuAT2JE9tszfFQ/pGO5JnrvCS2RSjXQ==
Ukew1phH5r3jLDS38toJRDcZ/j0XlriG4a2JuxWc8LgkQfmrvVROksU1pKWviNgYWfqgHuo6rz93YS0pdsjL8JPoCOglaqMv
hMbsuxAJ7efUK+NMYIsC2DcZ/j0XlriG4amLtRWc8LgkQfmrvVROksU1pKWviNgYWfqgHuo6rz93YS0pdsjL8JPoCOglaqMv
s0ziCT08zHknDLPEbHESwtApLfPf8Nk7NSXrXwRqVSEQUOPE7CwPvGprYuC/x+9xGRDGPv0zeZpdrLTx3RNnX8r/OUEyz5+/lcU8SKxX8Ch4IMw25zm3SxzYJFHo+3UtebHTuekdFC5766fLTSLJ4CalRWOgrM6txi14QmJ3kPVOczPrtLk3cBmjKay7tE3fZlXq+dTw5/Nh+auU3euNo8Y=
Yo8VTQ9fXabuW0+W8twGB7w4MyMAZCkOMJwHXdv6z1QTM6c1L7Pc+mHhMxBdm7VcVzxpnwJdRknICCPT5aHXBPEjaaMi
v+N0MIbNKYZBEEpU74+R3OX9GLvNrOXvzHSElo/Jo04J75z3muYpfEjf6zQ7fxz4U6cmB4r9uBAyfxkFHe/Cq5kxX9tpFxgxYhfiSl8Is51St80NVQLtgIO4nfQLGyZKEYSnGPwOsE8HvtctKlE1Z0fLvqc5xxVXYTjvSY9YWMh5auAOSuqv79dxbblWGEsgs3hI+IW6o/8=
As5SgqboobTuUEpbkk4lp9OBghsOheplNQnPPVmP/tJc0XvQFUsd/M+s8R+azd6poNhrE61Rv+SJ0xGjWg==
SH94C9etwtgnSaS3GgIuu86bGUTEjew5lD9hhT8zAyYIWo3cuAT2JE9tszfFQ/pGO5JnrvCS2RSjXQ==
YyHJTjFKdBeNs1Vo/bQPXSGK4OkiOrrDFVQAjz30uiGer6uCqP4lCOjQueAPqfvjlZfSYhu2T7rghtEQo1k=
4V3xMMXC4uL9+PA5uEUMPDkBh61m/DknC2oMHmPb6tgGAXOBxS3o+72AUkVO62O2iMotDPgw0BRPXZMHBRNa1rsCh/4w4jlkoy0=
1gtS+yTD+4OYC67WHgnFjultaXAq3BjZjMDcxrI/RFWirdW6UcVL3RsDxdKwJzJIS9yIt7a+0t2thh9nAuoI35xRfVMRxTROSRFiReauGMO9uKLNLiNzrshSvUTYPeBszqWjDyXbyk57Gpe20GpJXKMV
tb/FnxrxyU9wtDvlJQAiSBHzvX3RaZ1D0W31OHbi9yEh91UWHUKZ+95T+1roJnWgSHQIWIwRS0s1PwI62+6f0gDuIWijIQ==
KRoKKiga+YvK3e1yolzwLJdL9hjdVqMgvPd3Yo2GG//n+zp1gj4wLQUga7djBL1Wj/zkMaBR3iQV49OtwRz3L2+jJA==
yTBVom+k0HiC1h1JzCk5INOBghsOheplNQnPPVmP/tJc0XvQFUsd/MOq8Ryazd6poNhrE61Rv+SJ0xGjWg==
Oks/F28GJGczdPILUGpse86bGUTEjew5lD9hhT8zAyYIWo3cuAjwJExtszfFQ/pGO5JnrvCS2RSjXQ==
Vj8oZOgGdFf1OPztnoV+BDcZ/j0XlriG4a2JuxWc8LgkQfmrvVROksU1pKWviNgYWfqgGek6oz93YS0pdsjL8JPoCOglaqMv
tTycUhpjqjuR4KGMFIab2ERCDCB4FcuBQd/C1SVeIYvuCF2EcjcMQAOKHVsSO24jgl8U6NyooIY7wbNrWICYwQQzUS1deT8pVUVQDn8Te3shqm0gwq1pE/wUSk0CdQRSTr90dSo7H/tIYXMQnRv1XJC/KZPC3QZJiIjj06UhFwSxo6mj4g==
exw039kGUTMOFHaYBK/sHSp42NU0jFs4DnBgelD2jr9WARoF3NeAk3r7Q6xY8O2P8WWxFmAeeLPRpUkODkSptzzba6KoHmWoaLB9wAOJuwMVNxICG5YPWmAmEXCjOQ==
2DRdF3ZVXX/tGIF5Sj3mfCtcmd97ZoU45pCG9uT40EhyBS637reseWw5El2nDjguMdWps2VEMNC0+ZljjUxOupXNBC1f0JjwScJAVlmiI5enGQ0hBhALmANQaCAVcqMH
3JPVA0TtRxBnHFj+cITXSQJvtvpKVKQi0ZCG9uT40EhyBS637reseWw5El2nDjguMdWps2VEMNC0+ZljjUxOupXNBC1f0JjwScJAVlmiI5enGQ0hBhALmANQaCAVcqMH
K+mmI+2rvKLmceJvIRJe9XoznR/LmZb67PzQdAox3puGk0wlNO3CEe/K+FKJIRnfzaCQTCxtCe8FyM4GbXl0gbd0+CyRlhCakeZja59tPc0udCuEG0R4LB12ozs=
v6I3BFutbrnSi8as0mF3ESLGjyvn/g3BnugFgNq4alyOe2belMDQQGIdDl/ez+yxvGFy9Ve2uKahTQnb1bzwmOQheUv9dE6yhdUkxW+o2DiZmiD+qRqjHzeBrUm26MvQU4iICGVKow8=
EB6n6CuHxayO0q2uF6oGhm9b/HqGSQFca0LKLUWqCsecoh3WgZCPvFByFAQG1MbqtIbGBeeIWY8QZeA/Zdj/wsSdaJ9Vbl27uDjulYHAL69vNO3bK7MAOfyhUrzRw9dVjYwLZ0ujAA==
vBt+qXHmLSMS3xgBPi8nGNg7T3IHg9ITLLfToeD/kGnZbYzn1pPSgoAFIAUJSM4/Pd6lg/02UAzPmZjkZInhOUxswMyjkYUzV6Vd/TgXDiUahBtSY2vu1WWTwYhtBg8qBZqv4ZYcTUZvJogkUKkrzO8jLkslUbvp1vntDVURLeo35+viqF7l6Gjw/YADSTvDFfeSwhtWj5pg5pGwo/k=
dIUvdLOZDWE3Iy3MWBvCIt4FkHJIkGoXpLFmFjWV/5iLRUkCE5S3hYRlwqHt6EUzNJvvDW5ETPLWT6t6Z1apS+qRm9A1i718r2/RE3qNfinAGAsTjRFfZCkTcaM6
gyms/qpetDjxeGU4YBQlrDYhPAyhOGTmuB4Y2nJpaZrRK7edn7CY0AkiwPaZwiO35/mNgcZwC7hDsOiA1RKjJw==
gyms/qpetDjxeGU4YBQlrDYhPAyhOGTmuB4Y2nJpaZrRK7edn7CY0AkiwPaZwiO35/mNgcZwC7hDsOiA1RKjJw==
/3+XHCdiXl81XRHnYybueepLIDvQTl3rgCwy2AsQI2xJ9BFaeALhv0fJzSkCPSrQItKsdCPP44FcaC46WUMYEmIPLU4nVBweqATY/h8q1o1iaiAqYT4QPjTUFw4nSS3QLgHyjxWUGPNIceJABxLFty8KalogiPXnBhUL5ko=
