BH8tyvSQV9Nc76eFtbr5cFaqxbT+5oRj+Ze6stFbIx+00f6rovxyydR8wawLwEpgtNTZuznl5D1mfN1CZ9qzhaw/zXW4n569ejzrmiMj3i1Fi9GAbQ4fMiVin6nW1L3+D74YrNAhu1QPm14D5ZmLkfbh/QVVGT3yF5/bKmgWlVCIaG0IiMOrU3RPYgpbHr9iQP6BuKPx
1Uhr5PFqLyzF3yuKWFxDus1T7/sBH7NKCn8zW3ks4YK3FVT1XC6kQPvlVDb6tqFHPRM0atQuk8/Jib8z2Y+YufLvQuIvUHNVgo+tZWUa7YiTwL3c+8NmAkE8R/BMljDHl0Z3hVoJ9a+X897PCd8VX3FAz2F/gBiAKdIA5vlyKGVHgcwRJkCL6GNAKJC1oqP3
G+E2Dqx6SBgTcwa79QpZ6wDMGXeWwH8TBFOMeIzDnxdsI8KUk56zNBLNAwJ4s7RFzIHizMC6NOlIF9Vd/fOJNFPVpZBW3RHhRPLExBMpJAIHDyPj9T8kvgyyMwvhhY/HYfNYXfqDkna3DJNR6sNd0R0m7azbbC2Io99GRumw94R0anCjH6onkULVlSt/P6778WOV+7ls37WnHLhEAd4wEkEO6IFP7RyFvhxr7AsM2CTNnqPT
aoBGA/42qgavDWFqrynCUxElJB5eNMTxqeYDIph6EXyxMSboY53VAP6vmLD3YoH7rpM6c/YnWKiQkJRW7ylPi0SorPEQK10tUWErGWFtTO6D+6+rFZIhYI7VHUOovPbtnp3woton+PWmo4uLPAnvsCGzIYxjR+VYDOU6GNzgn7O5CSM0pbulo+4=
1/UinFiBykT7o5kxYVZ2QgUUHjo8Ds1vGtw9SLOjqpBTKXg9VSMrE5xyPVxd+eJYB+xIgGJXfACzKu3bgps+Y9J/JOgsSHDGa6Ej6+hgaAE0E0EtTVkP6aWl4I7vcys78UqdIPKNOVOstNrN8tW0Ej7fZHU62+87+MEDkA27JZxHnxmYsL1eiFhoc1MVQWdEgYO5o/I=
dlMqukaWR3O65lhDUaKPaQUUHjo8Ds1vGtw9SLOjqpBTOHAzUywqQZxyPVxd+eJYB+1IgGJXfACzKu3bgps+Y9J/JOgsSHDGa6Ej6+hgaAE0E0EtTVkP6aWl4I7vcys78UqdIPKNOVOstNrN8tW0Ej7fZHU62+87+MEDkA27JZxHnxmYsL1eiFhoc1MVQWdEgYO5o/I=
kaj0TImT2Y/WonZ1i2QogOW9vhR6xq3kSgYltKBag1+IRJ3M8q26gfQKGz/COGbmZX4Oi67WJExHiUXtTMbkOEtt9G6om6B/TVvU8kRGUzf5gZ/rCScYAQInIvo/uDMtMgcNPTUy7bDjiF1Ea6um+nE0ZyicPrB/Z44XnUrhtdcne36XWfcVZwEIL/nv6Nh4GdogPinaqN23SawJNqjLkNPIiMjliqPP
Ickg2Qs6g4GjD4kX4wkIUtSz4uyYTuufWLTSbjQYApSX6eSw/w31AYSSxCRTSaSiQS8gw7WfpN5MUjNrIWUPZ6HTWH06IxKWd2yTsaqj3XFdBu2Mm8yt6OM/RiYpUHcktEpwg98Kp3GCtZXLP18uW7FDldv5zF/V5/y4JME+sLKBLuihj02cZX58awxLbFiEjb6j8w==
WeD7Htaxj61BqHtfSDxz8R4F+pqp2gMazOB+BmU0IFSvR+sFcQ0fQwJInb2Rhi5yvImuFhdMV/2QcOU8AsAog56owa5nSyj/jKsQK07IxlxyzllFCbuipJqpVofLrcfNbUFXYarexZcZM/NedwCY2fubHtBwXXhRxrrcCy41cA8NE4rFCYAn3xdUhctzOFop3ADqjNkDX4WVbOOXs6P4
5Zjx01ioFDAQ/ojpQDerS0RWL3lmA81vEt4rWuexqcBTbDV0AW1+QZxyPVxd+eJYB+lIgGJXfACzKu3bgps+Y9J/JOgsSHDGa6Ej6+hgaAE0E0EtTVkP6aWl4I7vcys78UqdIPKNOVOstNrN8tW0Ej7fZHU62+87+MEDkA27JZxHnxmYsL1eiFhoc1MVQWdEgYO5o/I=
4H4jEOZLxZIg2PRCUZroRpj2orHGTuuUR6TVPD0LTJWdouSw/w31AYSSxCRTSaSiRC8gw7WfpN5MUjNrIWUPZ6HTWH06IxKWd2yTsaqj3XFdBu2Mm8yt6OM/RiYpUHcktEpwg98Kp3GCtZXLP18uW7FDldv5zF/V5/y4JME+sLKBLuihj02cZX58awxLbFiEjb6j8w==
bn6krzsaClFkRKRBUkCLAyJ6APihBX8KLH8pfQjH9Fk0SgT8YxHEunA2INuFh8SGfIrzs5E9b/8RS9jlirtyzse0U2ma+71pbR7tlKvUzbDT54b+mQgXvATS8BtvkscpMm1VEw8HTkOBW5XDydQ/jdckePxxZtAqMbZoOT/V/D3OpKvUezQ4nL2mo+s=
F2ZGZN9pB9xNVQqP6eKq+dSp7uGaD6LXR6OLY3hHXcaV8KWw/w31AYSSxCRTSaSiRi4gw7WfpN5MUjNrIWUPZ6HTWH06IxKWd2yTsaqj3XFdBu2Mm8yt6OM/RiYpUHcktEpwg98Kp3GCtZXLP18uW7FDldv5zF/V5/y4JME+sLKBLuihj02cZX58awxLbFiEjb6j8w==
kN5iK4G1HdGlgk1TDKehuvja2V2mNRM5iDMEe7DU06ngNXWsS3MW8Ar48IAQ3waiER3NRgZvVEcYrmjoYEfnVxLhy0hzEYeIq8WmBi+MD00YEF3ua8HA0yZISR6/CxDvhIvIW+ZIruyqrlFVcXt61BIJLlfjre8dFeHfEXIevYcRUyvuH4AwqSO7FsBIHaDhTlpkW8Y1GN+1cwJ1UUAfzx903TvbuLKZhODinCFDB3UdzBvHm6PQ
VB7qDrEJIs5Vk+i9lKCQXtgtIfvaxIohOxikTx4jNiNDat/q3TkcrmkuJP+phKVxEQTNHZBqKbxpga6I20w9AZb/IFB/0tm7loMyU65X8Ch4IMw25zm3SxzYJFHo+3UtebHTuekdFC5766fLTSLJ4CalRWOgrM6txi14QmJ3kPVOczPrtLk3cBmjKay7t03YZFXi+NTw5/Nh+auU3euNo8Y=
ZelIoekznxEpYA+TXeS4/9XtlD4c5W3LJvzuAd8AuF8SKzIjR2LT+sEh+I4NFtjP5UxhMVXMAW0sko3czRkyGFfEuYESd6zA40p9WzL7jqPiHzToPGgABpsBU2t4wDhB5PNxLX2536n1BXAOn9Pb+4FqjSDi7QmTHNRqTWK15NLu/xR1yvu/eyghkxC9W5Xcd38JmKCdrsgoyIPTheG3hNHjiaPC
hTmi40OhMx2MXEf8looM9FI2VOOgj3PgN5F2d4lUvj3bjamzo8TkTnZGm3EWlphtO2re8IEmeuzxu3g0tGaHV7yoZthhsRERLEQQlONJVVv3Te2FuO++TbpsSwqjs779hbuxsG0+fwLlsv85VkQdrs9OONzQ0ZskT0v+k2UJa8G20R01VSndwlfPO7rohjWAyBhN+Iizi6O0H8Ka247fsoDO4YijwQ==
pL5ZarzkZQ85XBaC3ET6RRMvgsF8EX7Bd6McCPwRzTTCVwgvMCNFZsnyuxXqnh/i4qf/aAMRt+hbhRbmXwyfLchQDQB7wdCz9ogZ/i+L4I80S7i71khezJpuIfXB++p0Qsl+d/Ot/z1FIY+x4p4NJ2GTG87vgABJU3umoLidMAEemrQ71jUIP+Uz0hXBwG8vrzQtW+u4wrm0oBI8kcOX1c2My+eLo8A=
dbX4qbqW2RZPTUktXkfirdSz4uyYTuuXWqLAOjkRHMaX763ksViHAYSSxCRTSaSiSy0hw7WfpN5MUjNrIWUPZ6HTWH06IxKWd2yTsaqj3XFdBu2Mm8yt6OM/RiYpUHcktEpwg98Kp3GCtZXLP18uW7FDldv5zF/V5/y4JME+sLKBLuihj02cZX58awxLbFiEjb6j8w==
9TtEonAScQNlt2vx79nVS311ehWZHWHPIWqi16PY8QVHV2IV3f2qHmtsizXUAEGhiE6kGzpYBeY7a9T3iLs004KIiuSWXt3NtVt+7N6Zsp/HrcvViXETKXY+eR+doxfmO0BUId+LGtiMfSQZAkp4k6K1/JepY84N1aBb1xNEobM/+JaRuJBuBGVjA01RXIePv6P0
L5JjNGQLK5AsxTZtlMVWyV5oA203DWdpdGm2Jn8M/21o0K1KHM4wc1YIuT7Pi8DPlMtY+7ZIfgw67kG1IfvKNCJJnrfTrd/9paHv8cKe7WcBE7sOz4BgCbP7BuCYndDBvhoU+zY1aH9Fs3JVocBP7w+0TZsLuOL5FCDy/PHDtxUtDKunq6Pg
jlN+DLFk9OHyl4GGjNk9RvSWyoeL6vsDHdu41LRGx/c8SK3/bpHR8azkULTjqZU7d+0tZbiP/u06jAtqo5N+XQXb8ZBtHj9iZRI/GVYkXU5P7ni80DFbhM8rPnNlKSthNjHdFVUJHSLXb3ua6Gb14Ei4jRiI08sDNP+C+tuuHxIArqGoo+E=
syL9mTtKawPf7ZqG+XilPFxoA3w1G2NpdGm2Jn8M/21o0K1MHM4wc1YIuT7Pi8DPlMtY+7ZIfgw67kG1IfvKNCJJnrfTrd/9paHv8cKe7WcBE7sOz4BgCbP7BuCYndDBvhoU+zY1aH9Fs3JVocBP7w+0TZsLuOL5FCDy/PHDtxUtDKunq6Pg
gNpVMPhfUWDkGW1IW87XwvSWzJGX9/sDHdu41LRGx/c8SKv/bpHR8azkULTjqZU7d+0tZbiP/u06jAtqo5N+XQXb8ZBtHj9iZRI/GVYkXU5P7ni80DFbhM8rPnNlKSthNjHdFVUJHSLXb3ua6Gb14Ei4jRiI08sDNP+C+tuuHxIArqGoo+E=
HDmNq6ckT0DtelWzyRgkv/SWzYeF8vsDHdu41LRGx/c8SKj/bpHR8azkULTjqZU7d+0tZbiP/u06jAtqo5N+XQXb8ZBtHj9iZRI/GVYkXU5P7ni80DFbhM8rPnNlKSthNjHdFVUJHSLXb3ua6Gb14Ei4jRiI08sDNP+C+tuuHxIArqGoo+E=
uM/Vs/J8bG67tI60nkz7Xer3UKzBuOXljXOVj66A5lABy5ypyaN2O2jr1V0sdmSIK900XsKor08taxRCJPbTh5kxX9tpFxgxYhfiSl8Is51St80NVQLtgIO4nfQLGyZKEYSnGPwOsE8HvtctKlE1Z0fLvqc5xxVXYTjvSY9YWMh5auAPSeqo7dd5bLlWGEsgs3hI+IW6o/8=
Ocf5EETzrRf8n9WlqOXtfCddvfHYjR7lAyr3tbw/wZaY1vjQ/11weqjSRc2RbgxRfNuw0l6JxlEkYkRU85lk8iYdL/PVz2QO7CKzm4E1T7dB41hN2vNSxtecE8EKcx0hPTbtvPucbThDT8bWiQA39FR6cLM/2uchIkUVu5+P7gvRc5XrmZyfBUeMONRhbvBjYR7okW+d3DXejOt867yY1O2Oo8M=
C5lUZgN1jsjAL1yuwrK/yhB7zVqrgwS20wMaYed5HlrKQeQd1LOXFnMg/3T0ivzAxKdhABEx4i8Tw7PUalOkuoWA0k8YF98V3Xye3KTW8wxO7JS0s0iX7M8nJJGZr5iZsk/CQm9wc3XCLy3FJTrtqNNgPXy742YiAZzHUAy2MOfX5vclGin1j9dTXm9J/xV/MeBPwT+gGKBpcoBHuVIoRQchTLFmYIvII+CoMPWCo9c=
C5lUZgN1jsjAL1yuwrK/yhB7zVqrgwS20wMaYed5HlrKQeQd1LOXFnMg/3T0ivzAxKdhABEx4i8Tw7PUalOkuoWA0k8YF98V3Xye3KTW8wxO7JS0s0iX7M8nJJGZr5iZsk/CQm9wc3XCLy3FJTrtqNNgPXy742YiAZzHUAy2MOfX5vclGin1j9dTXm9J/xV/MeBPwT+gGKBpcoBHuVIoRQchTLFmYIvII+CoMPWCo9c=
W8kzdJ4GuhR71ECOqNu2kSenu0Bop9al6+WNPIx0uNexfv3FzdznQVAXDfZtig1nXVL4mF8OFGHnDWmt3PhoqAN1LWcHcZW5eFPG8UrQM7ZDD8bBdYfJjG0CBz4VjoeFtvhlEj/yQGAQ7eMYv3eGr4U1E31GbWWJ1ZWlfqdzQ4YIuk28OCk1xEgP8x9Eo7omOzKnjnDymbSj/Q==
QE9FqPBNqvcGpoHK/FJZqj3aZQhjZXMVtzgFLkBZ25+mYSVJHgCqxy0py0ughWeKy4PsKg7HIJOGyOleXwtwL2QLaJvGSE4syi7xFVF7WpTyiU6Xw63P3XVhP1FSHp3HsdNLLv+AEGmDO/YAKB1Aoe7axBsmNXgfFfOitTFA/49/9HB7+7jS2WRgQlwBQye1fUz7h7uj8A==
TCBfW7cVsYI9nrSn+6+MPV9SeMo5/XvJ/fhQFJz1aTc10M4eXaEUGQcsOHShjnBGIH7o8S+9XNUeLOvcq9wY9C1uoyM=
OMJUnoUBX8EUm1zunNJ+kNApLfPf8Nk7NSXrXwRqVSEQUOPE7CwPvGprYuC/x+9xGRDGPv0zeZpdrLTx3RNnX8r/OUEyz5+/lcU8SKxX8Ch4IMw25zm3SxzYJFHo+3UtebHTuekdFC5766fLTSLJ4CalRWOgrM6txi14QmJ3kPVOczPrtLk3cBmjKay/tk3YZFXi+NTw5/Nh+auU3euNo8Y=
4NjaWYPCmydcxnZ91HZ6+fdE6EnXTtczpoJQN9sPkNe7LQHlDVueXajTS1yFWT8WGzMDghUKUvcQtaJz1MesnhrcyOT5sjWSYBH/jBMc6/BU8AOg/dwCpea5zezrmfNTj/pkJz+UETPp+X+jub+Y6VIfAvLP4POFov9t9QUq7dgzMP3MG3Pm0mFMh2AspjCXN7Y3lbq5dX+3gx5fae8VD9Gwj3GfMJhQCaLAcphCKDXncYwBxvALOEMw6ADVkqOn
HR8qWcUk7KyqF7xqhpmaYUVxiNgxYBbZFUH3u5ySlvhZfV2c46oBNOM0ugl3q6wjPDELUIXrTTz7juEYiK0m6HC4+5Md8Q8k2TNhoyo=
pfyqwbE2WKAe5Xg4QodlcG9b/HqGSQFca0LKLUWqCsecoh3WgZCPvFByFAQG1MbqtIbGBeeIWY8UZ+4/Zdj/wsSdaJ9Vbl27uDjulYHAL69vNOnaK7gCOfSgUrzRw9dVjYwLZ0ujAA==
wmhKjAnhpnZIYhZPrebBWiLGjyvn/g3BnugFgNq4alyOe2belMDQQGIdDl/ez+yxvGFy9Ve2uKahSQvV1bzwmOQheUv9dE6yhdUkxW+o2DiZmiD7qBqoHTeJrEm26MvQU4iICGVKow8=
3Bnw5vplRSc7itlQhsxavHoznR/LmZb67PzQdAox3puGk0wlNO3CEe/K+FKJJRvRzaCQTCxtCe8FyM4GbXl0gbd0+CyRlhCfkOZoaZ9lPM0udCuEG0R4LB12ozs=
EaiYAAmAVoh/rhyMNhhVIQJvtvpKVKQi0ZCG9uT40EhyBS637reseWw5El2nDjguMdGrvWVEMNC0+ZljjUxOupXNBC1f0JjwScJAU1iiKJWnEQwhBhALmANQaCAVcqMH
KwD2FM5hcfpff/eRPYesSitcmd97ZoU45pCG9uT40EhyBS637reseWw5El2nDjguMdGrvWVEMNC0+ZljjUxOupXNBC1f0JjwScJAU1iiKJWnEQwhBhALmANQaCAVcqMH
pAnczx0AyVa7Jp/qmgjpzSp42NU0jFs4DnBgelD2jr9WARoF3NeAk3r7Q6xY8O2L82uxFmAeeLPRpUkODkSptzzba6KoHmWoaLV8wAiLuwsUNxICG5YPWmAmEXCjOQ==
K0PjZHOC7c3EV9+7wPfW2BB7zVqrgwS20wMaYed5HlrKQeQd1LOXFnMg/3T0ivzAxKdhABEx4i8Tw7PUalOkuoWA0k8YF98V3Xye3KTW8wxO7JS0s0iX7M8nJJGZr5iZsk/CQm9wc3XCLy3FJTrtqNNgPXy742YiAZzHUAy2MOfX5vclGin1j9dTXm9J/xV/MeBPwT+gGKBpcoBDuFIoRQchTLFmYIvII+CoMPWCo9c=
/ynbsNxikYp7RAwfUWZWokVxiNkxYBbZFUH3u5ySlvhZfV2c46oBNOM0ugl3q6wjPDELUIXrTTz6juEYiK0m6HC4+5Md8Q8k2TNhoyo=
Qwm3zAfWVEWUdeZEdDsNxMrmgzagdknn82RFyFPR0nlDamTtXZXa9vBV52+gnh42HrCi17cgG4PrfBxx42JJqH1T5SeqjiOESaq7UIWWloEpImLAWSLyUPFdsQOQtxOuug7u082RusPoDWaVPHhaf4gEOailVQRlf2W6d0i79FPCiMpk1l4dTXVbPmyemfIfB60LVclxU6k2PrmfXaNXZntAFKEfi9pYzH1kmUJKuBNitbwX6WMOjRWgm1dTROwz//xWEXiQLoQlY8PNkVxHD/+jtA==
D3MVc5LGsalB7FX6WcIVeTK9RxRvrFaG7XR3n9Pu9lu9kKUG6whEXWDSJq2xqUKZ33lNWaL4Njo6D6kMzzvQlzKORz/DC8yWFehfmq1cs46QjS8iZMxfOsRc522nb6avdYKcbsj/q0mMrz49MFkKIJwzzsR/5GMNsqkp1Wwb/mOS/2TobMiwxqsh4+uo4CgBdJOBLY3ZT+nlJaCOL/PrOzHK3SCyDXlTbDQazTJV9BJ+XyR1+lsvOzhBQ5BNO2Wcih/ZnHA9HogY6DNT1cGnREED+aOy
lwg+JPOwdUNVsoe/6S2Li2IaPKz68U6+s7uPQiaMhHKxbcWgqfs1rS1JPQjJ7GDzhekFBRC9kMvgRLkp/Uw72hHzz1K5XwKoftAiNNY4EhUDqKLlTty+Sdp45S71HSPgPAv+eW1Y/RFZkaXJ86HcOZ0pZN4GAKlfz5Y9BaElDychE1i9umMS1vcsk3EqY92x3UbtzBsMrShj/0ZmqRB3ZDSKcENfSqcxAvWVC7+fLpsxA5WbeQxfFWc8uGRBfrD/Ae7sYQ8NnCX+PGvMy6xYRA3+o7M=
U+08HgdWDEmToZDDJ4CT62IaPKz68U6+s7uPQiaMhHKxbcWgqfs1qy1JPQjP7GDzhekFBRC9kMvgRLkp0Vs70w392FK5XwKoftAiNNY4EhUDqKLlTty+Sdp45S71HSPgPAv+eW1Y/RFZkaXJ86HcOZ0pZN4GAKlfz5Y9BaElDychE1i9umMS1vcsk3EqY92x3UbtzBsMrShj/0ZmqRB3ZDSKcENfSqcxAvWVC7+fLpsxA5WbeQxfFWc8uGRBfrD/Ae7sYQ8NnCX+PGvMy6xYRA3+o7M=
yx1Vj3VPLzFRAXuXBN/SXyQc5e7WOA7n1CvdZh96oTD1rV0HTEuyM4DXuP8Dy22p7BbOLNBukuCfW8hKf1a0twOq996tsJ1B6oJiJhImIjYK7w+uoudKIrZDJm713OEz2/oQ7d5biQbV+wWnVZvHb4QDUW8kHEK+YRVzQG23dUu3/U21uN8e/Xp8a1oj417tRctRwG1On3Iloh9p1hQ9vg/+mOzQ4TuUD1veQ+XZC9H2IX3FVdm9MhffW2poVhWQiKXtyIyDKxN0D+LKW94/okC+AfijsQ==
mmBzex8gIDE4ye++HpYdoWIaPKz68U6+s7uPQiaMhHKxbcWgqfs1qy1JPQjP7GDzhekFBRC9kMvgRLkp/Uw7xAzyxVK5XwKoftAiNNY4EhUDqKLlTty+Sdp45S71HSPgPAv+eW1Y/RFZkaXJ86HcOZ0pZN4GAKlfz5Y9BaElDychE1i9umMS1vcsk3EqY92x3UbtzBsMrShj/0ZmqRB3ZDSKcENfSqcxAvWVC7+fLpsxA5WbeQxfFWc8uGRBfrD/Ae7sYQ8NnCX+PGvMy6xYRA3+o7M=
76rrDT+PPv2dhsyqQxtrpCQc5e7WOA7n1CvdZh96oTD1rV0HTEuyNYDXuP8Fy22p7BbOLNBukuCfW8hKblC2oge+996tsJ1B6oJiJhImIjYK7w+uoudKIrZDJm713OEz2/oQ7d5biQbV+wWnVZvHb4QDUW8kHEK+YRVzQG23dUu3/U21uN8e/Xp8a1oj417tRctRwG1On3Iloh9p1hQ9vg/+mOzQ4TuUD1veQ+XZC9H2IX3FVdm9MhffW2poVhWQiKXtyIyDKxN0D+LKW94/okC+AfijsQ==
8daLpwnDlylnWGjOS/gnrsrmgzagdknn82RFyFPR0nlDamTtXZXa8OENv3+2lUppGbO3/vFDXMH8JAsx51BOvmhO5SeqjiOESaq7UIWWloEpImLAWSLyUPFdsQOQtxOuug7u082RusPoDWaVPHhaf4gEOailVQRlf2W6d0i79FPCiMpk1l4dTXVbPmyemfIfB60LVclxU6k2PrmfXaNXZntAFKEfi9pYzH1kmUJKuBNitbwX6WMOjRWgm1dTROwz//xWEXiQLoQlY8PNkVxHD/+jtA==
aPmPgQm+Rp1D+MgjsX9Axcrmgzagdknn82RFyFPR0nlDamTtXZXa8OENv3+2lUppGbO3/vFDXMH8JAsx7kNEo2hM5SeqjiOESaq7UIWWloEpImLAWSLyUPFdsQOQtxOuug7u082RusPoDWaVPHhaf4gEOailVQRlf2W6d0i79FPCiMpk1l4dTXVbPmyemfIfB60LVclxU6k2PrmfXaNXZntAFKEfi9pYzH1kmUJKuBNitbwX6WMOjRWgm1dTROwz//xWEXiQLoQlY8PNkVxHD/+jtA==
kpTfSfGigJCO76Be1sJCmdiGT7MnwVFqAcMi4usdWCeVkUtCgC2/GUWwRJ3C8/oHmV7R6n7Ih7ppOpaKrfpesJH8bsviOBX4D3MYRmHAg/qRtKe+ZJUjImjUqwrQtNsNe0fSf6H6UK6ER38ZOEdinczxntAoq0JE83zXfSYBVXWwc0qzxkeoqCAw5JZfCb8LlIg8MQCLjS2BwTvZ8U2cbnPbH2tlMpFgfrUtg9hcxm1O/WBiyseo9XbDm8us6b8wEdPRzF6nlVy8RcpYbMDvM+kps3S1G/Wjvg==
IfbMpqiZj57E16MmrZ+o1Tcfyq8TXjQvgJS/DPpExGG3Y1Xayd5IFEic3wFKmj8hV+R4vPEm0Oyw9mx5vxX8fU7kqxT79DjcPWajKw==
FfZvXb2gb71MGmAmuS9xjmD+JZ0N5vJU64MzMb+bvRBoAEbxmoOFA1cT4NoxT49MrZhWVX5dMZefvIvCaX+yjMMTJkXJgOdf11RDSrM8mqkcACoMGQOfBVVsIxdzozg=
dKcVvbCe2hlxEafFT6ouq/RJ3S56sghNeUJThXQDTzTelyvUoVl3dljbdIjmJ4FpLXzH9ouPmfbEvcislkR6DUJX62zpz3Vj57pvC1wdaScXXDOSAX9JU39prvURQN9P33Sbuhu88hnE4CIcYUNH9d3MW0dboxA=
m5zQ89B1a0QVXVHCr2JCrPLL9S5IdtLPxiswmdi8yS25R4D6hZJgExh97d/bTC9a5f8tG2N54o2VoBtX00RnMn/81hH4kK6EpWNDzRFcxw9/ozQ=
OB8pe0MTeIE8n4OGbNZM8GI2x1tY2P/IsriUtQ/Ptb4hQvig0BBfhcImr7WviNgYWfqgHus6rD13aSwpdsjL8JPoCOglaqMv
ps4NlTOMYMd1rPCj+uAFVVMnhJgqCV1jioTwQeAR6lD5eVXayd5IFEic3xJFniUhV+R4vPEm0Oqz9mx5vxX8fU7kqxT79DjcPWajKw==
ba6Sv5hLZNPFHWEHcrMKl2M2x1tY2P/IsriUtQ/Ptb4hQvig0BBfhcImr7WviNgYWfqgHOs6rD13aSwpdsjL8JPoCOglaqMv
EwvyrKmlG1e6Ly3HHNja2FMnhJgqCV1jioTwQeAQ6lD5eVXayd5IFEic3xJFniUhV+R4vPEm0Oiz9mx5vxX8fU7kqxT79DjcPWajKw==
x7cud6FHvXiO7wNet/wgY+Lzo8be2KvXTirJhc3cz0Xz0hh8TCRIrYzL0FAXJRBcZ6fd3tS7gsdbhet/YccJ0FpzEGOErdmxTarZZg81vk4XBHjcMcZQT3LWbFl/tXydjoSr9LuUuHx9RqML
AQVJwDTHhWaYEEusVpjTXOLzo8be2KjXTirJhc3cz0Xz0hh8TCRIrYzL0FAXJRBcZ6fd3tS7gsdbhet/YccJ0VpzEGOErdmxTarZZg81vk4XBHjcMcZQSHLWbFl/tXydjoSr9LuUuHx9RqML
CCDLAMXclAQw6wnn4Beu+FH6zF5wfYOyrTUGA8wNUq2s8uZ23GezaUU0pfxgQrzGn982SIeHs47IMn2kWFwljMPH4+eku4quezrXFlDKCXyjNQ==
qX1kQqZC0fYzPGOZ8EkLIwjx20NuWfD9tmEWA8wNUq2s8uZ23GezaUU0pfxgQrzGn982SIeHs47IMn2kWFwljMPH4+eku4quezrXFlDKCXyjNQ==
CKzI3Z6Bi4u7zphJNrTsG9xD8Q/SQKNtuvtqf4q6G6Cg8ipunzwiLQUga7djBLJTj/PmMahQ3iQV49OtwRz3L2+jJA==
hYMedQZrsD/kDqk0HGzIQADSkbxnAxWg6GbiIBIGOTj3Vqd4pttWN07K/zgscqb2+8xm5TkAd79nFJZrwzOqyczAWqyJgy/lBSzTN2OjKA==
3wyTVCJaOOOrHLLxf8QthYm5Iw03ga37OBwRz77jZSPiggYoLETkUuZ3nMusE2wirQz2MnxCqSTEQcOQzTvlnAQfWZPwPZ6ImOizU1XBJ0TBA3mjMg==
I5cKXsv6bfGrWqV2BqlSBjEnfWBV65CmdHsty5yFMDZfLtp51nB6CAKahMXjR01JxvIuFxJfpLQII1vqaNYVEIgl70iDAyuTdI/iSltePyJAPgF4ozE=
PhvMjKRvLLLMgxs0mwGEFOVamc91CioDny48KShNON1NLkGl5W5NHTEBCwoDdCLftKGoiMKjK03zXNCmu5w9fqV+dIvEo+SC1TwOMgRyUYRM8StQpSvtvFxKwRNobUZokPibk/2xr6R5c0GjCg==
j/vUE9zPup2uSnvn03kv1ofxMwo7hJq/PFEAyOqzIy2rjEgmI0zlXq1unMusE2wirQz2MnxCqSTEQcOQzTvlnAseWZLwPZ6ImOizU1XBJ0TBA3mjMg==
lAVT5VPatMlIGeUt3DS3bzgHwPtZAAFmwof2Sq5OyijoK1PNyd9+UFLJ0gVQkiAxV+R4vPEm0Omy9mJ5vxX8fU7kqxT79DjcPWajKw==
qkAT3yivAg7cpm38kIFdkkphyIgiY0vNExywppvcnf4FPlSL5OMEArV87jJksrEELDELUIXrTTz6i+ESiK0m6HC4+5Md8Q8k2TNhoyo=
6cc6IUhxwbER8RaEB0B4wSZNxepp+GYlFixCFHKGvNkDG3WVti6Wi5LDHGh4/2O2iMotDPgw0BRCX5MPBBNa1rsCh/4w4jlkoy0=
otZxiiVKQ3/W9XFxpflhp5RQ2CsEzGoIv7ImFhXGp5PGVUEWIcC9n4ojlP3tgXB9bazcSDpORuXEQ705N02GWuORm9A1i718q2vRGnuNdijAGAsTjRFfZCkTcaM6
mjxVMEX6Ksh3NJWOsY5F/QEowIQiY0vNExywppvcnf4FPlSL5OMEArV87jJksrEELDELUIXrTTz5iuEZi60m6HC4+5Md8Q8k2TNhoyo=
0neyxDjUf55dwa2n+U0YJiZNlqovsmIlFixCFHKGvNkDG3WVti6Wi5LDHGh4/2O2iMotDPg21RRMXJMPBBNa1rsCh/4w4jlkoy0=
PY9LSIMG4dIrCC7Aq7L4x9/4HU0X5zb3VNcadaONL8iL1t4CIAEqofG6jdMaSGfkli924v6G6iD4AxNlWVfemALh0i0AWoC5x0w4lOEu8CLkXuzS793cdV7M67xrfJgUbU6jAw==
hQ6MMFW/FO2gskYNSXbC91o9xqx7sXsBL2oWHnzP45EFDHWUgGqM3p/HBmBn72O2iMotDPg51hRDXJMPBBNa1rsCh/4w4jlkoy0=
g70mHxe5N3wIIK8ga3JeVzQutuNg5WsBL2oWHnzP45EFDHWUgGqM3p/HBmBn72O2iMotDPgw0RRDXJMPBBNa1rsCh/4w4jlkoy0=
kTlUfsvDFKi0TQeGQAuzK0Za6otaRhMvwqPPDPpExGG3Y1Xayd5IFEic3wFKmj8hV+R4vPEm0O+19mN6vxX8fU7kqxT79DjcPWajKw==
XtY+N2Wp4PenRC7tNY66Xlo9xqx7sXoBL2oWHnzP45EFDHWUgGqM3p/HBmBn72O2iMotDPg20RRLXZMPBBNa1rsCh/4w4jlkoy0=
SD2vl79UvZBNYyENl+ELvjQutuNg5WsBL2oWHnzP45EFDHWUgGqM3p/HBmBn72O2iMotDPg20RRLXZMPBBNa1rsCh/4w4jlkoy0=
99HLXbIIPkSqMAfQPIEFbkVa6otaRhMvwqPPDPpExGG3Y1Xayd5IFEic3wFKmj8hV+R4vPEm0Om19mt7vxX8fU7kqxT79DjcPWajKw==
NAj7re6xi7KRoQvFq6dsqGG0doAe7cQR7ZgfMbmYkkJ5EE7TyJSUGlFj45wiBskYp5YfCjZbJpeeis/YPHK2lssMNkXJgOdf11RCT7M5mKkcACoMGQOfBVVsIxdzozg=
Z3roORGVv2otGhvQYYROWgEowIQiY0vNExywppvcnf4FPlSL5OMEArV87jJksrEELDELUIXrTTz5iuEZiq0m6HC4+5Md8Q8k2TNhoyo=
qIMqqttCsqKGvSAP9mvwTGK0doAe7cQR7ZgfMbmYkkJ5EE7TyJSUGlFj45wiBskYp5YfCjZbJpeeis/YPHK2lssMNkXJgOdf11RDTrM5mKkcACoMGQOfBVVsIxdzozg=
MDyvrVf/9o6xP182K7nSiAEowIQiY0vNExywppvcnf4FPlSL5OMEArV87jJksrEELDELUIXrTTz+iuEZiq0m6HC4+5Md8Q8k2TNhoyo=
0KVjSdAkee1D6HjBcrm1mmO0doAe7cQR7ZgfMbmYkkJ5EE7TyJSUGlFj45wiBskYp5YfCjZbJpeeis/YPHK2lssMNkXJgOdf11RETrM5mKkcACoMGQOfBVVsIxdzozg=
XstUjgfcLNxnXRgYQO6G/QEowIQiY0vNExywppvcnf4FPlSL5OMEArV87jJksrEELDELUIXrTTz9iuEZiq0m6HC4+5Md8Q8k2TNhoyo=
+xKzEEsIlxLkVPkPUV13A2O0doAe7cQR7ZgfMbmYkkJ5EE7TyJSUGlFj45wiBskYp5YfCjZbJpeeis/YPHK2lssMNkXJgOdf11RHTrM5mKkcACoMGQOfBVVsIxdzozg=
3QV6UOFZjslmaOqZuhOzLAEowIQiY0vNExywppvcnf4FPlSL5OMEArV87jJksrEELDELUIXrTTzyj+EYiq0m6HC4+5Md8Q8k2TNhoyo=
TNbbYlf3qI2wG1XQzDsz2mG0doAe7cQR7ZgfMbmYkkJ5EE7TyJSUGlFj45wiBskYp5YfCjZbJpeeis/YPHK2lssMNkXJgOdf11RIS7M4mKkcACoMGQOfBVVsIxdzozg=
RkC7XLuyf10Mmu3smnInTxc44LrKD7N41hLdDaJmsOtAW6iSyfRqsuA6TZSAia+w4TPhjC7EJV9OZXoYHGDfs/mJ4zTlO2WjLg==
1JjXnoJHo03+XvQ+EpVcO3Ib9hdBjKiH4K7Z91CHs6khQ87kykVSgdgusKWviNgYWfqgHe06rz93aSwpdsjL8JPoCOglaqMv
APLVhXCvD/8/zKzFbUA28rIkMy0UbD9dds4MS9yz3GJdbOYybKLZ5HThMxBdm7VcVD1pnAJdTkjICCPT5aHXBPEjaaMi
maLaFMANY8fp6o8VyMrUR3qSk6UIBObkmkgzCXuOgulvhSVtetb4KwiLkLIhhHKy+MoltLjZZ/Apg7lsTlSd3Lb10rhEkJdzMdkbVM0LfaM2
U8ZCwXiJgMcTN47n96t0SzEnfWBV65CmdHsty5yFMDZfLtp51nB6CAKahMXjR01JxvIuFxJfpLQII1vqaNYVEIgs6UiMASuTdI/iSltePyJAPgF4ozE=
TawpxH7jJOdemH8kUBS2HJi/NxY6gouzLlEfz+qzIy2rjEgmI0zlXq1unMusE2wirQz2MnxCqSTEQcOQzTvlnAcbWZzyPZ6ImOizU1XBJ0TBA3mjMg==
QYQg4l+V26Zosc6i+0/Jsa6n135Yy7/jUkwI5biUc/k2WGjbGMrp+1hzk5X5Bx5IYtHSHWCKQOlnvLjkQf6wcQFu4+MPjZyl/rxrTMssWMQNfqMz
IPGKiiEiJLmuvSutvC/JT3qSk6UIBObkmkgzCXuOgulvhSVtetb4KwiLkLIhhHKy+MoltLjZZ/Apg7lsS1Sd0rb10rhEkJdzMdkbVM0LfaM2
qMoLy22c89yNxp18+ox/+VYy561KV6UD16jc3PP42E18BCy16bGsYywkVxCuUzYmNsq69CBfc8Gx+64s+l1SqYjWEC1f0JjwScJAWl2iIpenEQwhBhALmANQaCAVcqMH
5pR0/GWV/PgsVIX4o0dJUGf1gAKU/uUAe21Yd4UZAAsFbsro5aBzcn4rr90X5Jzmd2QZbqF2iKuY6yBycaSCsojq9fQIOfdw2SPprHw3jduh1SL4FHAn86F5a5Qda02jBg==
/QEYCHh3YS/QfeuCw3XrbVdG8rlcaS2eucwu4VboCqCi8lR9o78dYSaaHg8SR5Tc6AsLEihuxXgog5zQC57bO9RnsvKbJu8KINYxYKMp
itPwZXszbsIrd+kYPXjHbVUy561KV6UD16jc3PP42E18BCy16bGsYywkVxCuUzYmNsq69CBfc8Gx+64s+l1SqYjWEC1f0JjwScJAVVuiK5CnEQwhBhALmANQaCAVcqMH
gOBBgzLklgQZnCX/F9V9OWf1gAKU/uUAe21Yd4UZAAsFbsro5aBzcn4rr90X5Jzmd2QZbqF2iKuY6yBycaSCsojq9fQIOfdw2SPprHY0jduh1SL4FHAn86F5a5Qda02jBg==
CDm2vtEzXph6sBE2NKOhCVdG8rlcaS2eucwu4VboCqCi8lR9o78dYSaaHg8SR5Tc6AsLEihuxXgohZnQC57bO9RnsvKbJu8KINYxYKMp
DKGJUpcXiq2pQaMsX1AqXSdXx7QTWhVqmcDoQ6hSiSPoK1PNyd9+UFLJ0gVQkiAxV+R4vPEm0Oe19mh8vxX8fU7kqxT79DjcPWajKw==
J48p73Q2oN6l3GL2kiMzoAZ277fQWbN41hLdDaJmsOtAW6iSyfRqsuA6TZSAia+w4TPhjCTEJV9JZXoYHGDfs/mJ4zTlO2WjLg==
QzgBnmiNjpXmgZaapmlvxXqSk6UIBObkmkgzCXuOgulvhSVtetb4KwiLkLIhhHKy+MoltLjZZ/Apg7lsTled3bH10rhEkJdzMdkbVM0LfaM2
4PjUa23/K3r7xZnXR6+Pc6OKuRgZN4qZxn89kMrzhyTuRoXgg4YbAkp7+t/aemtAsPI6Dm988o2VoBtX00RmMn/90xH4kK6EpWNDzRFcxw9/ozQ=
3oXutiorlTfwfdFNUZ7VJUp8mI9jLBSLWRiwppvcnf4FPlSL5OMEArV87jJksrEELDELUIXrTTz7jeEdja0m6HC4+5Md8Q8k2TNhoyo=
ACCYa98SkPf40nRs85486jhXx7oWX0csxof2Sq5OyijoK1PNyd9+UFLJ0gVQkiAxV+R4vPEm0Oyz9m18vxX8fU7kqxT79DjcPWajKw==
9fBgorBrLETnyx4AWN77pCcS2roYSBNui8DxTaxXiSPoK1PNyd9+UFLJ0gVQkiAxV+R4vPEm0Oi19m18vxX8fU7kqxT79DjcPWajKw==
qVvUgckW/mdBeKq36SNQvYqfATUI1pu2PB9Qk+r+aye0gQxmK0PmS61unMusE2wirQz2MnxCqSTEQcOQzTvlnAcfWZz1PZ6ImOizU1XBJ0TBA3mjMg==
mwmt1BXhe34Ggn2u/WukMYufATUI1pu2PB9Qkur+aye0gQxmK0PmS61unMusE2wirQz2MnxCqSTEQcOQzTvlnAQdWZz1PZ6ImOizU1XBJ0TBA3mjMg==
9Jc6RObRpuZpbxBgS4ejSHIb9hdBjKiH4K7Z91CHs6khQ87kykVSgdgusKWviNgYWfqgGu06rDh3aSwpdsjL8JPoCOglaqMv
C02cEcjPvMoEQVOoJrsC7Rm51FZpR86vvGEWDt0MXLOZvLNwkSXsIUMjpf1WBqaTktssQJiXs47IMn2kWFkljMLC4+eku4quezrXFlDKCXyjNQ==
31WMnkR6wTUHvhJ3YGumA1Yy561KV6UD16jc3PP42E18BCy16bGsYywkVxCuUzYmNsq69CBfc8Gx+64s+l1SqYjWEC1f0JjwScJAUliiIpCnEQwhBhALmANQaCAVcqMH
S1JKVEk4b1k1YS0PZh3mV0dupOhdUapR16TH9Kf/y0QsCSyg5rS6N2FkEVqqUzYmNsq69CBfc8Gx+64s+l1SqYjWEC1f0JjwScJAV1uiIpCnEQwhBhALmANQaCAVcqMH
R+V67130BMu/FuqsPWYN5mT1gAKU/uUAe21Yd4UZAAsFbsro5aBzcn4rr90X5Jzmd2QZbqF2iKuY6yBycaSCsojq9fQIOfdw2SPprHc3jdug1SL4FHAn86F5a5Qda02jBg==
n2wHVW3TLwFSFJJo/+iHMmMZzPtZAAFmwof2Sq5OyijoK1PNyd9+UFLJ0gVQkiAxV+R4vPEm0O2w9mt9vxX8fU7kqxT79DjcPWajKw==
lyFSSMsUB1fcStGdJQ4zQnIQ5Q5QxbmG577Z91CHs6khQ87kykVSgdgusKWviNgYWfqgEug6qzl3aSwpdsjL8JPoCOglaqMv
tHKF3NVXAV8HxsFtGomQOGT63kOM7asBbWBPUZBKFR9KPsfo8K92ZCpm75td4Jzmd2QZbqF2iKuY6yBycaSCsojq9fQIOfdw2SPprH4zjdug1SL4FHAn86F5a5Qda02jBg==
dvAQs+nRUBgVXDptrVrKWEdupOhdUapR16TH9Kf/y0QsCSyg5rS6N2FkEVqqUzYmNsq69CBfc8Gx+64s+l1SqYjWEC1f0JjwScJAU1miKpGnEQwhBhALmANQaCAVcqMH
98bOFAWznbEi5QRNFuKBEWX1gAKU/uUAe21Yd4UZAAsFbsro5aBzcn4rr90X5Jzmd2QZbqF2iKuY6yBycaSCsojq9fQIOfdw2SPprH02jdqg1SL4FHAn86F5a5Qda02jBg==
uta51MQN4mvHair5RyQ/g3Ib9hdBjKiH4K7Z91CHs6khQ87kykVSgdgusKWviNgYWfqgH+k6qTl3aSwpdsjL8JPoCOglaqMv
JQraxWFleqWJpBWi0WUjLTVXzbJaRwZjmcDoQ6hSiSPoK1PNyd9+UFLJ0gVQkiAxV+R4vPEm0O+x9mh9vxX8fU7kqxT79DjcPWajKw==
Fo5zG6/Bdl0wlM6fzhwWywr32VtxDsawuHsWBc4VTfqIvbRgkSXsIUMjpf1WBqaTktssQJiXs47IMn2kWFohjMjD4+eku4quezrXFlDKCXyjNQ==
/oflZwKDa/ZcR/t4KKpGmArX+XtRDsawuHsWBc4VTfqIvbRgkSXsIUMjpf1WBqaTktssQJiXs47IMn2kWFggjMjD4+eku4quezrXFlDKCXyjNQ==
mSjAfNbWwgLblPJrI1lznmG0doAe7cQR7ZgfMbmYkkJ5EE7TyJSUGlFj45wiBskYp5YfCjZbJpeeis/YPHK2lssMNkXJgOdf11RET7M9nqkcACoMGQOfBVVsIxdzozg=
E/YMm+XGo5nZPzDjaCmTIQEowIQiY0vNExywppvcnf4FPlSL5OMEArV87jJksrEELDELUIXrTTzzi+EdjK0m6HC4+5Md8Q8k2TNhoyo=
cH/NZWeS5rg7oqPXFsgkTWK0doAe7cQR7ZgfMbmYkkJ5EE7TyJSUGlFj45wiBskYp5YfCjZbJpeeis/YPHK2lssMNkXJgOdf11RJT7M9nqkcACoMGQOfBVVsIxdzozg=
L24uMSIYbuWcEceDkOB/PVdb46RQaS2eucwu4VboCqCi8lR9o78dYSaaHg8SR5Tc6AsLEihuxXgogJ7QDJ/bO9RnsvKbJu8KINYxYKMp
Lq6a8WXvTkv7Lx75UpBEAVdG8rlcaS2eucwu4VboCqCi8lR9o78dYSaaHg8SR5Tc6AsLEihuxXgog57QDJ/bO9RnsvKbJu8KINYxYKMp
7qUWhOhcRjjK0hWHlSNoCjInfWBV65CmdHsty5yFMDZfLtp51nB6CAKahMXjR01JxvIuFxJfpLQII1vqaNYVEIgq6UiMByuTdI/iSltePyJAPgF4ozE=
isszudh2Dy6qsZd3unoS1Zi/NxY6gouzLlEfz+qzIy2rjEgmI0zlXq1unMusE2wirQz2MnxCqSTEQcOQzTvlnAccWZvxPZeJmOizU1XBJ0TBA3mjMg==
xC/9Y5fD3hTdwidYrwPyPOVamc91CioDny48KShNO91NLkGl5W5NHTEBCwoDdCLftKGoiMKjK03zXNCmu5w9fqV+dIvEo+SC1TwOMgRyUYRM8StQpSvtvF9NwRppbU9pkPibk/2xr6R5c0GjCg==
BSJU9m4jTTTPdR2w4ZW4KgrWm/V6GFD34WX5eBIGOTj3Vq9qpttWN07K/zgscqb2+8xm5TkAd79nFJZvwzqrycXBWqyJgy/lBSzTN2OjKA==
AVnGsq8Xfny4+RYWzzaVlygZxqZ95CwrGSRDGDGNvNkDG3WVti6Wi5LDHGh4/2O2iMotDPg31xRJXpMGBRNa1rsCh/4w4jlkoy0=
tAetGASYtRwgr0mbJSH8t3qSk6UIBObkmkgzCXuOgulvhSVtetb4KwiLkLIhhHKy+MoltLjZZ/Apg7lsTlSd2bX127lEkJdzMdkbVM0LfaM2
dQJHtLW2hqxLlfQJSjMQqF7sLDSuj/xSYTCm47BUTEr5g1vsqoZBqF82d9ruGx5nturXyDRyvobT7B418UC/Dz/0Ov87uRNZrWGC3EFDZzU9TDsHe6Mw
AU7TeI1H5qVYww0UoPo4aeVamc91CioDny48KShNO91OLkGl5W5NHTEBCwoDdCLftKGoiMKjK03zXNCmu5w9fqV+dIvEo+SC1TwOMgRyUYRM8StQpSvtvFhPwRhpbU9pkPibk/2xr6R5c0GjCg==
QbZkf530HtOlfGzVFTcyLJi/NxY6gouzLlEfz+qzIy2rjEgmI0zlXq1unMusE2wirQz2MnxCqSTEQcOQzTvlnAYeWZjxPZeJmOizU1XBJ0TBA3mjMg==
Cg7bKULUhJr5QQVqXRM8eldG8rlcaS2eucwu4VboCqCi8lR9o78dYSaaHg8SR5Tc6AsLEihuxXgojJzQCJrbMtVnsvKbJu8KINYxYKMp
w22g8MSCX085s8SwwRbW3nIb9hdBjKiH4K7Z91CHs6khQ87kykVSgdgusKWviNgYWfqgHeo6rjx3YC0pdsjL8JPoCOglaqMv
sV+Pm6T4olj1wnkOd/hJqXqSk6UIBObkmkgzCXuOgulvhSVtetb4KwiLkLIhhHKy+MoltLjZZ/Apg7lsTled3bX127lEkJdzMdkbVM0LfaM2
RhhKujAL+PazJFDCylXvdl/sYjujlapSYTCm47BUTEr5g1vsqoZBqF82d9ruGx5nturXyDRyvobT7B418UC/Dz/0Pvs7vRNZrWGC3EFDZzU9TDsHe6Mw
1Csd6KJPQ/E1ryXqp11kzWK1dNpDtYdat9VrZbmKsRB4F06VypjAVxElqZgiBskYp5YfCjZbJpeeis/YPHK2lssMNkXJgOdf11RISbM9m6kVASoMGQOfBVVsIxdzozg=
pfo1kTB6/OGzxz/MpmbFWuVamc91CioDny48KShNON1OLkGl5W5NHTEBCwoDdCLftKGoiMKjK03zXNCmu5w9fqV+dIvEo+SC1TwOMgRyUYRM8StQpSvtvFJMwR1pbU9pkPibk/2xr6R5c0GjCg==
nNisjCoswhp46uXqX+4JeFdG8rlcaS2eucwu4VboCqCi8lR9o78dYSaaHg8SR5Tc6AsLEihuxXgojZjQDZrbMtVnsvKbJu8KINYxYKMp
PX0fwFfJ628VfXyVFsSEfjMnfWBV65CmdHsty5yFMDZfLtp51nB6CAKahMXjR01JxvIuFxJfpLQII1vqaNYVEIgv7kiMAiuadY/iSltePyJAPgF4ozE=
8hpSkRgEifEsR4Ize1BiGmO1ddpDtYdat9VrZbmKsRB4F06VypjAVxElqZgiBskYp5YfCjZbJpeeis/YPHK2lssMNkXJgOdf11RGT7M8m6kVASoMGQOfBVVsIxdzozg=
B3GF2CKGjoxGch1U7bR8tZi/NxY6gouzLlEfz+qzIy2rjEgmI0zlXq1unMusE2wirQz2MnxCqSTEQcOQzTvlnAYfWZPxPZeJmOizU1XBJ0TBA3mjMg==
ofW0R+I01HF3AVzgSc4Y/1dG8rlcaS2eucwu4VboCqCi8lR9o78dYSaaHg8SR5Tc6AsLEihuxXgojJ3QA5rbMtVnsvKbJu8KINYxYKMp
jjWSsvYeq5Nw9XuCJPEElmoyeV/gP3Ph8RsujDo9UonINpCNn7CY0AkiwPSdwiu15/iNgcZwC7hDsOiA1RKjJw==
52W++52kspRtRpW9mTR07Bn12VluQ9G4rTUWDt0MXLOZvLNwkSXsIUMjpf1WBqaTktssQJiXs47IMn2kWFwkjMrH4+6lu4quezrXFlDKCXyjNQ==
LXuYJ4Tpl4FgyN04sAhgszInfWBV65CmdHsty5yFMDZfLtp51nB6CAKahMXjR01JxvIuFxJfpLQII1vqaNYVEIgt70iKAyuadY/iSltePyJAPgF4ozE=
yORjBlsQX1vlmtThfVPaFk2/MTCwnbgTJCOupa1fGAe5xRHoqoZBqF82d9ruGx5nturXyDRyvobT7B418UC/Dz/0Ovg7uhJZrWGC3EFDZzU9TDsHe6Mw
mAzfiU1v8LskqhtVCQ2tc+Vamc91CioDny48KShNON1OLkGl5W5NHTEBCwoDdCLftKGoiMKjK03zXNCmu5w9fqV+dIvEo+SC1TwOMgRyUYRM8StQpSvtvFlKwRpobU9pkPibk/2xr6R5c0GjCg==
QfBAXRnj+VWWb0h+rosp4pi/NxY6gouzLlEfz+qzIy2rjEgmI0zlXq1unMusE2wirQz2MnxCqSTEQcOQzTvlnAUaWZrwPZeJmOizU1XBJ0TBA3mjMg==
gcwwZDerIfDnppc8U6urJFdG8rlcaS2eucwu4VboCqCi8lR9o78dYSaaHg8SR5Tc6AsLEihuxXgojJjQCpvbMtVnsvKbJu8KINYxYKMp
q2jCqZLakTjXRNbuNLvmdjMnfWBV65CmdHsty5yFMDZfLtp51nB6CAKahMXjR01JxvIuFxJfpLQII1vqaNYVEIgp7EiKACuadY/iSltePyJAPgF4ozE=
O/2Fp7z7WwyhU4jY8+NZoFQz5KMGBPpfgPmZuaf4yk4uBSu1r7OgN2FkEVqqUzYmNsq69CBfc8Gx+64s+l1SqYjWEC1f0JjwScJAV1uiKpanGA0hBhALmANQaCAVcqMH
sSwVra40hVoTBt5vOTkKel9cu0BwAn+f0HznjX5p6Pk8hXIG6kGsg9FvQ0pKwLLvk/P7kVAJbX45rG4BVojKQCKSlJ2jn93BpjreLxJnVHxoq8syKI4FGKhjXrAKeJtSVYfykpsGr6qgdnFAowk=
ioRdArc2nxRxhZx4aduyj5i/NxY6gouzLlEfz+qzIy2rjEgmI0zlXq1unMusE2wirQz2MnxCqSTEQcOQzTvlnAUfWZnzPZeJmOizU1XBJ0TBA3mjMg==
0uJt7i5AwcouSF4wJzVpdmoyeV/gP3Ph8RsujDo9UonINpCNn7CY0AkiwPuZwim25/iNgcZwC7hDsOiA1RKjJw==
c2uv8uqydcXe12N/rx5rY/ZC5VXFRoVx0ehYf8YUhpK9PAX3EXeGQZSFWWekEGFFMRYuqg9HBrZZoKBT2p3puArw5Im+7m/OcRXvyRgB06tZ/iyx8MoYveez+aDN3/BRgtByNzOBFzbp+X+jub+Y6VIfAvLP4POFov9t9QUq7dgzMP3MG3Pm0mFMh2AspjCXN7Y3lbq5dX+3gx5fae8VD9Gwj3GfMJhQCaLAdZpCKDbneI0BxvALOEMw6ADVkqOn
gtdZ1e2pzxG3+zDWXXY5GLSSjKTUl0gaeJmxAs2F6nG1rW5fr+/zBBg5GFmYe18JNnoP3UY+JQtwBYUgutlqFILdrH5Uc+qVo6qb8pq2/Ny98bgP0AHwTWXykTvBlbXxoZK96wSUXUxFcaZlL8jYWNk6oFpp+q7+9yAt6faIy7ATKAiopaqj7w==
Mc7zIisjoZcoXOIaAN0CWVMpE77IHn2JzJCG9UJIeir/F5fG5leX9SsIQzaPdIGS7fCY6j0NHWi2XRfmoQQGYIm2fKHj1mcp7EI3af4Vhhv4eqbhcUfh2dJxXV/nKcVR+DsWKSrow54D53a51V+ZpG0qV+a19jdt9tCVKl8qkAiQBbNAX0/2h0Vdo4XmNbWh1b11JgeL8+7Ikj2E2HhlLM5kI84lm0oOe9oX9tAqyZyj1Q==
+UUS9Ae0OSpCG+6SCeLZS9BMKShvm2QX8ZQaI/CPuj2tAvYxElOd8aVz7T8NbW0iccmcq//euLVFTW2oz9l7Nuonl6HutLdlWiJsWCTYh7zaZTb37tp0X1zrIMteyNZ8Ag6JJbk7MgRq6QZn+633LT0Bp8E6XnX3yfODfmcAiDnL285wAN3oMXZ6jCveNQAv3VM6JZkA139HlLGrYz5JCSVBumxpg88l5awz94OjyA==
WSRHjyJgnPV5A6P/4JEvef/fxHS+IgUe63kEerLXrqepdHKzSA9CrQWirsFak1WhXRPFDxVtdRJZqWT7Nx7wRR3txTg3WcOmgsfPESb0fzViAgSoPNifzDJFDiemGjzvhIvIW+ZIruyqrlFVcXt61BIJLlfjre8dFeHfEXIevYcRUyvuH4AwqSO7FsBIHaDhTlpkW8Y1GN+1cwJ1UUAfzx902TvbvrGZjeHinCFDB3UdzBvHm6PQ
h5jVJXwXtU5DMKwR7oOS4uMQMGOPs+LYDuLsRfNpdKpm+4dMXG8m7yyxK5qA3bTjW71TK8sTG217DleRauc5bh5ZM9XrJFm5rXqs/+FNyISxaaw6SnRyGNEQfP3Ae2hq0rMqM2aHiKjAcAQW/8mfC/RInLGgy20tYYGbWVGN/G5TG7/rhXJxYF51jQO4nKZtbr2A4iqHiPVWA/tLzCmfMPGTMUz357Ve34Wj2cyAzzMJaRP0FduVo94=
3LtPsf7E5fU7kD+2QIGYjQjvEi3kGCdnOSsv7MQfrm+kAbN66A0Mo4PNuwvzAxNtcx5vsYKX4S6miVs1c5TROSUKNF9JnbBE6VmEWrJkehjZAAQd6EuwKirjgpP+dwAoSMCcdheZJ8usuPSRmNtlLWmRo3k5faSu60tXix3C+eDWhRWjEMxeLbaNqAJSl4D1XhMDK+QZx/CJQ5nsb5c93lc1OzmkUHdz0Rn71C3LnaPW
y3NAONWP21VrH/G8rOZo/hggGbmYCniS1YbVslhTbT//F5fG5leX9SsIQzaPdIGS7fCY6j0NHWi2XRfmoQQGYIm2fKHj1mcp7EI3af4Vhhv4eqbhcUfh2dJxXV/nKcVR+DsWKSrow54D53a51V+ZpG0qV+a19jdt9tCVKl8qkAiQBbNAX0/2h0Vdo4XmNbWh1b11JgeL8+7Ikj2E2HhlLM5kI84lm0oOe9oX9tAqyZyj1Q==
zhIReBDUf/Pq9K24ZnX6LAjvDyHiCjxuCSsv7MQfrm+kAbN66A0Mo4PNuwvzAxNtcx5vsYKX4S6miVs1c5TROSUKNF9JnbBE6VmEWrJkehjZAAQd6EuwKirjgpP+dwAoSMCcdheZJ8usuPSRmNtlLWmRo3k5faSu60tXix3C+eDWhRWjEMxeLbaNqAJSl4D1XhMDK+QZx/CJQ5nsb5c93lc1OzmkUHdz0Rn71C3LnaPW
RxsYa5G9x8m6AlU91Hziv8aI/K6IN0nxKqHMpD4P7Q46ejAP/aQGSwTPDpUx8nqppvNJiWkj0RcZbXkKTZlQ0yt+DC3JvfEAe5mPXvYXm7maVONdlnKQMLBYE1SmtXrPOrqAR1DbPCMqCGLUnn4FvQ2bZvwmOTpP763jBQHR6zlu/sFvRYMf1tPA/NHX68Jo9L08CTqq8MNKtZRHIQP2Hc3go2dLpK3Dl379obmxNvTdIxtdKfwP35ej3A==
7EJMzcdqjNWncngdAHQaXmkzfnLNedGgWojfAb2TcxyI12ovYEl/SrT1aIOn1Ucb/wsXbXcWY6F+j8UOwnEHBb/cFXnhwnivFSUUJA3BOMo+7P6YXYiIjVTT1MqOW17jMj9E6AwI0EbL4cPriKCIgZTTYS1tma9pRWWAjg8zi7tRCr0gks3Z08x0+s3SFRSS3h8Eddqbj7tYgSOQLfvFHCNf+Z6TffcJ+KgTU/UBB8Qhw5mj0g==
YkusSX3NOepaWYIxzBVDeGg6Y2XLepiyCobDC7jSR1KEzWI6YEl/SrT1aIOn1Ucb/wsXbXcWY6F+j8UOwnEHBb/cFXnhwnivFSUUJA3BOMo+7P6YXYiIjVTT1MqOW17jMj9E6AwI0EbL4cPriKCIgZTTYS1tma9pRWWAjg8zi7tRCr0gks3Z08x0+s3SFRSS3h8Eddqbj7tYgSOQLfvFHCNf+Z6TffcJ+KgTU/UBB8Qhw5mj0g==
kP+Ik/7w1qYyxvtwbN1ColERc8gl73rb7OgTBIOgaT0OkclOUb8eDAcsOHShjnBGIX7u8i+0XdUeLOvcq9wY9C1uoyM=
hiStV+jGDsSC/iW9BT8T3NOBghsOheplNQnPPVmP/tJc0XvQFUsd/Muv8R6bzd+poNhrE61Rv+SJ0xGjWg==
mNrOXVFSDGdEeXTLf9ewF86bGUTEjew5lD9hhT8zAyYIWo3cuAD1JE5sszbFQ/pGO5JnrvCS2RSjXQ==
U/vv3KmyVwPHuk5kcXLkHxHzvX3RaZ1D0W31OHbi9yEh91UWHUKZ+95T+1roJnWgSHwNWI4QS0o1PwI62+6f0gDuIWijIQ==
TprlNd6cSBKJ8jOtMvC935dL9hjdVqMgvPd3Yo2GG//n+zp1gj4wLQUga7djBLVTj/7lMaFR3iQV49OtwRz3L2+jJA==
hiStV+jGDsSC/iW9BT8T3NOBghsOheplNQnPPVmP/tJc0XvQFUsd/Muv8R6bzd+poNhrE61Rv+SJ0xGjWg==
mNrOXVFSDGdEeXTLf9ewF86bGUTEjew5lD9hhT8zAyYIWo3cuAD1JE5sszbFQ/pGO5JnrvCS2RSjXQ==
ce9URh17Z2xTBdpaFCUSQjcZ/j0XlriG4a2JuxWc8LgkQfmrvVROksU1pKWviNgYWfqgH+k6rj53YC0pdsjL8JPoCOglaqMv
Lyomzpkqmd28aqrqA8tKXURCDCB4FcuBQd/C1SVeIYvuCF2EcjcMQAOKHVsSO24jgl8U6NyooIY7wbNrWICYwQQzUS1deT8pVUVQDn8Te3shqm0gwq1pE/wUSk0CdQRSTr90dSo7H/tIYXMQnRv1XJa/KZ7D3QdJiIjj06UhFwSxo6mj4g==
VxIeVFdQdF9t8OiBAZ3XlSp42NU0jFs4DnBgelD2jr9WARoF3NeAk3r7Q6xY8O2P8WWxFmAeeLPRpUkODkSptzzba6KoHmWoaLF9wA6IuwIVNxICG5YPWmAmEXCjOQ==
teAX6Z+yZA2Ai1SkYOiqwytcmd97ZoU45pCG9uT40EhyBS637reseWw5El2nDjguMdWps2VEMNC0+ZljjUxOupXNBC1f0JjwScJAV1miLpanGA0hBhALmANQaCAVcqMH
focmNf5pKpD8r41Zt7mOhwJvtvpKVKQi0ZCG9uT40EhyBS637reseWw5El2nDjguMdWps2VEMNC0+ZljjUxOupXNBC1f0JjwScJAV1miLpanGA0hBhALmANQaCAVcqMH
0lIq3v4jjaAuqF/Rmz8VynoznR/LmZb67PzQdAox3puGk0wlNO3CEe/K+FKJIRnfzaCQTCxtCe8FyM4GbXl0gbd0+CyRlhCbkeZuap9sPc0udCuEG0R4LB12ozs=
wT3oHqBI9elf7TIA2itF/CLGjyvn/g3BnugFgNq4alyOe2belMDQQGIdDl/ez+yxvGFy9Ve2uKahTQnb1bzwmOQheUv9dE6yhdUkxW+o2DiZmiD/qRquHjeArUm26MvQU4iICGVKow8=
4NskMPMuEKcotnldoI2ezG9b/HqGSQFca0LKLUWqCsecoh3WgZCPvFByFAQG1MbqtIbGBeeIWY8QZeA/Zdj/wsSdaJ9Vbl27uDjulYHAL69vNOzbK74BOf2hUrzRw9dVjYwLZ0ujAA==
9Fm+LTgY1NN5E+SsYO909tg7T3IHg9ITLLfToeD/kGnZbYzn1pPSgoAFIAUJSM4/Pd6lg/02UAzPmZjkZInhOUxswMyjkYUzV6Vd/TgXDiUahBtSY2vu1WWTwYhtBg8qBZqv4ZYcTUZvJogkUKkrzO8jLkslUbvp1vntDVURLeo35+viqF7l6Gjx/YAOSDvCFfeSwhtWj5pg5pGwo/k=
w/Q/J1nxdMmHhN/UqNNoUN4FkHJIkGoXpLFmFjWV/5iLRUkCE5S3hYRlwqHt6EUzNJvvDW5ETPLWT6t6Z1apS+qRm9A1i718rm/RHnuNfynAGAsTjRFfZCkTcaM6
J7JzWlu4HjodapoVnDeUsTYhPAyhOGTmuB4Y2nJpaZrRK7edn7CY0AkiwPeZwi625/iNgcZwC7hDsOiA1RKjJw==
J7JzWlu4HjodapoVnDeUsTYhPAyhOGTmuB4Y2nJpaZrRK7edn7CY0AkiwPeZwi625/iNgcZwC7hDsOiA1RKjJw==
/3+XHCdiXl81XRHnYybueepLIDvQTl3rgCwy2AsQI2xJ9BFaeALhv0fJzSkCPSrQItKsdCPP44FcaC46WUMYEmIPLU4nVBweqATY/h8q1o1iaiAqYT4QPjTUFw4nSS3QLgHyjxWUGPNIceJABxLFty8KalogiPXnBhUL5ko=
