rAmwzCyutXKQYxbR+eOai1aqxbT+5oRj+Ze6stFbIx+00f6rovxyydR8wawLwEpgtNTZuznl5D1mfN1CZ9qzhaw/zXW4n569ejzrmiMj3i1Fi9GAbQ4fMiVin6nW1L3+D74YrNAhu1QPm14D5ZmLkfbh/QVVGT3yF5/bKmgWlVCIam4IjcOrUnRPYgtbHr1uQf6BuKPx
/ZgHR1daTMIW7P1jKZRsBs1T7/sBH7NKCn8zW3ks4YK3FVT1XC6kQPvlVDb6tqFHPRM0atQuk8/Jib8z2Y+YufLvQuIvUHNVgo+tZWUa7YiTwL3c+8NmAkE8R/BMljDHl0Z3hVoJ9a+X897PCd8VX3FAz2F/gBiAKdIA5PpyLWVHgMwRJkGL6GFMKZC1oqP3
wrKDPxZeIy6KOX5hdrksnwDMGXeWwH8TBFOMeIzDnxdsI8KUk56zNBLNAwJ4s7RFzIHizMC6NOlIF9Vd/fOJNFPVpZBW3RHhRPLExBMpJAIHDyPj9T8kvgyyMwvhhY/HYfNYXfqDkna3DJNR6sNd0R0m7azbbC2Io99GRumw94R0anCjH6onkULVlSt/P6778WOV+7ls37WnHLhEAd4wEEIO7YFP7ByFvh1r7AkA2STNnqPT
gXluhj1hf6CS8KwgkwgKtRElJB5eNMTxqeYDIph6EXyxMSboY53VAP6vmLD3YoH7rpM6c/YnWKiQkJRW7ylPi0SorPEQK10tUWErGWFtTO6D+6+rFZIhYI7VHUOovPbtnp3woton+PWmo4uLPAnvsCGzIYxhROVdDOU7GNzgnrO5Cy81pbulo+4=
L5ewELv3IVO/ZF3xDiollQUUHjo8Ds1vGtw9SLOjqpBTKXg9VSMrE5xyPVxd+eJYB+xIgGJXfACzKu3bgps+Y9J/JOgsSHDGa6Ej6+hgaAE0E0EtTVkP6aWl4I7vcys78UqdIPKNOVOstNrN8tW0Ej7fZHU62+87+MEDkA27JZxFnBmdsL1fiFhoclMVQ2tFgYO5o/I=
20gfzTMOLQGK1f7kQNZgMAUUHjo8Ds1vGtw9SLOjqpBTOHAzUywqQZxyPVxd+eJYB+1IgGJXfACzKu3bgps+Y9J/JOgsSHDGa6Ej6+hgaAE0E0EtTVkP6aWl4I7vcys78UqdIPKNOVOstNrN8tW0Ej7fZHU62+87+MEDkA27JZxFnBmdsL1fiFhoclMVQ2tFgYO5o/I=
xj68QJI2gQCVskm0YLN79eW9vhR6xq3kSgYltKBag1+IRJ3M8q26gfQKGz/COGbmZX4Oi67WJExHiUXtTMbkOEtt9G6om6B/TVvU8kRGUzf5gZ/rCScYAQInIvo/uDMtMgcNPTUy7bDjiF1Ea6um+nE0ZyicPrB/Z44XnUrhtdcne36XWfcVZwEIL/nv6Nh4GdogPCrard23SKwJNqnLkNHEicjliqPP
+waMRu2jmsNcRp+oAWQxWdSz4uyYTuufWLTSbjQYApSX6eSw/w31AYSSxCRTSaSiQS8gw7WfpN5MUjNrIWUPZ6HTWH06IxKWd2yTsaqj3XFdBu2Mm8yt6OM/RiYpUHcktEpwg98Kp3GCtZXLP18uW7FDldv5zF/V5/y4JME+sLCCLu2hj0ycZX59awxJYFmEjb6j8w==
nMTN8HUdpIlAUfs/FyHjvx4F+pqp2gMawuB+BmU0IFSvR+sFcQ0fQwJInb2Rhi5yvImuFhdMV/2QcOU8AsAog56owa5nSyj/jKsQK07IxlxyzllFCbuipJqpVofLrcfNbUFXYarexZcZM/NedwCY2fubHtBwXXhRxrrcCy41cA8NE4rFCYAn3xdUh8hzPVop3QDqjNgDX4eZbeOXs6P4
eChdS0y4srHszZzYvtgTOERWL3lmA81vEt4rWuexqcBTbDV0AW1+QZxyPVxd+eJYB+lIgGJXfACzKu3bgps+Y9J/JOgsSHDGa6Ej6+hgaAE0E0EtTVkP6aWl4I7vcys78UqdIPKNOVOstNrN8tW0Ej7fZHU62+87+MEDkA27JZxFnBmdsL1fiFhoclMVQ2tFgYO5o/I=
usySxAiP0uVkfnSjTXlW2Jj2orHGTuuUR6TVPD0LTJWdouSw/w31AYSSxCRTSaSiRC8gw7WfpN5MUjNrIWUPZ6HTWH06IxKWd2yTsaqj3XFdBu2Mm8yt6OM/RiYpUHcktEpwg98Kp3GCtZXLP18uW7FDldv5zF/V5/y4JME+sLCCLu2hj0ycZX59awxJYFmEjb6j8w==
dU3o+OIPRBbIoky9v4jeVSJ6APihBX8KLH8pfQjH9Fk0SgT8YxHEunA2INuFh8SGfIrzs5E9b/8RS9jlirtyzse0U2ma+71pbR7tlKvUzbDT54b+mQgXvATS8BtvkscpMm1VEw8HTkOBW5XDydQ/jdckePxxZtAoMrZtOT/U/D3OpavUeTg5nL2mo+s=
H+aQ96Z5yUhGACw7e2KmNNSp7uGaD6LXR6OLY3hHXcaV8KWw/w31AYSSxCRTSaSiRi4gw7WfpN5MUjNrIWUPZ6HTWH06IxKWd2yTsaqj3XFdBu2Mm8yt6OM/RiYpUHcktEpwg98Kp3GCtZXLP18uW7FDldv5zF/V5/y4JME+sLCCLu2hj0ycZX59awxJYFmEjb6j8w==
CcEGuBtk6iUV5yOSSTHYG/ja2V2mNRM5iDMEe7DU06ngNXWsS3MW8Ar48IAQ3waiER3NRgZvVEcYrmjoYEfnVxLhy0hzEYeIq8WmBi+MD00YEF3ua8HA0yZISR6/CxDvhIvIW+ZIruyqrlFVcXt61BIJLlfjre8dFeHfEXIevYcRUyvuH4AwqSO7FsBIHaDhTlpkW8Y1GN+1cwJ1UUAfzx903zjbvbKZheDinCBDB3cRzRvHm6PQ
C8lsdqtoTmOdIoVeoyTegtgtIfvaxIohOxikTx4jNiNDat/q3TkcrmkuJP+phKVxEQTNHZBqKbxpga6I20w9AZb/IFB/0tm7loMyU65X8Ch4IMw25zm3SxzYJFHo+3UtebHTuekdFC5766fLTSLJ4CalRWOgrM6txi14QmJ3kPVOczPrtLk3cBmjKay5tE3dZFXj+NTw5vNh+6eV3euNo8Y=
PGpau9BYHIRzDzWxJOhBhdXtlD4c5W3LJvzuAd8AuF8SKzIjR2LT+sEh+I4NFtjP5UxhMVXMAW0sko3czRkyGFfEuYESd6zA40p9WzL7jqPiHzToPGgABpsBU2t4wDhB5PNxLX2536n1BXAOn9Pb+4FqjSDi7QmTHNRqTWK15NLu/xR1yvu/eyghkxC9W5XcdXwJnaCdr8goyILTheO7hdHjiaPC
acg88siB2WTGjZJ6VjwwJ1I2VOOgj3PgN5F2d4lUvj3bjamzo8TkTnZGm3EWlphtO2re8IEmeuzxu3g0tGaHV7yoZthhsRERLEQQlONJVVv3Te2FuO++TbpsSwqjs779hbuxsG0+fwLlsv85VkQdrs9OONzQ0ZskT0v+k2UJa8G20R01VSndwlfPO7rohjWAyBpO+I2zi6K0H8Kb247dvoHO4YijwQ==
4q01mF6kTwMkdivgLalrFxMvgsF8EX7Bd6McCPwRzTTCVwgvMCNFZsnyuxXqnh/i4qf/aAMRt+hbhRbmXwyfLchQDQB7wdCz9ogZ/i+L4I80S7i71khezJpuIfXB++p0Qsl+d/Ot/z1FIY+x4p4NJ2GTG87vgABJU3umoLidMAEemrQ71jUIP+Uz0hXBwG8vrzQvWOu9wrm1oBI8kMOX18GNy+eLo8A=
/ny3NcDt89jpjxYY2VQAedSz4uyYTuuXWqLAOjkRHMaX763ksViHAYSSxCRTSaSiSy0hw7WfpN5MUjNrIWUPZ6HTWH06IxKWd2yTsaqj3XFdBu2Mm8yt6OM/RiYpUHcktEpwg98Kp3GCtZXLP18uW7FDldv5zF/V5/y4JME+sLCCLu2hj0ycZX59awxJYFmEjb6j8w==
tBaU76Kc0BibA563wTVjUn11ehWZHWHPIWqi16PY8QVHV2IV3f2qHmtsizXUAEGhiE6kGzpYBeY7a9T3iLs004KIiuSWXt3NtVt+7N6Zsp/HrcvViXETKXY+eR+doxfmO0BUId+LGtiMfSQZAkp4k6K1/JepY84N1aBb1xNEo7A//ZaRuZBuBGRjA09dXYePv6P0
vspxzbafrfDIAjNtrcekJV5oA203DWdpdGm2Jn8M/21o0K1KHM4wc1YIuT7Pi8DPlMtY+7ZIfgw67kG1IfvKNCJJnrfTrd/9paHv8cKe7WcBE7sOz4BgCbP7BuCYndDBvhoU+zY1aH9Fs3JVocBP7w+0T5gLveL5FSDy/PDDtxchDaunq6Pg
6Kvsdjvc48VWXwIKnV/cwvSWyoeL6vsDHdu41LRGx/c8SK3/bpHR8azkULTjqZU7d+0tZbiP/u06jAtqo5N+XQXb8ZBtHj9iZRI/GVYkXU5P7ni80DFbhM8rPnNlKSthNjHdFVUJHSLXb3ua6Gb14Ei6jhiN08sCNP+C+9uuHR4BrqGoo+E=
/78gr6U7rs8sTTlLNXY6NVxoA3w1G2NpdGm2Jn8M/21o0K1MHM4wc1YIuT7Pi8DPlMtY+7ZIfgw67kG1IfvKNCJJnrfTrd/9paHv8cKe7WcBE7sOz4BgCbP7BuCYndDBvhoU+zY1aH9Fs3JVocBP7w+0T5gLveL5FSDy/PDDtxchDaunq6Pg
t08JQZKrWuBzM33W6V8yQ/SWzJGX9/sDHdu41LRGx/c8SKv/bpHR8azkULTjqZU7d+0tZbiP/u06jAtqo5N+XQXb8ZBtHj9iZRI/GVYkXU5P7ni80DFbhM8rPnNlKSthNjHdFVUJHSLXb3ua6Gb14Ei6jhiN08sCNP+C+9uuHR4BrqGoo+E=
g/qcnx96Vq5DVeZN/cX8JfSWzYeF8vsDHdu41LRGx/c8SKj/bpHR8azkULTjqZU7d+0tZbiP/u06jAtqo5N+XQXb8ZBtHj9iZRI/GVYkXU5P7ni80DFbhM8rPnNlKSthNjHdFVUJHSLXb3ua6Gb14Ei6jhiN08sCNP+C+9uuHR4BrqGoo+E=
2RC/MOmnQFyOFnjcVk8exer3UKzBuOXljXOVj66A5lABy5ypyaN2O2jr1V0sdmSIK900XsKor08taxRCJPbTh5kxX9tpFxgxYhfiSl8Is51St80NVQLtgIO4nfQLGyZKEYSnGPwOsE8HvtctKlE1Z0fLvqc5xxVXYTjvSY9YWMh5auACSuqt7dd4bLlWGUsgsXRJ+IW6o/8=
d7HwP7VYGAEqCcNhj/W0ESddvfHYjR7lAyr3tbw/wZaY1vjQ/11weqjSRc2RbgxRfNuw0l6JxlEkYkRU85lk8iYdL/PVz2QO7CKzm4E1T7dB41hN2vNSxtecE8EKcx0hPTbtvPucbThDT8bWiQA39FR6cLM/2uchIkUVu5+P7gvRc5XrmZyfBUeMONRhbvBuYh7tkW+c3DXejet86bCZ1O2Oo8M=
PEBfNdbhT3yJJL8LAIyW6xB7zVqrgwS20wMaYed5HlrKQeQd1LOXFnMg/3T0ivzAxKdhABEx4i8Tw7PUalOkuoWA0k8YF98V3Xye3KTW8wxO7JS0s0iX7M8nJJGZr5iZsk/CQm9wc3XCLy3FJTrtqNNgPXy742YiAZzHUAy2MOfX5vclGin1j9dTXm9J/xV/MeBPwT+gGKBpcoBKulItRQcgTLFmYYvIIeypMPWCo9c=
PEBfNdbhT3yJJL8LAIyW6xB7zVqrgwS20wMaYed5HlrKQeQd1LOXFnMg/3T0ivzAxKdhABEx4i8Tw7PUalOkuoWA0k8YF98V3Xye3KTW8wxO7JS0s0iX7M8nJJGZr5iZsk/CQm9wc3XCLy3FJTrtqNNgPXy742YiAZzHUAy2MOfX5vclGin1j9dTXm9J/xV/MeBPwT+gGKBpcoBKulItRQcgTLFmYYvIIeypMPWCo9c=
TQgoDItJW16YYBVvpA5Twyenu0Bop9al6+WNPIx0uNexfv3FzdznQVAXDfZtig1nXVL4mF8OFGHnDWmt3PhoqAN1LWcHcZW5eFPG8UrQM7ZDD8bBdYfJjG0CBz4VjoeFtvhlEj/yQGAQ7eMYv3eGr4U1E31GbWWJ1ZWlfqdzQ4YIuk28OCAxxE0P8x5Eo7onOzKlgnHymbSj/Q==
0sfa+lFcH2HuqoZKzjS74j3aZQhjZXMVtzgFLkBZ25+mYSVJHgCqxy0py0ughWeKy4PsKg7HIJOGyOleXwtwL2QLaJvGSE4syi7xFVF7WpTyiU6Xw63P3XVhP1FSHp3HsdNLLv+AEGmDO/YAKB1Aoe7axBsmNXgfFfOitTFA/49/9Hl/+73S2WVgQlwAQye3cU37h7uj8A==
vA7GQ5P96Xi9eKPbLq9qW19SeMo5/XvJ/fhQFJz1aTc10M4eXaEUGQcsOHShjnBGJX7t8S+8XNUeLevcqdAZ9C1uoyM=
nIGRqiviPJmaRsnox2Zp6tApLfPf8Nk7NSXrXwRqVSEQUOPE7CwPvGprYuC/x+9xGRDGPv0zeZpdrLTx3RNnX8r/OUEyz5+/lcU8SKxX8Ch4IMw25zm3SxzYJFHo+3UtebHTuekdFC5766fLTSLJ4CalRWOgrM6txi14QmJ3kPVOczPrtLk3cBmjKay/s03dZFXj+NTw5vNh+6eV3euNo8Y=
GNI2aSUt19NHgolDt+uy4/dE6EnXTtczpoJQN9sPkNe7LQHlDVueXajTS1yFWT8WGzMDghUKUvcQtaJz1MesnhrcyOT5sjWSYBH/jBMc6/BU8AOg/dwCpea5zezrmfNTj/pkJz+UETPp+X+jub+Y6VIfAvLP4POFov9t9QUq7dgzMP3MG3Pm0mFMh2AspjCXN7Y3lbq5dX+3gx5fae8VD9Gwj3GfMJhQCaLAc51CLTXncIwBxvELOEE86QDVkqOn
jAMgzcY+pa2MEqsG77udd0VxiNgxYBbZFUH3u5ySlvhZfV2c46oBNOM0ugl3q6wjPDELUIXrTTz6i+EdiK0n6HC4+pMd8wMl2TNhoyo=
KCnbSYvZU5mImnz2hp1aym9b/HqGSQFca0LKLUWqCsecoh3WgZCPvFByFAQG1MbqtIbGBeeIWY8UZ+4/Zdj/wsSdaJ9Vbl27uDjulYHAL69vNOjfK70COfWgUrzQw9dXgY0LZ0ujAA==
DuiHDzPspmA7f9NhvCMrcCLGjyvn/g3BnugFgNq4alyOe2belMDQQGIdDl/ez+yxvGFy9Ve2uKahSQvV1bzwmOQheUv9dE6yhdUkxW+o2DiZmiD7rRqtHTeIrEm26cvQUYSJCGVKow8=
57W6T/zUXfh7mmUP/Zt5MXoznR/LmZb67PzQdAox3puGk0wlNO3CEe/K+FKJJRvRzaCQTCxtCe8FyM4GbXl0gbd0+CyRlhCfleZtaZ9kPM0udSuEGUh5LB12ozs=
RI9XCd/lW1GTfiVT80CAWgJvtvpKVKQi0ZCG9uT40EhyBS637reseWw5El2nDjguMdGrvWVEMNC0+ZljjUxOupXNBC1f0JjwScJAU12iLZWnEAwhBhELmAFcaSAVcqMH
7o3Z+ECh3fTyaP+NHK7NiStcmd97ZoU45pCG9uT40EhyBS637reseWw5El2nDjguMdGrvWVEMNC0+ZljjUxOupXNBC1f0JjwScJAU12iLZWnEAwhBhELmAFcaSAVcqMH
Gl3HGsKHC+my2oRQuSDhPip42NU0jFs4DnBgelD2jr9WARoF3NeAk3r7Q6xY8O2L82uxFmAeeLPRpUkODkSptzzba6KoHmWoaLV5wA2LuwoUNxIDG5YNVmEmEXCjOQ==
mWur5xZ+tOj37USPPP4hfRB7zVqrgwS20wMaYed5HlrKQeQd1LOXFnMg/3T0ivzAxKdhABEx4i8Tw7PUalOkuoWA0k8YF98V3Xye3KTW8wxO7JS0s0iX7M8nJJGZr5iZsk/CQm9wc3XCLy3FJTrtqNNgPXy742YiAZzHUAy2MOfX5vclGin1j9dTXm9J/xV/MeBPwT+gGKBpcoBDvVItRQcgTLFmYYvIIeypMPWCo9c=
P5LdWAWxXW8r85BaITyzC0VxiNkxYBbZFUH3u5ySlvhZfV2c46oBNOM0ugl3q6wjPDELUIXrTTz6i+EdiK0n6HC4+pMd8wMl2TNhoyo=
O+//P0j5HvQ6k3h8SL0Q6xHzvX3RaZ1D0W31OHbi9yEh91UWHUKZ+95T+1roJnWgSH8JWI0TS0I0PwI72+6d3gHuIWijIQ==
pRmWFsNP4QibIjC5CXqonpdL9hjdVqMgvPd3Yo2GG//n+zp1gj4wLQUga7djBLZXj/3mMalQ3iQU49OvzR33L2+jJA==
TZA47vjTh2SmiLc1FLFZVdOBghsOheplNQnPPVmP/tJc0XvQFUsd/Mir8R2YzdeooNhqE61Ts+WJ0xGjWg==
5tmvqkRaV9dMN57m7KgjAc6bGUTEjew5lD9hhT8zAyYIWo3cuAPxJE1vsz7EQ/pHO5JlovGS2RSjXQ==
+PABisvfiPC2JVyPzC4I0TcZ/j0XlriG4a2JuxWc8LgkQfmrvVROksU1pKWviNgYWfqgEu06rT13aCwpdsnL8JHkCeglaqMv
YkKc2flYmRMqecoeEPk6qURCDCB4FcuBQd/C1SVeIYvuCF2EcjcMQAOKHVsSO24jgl8U6NyooIY7wbNrWICYwQQzUS1deT8pVUVQDn8Te3shqm0gwq1pE/wUSk0CdQRSTr90dSo7H/tIYXMQnRv1XJu7KZ3A3Q9IiIji06UjGwWxo6mj4g==
JesPTnYQ8epew0C7lPJo3Cp42NU0jFs4DnBgelD2jr9WARoF3NeAk3r7Q6xY8O2P8WWxFmAeeLPRpUkODkSptzzba6KoHmWoaLx5wA2LuwoUNxIDG5YNVmEmEXCjOQ==
MhNbjopOR+ZNusWP0C38pytcmd97ZoU45pCG9uT40EhyBS637reseWw5El2nDjguMdWps2VEMNC0+ZljjUxOupXNBC1f0JjwScJAWl2iLZWnEAwhBhELmAFcaSAVcqMH
/kT2K1sh6oDYiofnbKeERwJvtvpKVKQi0ZCG9uT40EhyBS637reseWw5El2nDjguMdWps2VEMNC0+ZljjUxOupXNBC1f0JjwScJAWl2iLZWnEAwhBhELmAFcaSAVcqMH
MOzy9lPh4INNbDRchaj1uXoznR/LmZb67PzQdAox3puGk0wlNO3CEe/K+FKJIRnfzaCQTCxtCe8FyM4GbXl0gbd0+CyRlhCWleZtaZ9kPM0udSuEGUh5LB12ozs=
sLFO9lV/jb8bpxzF/+GkUCLGjyvn/g3BnugFgNq4alyOe2belMDQQGIdDl/ez+yxvGFy9Ve2uKahTQnb1bzwmOQheUv9dE6yhdUkxW+o2DiZmiDyrRqtHTeIrEm26cvQUYSJCGVKow8=
iY6i+eh2Iv8bhZoc27B/BW9b/HqGSQFca0LKLUWqCsecoh3WgZCPvFByFAQG1MbqtIbGBeeIWY8QZeA/Zdj/wsSdaJ9Vbl27uDjulYHAL69vNOHfK70COfWgUrzQw9dXgY0LZ0ujAA==
6Y/kOjRFSRfBnXrQJNCcB9g7T3IHg9ITLLfToeD/kGnZbYzn1pPSgoAFIAUJSM4/Pd6lg/02UAzPmZjkZInhOUxswMyjkYUzV6Vd/TgXDiUahBtSY2vu1WWTwYhtBg8qBZqv4ZYcTUZvJogkUKkrzO8jLkslUbvp1vntDVURLeo35+viqF7l6Gj8+YANSzvKFPeSwxtWjZZh5pGwo/k=
Tk41iWYt20UVHto/2gkB394FkHJIkGoXpLFmFjWV/5iLRUkCE5S3hYRlwqHt6EUzNJvvDW5ETPLWT6t6Z1apS+qRm9A1i718o2vRHXiNdyjAGAoTjRNTZSkTcaM6
QM9/C1GxlFtYPLLIaVULMzYhPAyhOGTmuB4Y2nJpaZrRK7edn7CY0AkiwPqdwi215/CMgcZxC7hBvOmA1RKjJw==
QM9/C1GxlFtYPLLIaVULMzYhPAyhOGTmuB4Y2nJpaZrRK7edn7CY0AkiwPqdwi215/CMgcZxC7hBvOmA1RKjJw==
/3+XHCdiXl81XRHnYybueepLIDvQTl3rgCwy2AsQI2xJ9BFaeALhv0fJzSkCPSrQItKsdCPP44FcaC46WUMYEmIPLU4nVBweqATY/h8q1o1iaiAqYT4QPjTUFw4nSS3QLgHyjxWUGPNIceJABxLFty8KalogiPXnBhUL5ko=
