P98OV1rJFu3AHNTo1tYB61aqxbT+5oRj+Ze6stFbIx+00f6rovxyydR8wawLwEpgtNTZuznl5D1mfN1CZ9qzhaw/zXW4n569ejzrmiMj3i1Fi9GAbQ4fMiVin6nW1L3+D74YrNAhu1QPm14D5ZmLkfbh/QVVGT3yF5/bKmgWlVCIaGwIg8OrWHVPYwtbHr1uQf6Bv6P2
ilV0aovjb7ONBB63NnUNZM1T7/sBH7NKCn8zW3ks4YK3FVT1XC6kQPvlVDb6tqFHPRM0atQuk8/Jib8z2Y+YufLvQuIvUHNVgo+tZWUa7YiTwL3c+8NmAkE8R/BMljDHl0Z3hVoJ9a+X897PCd8VX3FAz2F/gBiAKdIA5vhyI2VHis0RJ0GL6GFMKZC1paPw
wXANjE4OSuhqk1jr9NC1/QDMGXeWwH8TBFOMeIzDnxdsI8KUk56zNBLNAwJ4s7RFzIHizMC6NOlIF9Vd/fOJNFPVpZBW3RHhRPLExBMpJAIHDyPj9T8kvgyyMwvhhY/HYfNYXfqDkna3DJNR6sNd0R0m7azbbC2Io99GRumw94R0anCjH6onkULVlSt/P6778WOV+7ls37WnHLhEAd4wEkAO44FP5h2Fvx1r7AkA2STNmaPU
UxediiJgoEBgLuEkSyoyIBElJB5eNMTxqeYDIph6EXyxMSboY53VAP6vmLD3YoH7rpM6c/YnWKiQkJRW7ylPi0SorPEQK10tUWErGWFtTO6D+6+rFZIhYI7VHUOovPbtnp3woton+PWmo4uLPAnvsCGzIYxjRuVTDOUxGdzhnrO5Cy81pbuio+k=
6HaaRlSrPV+kikdKxLHDIgUUHjo8Ds1vGtw9SLOjqpBTKXg9VSMrE5xyPVxd+eJYB+xIgGJXfACzKu3bgps+Y9J/JOgsSHDGa6Ej6+hgaAE0E0EtTVkP6aWl4I7vcys78UqdIPKNOVOstNrN8tW0Ej7fZHU62+87+MEDkA27JZxHnhmTsL1ViVhpclMVQ2tFgYO+o/U=
ty+9QcQOssX4ROO5RGdk8QUUHjo8Ds1vGtw9SLOjqpBTOHAzUywqQZxyPVxd+eJYB+1IgGJXfACzKu3bgps+Y9J/JOgsSHDGa6Ej6+hgaAE0E0EtTVkP6aWl4I7vcys78UqdIPKNOVOstNrN8tW0Ej7fZHU62+87+MEDkA27JZxHnhmTsL1ViVhpclMVQ2tFgYO+o/U=
vjOnTvvD9vi+yZADGsfYMeW9vhR6xq3kSgYltKBag1+IRJ3M8q26gfQKGz/COGbmZX4Oi67WJExHiUXtTMbkOEtt9G6om6B/TVvU8kRGUzf5gZ/rCScYAQInIvo/uDMtMgcNPTUy7bDjiF1Ea6um+nE0ZyicPrB/Z44XnUrhtdcne36XWfcVZwEIL/nv6Nh4GdogPijao923Qq0JN6nLkNHEicjljaPI
AXomCPwiUSGTfF83pz2E39Sz4uyYTuufWLTSbjQYApSX6eSw/w31AYSSxCRTSaSiQS8gw7WfpN5MUjNrIWUPZ6HTWH06IxKWd2yTsaqj3XFdBu2Mm8yt6OM/RiYpUHcktEpwg98Kp3GCtZXLP18uW7FDldv5zF/V5/y4JME+sLKALuOhj0adZX99awxJYFmEjbmj9A==
2URdIIsVKizbnwnDSYEjER4F+pqp2gMawOB+BmU0IFSvR+sFcQ0fQwJInb2Rhi5yvImuFhdMV/2QcOU8AsAog56owa5nSyj/jKsQK07IxlxyzllFCbuipJqpVofLrcfNbUFXYarexZcZM/NedwCY2fubHtBwXXhRxrrcCy41cA8NE4rFCYAn3xdUhcpzM1op1wHqjdgDX4eZbeOXtKP/
/nq9S8scVCi1lpWpvcPdYURWL3lmA81vEt4rWuexqcBTbDV0AW1+QZxyPVxd+eJYB+lIgGJXfACzKu3bgps+Y9J/JOgsSHDGa6Ej6+hgaAE0E0EtTVkP6aWl4I7vcys78UqdIPKNOVOstNrN8tW0Ej7fZHU62+87+MEDkA27JZxHnhmTsL1ViVhpclMVQ2tFgYO+o/U=
eGhMgYK6Lw6S/8vwD+Ur9pj2orHGTuuUR6TVPD0LTJWdouSw/w31AYSSxCRTSaSiRC8gw7WfpN5MUjNrIWUPZ6HTWH06IxKWd2yTsaqj3XFdBu2Mm8yt6OM/RiYpUHcktEpwg98Kp3GCtZXLP18uW7FDldv5zF/V5/y4JME+sLKALuOhj0adZX99awxJYFmEjbmj9A==
gEzukPh25mNRsoMTtpNLLSJ6APihBX8KLH8pfQjH9Fk0SgT8YxHEunA2INuFh8SGfIrzs5E9b/8RS9jlirtyzse0U2ma+71pbR7tlKvUzbDT54b+mQgXvATS8BtvkscpMm1VEw8HTkOBW5XDydQ/jdckePxxZtAqMLZjOT/e/T3PpavUeTg5nL2ho+w=
mWtOq4euGTadqEEPM1OAg48yiTeRp9E601Eg0IwUcw0n1hLhVO+iubNg6XsGYkaVmFml+5szcTBn1dQS38C5Mx37NiUsOC0jpV82gKyLsuKwgWjJRyNylbpyyLfPVlpWpjkpz0UVowmEKQbGD4wvDfiQvaxLwOATRsgp3p8LMK8kCygbBkiOrAouMZURexoUsomOFwOtD121YX/REh7dR3HTi64/gNDpwzu2gGgdgCEu2gSb5jU4n1Xz4jVxQD8Pv/S9+ruzklkvYQLdwEPnN7FNuwf8o7c=
OqBPuwQBjcys0YTPaRNPF9Sp7uGaD6LXR6OLY3hHXsaV8KWw/w31AYSSxCRTSaSiRi4gw7WfpN5MUjNrIWUPZ6HTWH06IxKWd2yTsaqj3XFdBu2Mm8yt6OM/RiYpUHcktEpwg98Kp3GCtZXLP18uW7FDldv5zF/V5/y4JME+sLKALuOhj0adZX99awxJYFmEjbmj9A==
lfvECs9bjVsojfyhcFsEsvja2V2mNRM5iDMEe7DU06ngNXWsS3MW8Ar48IAQ3waiER3NRgZvVEcYrmjoYEfnVxLhy0hzEYeIq8WmBi+MD00YEF3ua8HA0yZISR6/CxDvhIvIW+ZIruyqrlFVcXt61BIJLlfjre8dFeHfEXIevYcRUyvuH4AwqSO7FsBIHaDhTlpkW8Y1GN+1cwJ1UUAfzx903Trbs7KZj+HinSBDB3cRzRvHnKPX
deJuUg8nRBJjU1auXb0jztgtIfvaxIohOxikTx4jNiNDat/q3TkcrmkuJP+phKVxEQTNHZBqKbxpga6I20w9AZb/IFB/0tm7loMyU65X8Ch4IMw25zm3SxzYJFHo+3UtebHTuekdFC5766fLTSLJ4CalRWOgrM6txi14QmJ3kPVOczPrtLk3cBmjKay7tk3TZFXp+dTx5vNh+6eV3euKo8E=
feWw+iv93IrKmE/27iXoCtXtlD4c5W3LJvzuAd8AuF8SKzIjR2LT+sEh+I4NFtjP5UxhMVXMAW0sko3czRkyGFfEuYESd6zA40p9WzL7jqPiHzToPGgABpsBU2t4wDhB5PNxLX2536n1BXAOn9Pb+4FqjSDi7QmTHNRqTWK15NLu/xR1yvu/eyghkxC9W5Xcd34Jk6CdpckoyYLTheO7hdHjjqPF
GoTdl2vnoz6hNoMznJkyGlI2VOOgj3PgN5F2d4lUvj3bjamzo8TkTnZGm3EWlphtO2re8IEmeuzxu3g0tGaHV7yoZthhsRERLEQQlONJVVv3Te2FuO++TbpsSwqjs779hbuxsG0+fwLlsv85VkQdrs9OONzQ0ZskT0v+k2UJa8G20R01VSndwlfPO7rohjWAyBhM+IOzi6i1H8Ob247dvoHO4Y+jxg==
QGmS+f0DbWSQre5zvjJDdRMvgsF8EX7Bd6McCPwRzTTCVwgvMCNFZsnyuxXqnh/i4qf/aAMRt+hbhRbmXwyfLchQDQB7wdCz9ogZ/i+L4I80S7i71khezJpuIfXB++p0Qsl+d/Ot/z1FIY+x4p4NJ2GTG87vgABJU3umoLidMAEemrQ71jUIP+Uz0hXBwG8vrzQtWuuzwrm/oRI9kMOX18GNy+eMo8c=
2Gm1R/r7ZuGL4IQmUOmd3tSz4uyYTuuXWqLAOjkRHMaX763ksViHAYSSxCRTSaSiSy0hw7WfpN5MUjNrIWUPZ6HTWH06IxKWd2yTsaqj3XFdBu2Mm8yt6OM/RiYpUHcktEpwg98Kp3GCtZXLP18uW7FDldv5zF/V5/y4JME+sLKALuOhj0adZX99awxJYFmEjbmj9A==
sKcyEIRD+Ls3xQuoj+Rknn11ehWZHWHPIWqi16PY8QVHV2IV3f2qHmtsizXUAEGhiE6kGzpYBeY7a9T3iLs004KIiuSWXt3NtVt+7N6Zsp/HrcvViXETKXY+eR+doxfmO0BUId+LGtiMfSQZAkp4k6K1/JepY84N1aBb1xNEobI/85aRs5FuBWRjA09dXYePuKPz
0ieE1QZq9ZlPydgD5i/lQ15oA203DWdpdGm2Jn8M/21o0K1KHM4wc1YIuT7Pi8DPlMtY+7ZIfgw67kG1IfvKNCJJnrfTrd/9paHv8cKe7WcBE7sOz4BgCbP7BuCYndDBvhoU+zY1aH9Fs3JVocBP7w+0TZoLs+L5HyHy/fDDtxchDaunrKPn
XXwTiE81+ecxs/kkcKS9LPSWyoeL6vsDHdu41LRGx/c8SK3/bpHR8azkULTjqZU7d+0tZbiP/u06jAtqo5N+XQXb8ZBtHj9iZRI/GVYkXU5P7ni80DFbhM8rPnNlKSthNjHdFVUJHSLXb3ua6Gb14Ei4jBiD08sINf+D+9uuHR4BrqGvo+Y=
pdcHOSsrY3o8C0rhGWoXVlxoA3w1G2NpdGm2Jn8M/21o0K1MHM4wc1YIuT7Pi8DPlMtY+7ZIfgw67kG1IfvKNCJJnrfTrd/9paHv8cKe7WcBE7sOz4BgCbP7BuCYndDBvhoU+zY1aH9Fs3JVocBP7w+0TZoLs+L5HyHy/fDDtxchDaunrKPn
DhqdLlm7Xi5tdbJDu8cHcPSWzJGX9/sDHdu41LRGx/c8SKv/bpHR8azkULTjqZU7d+0tZbiP/u06jAtqo5N+XQXb8ZBtHj9iZRI/GVYkXU5P7ni80DFbhM8rPnNlKSthNjHdFVUJHSLXb3ua6Gb14Ei4jBiD08sINf+D+9uuHR4BrqGvo+Y=
aHElhzLF+Cd0hRYCsdz97PSWzYeF8vsDHdu41LRGx/c8SKj/bpHR8azkULTjqZU7d+0tZbiP/u06jAtqo5N+XQXb8ZBtHj9iZRI/GVYkXU5P7ni80DFbhM8rPnNlKSthNjHdFVUJHSLXb3ua6Gb14Ei4jBiD08sINf+D+9uuHR4BrqGvo+Y=
bmm1vEcnGkDRyRb+VkKuJer3UKzBuOXljXOVj66A5lABy5ypyaN2O2jr1V0sdmSIK900XsKor08taxRCJPbTh5kxX9tpFxgxYhfiSl8Is51St80NVQLtgIO4nfQLGyZKEYSnGPwOsE8HvtctKlE1Z0fLvqc5xxVXYTjvSY9YWMh5auAMSOqj7ddybblXGUsgsXRJ+IW9o/g=
JNltmzhmWRkUHOqoLbUqXSddvfHYjR7lAyr3tbw/wZaY1vjQ/11weqjSRc2RbgxRfNuw0l6JxlEkYkRU85lk8iYdL/PVz2QO7CKzm4E1T7dB41hN2vNSxtecE8EKcx0hPTbtvPucbThDT8bWiQA39FR6cLM/2uchIkUVu5+P7gvRc5XrmZyfBUeMONRhbvBgYB7jkW+W3TXfjet86bCZ1O2Jo8Q=
8BwARgiKYoRb6vXptDU3/xB7zVqrgwS20wMaYed5HlrKQeQd1LOXFnMg/3T0ivzAxKdhABEx4i8Tw7PUalOkuoWA0k8YF98V3Xye3KTW8wxO7JS0s0iX7M8nJJGZr5iZsk/CQm9wc3XCLy3FJTrtqNNgPXy742YiAZzHUAy2MOfX5vclGin1j9dTXm9J/xV/MeBPwT+gGKBpcoBEuFIjRQcqTbFnYYvIIeypMPWFo9A=
8BwARgiKYoRb6vXptDU3/xB7zVqrgwS20wMaYed5HlrKQeQd1LOXFnMg/3T0ivzAxKdhABEx4i8Tw7PUalOkuoWA0k8YF98V3Xye3KTW8wxO7JS0s0iX7M8nJJGZr5iZsk/CQm9wc3XCLy3FJTrtqNNgPXy742YiAZzHUAy2MOfX5vclGin1j9dTXm9J/xV/MeBPwT+gGKBpcoBEuFIjRQcqTbFnYYvIIeypMPWFo9A=
TafFfMx1QAcBUxWXt0RxSSenu0Bop9al6+WNPIx0uNexfv3FzdznQVAXDfZtig1nXVL4mF8OFGHnDWmt3PhoqAN1LWcHcZW5eFPG8UrQM7ZDD8bBdYfJjG0CBz4VjoeFtvhlEj/yQGAQ7eMYv3eGr4U1E31GbWWJ1ZWlfqdzQ4YIuk28OCk0xEMP8xRFo7snOzKlgnHymbOj+g==
rMmtcN1ID33UOSySGXGZqj3aZQhjZXMVtzgFLkBZ25+mYSVJHgCqxy0py0ughWeKy4PsKg7HIJOGyOleXwtwL2QLaJvGSE4syi7xFVF7WpTyiU6Xw63P3XVhP1FSHp3HsdNLLv+AEGmDO/YAKB1Aoe7axBsmNXgfFfOitTFA/49/9HB6+7PS2W9hQl0AQye3cU37h7yj9w==
en4eAD1NFJPPVBS20t1Uy19SeMo5/XvJ/fhQFJz1aTc10M4eXaEUGQcsOHShjnBGI37j8S+2XdUfLevcqdAZ9C1poyQ=
koIju4XPBgT/WwCvkOvwZNApLfPf8Nk7NSXrXwRqVSEQUOPE7CwPvGprYuC/x+9xGRDGPv0zeZpdrLTx3RNnX8r/OUEyz5+/lcU8SKxX8Ch4IMw25zm3SxzYJFHo+3UtebHTuekdFC5766fLTSLJ4CalRWOgrM6txi14QmJ3kPVOczPrtLk3cBmjKay/tU3TZFXp+dTx5vNh+6eV3euKo8E=
dz4Z8TZyNoDL4A7zHVRYGfdE6EnXTtczpoJQN9sPkNe7LQHlDVueXajTS1yFWT8WGzMDghUKUvcQtaJz1MesnhrcyOT5sjWSYBH/jBMc6/BU8AOg/dwCpea5zezrmfNTj/pkJz+UETPp+X+jub+Y6VIfAvLP4POFov9t9QUq7dgzMP3MG3Pm0mFMh2AspjCXN7Y3lbq5dX+3gx5fae8VD9Gwj3GfMJhQCaLAcptCIzXneo0Bx/ELOEE86QDVlaOg
lzB1cmN5n8hJYSfPIzs0uSM1xUZVmomSHH3Lmt6b0S3A/FyhHQ+m18Ww0OcF5kCjr6vqhCLX+CttHkE3sxHkbepuc+TLUTnl0H6xMJNQ5HZgo0c3s6OoStZ9PbJNwqgtF3SSqUlcAZeIkOF9PwEnoUJgC9yx91YNgHAYOaAI9GOzGcduHncjSYISHwKPkjigeFhbxA7VYh9Cepg36DtUE+KIKiS23v2NFVverD4ZUt8nrSuVafHzadY+2V+9Izcmm0A04b8LehjsfUTZIspYUwK1XNeJ4+5NNaC7l/PERfHf8zbRkxFOxcRjo4893edP2KOT
xVbQNj7tTPy7zH7bpaq3lV8hMl55dcXCguYfEtE0Q1aPOkCiI4SZQ7e6m7arI43ot9EgJuNtHPyyrLJEkGoYx2OZvpQ5DXMaIh1MBCpNcqSL7a20ItZnaJTVC0Cuv7eoztfzqM9u/LSqoIGTXAnvsCGzIYxnReVTDOUxGdzhnrO5Cy81pbuio+k=
8d1Q3CbInJkxBH/kjczGienvkQLpo1JW+D1UKGQlNoCJ1rxBY7anyexi98l+tUY7+FpmQfHnIfnSkZ0/Z8kFMfjbVkmqCIP+A8c2GVX/2YRtChdGNVZ3Tfaw1crfStDokGVzoN8vNmdFfWMlZpV1gdWdtYaHKzPOyHL95FiYp0zDh2OspXsLb3v6VVpRiom7o/I=
nIlN3uULK1YO9mMgzoa3X1al0q/785Ve+Ze6stJdIx+00f7EyZJ0tbMCz61Mhh997sHOv3je7jVhU8kdcvX1i7c9zXW4n569ejzrmiMj3i1Fi9GAbQ4fMiVin6nW1L3+D74YrNAhu1QPm14D5ZmLkfbh/QVVGT3yF5/bKmgWlVCIbW8Ig8OrWHVPYwtbHr1uQf6Bv6P2
I+W793WhlTZiOWSiPwT5M/dE6EnXTtczpoJQN9sPkNe7LQHlDVueXajTS1yFWT8WGzMDghUKUvcQtaJz1MesnhrcyOT5sjWSYBH/jBMc6/BU8AOg/dwCpea5zezrmfNTj/pkJz+UETPp+X+jub+Y6VIfAvLP4POFov9t9QUq7dgzMP3MG3Pm0mFMh2AspjCXN7Y3lbq5dX+3gx5fae8VD9Gwj3GfMJhQCaLAc5tCIzXneo0Bx/ELOEE86QDVlaOg
SOMHR0+DlYQAaAYVorO0TR9RJGtlG4R1EMA7SqatisBebDV5AQIYL/VlNCQtgZhKXqwemD1IaA30E/TKrps+Y9J/JOgsSHDGa6Ej6+hgaAE0E0EtTVkP6aWl4I7vcys78UqdIPKNOVOstNrN8tW0Ej7fZHU62+87+MEDkA27JZxCnRmTsL1ViVhpclMVQ2tFgYO+o/U=
+6xrTMbA7DA6w6TgnPtitxB7w1Kv3QGxzlRObqgAP3Lwadcy55qXF39hsHOxmeXX2aZhCR544isf/fy/al6p1JiHyzwLB9wQwz/Gz/rFuDhip7mNrReCw4kpP5OZr5iZsk/CQm9wc3XCLy3FJTrtqNNgPXy742YiAZzHUAy2MOfX5vclGin1j9dTXm9J/xV/MeBPwT+gGKBpcoBDu1IjRQcqTbFnYYvIIeypMPWFo9A=
6uR28dKu2ck+aAvLabnlytuTgXMGJUWMxlA8sdej/8j0QiFZ/shiu7+NPG8KbqnEuHeLbOu3XIBjTwYfmvW4KEJX+d1NpwJTKVn/Q/mfmImSv4ISj8Dz5WJf7RVFCu2485B9LFtT5rKh7AeAbIYw9/cWt3X6mXUfdyOevynPFW8REA+R3xCYMMkCQJPbYiNVJ9oN4YfRC1iBnGnglbWjwA==
UIthYE6WxPPLcN34uY2lztZmBD9Om9geeL3Cp/v7hWbZb4r6kpXTp9RJbkxJGuQtU7q/5YxOLwXO2d63eNb+LUEr+dWyvYUzV6Vd/TgXDiUahBtSY2vu1WWTwYhtBg8qBZqv4ZYcTUZvJogkUKkrzO8jLkslUbvp1vntDVURLeo35+viqF7l6Gj1/4ADSzvAFfeTwxtWjZZh5pG3o/4=
AbcUGKJGduAa8fhgHS6JTa/rH6HWo+Lsj2nBga6AokMP5Zz3muYpfEjf6zQ7fxz4U6cmB4r9uBAyfxkFHe/Cq5kxX9tpFxgxYhfiSl8Is51St80NVQLtgIO4nfQLGyZKEYSnGPwOsE8HvtctKlE1Z0fLvqc5xxVXYTjvSY9YWMh5auALS+qj7ddybblXGUsgsXRJ+IW9o/g=
W8ymNpOdp6fPNWHUSx5bdynn+gc8stG+7/iNeMl7op6ycfvzhJ2mCAleLPkD7hcBLCqHkV5NVjP4Una50b9RsRJZLWcHcZW5eFPG8UrQM7ZDD8bBdYfJjG0CBz4VjoeFtvhlEj/yQGAQ7eMYv3eGr4U1E31GbWWJ1ZWlfqdzQ4YIuk28OCE3xEMP8xRFo7snOzKlgnHymbOj+g==
UUK3vnysq8PNh4G2NoG9osyYsMMDR5CReUY5ZX4F1lXoEGMKHl1SYDbcvfmJcrDPLdVMZPVRoCp2vBaYNVhA7cxDrApWK2YDeo+saKT4mGYz0ZsrMDAQIdwDSS1FSefJ3fU4TlcDc5sZ+hWgen2RM/QEIg2qhYzyFs9sdTLLx1vAEdvQdQv9fOrtkRM4DT0pgJnKE02Tk2Xpk7aj/Q==
wM69psXSU6Wg7jGWRyLlSw34bkadtzpqb2luBcBN/hwVOuhxRHgQMJuZr56Wl3v5ulSDHXbyMPDQWPMUBjUaD9q6oIcwW9xjCggCFD7+pX1tm0a8hrlaj8+tw8VhUUt5Tv6hr+UDvxazwNyRN2uiqNS93MlaKlCDqrX0h4GDFl2t4IMnqyTMAbdzHuEbMZa1PCM7n4V975+wo/s=
YXtA3N0v3l2OU5x5cepe/TcZ/j0XlriG4a2JuxWc8LgkQfmrvVROksU1pKWviNgYWfqgG+s6oz13Yi0pd8nL8JHkCeglbaMo
nEIuIpfGLm5/O5rCDMm1DDcZ/j0XlriG4amLtRWc8LgkQfmrvVROksU1pKWviNgYWfqgG+s6oz13Yi0pd8nL8JHkCeglbaMo
YbMbcc1P2XowHwcUn4XD9dApLfPf8Nk7NSXrXwRqVSEQUOPE7CwPvGprYuC/x+9xGRDGPv0zeZpdrLTx3RNnX8r/OUEyz5+/lcU8SKxX8Ch4IMw25zm3SxzYJFHo+3UtebHTuekdFC5766fLTSLJ4CalRWOgrM6txi14QmJ3kPVOczPrtLk3cBmjKay+tU3TZFXp+dTx5vNh+6eV3euKo8E=
mFfXfCiMfIKw3SY4s91nmLw4MyMAZCkOMJwHXdv6z1QTM6c1L7Pc+mHhMxBdm7VcUj1pkwBdRUnICSLT5aPbBfEjbqMl
vrKxmpRr8Yy4HVjC+C8AqOX9GLvNrOXvzHSElo/Jo04J75z3muYpfEjf6zQ7fxz4U6cmB4r9uBAyfxkFHe/Cq5kxX9tpFxgxYhfiSl8Is51St80NVQLtgIO4nfQLGyZKEYSnGPwOsE8HvtctKlE1Z0fLvqc5xxVXYTjvSY9YWMh5auALS+qj7ddybblXGUsgsXRJ+IW9o/g=
bQvy7keU5BW2Nb46JaF7cEVxiNgxYBbZFUH3u5ySlvhZfV2c46oBNOM0ugl3q6wjPDELUIXrTTz6jeETiK0t6XC5+pMd8wMl2TNmoy0=
wtz1vJoRHLijnwwvnJTkUG9b/HqGSQFca0LKLUWqCsecoh3WgZCPvFByFAQG1MbqtIbGBeeIWY8UZ+4/Zdj/wsSdaJ9Vbl27uDjulYHAL69vNOjZK7MCOf+hUr3Qw9dXgY0LZ0yjBw==
Z8zAy6KpbM7sRqBrCAj2YyLGjyvn/g3BnugFgNq4alyOe2belMDQQGIdDl/ez+yxvGFy9Ve2uKahSQvV1bzwmOQheUv9dE6yhdUkxW+o2DiZmiD7qxqjHTeCrUm36cvQUYSJCGVNowg=
b/uIH03WKjnaJs2gDca2qnoznR/LmZb67PzQdAox3puGk0wlNO3CEe/K+FKJJRvRzaCQTCxtCe8FyM4GbXl0gbd0+CyRlhCfk+ZjaZ9uPc0vdSuEGUh5LB1xozw=
iu8+4cbmwHYi/TPV606K5gJvtvpKVKQi0ZCG9uT40EhyBS637reseWw5El2nDjguMdGrvWVEMNC0+ZljjUxOupXNBC1f0JjwScJAU1uiI5WnGg0hBxELmAFcaSAVdaMA
ZzWb/yLA9cXqMzc81yjUxStcmd97ZoU45pCG9uT40EhyBS637reseWw5El2nDjguMdGrvWVEMNC0+ZljjUxOupXNBC1f0JjwScJAU1uiI5WnGg0hBxELmAFcaSAVdaMA
d6PsyqE+o0WisOe5dfz3DCp42NU0jFs4DnBgelD2jr9WARoF3NeAk3r7Q6xY8O2L82uxFmAeeLPRpUkODkSptzzba6KoHmWoaLZ/wAOLuwAVNxMDG5YNVmEmEXejPg==
v5b6LEqgEvXJ5AO6kG4QyBB7zVqrgwS20wMaYed5HlrKQeQd1LOXFnMg/3T0ivzAxKdhABEx4i8Tw7PUalOkuoWA0k8YF98V3Xye3KTW8wxO7JS0s0iX7M8nJJGZr5iZsk/CQm9wc3XCLy3FJTrtqNNgPXy742YiAZzHUAy2MOfX5vclGin1j9dTXm9J/xV/MeBPwT+gGKBpcoBAu1IjRQcqTbFnYYvIIeypMPWFo9A=
nsBEiUc+I3wc3YYOU3pWvEVxiNkxYBbZFUH3u5ySlvhZfV2c46oBNOM0ugl3q6wjPDELUIXrTTz5jeETiK0t6XC5+pMd8wMl2TNmoy0=
LJ31hB5ofbLYW54rcTfoml8hMl55dcXCguYfEtE0Q1aPOkCiI4SZQ7e6m7arI43ot9EgJuNtHPyyrLJEkGoYx2OZvpQ5DXMaIh1MBCpNcqSL7a20ItZnaJTVC0Cuv7eoztfzqM9u/LSqoIGTXAnvsCGzIYxnQuVTDOUxGdzhnrO5Cy81pbuio+k=
rl8t61kKLKClHF7m7M1ViunvkQLpo1JW+D1UKGQlNoCJ1rxBY7anyexi98l+tUY7+FpmQfHnIfnSkZ0/Z8kFMfjbVkmqCIP+A8c2GVX/2YRtChdGNVZ3Tfaw1crfStDokGVzoN8vNmdFfWMlZpV1gdWdtYaHKzPOyHL95FiYoEzDh2OspXsLb3v6VVpRiom7o/I=
xB5QptbOQgyBIgSNROzmNlal0q/785Ve+Ze6stJdIx+00f7EyZJ0tbMCz61Mhh997sHOv3je7jVhU8kdcvX1i7c9zXW4n569ejzrmiMj3i1Fi9GAbQ4fMiVin6nW1L3+D74YrNAhu1QPm14D5ZmLkfbh/QVVGT3yF5/bKmgWlVCIbGgIg8OrWHVPYwtbHr1uQf6Bv6P2
/yXk4+YbWw6s3KdOBWr9wfdE6EnXTtczpoJQN9sPkNe7LQHlDVueXajTS1yFWT8WGzMDghUKUvcQtaJz1MesnhrcyOT5sjWSYBH/jBMc6/BU8AOg/dwCpea5zezrmfNTj/pkJz+UETPp+X+jub+Y6VIfAvLP4POFov9t9QUq7dgzMP3MG3Pm0mFMh2AspjCXN7Y3lbq5dX+3gx5fae8VD9Gwj3GfMJhQCaLAcpxCIzXneo0Bx/ELOEE86QDVlaOg
+yhiNpw88X0Y+fInPq2J/R9RJGtlG4R1EMA7SqatisBebDV5AQIYL/VlNCQtgZhKXqwemD1IaA30E/TKrps+Y9J/JOgsSHDGa6Ej6+hgaAE0E0EtTVkP6aWl4I7vcys78UqdIPKNOVOstNrN8tW0Ej7fZHU62+87+MEDkA27JZxDmhmTsL1ViVhpclMVQ2tFgYO+o/U=
IgEgAKx5BaPRXLXHYvg4QhB7w1Kv3QGxzlRObqgAP3Lwadcy55qXF39hsHOxmeXX2aZhCR544isf/fy/al6p1JiHyzwLB9wQwz/Gz/rFuDhip7mNrReCw4kpP5OZr5iZsk/CQm9wc3XCLy3FJTrtqNNgPXy742YiAZzHUAy2MOfX5vclGin1j9dTXm9J/xV/MeBPwT+gGKBpcoBCvFIjRQcqTbFnYYvIIeypMPWFo9A=
sxQAUJFX/jYABNjMSDRfstuTgXMGJUWMxlA8sdej/8j0QiFZ/shiu7+NPG8KbqnEuHeLbOu3XIBjTwYfmvW4KEJX+d1NpwJTKVn/Q/mfmImSv4ISj8Dz5WJf7RVFCu2485B9LFtT5rKh7AeAbIYw9/cWt3X6mXUfdyOevynPFW8REA+R3xCYMMkCQJLcYiNVJ9oN4YfRC1iBnGnglbWjwA==
z0rsJz4sqevdph2QrISiEtZmBD9Om9geeL3Cp/v7hWbZb4r6kpXTp9RJbkxJGuQtU7q/5YxOLwXO2d63eNb+LUEr+dWyvYUzV6Vd/TgXDiUahBtSY2vu1WWTwYhtBg8qBZqv4ZYcTUZvJogkUKkrzO8jLkslUbvp1vntDVURLeo35+viqF7l6Gj1+IADSzvAFfeTwxtWjZZh5pG3o/4=
DJ/vd6cUl8vcS9QSfiVPna/rH6HWo+Lsj2nBga6AokMP5Zz3muYpfEjf6zQ7fxz4U6cmB4r9uBAyfxkFHe/Cq5kxX9tpFxgxYhfiSl8Is51St80NVQLtgIO4nfQLGyZKEYSnGPwOsE8HvtctKlE1Z0fLvqc5xxVXYTjvSY9YWMh5auALTOqj7ddybblXGUsgsXRJ+IW9o/g=
FHDkcISdbAOUfaX+1oHqvSnn+gc8stG+7/iNeMl7op6ycfvzhJ2mCAleLPkD7hcBLCqHkV5NVjP4Una50b9RsRJZLWcHcZW5eFPG8UrQM7ZDD8bBdYfJjG0CBz4VjoeFtvhlEj/yQGAQ7eMYv3eGr4U1E31GbWWJ1ZWlfqdzQ4YIuk28OCEwxEMP8xRFo7snOzKlgnHymbOj+g==
qd+RSLU3f0i3yj1olrB0ZMyYsMMDR5CReUY5ZX4F1lXoEGMKHl1SYDbcvfmJcrDPLdVMZPVRoCp2vBaYNVhA7cxDrApWK2YDeo+saKT4mGYz0ZsrMDAQIdwDSS1FSefJ3fU4TlcDc5sZ+hWgen2RM/QEIg2qhYzyFs9sdTLLx1vAEdvQdQv9fOrqkRM4DT0pgJnKE02Tk2Xpk7aj/Q==
dVlhkExTGo5/ml9yosYLyw34bkadtzpqb2luBcBN/hwVOuhxRHgQMJuZr56Wl3v5ulSDHXbyMPDQWPMUBjUaD9q6oIcwW9xjCggCFD7+pX1tm0a8hrlaj8+tw8VhUUt5Tv6hr+UDvxazwNyRN2uiqNS93MlaKlCDqrX0h4GDFl2t4IMnqyTMBrdzHuEbMZa1PCM7n4V975+wo/s=
RJ3g061xQfxLLyCu2cQD4DcZ/j0XlriG4a2JuxWc8LgkQfmrvVROksU1pKWviNgYWfqgG+w6oz13Yi0pd8nL8JHkCeglbaMo
qoRVgDuGdlx9ogMe17TeAzcZ/j0XlriG4amLtRWc8LgkQfmrvVROksU1pKWviNgYWfqgG+w6oz13Yi0pd8nL8JHkCeglbaMo
cOa0HP44N5NOnVAxoj4ytNApLfPf8Nk7NSXrXwRqVSEQUOPE7CwPvGprYuC/x+9xGRDGPv0zeZpdrLTx3RNnX8r/OUEyz5+/lcU8SKxX8Ch4IMw25zm3SxzYJFHo+3UtebHTuekdFC5766fLTSLJ4CalRWOgrM6txi14QmJ3kPVOczPrtLk3cBmjKay+sk3TZFXp+dTx5vNh+6eV3euKo8E=
ZRAbLoe8ltcFArK2Ms9gWLw4MyMAZCkOMJwHXdv6z1QTM6c1L7Pc+mHhMxBdm7VcUjppkwBdRUnICSLT5aPbBfEjbqMl
q7Sfx2yZ2b6rw1leUbFHgeX9GLvNrOXvzHSElo/Jo04J75z3muYpfEjf6zQ7fxz4U6cmB4r9uBAyfxkFHe/Cq5kxX9tpFxgxYhfiSl8Is51St80NVQLtgIO4nfQLGyZKEYSnGPwOsE8HvtctKlE1Z0fLvqc5xxVXYTjvSY9YWMh5auALTOqj7ddybblXGUsgsXRJ+IW9o/g=
GRphrGiHHKz8Z0ymbE9ZBNOBghsOheplNQnPPVmP/tJc0XvQFUsd/Mqq8ROYzd2poNlqE61Ts+WJ0xajXQ==
DwWPLxM2wSMYx6LYP5TVms6bGUTEjew5lD9hhT8zAyYIWo3cuAHwJENvszTFQ/tHO5JlovGS2ROjWg==
y2Od5CGBKJ6Ll2c4YuEWghHzvX3RaZ1D0W31OHbi9yEh91UWHUKZ+95T+1roJnWgSHQNWIITS0g1PwM72+6d3gHuIW+jJg==
Nz3FK/3wovh7n2yoccBO6pdL9hjdVqMgvPd3Yo2GG//n+zp1gj4wLQUga7djBL1Tj/LmMaNR3iUU49OvzR33L2ijIw==
DeEpn9wusKVGX/13ER443NOBghsOheplNQnPPVmP/tJc0XvQFUsd/MOv8RKYzd2poNlqE61Ts+WJ0xajXQ==
CquabFgy0xHMX9S6YqZjWs6bGUTEjew5lD9hhT8zAyYIWo3cuAj1JEJvszTFQ/tHO5JlovGS2ROjWg==
vMqIjIWSYOyZnYzg+sLPpTcZ/j0XlriG4a2JuxWc8LgkQfmrvVROksU1pKWviNgYWfqgGeg6oj13Yi0pd8nL8JHkCeglbaMo
nolzValZIm67itjnaUa+z0RCDCB4FcuBQd/C1SVeIYvuCF2EcjcMQAOKHVsSO24jgl8U6NyooIY7wbNrWICYwQQzUS1deT8pVUVQDn8Te3shqm0gwq1pE/wUSk0CdQRSTr90dSo7H/tIYXMQnRv1XJC+KZLA3QVJiIni06UjGwWxo66j5Q==
Igo7Tvr4vARmvDCFKaotqyp42NU0jFs4DnBgelD2jr9WARoF3NeAk3r7Q6xY8O2P8WWxFmAeeLPRpUkODkSptzzba6KoHmWoaLd8wAKLuwAVNxMDG5YNVmEmEXejPg==
amLpNJ3CkzyvTvzMVAoOfStcmd97ZoU45pCG9uT40EhyBS637reseWw5El2nDjguMdWps2VEMNC0+ZljjUxOupXNBC1f0JjwScJAUViiIpWnGg0hBxELmAFcaSAVdaMA
VKT7O6ubGXYmsO2IjZ2DGQJvtvpKVKQi0ZCG9uT40EhyBS637reseWw5El2nDjguMdWps2VEMNC0+ZljjUxOupXNBC1f0JjwScJAUViiIpWnGg0hBxELmAFcaSAVdaMA
DEECxLAjL1Ktqy7fKKFPf3oznR/LmZb67PzQdAox3puGk0wlNO3CEe/K+FKJIRnfzaCQTCxtCe8FyM4GbXl0gbd0+CyRlhCdkOZiaZ9uPc0vdSuEGUh5LB1xozw=
MxfWY/wEIm2eNsycNQQ2wyLGjyvn/g3BnugFgNq4alyOe2belMDQQGIdDl/ez+yxvGFy9Ve2uKahTQnb1bzwmOQheUv9dE6yhdUkxW+o2DiZmiD5qBqiHTeCrUm36cvQUYSJCGVNowg=
yPUG29xpIGQ+1XqvsiB0MW9b/HqGSQFca0LKLUWqCsecoh3WgZCPvFByFAQG1MbqtIbGBeeIWY8QZeA/Zdj/wsSdaJ9Vbl27uDjulYHAL69vNOraK7ICOf+hUr3Qw9dXgY0LZ0yjBw==
trSbxbdG7P185j1LVX90w9g7T3IHg9ITLLfToeD/kGnZbYzn1pPSgoAFIAUJSM4/Pd6lg/02UAzPmZjkZInhOUxswMyjkYUzV6Vd/TgXDiUahBtSY2vu1WWTwYhtBg8qBZqv4ZYcTUZvJogkUKkrzO8jLkslUbvp1vntDVURLeo35+viqF7l6Gj3/IACSzvAFfeTwxtWjZZh5pG3o/4=
G0krErqTaPJV5XdM9n0Iyd4FkHJIkGoXpLFmFjWV/5iLRUkCE5S3hYRlwqHt6EUzNJvvDW5ETPLWT6t6Z1apS+qRm9A1i718qG7REniNfSnAGQoTjRNTZSkTdqM9
Zq5UxauhesE5RTVcEyw+VDYhPAyhOGTmuB4Y2nJpaZrRK7edn7CY0AkiwPGYwiK15/qNgcdxC7hBvOmA1RWjIA==
Zq5UxauhesE5RTVcEyw+VDYhPAyhOGTmuB4Y2nJpaZrRK7edn7CY0AkiwPGYwiK15/qNgcdxC7hBvOmA1RWjIA==
/3+XHCdiXl81XRHnYybueepLIDvQTl3rgCwy2AsQI2xJ9BFaeALhv0fJzSkCPSrQItKsdCPP44FcaC46WUMYEmIPLU4nVBweqATY/h8q1o1iaiAqYT4QPjTUFw4nSS3QLgHyjxWUGPNIceJABxLFty8KalogiPXnBhUL5ko=
