UWOv2Qw8QCwDP45e1Ll43VaqxbT+5oRj+Ze6stFbIx+00f6rovxyydR8wawLwEpgtNTZuznl5D1mfN1CZ9qzhaw/zXW4n569ejzrmiMj3i1Fi9GAbQ4fMiVin6nW1L3+D74YrNAhu1QPm14D5ZmLkfbh/QVVGT3yF5/bKmgWlVCIaW0IisGrW3VPYwpbHr9iQP6Bv6P2
jjx0r8Hf7zxS3Yg0mqUHWM1T7/sBH7NKCn8zW3ks4YK3FVT1XC6kQPvlVDb6tqFHPRM0atQuk8/Jib8z2Y+YufLvQuIvUHNVgo+tZWUa7YiTwL3c+8NmAkE8R/BMljDHl0Z3hVoJ9a+X897PCd8VX3FAz2F/gBiAKdIA5/lyKmdHic0RJ0CL6GNAKJC1paPw
8V6cWFKkqPLkFVlsjyzXxgDMGXeWwH8TBFOMeIzDnxdsI8KUk56zNBLNAwJ4s7RFzIHizMC6NOlIF9Vd/fOJNFPVpZBW3RHhRPLExBMpJAIHDyPj9T8kvgyyMwvhhY/HYfNYXfqDkna3DJNR6sNd0R0m7azbbC2Io99GRumw94R0anCjH6onkULVlSt/P6778WOV+7ls37WnHLhEAd4wE0EO6oNP5R2Fvxxr7AsM2CTNmaPU
NUonQ4uoUbwsKi53H9U6OxElJB5eNMTxqeYDIph6EXyxMSboY53VAP6vmLD3YoH7rpM6c/YnWKiQkJRW7ylPi0SorPEQK10tUWErGWFtTO6D+6+rFZIhYI7VHUOovPbtnp3woton+PWmo4uLPAnvsCGzIYxiR+VaDuUyGdzhn7O5CSM0pbuio+k=
h5G3ctn61LWmnXXoNQTw9wUUHjo8Ds1vGtw9SLOjqpBTKXg9VSMrE5xyPVxd+eJYB+xIgGJXfACzKu3bgps+Y9J/JOgsSHDGa6Ej6+hgaAE0E0EtTVkP6aWl4I7vcys78UqdIPKNOVOstNrN8tW0Ej7fZHU62+87+MEDkA27JZxGnxmasr1WiVhpc1MVQWdEgYO+o/U=
UXEqJrW6+XfWbpbFPJk12AUUHjo8Ds1vGtw9SLOjqpBTOHAzUywqQZxyPVxd+eJYB+1IgGJXfACzKu3bgps+Y9J/JOgsSHDGa6Ej6+hgaAE0E0EtTVkP6aWl4I7vcys78UqdIPKNOVOstNrN8tW0Ej7fZHU62+87+MEDkA27JZxGnxmasr1WiVhpc1MVQWdEgYO+o/U=
yItRB4KFy2kLGaEisRzdfeW9vhR6xq3kSgYltKBag1+IRJ3M8q26gfQKGz/COGbmZX4Oi67WJExHiUXtTMbkOEtt9G6om6B/TVvU8kRGUzf5gZ/rCScYAQInIvo/uDMtMgcNPTUy7bDjiF1Ea6um+nE0ZyicPrB/Z44XnUrhtdcne36XWfcVZwEIL/nv6Nh4GdogPynaqt+3Qa0JN6jLkNPIiMjljaPI
c9YOdi6OTmagw/QJ3HS5utSz4uyYTuufWLTSbjQYApSX6eSw/w31AYSSxCRTSaSiQS8gw7WfpN5MUjNrIWUPZ6HTWH06IxKWd2yTsaqj3XFdBu2Mm8yt6OM/RiYpUHcktEpwg98Kp3GCtZXLP18uW7FDldv5zF/V5/y4JME+sLOBLuqjj0WdZX98awxLbFiEjbmj9A==
hVEfeFUb3gXKjN8wDxKf6R4F+pqp2gMazOB+BmU0IFSvR+sFcQ0fQwJInb2Rhi5yvImuFhdMV/2QcOU8AsAog56owa5nSyj/jKsQK07IxlxyzllFCbuipJqpVofLrcfNbUFXYarexZcZM/NedwCY2fubHtBwXXhRxrrcCy41cA8NE4rFCYAn3xdUhMtzOlgp1AHqjdkDX4WVbOOXtKP/
RrCA7W05CmIqp7tjR6FXQERWL3lmA81vEt4rWuexqcBTbDV0AW1+QZxyPVxd+eJYB+lIgGJXfACzKu3bgps+Y9J/JOgsSHDGa6Ej6+hgaAE0E0EtTVkP6aWl4I7vcys78UqdIPKNOVOstNrN8tW0Ej7fZHU62+87+MEDkA27JZxGnxmasr1WiVhpc1MVQWdEgYO+o/U=
Uc/lERXAlAJ2+PE5KUVllZj2orHGTuuUR6TVPD0LTJWdouSw/w31AYSSxCRTSaSiRC8gw7WfpN5MUjNrIWUPZ6HTWH06IxKWd2yTsaqj3XFdBu2Mm8yt6OM/RiYpUHcktEpwg98Kp3GCtZXLP18uW7FDldv5zF/V5/y4JME+sLOBLuqjj0WdZX98awxLbFiEjbmj9A==
Y7wvoWMJ+UwjMPET6mOGEiJ6APihBX8KLH8pfQjH9Fk0SgT8YxHEunA2INuFh8SGfIrzs5E9b/8RS9jlirtyzse0U2ma+71pbR7tlKvUzbDT54b+mQgXvATS8BtvkscpMm1VEw8HTkOBW5XDydQ/jdckePxxZtArMbZqOz/d/T3PpKvUezQ4nL2ho+w=
/bJJnaXRp5MDOucJ7j2PTdSp7uGaD6LXR6OLY3hHXcaV8KWw/w31AYSSxCRTSaSiRi4gw7WfpN5MUjNrIWUPZ6HTWH06IxKWd2yTsaqj3XFdBu2Mm8yt6OM/RiYpUHcktEpwg98Kp3GCtZXLP18uW7FDldv5zF/V5/y4JME+sLOBLuqjj0WdZX98awxLbFiEjbmj9A==
Ob+lUQ1N5rKorWd/gaqRMfja2V2mNRM5iDMEe7DU06ngNXWsS3MW8Ar48IAQ3waiER3NRgZvVEcYrmjoYEfnVxLhy0hzEYeIq8WmBi+MD00YEF3ua8HA0yZISR6/CxDvhIvIW+ZIruyqrlFVcXt61BIJLlfjre8dFeHfEXIevYcRUyvuH4AwqSO7FsBIHaDhTlpkW8Y1GN+1cwJ1UUAfzx903DvburCZjOHinSFDB3UdzBvHnKPX
W69sJ2ExX8Mbwz0xRW0QV9gtIfvaxIohOxikTx4jNiNDat/q3TkcrmkuJP+phKVxEQTNHZBqKbxpga6I20w9AZb/IFB/0tm7loMyU65X8Ch4IMw25zm3SxzYJFHo+3UtebHTuekdFC5766fLTSLJ4CalRWOgrM6txi14QmJ3kPVOczPrtLk3cBmjKay6t03aZlXq+dTx5/Nh+auU3euKo8E=
FpvQfIRPqYFJ7KIkwmvHl9XtlD4c5W3LJvzuAd8AuF8SKzIjR2LT+sEh+I4NFtjP5UxhMVXMAW0sko3czRkyGFfEuYESd6zA40p9WzL7jqPiHzToPGgABpsBU2t4wDhB5PNxLX2536n1BXAOn9Pb+4FqjSDi7QmTHNRqTWK15NLu/xR1yvu/eyghkxC9W5Xcdn8JmqKdpskoyYPTheG3hNHjjqPF
SlbhDDI9Xn8BKewZPPO1G1I2VOOgj3PgN5F2d4lUvj3bjamzo8TkTnZGm3EWlphtO2re8IEmeuzxu3g0tGaHV7yoZthhsRERLEQQlONJVVv3Te2FuO++TbpsSwqjs779hbuxsG0+fwLlsv85VkQdrs9OONzQ0ZskT0v+k2UJa8G20R01VSndwlfPO7rohjWAyBlN+Iqxi6u1H8Oa247fsoDO4Y+jxg==
6VGxoIXtCdApki/8VSzIbBMvgsF8EX7Bd6McCPwRzTTCVwgvMCNFZsnyuxXqnh/i4qf/aAMRt+hbhRbmXwyfLchQDQB7wdCz9ogZ/i+L4I80S7i71khezJpuIfXB++p0Qsl+d/Ot/z1FIY+x4p4NJ2GTG87vgABJU3umoLidMAEemrQ71jUIP+Uz0hXBwG8vrzQsW+u6wLm8oRI9kcOX1c2My+eMo8c=
earpvg//whWfxLovByw5+tSz4uyYTuuXWqLAOjkRHMaX763ksViHAYSSxCRTSaSiSy0hw7WfpN5MUjNrIWUPZ6HTWH06IxKWd2yTsaqj3XFdBu2Mm8yt6OM/RiYpUHcktEpwg98Kp3GCtZXLP18uW7FDldv5zF/V5/y4JME+sLOBLuqjj0WdZX98awxLbFiEjbmj9A==
qnTqcrkuygzLpJNvxN3sfH11ehWZHWHPIWqi16PY8QVHV2IV3f2qHmtsizXUAEGhiE6kGzpYBeY7a9T3iLs004KIiuSWXt3NtVt+7N6Zsp/HrcvViXETKXY+eR+doxfmO0BUId+LGtiMfSQZAkp4k6K1/JepY84N1aBb1xNEoLM/+pSRsJFuBWVjA01RXIePuKPz
exEDMtm0LOXbIdiQQnZIDF5oA203DWdpdGm2Jn8M/21o0K1KHM4wc1YIuT7Pi8DPlMtY+7ZIfgw67kG1IfvKNCJJnrfTrd/9paHv8cKe7WcBE7sOz4BgCbP7BuCYndDBvhoU+zY1aH9Fs3JVocBP7w+0TJsLuuD5HCHy/fHDtxUtDKunrKPn
aqSPyM92wTVDJNTlclyo7vSWyoeL6vsDHdu41LRGx/c8SK3/bpHR8azkULTjqZU7d+0tZbiP/u06jAtqo5N+XQXb8ZBtHj9iZRI/GVYkXU5P7ni80DFbhM8rPnNlKSthNjHdFVUJHSLXb3ua6Gb14Ei5jRiK0csLNf+D+tuuHxIArqGvo+Y=
ynmghNgtP2snUFpGuhsudFxoA3w1G2NpdGm2Jn8M/21o0K1MHM4wc1YIuT7Pi8DPlMtY+7ZIfgw67kG1IfvKNCJJnrfTrd/9paHv8cKe7WcBE7sOz4BgCbP7BuCYndDBvhoU+zY1aH9Fs3JVocBP7w+0TJsLuuD5HCHy/fHDtxUtDKunrKPn
b1JPKxCNHBsH7eZlbaVPYfSWzJGX9/sDHdu41LRGx/c8SKv/bpHR8azkULTjqZU7d+0tZbiP/u06jAtqo5N+XQXb8ZBtHj9iZRI/GVYkXU5P7ni80DFbhM8rPnNlKSthNjHdFVUJHSLXb3ua6Gb14Ei5jRiK0csLNf+D+tuuHxIArqGvo+Y=
y+TLJD3F1qb46nVOcyQfYfSWzYeF8vsDHdu41LRGx/c8SKj/bpHR8azkULTjqZU7d+0tZbiP/u06jAtqo5N+XQXb8ZBtHj9iZRI/GVYkXU5P7ni80DFbhM8rPnNlKSthNjHdFVUJHSLXb3ua6Gb14Ei5jRiK0csLNf+D+tuuHxIArqGvo+Y=
4io92s8ejVdfqdmVrbsUSOr3UKzBuOXljXOVj66A5lABy5ypyaN2O2jr1V0sdmSIK900XsKor08taxRCJPbTh5kxX9tpFxgxYhfiSl8Is51St80NVQLtgIO4nfQLGyZKEYSnGPwOsE8HvtctKlE1Z0fLvqc5xxVXYTjvSY9YWMh5auANSeqq79dxbblXGEsgs3hI+IW9o/g=
u6QD2jdzvQvrQ7fGIyiR3CddvfHYjR7lAyr3tbw/wZaY1vjQ/11weqjSRc2RbgxRfNuw0l6JxlEkYkRU85lk8iYdL/PVz2QO7CKzm4E1T7dB41hN2vNSxtecE8EKcx0hPTbtvPucbThDT8bWiQA39FR6cLM/2uchIkUVu5+P7gvRc5XrmZyfBUeMONRhbvBhYR7qk2+V3TXfjOt867yY1O2Jo8Q=
SMgQWbo5fmUOpeUPZ9aX5xB7zVqrgwS20wMaYed5HlrKQeQd1LOXFnMg/3T0ivzAxKdhABEx4i8Tw7PUalOkuoWA0k8YF98V3Xye3KTW8wxO7JS0s0iX7M8nJJGZr5iZsk/CQm9wc3XCLy3FJTrtqNNgPXy742YiAZzHUAy2MOfX5vclGin1j9dTXm9J/xV/MeBPwT+gGKBpcoBFuVIqRwcpTbFnYIvII+CoMPWFo9A=
SMgQWbo5fmUOpeUPZ9aX5xB7zVqrgwS20wMaYed5HlrKQeQd1LOXFnMg/3T0ivzAxKdhABEx4i8Tw7PUalOkuoWA0k8YF98V3Xye3KTW8wxO7JS0s0iX7M8nJJGZr5iZsk/CQm9wc3XCLy3FJTrtqNNgPXy742YiAZzHUAy2MOfX5vclGin1j9dTXm9J/xV/MeBPwT+gGKBpcoBFuVIqRwcpTbFnYIvII+CoMPWFo9A=
As+Tywj58mwqAVsFIjkJUSenu0Bop9al6+WNPIx0uNexfv3FzdznQVAXDfZtig1nXVL4mF8OFGHnDWmt3PhoqAN1LWcHcZW5eFPG8UrQM7ZDD8bBdYfJjG0CBz4VjoeFtvhlEj/yQGAQ7eMYv3eGr4U1E31GbWWJ1ZWlfqdzQ4YIuk28OCA0xEoN8xdFo7smOzKnjnDymbOj+g==
c1L9QN4UEDEBv1zqCJbZ/j3aZQhjZXMVtzgFLkBZ25+mYSVJHgCqxy0py0ughWeKy4PsKg7HIJOGyOleXwtwL2QLaJvGSE4syi7xFVF7WpTyiU6Xw63P3XVhP1FSHp3HsdNLLv+AEGmDO/YAKB1Aoe7axBsmNXgfFfOitTFA/49/9Hl6+7rQ2WxhQl0BQye1fUz7h7yj9w==
RhG5GAOXwHy7GiSC4fKw/F9SeMo5/XvJ/fhQFJz1aTc10M4eXaEUGQcsOHShjnBHIH7q8y+1XdUfLOvcq9wY9C1poyQ=
s1FxP3cJGJCAwyyxk1PBstApLfPf8Nk7NSXrXwRqVSEQUOPE7CwPvGprYuC/x+9xGRDGPv0zeZpdrLTx3RNnX8r/OUEyz5+/lcU8SKxX8Ch4IMw25zm3SxzYJFHo+3UtebHTuekdFC5766fLTSLJ4CalRWOgrM6txi14QmJ3kPVOczPrtLk3cBmjKay+tk3aZlXq+dTx5/Nh+auU3euKo8E=
Io+pSpmDPsqGdZ7J/S8savdE6EnXTtczpoJQN9sPkNe7LQHlDVueXajTS1yFWT8WGzMDghUKUvcQtaJz1MesnhrcyOT5sjWSYBH/jBMc6/BU8AOg/dwCpea5zezrmfNTj/pkJz+UETPp+X+jub+Y6VIfAvLP4POFov9t9QUq7dgzMP3MG3Pm0mFMh2AspjCXN7Y3lbq5dX+3gx5fae8VD9Gwj3GfMJhQCaLAcJhCKjfneY0Bx/ALOEMw6ADVlaOg
lfzpyy8H7M9DijXxlgsU2kVxiNgxYBbZFUH3u5ySlvhZfV2c46oBNOM0ugl3q6wjPDELUIXrTTz5juEaiq0u6XC5+5Md8Q8k2TNmoy0=
dvpwksEoswtZzlIEyOMR629b/HqGSQFca0LKLUWqCsecoh3WgZCPvFByFAQG1MbqtIbGBeeIWY8UZ+4/Zdj/wsSdaJ9Vbl27uDjulYHAL69vNOvaK7oAOfyhUr3Rw9dVjYwLZ0yjBw==
+Z9gRJQIs5VoMH5jXir18CLGjyvn/g3BnugFgNq4alyOe2belMDQQGIdDl/ez+yxvGFy9Ve2uKahSQvV1bzwmOQheUv9dE6yhdUkxW+o2DiZmiD4qBqqHzeBrUm36MvQU4iICGVNowg=
lgufUuaZReUkLCA/WDZPpnoznR/LmZb67PzQdAox3puGk0wlNO3CEe/K+FKJJRvRzaCQTCxtCe8FyM4GbXl0gbd0+CyRlhCckOZqa59tPc0vdCuEG0R4LB1xozw=
4/nKD36QL8DUPDS+OWaFdAJvtvpKVKQi0ZCG9uT40EhyBS637reseWw5El2nDjguMdGrvWVEMNC0+ZljjUxOupXNBC1f0JjwScJAUFiiKpenGQ0hBxALmANQaCAVdaMA
RJJmEGG6C4il15xd65gGBytcmd97ZoU45pCG9uT40EhyBS637reseWw5El2nDjguMdGrvWVEMNC0+ZljjUxOupXNBC1f0JjwScJAUFiiKpenGQ0hBxALmANQaCAVdaMA
Sf50gxLliukxwuupWB8yJyp42NU0jFs4DnBgelD2jr9WARoF3NeAk3r7Q6xY8O2L82uxFmAeeLPRpUkODkSptzzba6KoHmWoaLd8wAqJuwMVNxMCG5YPWmAmEXejPg==
Xrlqdedrfw9nYAkm+n1coBB7zVqrgwS20wMaYed5HlrKQeQd1LOXFnMg/3T0ivzAxKdhABEx4i8Tw7PUalOkuoWA0k8YF98V3Xye3KTW8wxO7JS0s0iX7M8nJJGZr5iZsk/CQm9wc3XCLy3FJTrtqNNgPXy742YiAZzHUAy2MOfX5vclGin1j9dTXm9J/xV/MeBPwT+gGKBpcoBBuFIqRwcpTbFnYIvII+CoMPWFo9A=
3G/M1avnMpmAsq0FSWuNZEVxiNkxYBbZFUH3u5ySlvhZfV2c46oBNOM0ugl3q6wjPDELUIXrTTz4juEaiq0u6XC5+5Md8Q8k2TNmoy0=
l81GD61ZecEPxBCl7RCcJsrmgzagdknn82RFyFPR0nlDamTtXZXa9vBV52+gnh42HrCi17cgG4PrfBxx42JJqH1T5SeqjiOESaq7UIWWloEpImLAWSLyUPFdsQOQtxOuug7u082RusPoDWaVPHhaf4gEOailVQRlf2W6d0i79FPCiMpk1l4dTXVbPmyemfIfB60LVclxU6k2PrmfXaNXZntAFKEfi9pYzH1kmUJKuBNitbwX6WMOjRWgm1dTROEy//JUEXCRLoUlY8PNkVxHD/ijsw==
OM7ioO8mxitFYf4PmfVydzK9RxRvrFaG7XR3n9Pu9lu9kKUG6whEXWDSJq2xqUKZ33lNWaL4Njo6D6kMzzvQlzKORz/DC8yWFehfmq1cs46QjS8iZMxfOsRc522nb6avdYKcbsj/q0mMrz49MFkKIJwzzsR/5GMNsqkp1Wwb/mOS/2TobMiwxqsh4+uo4CgBdJOBLY3ZT+nlJaCOL/PrOzHK3SCyDXlTbDQazTJV9BJ+XyR1+lsvOzhBQ5BNO2Wchx7ZknI9FokY6TNT1cGnREED/qO1
W3lSFlL3ArccbT2sSbhqI2IaPKz68U6+s7uPQiaMhHKxbcWgqfs1rS1JPQjJ7GDzhekFBRC9kMvgRLkp/Uw72hHzz1K5XwKoftAiNNY4EhUDqKLlTty+Sdp45S71HSPgPAv+eW1Y/RFZkaXJ86HcOZ0pZN4GAKlfz5Y9BaElDychE1i9umMS1vcsk3EqY92x3UbtzBsMrShj/0ZmqRB3ZDSKcENfSqcxAvWVC7+fLpsxA5WbeQxfFWc8uGRBfrDyAO7iYw8FnSX/PGvMy6xYRA35o7Q=
Vp3bxG6OWreq3w6HR/6CAWIaPKz68U6+s7uPQiaMhHKxbcWgqfs1qy1JPQjP7GDzhekFBRC9kMvgRLkp0Vs70w392FK5XwKoftAiNNY4EhUDqKLlTty+Sdp45S71HSPgPAv+eW1Y/RFZkaXJ86HcOZ0pZN4GAKlfz5Y9BaElDychE1i9umMS1vcsk3EqY92x3UbtzBsMrShj/0ZmqRB3ZDSKcENfSqcxAvWVC7+fLpsxA5WbeQxfFWc8uGRBfrDyAO7iYw8FnSX/PGvMy6xYRA35o7Q=
UifT/ENgCnruxalj26dpISQc5e7WOA7n1CvdZh96oTD1rV0HTEuyM4DXuP8Dy22p7BbOLNBukuCfW8hKf1a0twOq996tsJ1B6oJiJhImIjYK7w+uoudKIrZDJm713OEz2/oQ7d5biQbV+wWnVZvHb4QDUW8kHEK+YRVzQG23dUu3/U21uN8e/Xp8a1oj417tRctRwG1On3Iloh9p1hQ9vg/+mOzQ4TuUD1veQ+XZC9H2IX3FVdm9MhffW2poVhWQiKjsyIKBKxt1D+PKW94/okC+Af+jtg==
Sp9coqiqhisFnrsH/rb64mIaPKz68U6+s7uPQiaMhHKxbcWgqfs1qy1JPQjP7GDzhekFBRC9kMvgRLkp/Uw7xAzyxVK5XwKoftAiNNY4EhUDqKLlTty+Sdp45S71HSPgPAv+eW1Y/RFZkaXJ86HcOZ0pZN4GAKlfz5Y9BaElDychE1i9umMS1vcsk3EqY92x3UbtzBsMrShj/0ZmqRB3ZDSKcENfSqcxAvWVC7+fLpsxA5WbeQxfFWc8uGRBfrDyAO7iYw8FnSX/PGvMy6xYRA35o7Q=
Xh0qA6IYfqjxBKqBYjpscyQc5e7WOA7n1CvdZh96oTD1rV0HTEuyNYDXuP8Fy22p7BbOLNBukuCfW8hKblC2oge+996tsJ1B6oJiJhImIjYK7w+uoudKIrZDJm713OEz2/oQ7d5biQbV+wWnVZvHb4QDUW8kHEK+YRVzQG23dUu3/U21uN8e/Xp8a1oj417tRctRwG1On3Iloh9p1hQ9vg/+mOzQ4TuUD1veQ+XZC9H2IX3FVdm9MhffW2poVhWQiKjsyIKBKxt1D+PKW94/okC+Af+jtg==
L2bsWVoR4xZssMYMRIZVU8rmgzagdknn82RFyFPR0nlDamTtXZXa8OENv3+2lUppGbO3/vFDXMH8JAsx51BOvmhO5SeqjiOESaq7UIWWloEpImLAWSLyUPFdsQOQtxOuug7u082RusPoDWaVPHhaf4gEOailVQRlf2W6d0i79FPCiMpk1l4dTXVbPmyemfIfB60LVclxU6k2PrmfXaNXZntAFKEfi9pYzH1kmUJKuBNitbwX6WMOjRWgm1dTROEy//JUEXCRLoUlY8PNkVxHD/ijsw==
Wy8jL7YuzYVQ1Rx95WRf8Mrmgzagdknn82RFyFPR0nlDamTtXZXa8OENv3+2lUppGbO3/vFDXMH8JAsx7kNEo2hM5SeqjiOESaq7UIWWloEpImLAWSLyUPFdsQOQtxOuug7u082RusPoDWaVPHhaf4gEOailVQRlf2W6d0i79FPCiMpk1l4dTXVbPmyemfIfB60LVclxU6k2PrmfXaNXZntAFKEfi9pYzH1kmUJKuBNitbwX6WMOjRWgm1dTROEy//JUEXCRLoUlY8PNkVxHD/ijsw==
tEbYzzRKCNGvl9KS5A3SiNiGT7MnwVFqAcMi4usdWCeVkUtCgC2/GUWwRJ3C8/oHmV7R6n7Ih7ppOpaKrfpesJH8bsviOBX4D3MYRmHAg/qRtKe+ZJUjImjUqwrQtNsNe0fSf6H6UK6ER38ZOEdinczxntAoq0JE83zXfSYBVXWwc0qzxkeoqCAw5JZfCb8LlIg8MQCLjS2BwTvZ8U2cbnPbH2tlMpFgfrUtg9hcxm1O/WBiyseo9XbDm8us6b8wEdPRzFOmlVK+RcJZbMHvM+kps3S1G/KjuQ==
aoLEUK116tBQUYflb6vmBmI2x1tY2P/IsriUtQ/Ptb4hQvig0BBfhcImr7WviNgYWfqgH+g6oj93YS0pd8jL8JPoCOglbaMo
4Nf6Kzr1HHWq9pv1piHvfFMnhJgqCV1jioTwQeAR6lD5eVXayd5IFEic3xJFniUhV+R4vPEm0Ouw9mJ7vx39fU/kqxT79DjcPWGjLA==
/bVna6AMFFg2vYNyJuWGoGM2x1tY2P/IsriUtQ/Ptb4hQvig0BBfhcImr7WviNgYWfqgGus6oj93YS0pd8jL8JPoCOglbaMo
DpoAEsV1CRl0kKEtOkbR4VMnhJgqCV1jioTwQeAQ6lD5eVXayd5IFEic3xJFniUhV+R4vPEm0O6z9mJ7vx39fU/kqxT79DjcPWGjLA==
3zQGV0CQYjIixYwesvzncDcfyq8TXjQvgJS/DPpExGG3Y1Xayd5IFEic3wFKmj8hV+R4vPEm0O6y9mJ7vx39fU/kqxT79DjcPWGjLA==
j6FFp3AHecl8u4L+51EgsWD+JZ0N5vJU64MzMb+bvRBoAEbxmoOFA1cT4NoxT49MrZhWVX5dMZefvIvCaX+yjMMTJkXJgOdf11RBSLMymKkUASoNGQOfBVVsIxd0oz8=
QZd7o06ssN1txFBEmI2zFfRJ3S56sghNeUJThXQDTzTelyvUoVl3dljbdIjmJ4FpLXzH9ouPmfbEvcislkR6DUJX62zpz3Vj57pvC1wdaScXXDOSAX9JU39prvURQN9P33SZuBuy8BnM4SIdYUNH9d3MW0dcoxc=
LAytS5M0qnSSnDMy3q8XS8vXlHdXyfbnZA9T76+VaPp/SHfXBNC+i0khlYL5BigMeITfCnWGRflnvLjkQf6wdgJu4uMPhZ2l/7xrTMssWMQNeaM0
FtNmu68Igw17mYT4iE+8GzcFzK8PRjUvgJS/DPpExGG3Y1Xayd5IFEic3wFKmj8hV+R4vPEm0Oa09mJ7vx39fU/kqxT79DjcPWGjLA==
3OLKBgZdHvs/rnk/s12Rol2HxuQqSxyxrGz9dUUdOiLtWtV79N1BN0/8uyJ5f7Hj98l25TkAd79nFJluwzKoycTBWq2Jgy/lBSzTN2SjLw==
92qXICqeneObownW1KtrEjYfyq8TXjQvgJS/DPpExGG3Y1Xayd5IFEic3wFKmj8hV+R4vPEm0Oqx9mp8vx39fU/kqxT79DjcPWGjLA==
ImRGRXABt28VLy1iAJBuMcvTjS0ZjampBQ9T76+VaPp/SXfXBNC+i0khlYL5BigMeITfCnWGRflnvLjkQf6wcgFu6uQPhZ2l/7xrTMssWMQNeaM0
QdBnqZVkcUCxVXL/RBXWzYlH8BrVUtBz6P19f4uMX7r1/z91my4jLQUga7djBLVSj/rjMaBR3iUV49OtwRz3L2ijIw==
Pkn+JzWPy/H4R2JoQWK6DzYFzK8PRjUvgJS/DPpExGG3Y1Xayd5IFEic3wFKmj8hV+R4vPEm0Oux9ml8vx39fU/kqxT79DjcPWGjLA==
8VR7KeML3sSxIUW2TewWNl2HxuQqSxyxrGz9dUQdOiLtWtV79N1BN0/8uyJ5f7Hj98l25TkAd79nFJRrwzmvycTBWq2Jgy/lBSzTN2SjLw==
THdcLi9jsVUaIo5hPImRquLzo8be2KqMGzDejtfN4kXFxy09Okco5YDLmRZrNQtNKeXM086Mk9xOhr89aOJdiW5wEGOErdmxTarZZg81vk4XBHjcMcZQRnPWaVx/vX2dj4Sr9LuUuHx9QaMM
CXkZHcGy1507LS8cI6EgEeLzo8be2KjXTirJhc3cz0Xz0hh8TCRJrYzL0FAXJRBcZ6fd3tS7gsdbhet/YccJ0VpzEGOErdmxTarZZg81vk4XBHjcMcZQTHLWaVx/vX2dj4Sr9LuUuHx9QaMM
YPjfo+xxRZjmwLyKYlzfob4sbI5KS5zMzXCB1P2Rn+JQ5Bj+w5qbVPRgQ7boBfiWOH4UWU0Zbi9Y3+LEwqTvvxGASW+UConJDOiHiMLe3oWMk1U5Xx1OunsB45Dte4Uc5tw5mdX9Ngk4KVNTNYHHxGFDXqMV
Fah/aJYXez+uqfwOe4CB/BQEv+8aUqaorc+Sonia2v6zjMN+5+UF+PfkRdBaL+T7Yid8weaMiUcJR10Jd19MO1snNqw+2//omghNkW4NcFdMYSkV9TZZ8qeZborPOFioOcpgqY0KqQgX0e0ZF3hLQPPYyFhFXaMY
+er/PODZIItSyanGHn4RfhQEv+8aUqaorc+Sonia2v6zjMN+5+UF+PfkRdBaL+T7Yid8weaMiUcJR10Jd19MO1snNqw+2//omghNkW4NcFdMYSkR/CFe8qeZborPOFioOcpgqokKqAgX0e0ZF3hLQPPYyFhFXaMY
m+p+DDLp+jDDbhdN3MRhRNR4EyYSiirTPSIjT772UDGoq0f8lU8eUmuBp4vHlhw0Nn1KAuZD7nFfmh6+5Xuiw0A1OGcRDwnomaDDD+YAI9aI6m2seJOW9E86U6eFs5v2u+JHnrACeUOjCg==
5x5Xw17BB0dC4ZiVR/zXpCZh15UicQrIDlignN2Il/BMYRyN8+MFNPFmuz9gqLkbPDELUIXrTTz7j+Eeja0u6XC5+5Md8Q8k2TNmoy0=
93qleEqH6v9cL28dbmG3rGAmtxRDjIzIsriUtQ/Ptb4hQvig0BBfhcImr7WviNgYWfqgG+k6rjh3YS0pd8jL8JPoCOglbaMo
ac5Vyel/ZBDSknBJzbH8aQFV+A8XnozIsriUtQ/Ptb4hQvig0BBfhcImr7WviNgYWfqgGek6rjh3YS0pd8jL8JPoCOglbaMo
8b3jPr1JmQjnG81jyfIxbGMmtxRDjIzIsriUtQ/Ptb4hQvig0BBfhcImr7WviNgYWfqgH+k6rjh3YS0pd8jL8JPoCOglbaMo
FSkkjMgEScQiB2zUbLNzZWTG5+QuPvSYXQkwpw2HoF/uu6uCqP4lCOjTveAOrvvjlZfTYhu2T7rghtEXo14=
1TeaE+LfYDdL87RsISdpRXUMiKpi4y42Xy9eDnbH698PDDzBjW3Y043zSDs+/2O2iMotDPg31RROWpMHBRNb1rsCh/4w4jljoyo=
RKWUSvTG8UUlfS5AwbQ9Bx8CtMl5UrLpQsBzPndsPIoMNimlrWEw/vDtEiokGtp93WDTBzvk36IHfmuBCPEGVe2jC/35PN8/YKMr
ST7IZ3sNKvLAw0NTyVmhBl8Nc8Yx52yIt/kVBYXvX3hCwMgLQKYYGAcsOHShjnBHJX7u9C+1XdUfLOvcq9wY9C1poyQ=
e3xg4zua2NmAEKX83abByRzd7spGPjvC1j1SsdJDNhZWGnqMktX1cU2z79zaTEif6BrIXP9AGECpkgClfLIuoMfJzVGngIso4wAo0DVlozA=
WtG7UOHhnZrCFnZ1WkyDVsGwNxwql7n7OBwRz77jZSPiggYoLETkUuZ3hs2sD3QjrQz3KHpCtTzFQcOQzTvlnAAeWZ31PZaJmOmzU1XBJ0TBA36jNQ==
yIecFtWVzjEsFFcdZyFBZx9DK8yahrHIb/YHclePnxpwPocoJWio5h+0T9VhwA9vz7QMGUu9J3lcITJ9McP3le0M6ydsoyc=
TpbgitTNYjEsw3OzlNHLxgOR6slOPT3UzXUX4I5DNhZWGnqEyMbnYEy9+tzaTEif6BrIXP9AGECpkgCie7IsoMfJzVGngIso4wAo0DVlozA=
v8g1GiAxhVoNP2zaQL9GjjJh15UicBDODkS4nd2Il/BMYRyN8+MFNPFmuz9gqLkbPDELUIXrTTz8i+Ecja0u6XC5+5Md8Q8k2TNmoy0=
p0augYEYhGIrzhh0LwRFwTMytxRDjJjIsriUtQ/Ptb4hQvig0BBfhcImr7WviNgYWfqgHe06rDh3YS0pd8jL8JPoCOglbaMo
syp3UQ53KnaMKxxeW+LapW0MoeNg5WsjOGoWHnzP45EFDHWUgGqM3p/HBmBn72O2iMotDPg50RRMWpMHBRNb1rsCh/4w4jljoyo=
/dJajPlNwrQ4e3a3wTZm+GIDyJxaRhMvm4HYDPpExGG3Y1Xayd5IFEic3wFKmj8hV+R4vPEm0Oe19mx8vx39fU/kqxT79DjcPWGjLA==
57sFLIRQDNjO3DeZGt1j5QBX76B+aWHD/8B353iuXqqsuws1pagdYBDeBFofQ47U9xsLEihuxXgohJjQDJ7bM9Vns/KbJu8KINYxZ6Mu
kSBg9gJS1IleA0z0J9Tqhl3G6tBOFGnI1j1AptNFGFACEHTN34f1ZlGq2JjAGF+d8g7PTf9AGECpkgCifLIsoMfJzVGngIso4wAo0DVlozA=
3Ve1UJQF2eiHPIKXhf5Tz0D4z1JzT+T9tmEWCtgcT7u48uZ23GezaUU0pfxgQrzGn982SIeHs47IMn2kWFkgjMzC4++lu4uuezrXFlDKCXujMg==
QUsRxqBYGkocNNFGduBneFdpsuNMV6MF97TB++bs0Ex8BCy16bGsYywkVxCuUzYmNsq69GhWZ9Cs7bos+hVbvZnLBjlf0JjwScJAVVyiIpCnGQ0hBxALmANQaCAVdaMA
JUhRXJmE8R7aR4nNogt9dryqs8/aSaD507cDArlBGlJQzviCpD9lPzzxuLLPijLNlkSSLBKexLjXohgbAlZG65v/3Q3OcxMeSKIdFJgLBHzLs8M/5QtrPvuqd2aQGmlLowI=
0qkhZFrrEexiyyhXvqrJauVamc91CioDny48KShNO91NLkGl5W5NHTEBCwoDdCLftKGoiMKjK03zXNCmu5w9fqU2fZ/VvvKW1TxGOxBjTJJY8StQpSvtvFNMwRtsbU5pkPmbk/2xr6R5c0ajDQ==
T85bqimC8YyPwKpBD0pLbiZNxepp+GYlFixCFHKG9NAXCmiDoi6Ww5vXDXVu62O2iMotDPg11BRKW5MHBRNb1rsCh/4w4jljoyo=
isqzk5tqT011mhMyYBH+iEphyIgiY0vNExywppvcnf4Fdl2f9f4SFrV8pjtwo6wSODELUIXrTTz+i+EajK0u6XC5+5Md8Q8k2TNmoy0=
z0v8Zoy/Rzj7P5gaGhrVXofxMwo7hJq/PFEAyOqzIy2rjEgmI0zlXq0mld+9Dno2rQy+O2hTtDLQQcOQzTvlnAAfWZn0PZaJmOmzU1XBJ0TBA36jNQ==
pvBNFKNeJpFhU2OVi0nunJi/NxY6gouzLlEfz+qzIy2rjEgmI0zlXq0mld+9Dno2rQy+O2hTtDLQQcOQzTvlnAUdWZn0PZaJmOmzU1XBJ0TBA36jNQ==
6N6jsQr7lKRo78NxFfZ3SldG8rlcaS2eucwu4VboCqCi8hx0t64AdzKaHkcbU4XB/h8LEihuxXgogpnQCZ/bM9Vns/KbJu8KINYxZ6Mu
eG1snxmOWQe+i3d0t5v69ks0Jn5camJ/XOKIqkQXNef8qehab+KCNRY8IsSy9hRgl/rIM2J+ttObxy0lrlvDRgh6zXw447UESEtzV0XjO2Y7cidOcDIZc6M6
0lzA1At9U9E74AbhCm0R1iZ52kKa9NT05v3cZAQw3JmBlUw/dPCHXOaX9lqOPgqYwLLHTDR5KqBykdsBYX92lbd0+CyRlhCXkOZobZ9tPc0vdCuEG0R4LB1xozw=
53eUADHT68D9BxO2uV4tVuR4e2sq2wTHl8XA2Kc7WES0pM26T8Vc2Q1CiJ+gYXtWStyK8+Pvw42w1VUiSfBW3ZZUchxSzmRIVxJ4S8KmZvub7/39DiNzrshSvUTYP+BsyKOjDyXby057Gpe20GpJW6MS
J81JQYIQH87qD48t6RdXJZi/NxY6gouzLlEfz+qzIy2rjEgmI0zlXq0mld+9Dno2rQy+O2hTtDLQQcOQzTvlnAUfWZ/0PZaJmOmzU1XBJ0TBA36jNQ==
qqDPAC/8ot22Mh2HNd/8TldG8rlcaS2eucwu4VboCqCi8hx0t64AdzKaHkcbU4XB/h8LEihuxXgohJzQD5/bM9Vns/KbJu8KINYxZ6Mu
GK/H8qbVHyPnH57bTQcem2oyeV+oNmfw7A06jDp1W53ZK4aZn7CY0AkiwPuYwi+x5/mNgcdwC7hDsOiA1RWjIA==
yhqkGLwTmtfhID0h2FL5a0si9c51R735EcF6ciJleJoLLyOy5E5zsOD7Nm9qSs593WDTBzvk1KcHf2qBCPEGVe2jC/35PN8/YKMr
+qvY3RUY6GoTG/PoKSarXiYc7x4Xj/aG6bGP/BiOp7g8Vdrkyg1blckzprGviNgYWfqgGuw6rzl3YS0pd8jL8JPoCOglbaMo
ShX6uZwuH2fuYMhr6YcLuFDQ4c1CISzTgnhFtsBNOR5XFjmPyMbnYEy9+tzaBVuN+RvGSf9AGECpkgCifLIvocfJzVGngIso4wAo0DVlozA=
yeej9fIhyjJ76kuqfHtKkbyqs8/aSaD507cDArlBGlJQ7viCpD9lPzzxuLLPijLNlkSSLBKexLjXohgbAlZG65v/3Q3OcxMeSKIdFJgIAHzPs8M/5QtrPvuqd2aQGmlLowI=
YTd1qrCVJh3JFoN2A+5R+AEowIQiY0vNExywppvcnf4Fdl2f9f4SFrV8pjtwo6wSODELUIXrTTz5iuEfjK0u6XC5+5Md8Q8k2TNmoy0=
aGb6kOjpyPyXziLhPwCwbL2qs8/aSaD507cDArlBGlJQ7viCpD9lPzzxuLLPijLNlkSSLBKexLjXohgbAlZG65v/3Q3OcxMeSKIdFJgKAHzPs8M/5QtrPvuqd2aQGmlLowI=
VfBuC6+CfJm9Kcr3qKa79wEowIQiY0vNExywppvcnf4Fdl2f9f4SFrV8pjtwo6wSODELUIXrTTz+iuEfjK0u6XC5+5Md8Q8k2TNmoy0=
jq/yJj30ldCuNToiRCcx4q+M40OpkDckvJyDSnUAUsustHAiLVMv1GbGDVDrZqM6m6+TEhQOQ1Dw+yYPWoq+3W3gQ6drJIiG939aYVgx1jV9I3sdSXwvH3CjOw==
xl4mWUAKnJ+PsUNILUvC2RgjSSYzFX0WBB25ZxwCllNIyvwNTpNrZlRE8iLSh97Aj9sO9I91VD54yXvwYKLTRBhovZayqtr95+e5wP/E62skTPwC0MByS6/9QKvMndaHt1kI5nV9Y3tcug5VocBP7w+0SZ4LuuP5HyHy/fHDtxUtDKunrKPn
X3XmGvjtGnlTHMwmGl5ooFMpE77IHn2JzJCG9UJIeir/F5fG5leX9SsIQzaPdIGS7fCY6j0NHWi2XRfmoQQGYIm2fKHj1mcp7EI3af4Vhhv4eqbhcUfh2dJxXV/nKcVR+DsWKSrow54D53a51V+ZpG0qV+a19jdt9tCVKl8qkAiQBbNAX0/2h0Vdo4XmNbWh1b11JgeL8+7Ikj2E2HhgLMpmI8wlm0sOe9oX9tAqyZuj0g==
RNrrG9lB/CG//MsAn6baHtBMKShvm2QX8ZQaI/CPuj2tAvYxElOd8aVz7T8NbW0iccmcq//euLVFTW2oz9l7Nuonl6HutLdlWiJsWCTYh7zaZTb37tp0X1zrIMteyNZ8Ag6JJbk7MgRq6QZn+633LT0Bp8E6XnX3yfODfmcAiDnL285wAN3oMXZ6jCveNQAv3VM6JZkA139HlLGuYzpLCSdBum1pg88l5awz94Sjzw==
JM5HHDYMXS8eVTfl+HpG3//fxHS+IgUe63kEerLXrqepdHKzSA9CrQWirsFak1WhXRPFDxVtdRJZqWT7Nx7wRR3txTg3WcOmgsfPESb0fzViAgSoPNifzDJFDiemGjzvhIvIW+ZIruyqrlFVcXt61BIJLlfjre8dFeHfEXIevYcRUyvuH4AwqSO7FsBIHaDhTlpkW8Y1GN+1cwJ1UUAfzx902T7burOZj+HinSFDB3UdzBvHnKPX
Ly94rETHzCZNpoZlv0j7NeMQMGOPs+LYDuLsRfNpdKpm+4dMXG8m7yyxK5qA3bTjW71TK8sTG217DleRauc5bh5ZM9XrJFm5rXqs/+FNyISxaaw6SnRyGNEQfP3Ae2hq0rMqM2aHiKjAcAQW/8mfC/RInLGgy20tYYGbWVGN/G5TG7/rhXJxYF51jQO4nKZtbr2A4iqHiPVWA/tLzCmfMPGTMUz34rVa3YWh2cyBzzMJaRP0FduSo9k=
O+AEySvC0xAjhNgaS9bWpQjvEi3kGCdnOSsv7MQfrm+kAbN66A0Mo4PNuwvzAxNtcx5vsYKX4S6miVs1c5TROSUKNF9JnbBE6VmEWrJkehjZAAQd6EuwKirjgpP+dwAoSMCcdheZJ8usuPSRmNtlLWmRo3k5faSu60tXix3C+eDWhRWjEMxeLbaNqAJSl4D1XhMDK+QZx/CJQ5nsb5I92lU1OTmkUXdz0Rn71C3LmqPR
n569Vnj11SrzBohoqTIlQxggGbmYCniS1YbVslhTbT//F5fG5leX9SsIQzaPdIGS7fCY6j0NHWi2XRfmoQQGYIm2fKHj1mcp7EI3af4Vhhv4eqbhcUfh2dJxXV/nKcVR+DsWKSrow54D53a51V+ZpG0qV+a19jdt9tCVKl8qkAiQBbNAX0/2h0Vdo4XmNbWh1b11JgeL8+7Ikj2E2HhgLMpmI8wlm0sOe9oX9tAqyZuj0g==
lKwc6+qKqHF7rJN8HA4T4wjvDyHiCjxuCSsv7MQfrm+kAbN66A0Mo4PNuwvzAxNtcx5vsYKX4S6miVs1c5TROSUKNF9JnbBE6VmEWrJkehjZAAQd6EuwKirjgpP+dwAoSMCcdheZJ8usuPSRmNtlLWmRo3k5faSu60tXix3C+eDWhRWjEMxeLbaNqAJSl4D1XhMDK+QZx/CJQ5nsb5I92lU1OTmkUXdz0Rn71C3LmqPR
tAFKYzP98LVfJHamXNXV/saI/K6IN0nxKqHMpD4P7Q46ejAP/aQGSwTPDpUx8nqppvNJiWkj0RcZbXkKTZlQ0yt+DC3JvfEAe5mPXvYXm7maVONdlnKQMLBYE1SmtXrPOrqAR1DbPCMqCGLUnn4FvQ2bZvwmOTpP763jBQHR6zlu/sFvRYMf1tPA/NHX68Jo9L08CTqq8MNKtZRHIQP2Hc3go2dLpK3Gl3r/obuxNvXdIxtdKfwP35Cj2w==
n/xb685g/AExykir4v8GwGkzfnLNedGgWojfAb2TcxyI12ovYEl/SrT1aIOn1Ucb/wsXbXcWY6F+j8UOwnEHBb/cFXnhwnivFSUUJA3BOMo+7P6YXYiIjVTT1MqOW17jMj9E6AwI0EbL4cPriKCIgZTTYS1tma9pRWWAjg8zi7tRCr0gks3Z08x0+s3SFRSS3h8Eddqbj7tYgSOQLfvFHCNa+ZqRffUJ+KkTU/UBB8Qhw56j1Q==
gfQPhmjqLE/zjonqyR9wJmg6Y2XLepiyCobDC7jSR1KEzWI6YEl/SrT1aIOn1Ucb/wsXbXcWY6F+j8UOwnEHBb/cFXnhwnivFSUUJA3BOMo+7P6YXYiIjVTT1MqOW17jMj9E6AwI0EbL4cPriKCIgZTTYS1tma9pRWWAjg8zi7tRCr0gks3Z08x0+s3SFRSS3h8Eddqbj7tYgSOQLfvFHCNa+ZqRffUJ+KkTU/UBB8Qhw56j1Q==
od89btJktgmCqTtY52CnGVERc8gl73rb7OgTBIOgaT0OkclOUb8eDAcsOHShjnBGJH7q8C+2XdUfLOvcq9wY9C1poyQ=
WyGZkCT8L30rzN53Tjhp5dOBghsOheplNQnPPVmP/tJc0XvQFUsd/Muq8RqZzd2poNlrE61Rv+SJ0xajXQ==
3omw0khiEDrMlId3+bD0Jc6bGUTEjew5lD9hhT8zAyYIWo3cuADwJEpuszTFQ/tGO5JnrvCS2ROjWg==
mJfs/OGot1FbxaSGxEvWfjxh15UicRDODkS4nd2Il/BMYRyN8+MFNPFmuz9gqLkbPDELUIXrTTz7jeEfia0t6XC5+5Md8Q8k2TNmoy0=
iAohG82+z4dxZD8PSuieCQE8txRDjJbIsriUtQ/Ptb4hQvig0BBfhcImr7WviNgYWfqgG+s6rzx3Yi0pd8jL8JPoCOglbaMo
sl1d4Tqd9gDKtZA3grnLSEk+r+Ng5WsRNmoWHnzP45EFDHWUgGqM3p/HBmBn72O2iMotDPgy1xRPXpMEBRNb1rsCh/4w4jljoyo=
4I4f9A1SdRTmDSRusE+R2w0ZNZoQXZKAOzz7V0JI1ZgSqIyFqYDHHzfU6InTP7vp94GKzXkDv0W17IPXFKNf
Sta6qngNZ23H2q4WOFIXKUIw+sV5QbnpEcppazMsPY0FO2bl92wn//bIYTBOeMB93WDTBzvk1KEHf2+BC/EGVe2jC/35PN8/YKMr
YfDBmBaGEi2xDTvBZqgzyyUS8cFnLQPFDkK4p92R2/pEaVKH86IBNOEzsAgn/IggNjELUIXrTTzyjeEfia0t6XC5+5Md8Q8k2TNmoy0=
AvZIBY+9fnU/WgXhSu3cSwyevosfNjqHgnhUosFWOgRWHDmPmMD5Y1az3tSwL3Papj/0R/9AGECpkgCrebIupMfKzVGngIso4wAo0DVlozA=
CihHusGzgJ5Z4XCAANlywNB9EDAHkyjSOTghDeqqEHTMuli/wAlFCA+Q5sbXlBN2aihUB+tQq1IWik/y92fg9glpMm0GRjzJs6CSMdwFI9aI6m2seJWU9E0+U6SFs5v2u+JHnrACeUOjCg==
pN8XCeLQNx/HtH+u7goIV1Uvz45mNBfDCRG4od2R2/tEIluB9uQcMr0WjBMn/IggNjELUIXrTTz7jeEdia0t6XC5+5Md8Q8k2TNmoy0=
9ZhjGHpFCB2zx1SkHGjW/1o9xqx7sXsBL2oWHnzP45EFDHWUgGqM3p/HBmBn72O2iMotDPg11xRMXpMEBRNb1rsCh/4w4jljoyo=
Laoyy0Wok9XRgGKixgrZrFgutuNg5WsBL2oWHnzP45EFDHWUgGqM3p/HBmBn72O2iMotDPg21xRMXpMEBRNb1rsCh/4w4jljoyo=
yN5HmhGsfNM+DMPWn/IIXVo9xqx7sQoBL2oWHnzP45EFDHWUgGqM3p/HBmBn72O2iMotDPg41xRMXpMEBRNb1rsCh/4w4jljoyo=
6+mXdFl7hd7x6i62jIHGrTQutuNg5WsBL2oWHnzP45EFDHWUgGqM3p/HBmBn72O2iMotDPg51xRMXpMEBRNb1rsCh/4w4jljoyo=
xHFAeGufOmbUNzZa8PezNEZa6otaRhMvwqPPDPpExGG3Y1Xayd5IFEic3wFKmj8hV+R4vPEm0O6y9mx4vx79fU/kqxT79DjcPWGjLA==
9WIlQKEQekewFtHyHWZV0Vo9xqx7sXoBL2oWHnzP45EFDHWUgGqM3p/HBmBn72O2iMotDPg00RRMXpMEBRNb1rsCh/4w4jljoyo=
+LMIUjlqK2dR+gJvL6/0WTQutuNg5WsBL2oWHnzP45EFDHWUgGqM3p/HBmBn72O2iMotDPg10RRMXpMEBRNb1rsCh/4w4jljoyo=
4gf8xbw9XlgRPVsMlOWCHkVa6otaRhMvwqPPDPpExGG3Y1Xayd5IFEic3wFKmj8hV+R4vPEm0Oi19mx4vx79fU/kqxT79DjcPWGjLA==
eTnoWbHZUtDXAtmOOmCcKwZ077XPFOFqzVrLX/Qwse5aXbzhyp4Ik6N0dLCaia+w4TPhjCfCJVJNZXEZHGHfs/mJ4zTlO2KjKQ==
dQ/GfgdaUwaWx37rL2lrI5E7Q25Qw23ceGhhQLrsAmHKqxPplVcCS1DTuN+Vw0BweyhRQ+pc6kwNzx+usS3k9glpMm0GRjzJs6CSMdwFI9aI6m2seJCR9Es/U6SFs5v2u+JHnrACeUOjCg==
3KKtONoE8Wm+jdFYDyGY33US36kfWkd/m5T3DLBIiSPwJFnfzsdOWDir80YeqwQrV+R4vPEm0Ou09mt5vx79fU/kqxT79DjcPWGjLA==
qCELp9VNn0P0fT/H5AandsDizIrR9VSeyUFCtaY+7OGziEJJfN1T/kiC3XQYrUecytcDnGXrKx77yrfGEPopa6Mi
MseD6TwFU2VPQ/uY5MGoqWXe0rsUAvvugkU4Em+EhOshmi9tes73IRqMiIIp7hCTu4QckKLZZ/Apg7lsSVWd2bT12blEkZdzMdkbVM0LeqMx
lop1UAZXWqYRUA1xnCNKvhyR/9FEPCbLj3NeospLO1BIHDmPmMD5Y1az3tSwL3Papj/0R/9AGECpkgCnerIppcfKzVGngIso4wAo0DVlozA=
8yYV2CYbqeVzsccZqSeGmObZqA8TLISRy381ndG8wC35RsPhgsUQGkVx6NjCSmMq0tN5QFZY6I2VoBtX00RsN3/51hHzka6FpWNDzRFcxw94ozM=
DVZzU455G3tpMIOdJwJ3Iks0JipVZXloUeXtu04UMvLwmqZWLKDNIBouIsLx/URmifnSPUZ23PmzkHIBnFXDRgh6zXw45LQESE9zVEXjO2Y7cidOcDIZc6M6
NBnNskE68Wq2UvS98VB4feYoJypVIXMbPNIDQc60xFJVBoQTL+zgwG7hMxBdm7VcVj5pmABdRUnICSPT5aHXBPEjbqMl
LrGPh671W4oYYOEArR41qko0JipVZXloUeXtu04UMvLwmqZWLKDNIBouIsLx/URmifnSPUZ23PmzkHIBnFXDRgh6zXw45bQESE9zVEXjO2Y7cidOcDIZc6M6
jqdnC/yiTw10mCJ+kK9ujuYoJypVIXMbPNIDQc60xFJVBoQTL+zgwG7hMxBdm7VcVT5pmABdRUnICSPT5aHXBPEjbqMl
bdsARG7LQxsht8OppdHf0Eo0JipVZXloUeXtu04UMvLwmqZWLKDNIBouIsLx/URmifnSPUZ23PmzkHIBnFXDRgh6zXw45rQESE9zVEXjO2Y7cidOcDIZc6M6
MZnbm+AuOi15haiM0cFM9uYoJypVIXMbPNIDQc60xFJVBoQTL+zgwG7hMxBdm7VcWz5pmABdRUnICSPT5aHXBPEjbqMl
g4T31sFVBD/BgugjWkN+O0o0JipVZXloUeXtu04UMvLwmqZWLKDNIBouIsLx/URmifnSPUZ23PmzkHIBnFXDRgh6zXw46LQESE9zVEXjO2Y7cidOcDIZc6M6
MZnbm+AuOi15haiM0cFM9uYoJypVIXMbPNIDQc60xFJVBoQTL+zgwG7hMxBdm7VcWz5pmABdRUnICSPT5aHXBPEjbqMl
QMJI6KCMstQI6sScSZ8J0ks0JipVZXloUeXtu04UMvLwmqZWLKDNIBouIsLx/URmifnSPUZ23PmzkHIBnFXDRgh6zXw46LQESE9zVEXjO2Y7cidOcDIZc6M6
cudUMv5S8sWANcIKXkuUXeYoJypVIXMbPNIDQc60xFJVBoQTL+zgwG7hMxBdm7VcWj5pmABdRUnICSPT5aHXBPEjbqMl
p3u6PJtfKj1BwbXQdfcGWPbW6VVIL4qUlHQP3NmwxWv7SpfghcUQGkVx6NjCSmMq0tN5QFZY6I2VoBtX00RsMn/41hHzka6FpWNDzRFcxw94ozM=
8ndC8CxPxp+0GfQ8FlZJp+YoJypVIXMbPNIDQc60xFJVBoQTL+zgwG7hMxBdm7VcUj1pmABdRUnICSPT5aHXBPEjbqMl
du6P21CoIkoUtxV0V0zpLUs0JipVZXloUeXtu04UMvLwmqZWLKDNIBouIsLx/URmifnSPUZ23PmzkHIBnFXDRgh6zXw44bcESE9zVEXjO2Y7cidOcDIZc6M6
9s8Y5cDiuuIfrxi6lg8JXlVhy5JnMgbPGxGnpt2R2/tEIluB9uQcMr0WjBMn/IggNjELUIXrTTzyjeEYiK0t6XC5+5Md8Q8k2TNmoy0=
HyLMCrErr2Tjy979/Z9F4eYoJypVIXMbPNIDQc60xFJVBoQTL+zgwG7hMxBdm7VcUzppmABdRUnICSPT5aHXBPEjbqMl
Lt5JzgjejlaXiio3XDlGEfbW6VVIL4qUlHQP3NmwxWv7SpfghcUQGkVx6NjCSmMq0tN5QFZY6I2VoBtX00RlNn/41hHzka6FpWNDzRFcxw94ozM=
Zr9vP+zBoJDefvnG0JSfJOYoJypVIXMbPNIDQc60xFJVBoQTL+zgwG7hMxBdm7VcVT5pnwBdRUnICSPT5aHXBPEjbqMl
Jyn5iSHRj+mRO/UV7PAmI3US36kfWkd/m5T3DLBIiSPwJFnfzsdOWDir80YeqwQrV+R4vPEm0O+19m95vx79fU/kqxT79DjcPWGjLA==
KK6qdYEH7oTgM58wDAT2WsDizIrR9VSeyUFCtaY+7OGziEJJfN1T/kiC3XQYrUGcz9cDnGXrKx77yrfGEPopa6Mi
emmjjZmZGIxHcU/WvO7NfR9DeIaVi/fWabUMIlGRnAB+Go9CRlPtqDqIVNVhwA9vz7QPGku+InlfITJ9McP3le0M6ydsoyc=
7VzN+XgJAHTM+9Cx6yjfs21V+xpUw7PI+LTZ90iIubsmW/7soCdzwpYXlL+viNgYWfqgGug6rT13Yi0pd8jL8JPoCOglbaMo
PkX/NVNyhKpeHoasDfA3NgD9423LJoRegSH8Omnl6iE2qmRlMwzK3exJ+1roJnWgSH4PWI0TS0g1PwM62+6f0gDuIW+jJg==
fygX4xxgMWo6uLsrZazHQxk44LLHFPxrmQrHDaJ+v+FSXLCiwZ4Ik6N0dLCaia+w4TPhjCTGJVxMZXEZHGHfs/mJ4zTlO2KjKQ==
k89AY6GOqqkKFvuWxZsHV/bW6VVIL4qUlHQP3NmwxWv7SpfghcUQGkVx6NjCSmMq0tN5QFZY6I2VoBtX00RhNn/81hHzka6FpWNDzRFcxw94ozM=
ayjXu/o0WQiFAGSJjPgBIOYoJypVIXMbPNIDQc60xFJVBoQTL+zgwG7hMxBdm7VcWzppnABdRUnICSPT5aHXBPEjbqMl
Qm91T6CXyehgFmUd1ajbj/bW6VVIL4qUlHQP3NmwxWv7SpfghcUQGkVx6NjCSmMq0tN5QFZY6I2VoBtX00RtNn/81hHzka6FpWNDzRFcxw94ozM=
4l40VJojeI13WGELUEl7YeYoJypVIXMbPNIDQc60xFJVBoQTL+zgwG7hMxBdm7VcVTtpkwBdRUnICSPT5aHXBPEjbqMl
6YuG+CLlxPr1gV7FWpoHE3US36kfWkd/m5T3DLBIiSPwJFnfzsdOWDir80YeqwQrV+R4vPEm0Omw9mJ5vx79fU/kqxT79DjcPWGjLA==
jEC6GYtbR6ShGeYMdhOz9Bd6dTFcK2ViUOXJrE4CPfDxqfNSb7HfJhd6PMLx/URmifnSPUZ23PmzkHIBnFXDRgh6zXw46LYES0xzVEXjO2Y7cidOcDIZc6M6
xhlvi061Yt9+1qBGaPtBbbYtc4daVYLWyzXKg7/G16Inol+pl8/cJuFiH+apQrfwKiNOSU4EcG4LgL6YmuKKrhaUYD2FEoOdRrazwZ7U1JLFpnQTX0xwgH4B45Dte4Uc4d85mtP9NQk4KVNTNYHHxGFDXqMV
Um1M4CEFDfqgi4Do3KRG8bIkMy0UbD9da4YFX82uynZdbK47eLPE8mDhMxBdm7VcUD1pmgNdRUnICSPT5aHXBPEjbqMl
ZH27khWtZgdIoemMh9zA3nqSk6UIBObkmkgzCXuOgulvhSVtep7xPxmWhqYhhDq77Ns4oqzZZ/Apg7lsR1Wd2rf12blEkZdzMdkbVM0LeqMx
R1MWfLwTb9DIbdh0gjU4TuJFgst3FjEDmzEnJSpfKsNSMFej+nBfFC4RVklINmbeofS3k8Lwawu5WNCmu5w9fqU2fZ/VvvKW1TxGOxBjTJJY8StQpSvtvF9MwRprbU1pkPmbk/2xr6R5c0ajDQ==
E6uLXN6DToOQO73owWHAjWoyeV+oNmfw7A06jDp1W53ZK4aZn7CY0AkiwPWdwiq25/qNgcdwC7hDsOiA1RWjIA==
qfgEVsShVOFaElUPPNsGptozfZdAV3OydmdUz0/4WGi5imBuDEqqTpcS7VmXuEuAc5jImMUdo1g=
aSLmD4YcACd7zaMa3X0I3HqSk6UIBObkmkgzCXuOgulvhSVtep7xPxmWhqYhhDq77Ns4oqzZZ/Apg7lsTlOd2Lf12blEkZdzMdkbVM0LeqMx
Mn69ZpR3qkfls6hhPJu4jyZNlqovsmIlFixCFHKG9NAXCmiDoi6Ww5vXDXVu62O2iMotDPg31hRPXJMEBRNb1rsCh/4w4jljoyo=
bixloXBTiquydaEgBMt0tqhh94KLaOv4Uz/fmm/x48mfkEC07KTcy4wQi5lsOlJTrg+ZoD58jJ/PDGNMXdyT1d7iz/DXuZ7uvxaKEVaYqjBiwnwkN34gB3IK/ncbY2VRvm8rwqg+pUjoHT+gDmh7oJVXUyIbds/64EZRV6Me
UAuR2fcFktTQCfuEsrIf13WfsLOivdY2asLEO5hVU22KUBcQCTbL+Oy3kkROXhOrEahYJjMs1Z4dRiVfLW6q9v0sTjsYc2RygKFTEH3bVdww+kme4x3lyWhJw9PFYXeEEWNOowU=
YiunwqDpAUP/vL45NZF0qBfTBFFwrvxuMovu2cX1DNyRkI+6TWB6O+T0uPKFM7dE/kaVwHPGS+rT71sifC67YIj73j8iqlbtJSCL9wOEEhNv/cXxw9F+ZTXjs21hnBdvSKMD
KNwSZu0sNxOjMbIIG3LaoU2pJjyxl7VScDKppbJYGAe5xRHoqoZBqF82d5LnDw96oP7XyHx7qpfO+go18UC/Dz/0O/k7vRFZr2GC3UFDZzU9TDsHfKM3
MHxej7LnFEe9dj1nyN3WDHqSk6UIBObkmkgzCXuOgulvhSVtep7xPxmWhqYhhDq77Ns4oqzZZ/Apg7lsSlOd3bf12blEkZdzMdkbVM0LeqMx
I4+DD9DcYscGUHs8++VYLyZ52kKa9NT05v3cZAQw3JmBlUw/dPCHXOaX9lqOPgqYwLLHTDR5KqBykdsBYX92lbd0+CyRlhCWkeZsap9uPc0vdCuEG0R4LB1xozw=
3kwqdb9jfHlwJ8Da5+QNx2C9hx2/vTkWcs7+iic5PCi2m9d9/3QEZu/0sY4ZTkl/wabuRhmUMrvkywDCROk/MJHTUczSphVcP0VBWezBbzNpKTN0NRtyozk=
4pZGScanztvHoePOjaiLbE2/LDqrjb0edz2m97YRTEX+gwis7ZhIrkN1fJLnDw96oP7XyHx7qpfO+go18UC/Dz/0Mf87vBFZr2GC3UFDZzU9TDsHfKM3
lJCOVh+dlzbgD8cFINsb6N3KwAoBhOYxeza8Exfc2OBG0XvQFUsd/Mis8Rmazd2poNlrE61Rv+SJ0xajXQ==
wOLfton4V82pRhQnN3grSgZ077XPFOFqzVrLX/Qwse5aXbzhyp4Ik6N0dLCaia+w4TPhjC/EJVlOZXEZHGHfs/mJ4zTlO2KjKQ==
4xWo74jfMrlmJjIDJnczAxk467jHH+FqzRTHDaJ+v+FSXLCiwZ4Ik6N0dLCaia+w4TPhjCTDJVlOZXEZHGHfs/mJ4zTlO2KjKQ==
Nw8IDMGl6na5Iz+c1FnHXnIQ9BpR3rqc5rTZ90iIubsmW/7soCdzwpYXlL+viNgYWfqgGe06qT93Yi0pd8jL8JPoCOglbaMo
reF9fF1QIzVk9o0VeOg/kwa501RmTNOytnkWDswYXaiaprJ6kSX0LkkxouVmDszxs5hiebyNs47IMn2kWFAkjMjF4+ylu4uuezrXFlDKCXujMg==
xND00oV+YdQW6t/JXx4Grhk467jHH+FqzRTHDaJ+v+FSXLCiwZ4Ik6N0dLCaia+w4TPhjCTGJV5OZXEZHGHfs/mJ4zTlO2KjKQ==
xAsMrUs7gQ/hz1T7PIVIUwm501RmTNOytnkWDswYXaiaprJ6kSX0LkkxouVmDszxs5hiebyNs47IMn2kWFkhjM7F4+ylu4uuezrXFlDKCXujMg==
LN1OU0GBCkRDEM6tRB774rffcB759HlB2kbIVq6SXELxGUQfCJ7+we57C1oKBIzr2xzzntZGF75HizhaacWqgbbKpEUzLAq9bOm7euhGtUDI3844jfEL6LVfQ9rbzl9ygA5hT6MG
OVBo/L6bsUd391Q/6jgO9lUvz45mNBfDCRG4od2R2/tEIluB9uQcMr0WjBMn/IggNjELUIXrTTzyjOEdiq0t6XC5+5Md8Q8k2TNmoy0=
qdXBkTG8GYJZClqdQqYA4NozfZdAV3OydmdUz0/4WGi5imBqCUqsT5cS7VmXuEuAc5jImMUdo1g=
m8eqfqYe85QIbJDIEiixjg42/cp6XL+wVsFycDowKcNKLymu9ilw2srTYTBOeMB93WDTBzvk2qMHfGyBC/EGVe2jC/35PN8/YKMr
VUbcbLCrihRNESIcjvEVTwZ077XPFOFqzVrLX/Qwse5aXbzhyp4Ik6N0dLCaia+w4TPhjCbHJVNOZXEZHGHfs/mJ4zTlO2KjKQ==
ZPQs/WE3Kcj33WtPnCwq2LIkMy0UbD9da4YFX82uynZdbK47eLPE8mDhMxBdm7VcUD1pkgJdRUnICSPT5aHXBPEjbqMl
EKl/uBjkoqe+dOchf/VxBk2/LDqrjb0edz2m97YRTEX+gwis7ZhIrkN1fJLnDw96oP7XyHx7qpfO+go18UC/Dz/0MPk7shBZr2GC3UFDZzU9TDsHfKM3
I2avDxfjFERsTDqjNButh/ZC5VXFRoVx0ehYf8YUhpK9PAX3EXeGQZSFWWekEGFFMRYuqg9HBrZZoKBT2p3puArw5Im+7m/OcRXvyRgB06tZ/iyx8MoYveez+aDN3/BRgtByNzOBFzbp+X+jub+Y6VIfAvLP4POFov9t9QUq7dgzMP3MG3Pm0mFMh2AspjCXN7Y3lbq5dX+3gx5fae8VD9Gwj3GfMJhQCaLAcJ1CLzDneo0Bx/ALOEMw6ADVlaOg
SROKwWKV0/jamlCF8N9fl/DHZzuIW9i9Fxev9JUGXv8Ze6OIOP6C1DSRNQxQjgfLItaCTZeV49vumATRbqavdsG9T1GIiVNTKRZMaaACWIXXm9m43dfwKXK4km/jydeOWVHfOyk3GBEi92IqnyizvZLXTe0VIu2gw1gdlMs7JmrR5Cf4vC6wb0deV03qcTVHh6s+R3nnFXch2G8pT3hY6LkKYO4Iyq7Il5Lt2Zc4SwBzGMgYxZ2j2A==
6h6uqFZ0kUr1FrrYyPYnm/DHZzuIW9i9Fxev9JUGXv8Ze6OIOP6C1DSRNQxQjgfLItaCTZeV49vumATRbqavdsG9T1GIiVNTKRZMaaACWIXXm9m43dfwKXK4km/jydeOWVHfOyk3GBEi92IqnyizvZLXTe0VIu2gw1gdlMs7JmrR5Cf4vC6wb0deV03qcTVHh6s+R3nnFXch2G8pT3hY6LkKYO4Lyq7Il5Lt2Zc4SwBzGMgYxZ2j2A==
jUKW7Rn1BICy+C4DVnB8EvPHZzuIW9i9Fxev9JUGXv8Ze6OIOP6C1DSRNQxQjgfLItaCTZeV49vumATRbqavdsG9T1GIiVNTKRZMaaACWIXXm9m43dfwKXK4km/jydeOWVHfOyk3GBEi92IqnyizvZLXTe0VIu2gw1gdlMs7JmrR5Cf4vC6wb0deV03qcTVHh6s+R3nnFXch2G8pT3hY6LkKYOkKyq7Il5Lt2Zc4SwBzGMgYxZ2j2A==
pEr2WQD9MViU1AtyDs41+/PHZzuIW9i9Fxev9JUGXv8Ze6OIOP6C1DSRNQxQjgfLItaCTZeV49vumATRbqavdsG9T1GIiVNTKRZMaaACWIXXm9m43dfwKXK4km/jydeOWVHfOyk3GBEi92IqnyizvZLXTe0VIu2gw1gdlMs7JmrR5Cf4vC6wb0deV03qcTVHh6s+R3nnFXch2G8pT3hY6LkKYOwKyq7Il5Lt2Zc4SwBzGMgYxZ2j2A==
8Rts5ujT8ImKEMdvE/9OG/DHZzuIW9i9Fxev9JUGXv8Ze6OIOP6C1DSRNQxQjgfLItaCTZeV49vumATRbqavdsG9T1GIiVNTKRZMaaACWIXXm9m43dfwKXK4km/jydeOWVHfOyk3GBEi92IqnyizvZLXTe0VIu2gw1gdlMs7JmrR5Cf4vC6wb0deV03qcTVHh6s+R3nnFXch2G8pT3hY6LkKYOkNyq7Il5Lt2Zc4SwBzGMgYxZ2j2A==
7LDqZYnzuoEXpw2vt5xky/DHZzuIW9i9Fxev9JUGXv8Ze6OIOP6C1DSRNQxQjgfLItaCTZeV49vumATRbqavdsG9T1GIiVNTKRZMaaACWIXXm9m43dfwKXK4km/jydeOWVHfOyk3GBEi92IqnyizvZLXTe0VIu2gw1gdlMs7JmrR5Cf4vC6wb0deV03qcTVHh6s+R3nnFXch2G8pT3hY6LkKYO8Nyq7Il5Lt2Zc4SwBzGMgYxZ2j2A==
07PqAXy+2V4cl1sTe5w5vGQMJLGfcVQVGH9T0ecO2dgOzS0te+LEkGL2ELcdFjxwd9k24LpHi5vj2eqeDOtiuL+EtatXe7SnczHNcKQzjDxoV4NtoXKBGbBrtv5aFS+XBzzth4fRVdl4s4ZRyrBzVkMvBmH1Z4msbSJH3pUuR6W2GCVyv1IAgBCNI7g/l0bPhRVT3cYNpanVtWUeJ9MDpgjajVy4gPSkQuqztMXD+8Y7Emcu8BLZk6Pa
nTpSP3NNOYrs2E56A+jIVGQMJLGfcVQVGH9T0ecO2dgOzS0te+LEkGL2ELcdFjxwd9k24LpHi5vj2eqeDOtiuL+EtatXe7SnczHNcKQzjDxoV4NtoXKBGbBrtv5aFS+XBzzth4fRVdl4s4ZRyrBzVkMvBmH1Z4msbSJH3pUuR6W2GCVyv1IAgBCNI7g/l0bPhRVT3cYNpanVtWUeJ9MDpgjajVy4gvSkQuqztMXD+8Y7Emcu8BLZk6Pa
Ges6hMPbUuOReJ5aJn4b4GQMJLGfcVQVGH9T0ecO2dgOzS0te+LEkGL2ELcdFjxwd9k24LpHi5vj2eqeDOtiuL+EtatXe7SnczHNcKQzjDxoV4NtoXKBGbBrtv5aFS+XBzzth4fRVdl4s4ZRyrBzVkMvBmH1Z4msbSJH3pUuR6W2GCVyv1IAgBCNI7g/l0bPhRVT3cYNpanVtWUeJ9MDpgjajVy4hPSkQuqztMXD+8Y7Emcu8BLZk6Pa
Ges6hMPbUuOReJ5aJn4b4GQMJLGfcVQVGH9T0ecO2dgOzS0te+LEkGL2ELcdFjxwd9k24LpHi5vj2eqeDOtiuL+EtatXe7SnczHNcKQzjDxoV4NtoXKBGbBrtv5aFS+XBzzth4fRVdl4s4ZRyrBzVkMvBmH1Z4msbSJH3pUuR6W2GCVyv1IAgBCNI7g/l0bPhRVT3cYNpanVtWUeJ9MDpgjajVy4hPSkQuqztMXD+8Y7Emcu8BLZk6Pa
fX6U+2m7uPvtxUy4k03WP7IkMy0UbD9da4YFX82uynZdbK47eLPE8mDhMxBdm7VcWjppkgVdRUnICSPT5aHXBPEjbqMl
JZLyo+JM+cycGheTm8XJsJiiIxAqhZevPAUDgb7xZGuyyA84Kkr5HaYmld+9Dno2rQy+O2hTtDLQQcOQzTvlnAYfWZv0PZWJmOmzU1XBJ0TBA36jNQ==
xA4rvwCyQD8ve4CWgKFfVE2iLTy2mLABajK18eJFWUqw0xHlv45CqlN1fJLnDw96oP7XyHx7qpfO+go18UC/Dz/0Ofs7uRZZr2GC3UFDZzU9TDsHfKM3
JpdZSyZGsmoaZHU0r8Jn8h6iLTy2mLABajK18eJFWUqw0xHlv45CqlN1fJLnDw96oP7XyHx7qpfO+go18UC/Dz/0PPs7uRZZr2GC3UFDZzU9TDsHfKM3
W6WCXU8qlBT8TF1dtGiMSGDywxqjoDgYPp3kijttbDX31t5r/3kRbuz2vc0STkl/wabuRhmUMrvkywDCROk/MJHTUczWphVZOEVBWezBbzNpKTN0NRtyozk=
aYjhntdUkhBjQKM4a4R2NqLb5u7+99h/XyfO/qsrKRuTy/fbfpyol8B+mSe4HiconIWaNOodW4Xp4+ZhDxhYiPkq4MLNKqkpV7Jt+ddYS2AzOEg4BX2jOA==
9kZx/DrwSQ9a3fKC7+eEHjkZxqZ95CwrGSRDGDGN9NAXCmiDoi6Ww5vXDXVu62O2iMotDPg31RRIW5MEBRNb1rsCh/4w4jljoyo=
DxqU5HCSvEkMhJSzB4BC0dvaEl1xsjB0G2ybyGj2jWpXGwwauQghmtUaDqQ0KERZDk07J+zax+Sty5fbjQCs5gdEya4RXhE/eVZmJkFE2ruMm9gizJmH8EnDWewtE33fkLV5OeTRt3MRmbvUbUtaoxE=
wIsyZwyJx+sqCfJiJVOt6ZiiIxAqhZevPAUDgb7xZGuyyA84Kkr5HaYmld+9Dno2rQy+O2hTtDLQQcOQzTvlnAAdWZ30PZWJmOmzU1XBJ0TBA36jNQ==
BNR8PFEk6HozYc31DDCPhnqSk6UIBObkmkgzCXuOgulvhSVtep7xPxmWhqYhhDq77Ns4oqzZZ/Apg7lsTFSd3bD12blEkZdzMdkbVM0LeqMx
OExbv4/jJmuZvv47L+7B1WEQ8P8gt9vdOrm2HGuE2xbs+8KdgUyi9K7ayogQiJd8E2B/ijSq0AN3u773Jxg0FWUxcitRfUVvHjhPG70gvOYXJLnuQf6hv+m2luaRZOq7vLuIYrz5F3D5Y4ks1vRt04CVSXm0scfzgTkLFL2rqqPh
qkGAjIBSdBnDecYJv+SsDSYpIeJwD38iPVurS1ZzXG7wmVNdU1E3tNnAOB84h/OdUikOvKN0wxb0i4o9OdxKNIbq0uhY2C/867C3qizauEPfK0YX7ygsFX0Busup7e0vdkhXO3XwRGavdPGOWc6JfwEmLkbZFPK7pEtAwgRpfzDRU5HMEybVUvjFAVmsQS8zKalzdPWbsqP5
ciZSnIugbp55ERAZI17SD7FPwSl2mkpWZnRUlXUJXGDBkQCE8w0gbXuSIsTmIJxxYj+CtYedlcGKuoexg184FFkDuyzKhmFo/7YXUgcPbzoAfneIHHtKV256qvURQN9P33SRvxu78xnO4SIdYUNH9d3MW0dcoxc=
nC66Ce2fZB2ZZGKGXBF0F2CrjRulvS0VIYDrmT05bDX31t5r/3lDeObyrc0STkl/wabuRhmUMrvkywDCROk/MJHTUczSpxVZPUVAWezBbzNpKTN0NRtyozk=
CeDu23cjv62WPRfI/+4upvZC5VXFRoVx0ehYf8YUhpK9PAX3EXeGQZSFWWekEGFFMRYuqg9HBrZZoKBT2p3puArw5Im+7m/OcRXvyRgB06tZ/iyx8MoYveez+aDN3/BRgtByNzOBFzbp+X+jub+Y6VIfAvLP4POFov9t9QUq7dgzMP3MG3Pm0mFMh2AspjCXN7Y3lbq5dX+3gx5fae8VD9Gwj3GfMJhQCaLAcppCLjTne40Bx/ALOEMw6ADVlaOg
AOg+oOo63Ees5Cvr0YhO8vDHZzuIW9i9Fxev9JUGXv8Ze6OIOP6C1DSRNQxQjgfLItaCTZeV49vumATRbqavdsG9T1GIiVNTKRZMaaACWIXXm9m43dfwKXK4km/jydeOWVHfOyk3GBEi92IqnyizvZLXTe0VIu2gw1gdlMs7JmrR5Cf4vC6wb0deV03qcTVHh6s+R3nnFXch2G8pT3hY6LkKYOwNyq7Ml5Pt2Zc4SwBzGMgYxZ2j2A==
VChRg+/sta+/UFX4nNd2SPDHZzuIW9i9Fxev9JUGXv8Ze6OIOP6C1DSRNQxQjgfLItaCTZeV49vumATRbqavdsG9T1GIiVNTKRZMaaACWIXXm9m43dfwKXK4km/jydeOWVHfOyk3GBEi92IqnyizvZLXTe0VIu2gw1gdlMs7JmrR5Cf4vC6wb0deV03qcTVHh6s+R3nnFXch2G8pT3hY6LkKYO0Jyq3Ml5Pt2Zc4SwBzGMgYxZ2j2A==
4eZo+eyXXBgO0wFcvg6VZd3KwAoBhOYxeza8Exfc2OBG0XvQFUsd/MOq8R2ZzdypoNlrE61Rv+SJ0xajXQ==
wctAGoDKeilLn6oN+UjNiv/24svdQqW8z6Y0FbVQWwAIib2AojJqOzD3pvudzGjfnUeLYxTb3LfSoh8PZVUswbOogin8fRMeSKIdFJgIBnzMtsM95QtrPvuqd2aQGmlLowI=
LsvQjlRorh3Yk7XIp4i+rgZ077XPFOFqzVrLX/Qwse5aXbzhyp4Ik6N0dLCaia+w4TPhjCXDJVxNZXAZHGHfs/mJ4zTlO2KjKQ==
0ywjsJLLqvgKdmaPMN2Mf5E7Q25Qw23ceGhhQLrsAmHKqxPplVcCS1DTuN+Vw0BweyhRQ+pc6kwNzx+usS3k9glpMm0GRjzJs6CSMdwFI9aI6m2seJaR9Ew+U6WFs5v2u+JHnrACeUOjCg==
x/ZnYZtOaN6olIx5QUS0KXUS36kfWkd/m5T3DLBIiSPwJFnfzsdOWDir80YeqwQrV+R4vPEm0Oq09mx4vx/9fU/kqxT79DjcPWGjLA==
zJWl1d5l/PxeY8DNnEgN/hzC4ctGJyjL0XNWsdMEfwRZGznc2IfnalCvnd+wL3Papj/0R/9AGECpkgCjebIipMfLzVGngIso4wAo0DVlozA=
LsuYtMANGsOG7xM0hbe9yRzC4ctGJyjL0XNWsdMEfwRZGznc2IfnalCvnd+wL3Papj/0R/9AGECpkgCnebIipMfLzVGngIso4wAo0DVlozA=
w0dEDozlBk9MSymbWnrGufDHZzuIW9i9Fxev9JUGXv8Ze6OIOP6C1DSRNQxQjgfLItaCTZeV49vumATRbqavdsG9T1GIiVNTKRZMaaACWIXXm9m43dfwKXK4km/jydeOWVHfOyk3GBEi92IqnyizvZLXTe0VIu2gw1gdlMs7JmrR5Cf4vC6wb0deV03qcTVHh6s+R3nnFXch2G8pT3hY6LkKYOIIyqLMl5Pt2Zc4SwBzGMgYxZ2j2A==
XdOLS4/1zb4yLtCcOYE+b/DHZzuIW9i9Fxev9JUGXv8Ze6OIOP6C1DSRNQxQjgfLItaCTZeV49vumATRbqavdsG9T1GIiVNTKRZMaaACWIXXm9m43dfwKXK4km/jydeOWVHfOyk3GBEi92IqnyizvZLXTe0VIu2gw1gdlMs7JmrR5Cf4vC6wb0deV03qcTVHh6s+R3nnFXch2G8pT3hY6LkKYOMIyqLMl5Pt2Zc4SwBzGMgYxZ2j2A==
ZYxAsdO/rKNXCT+9sLY08gZ077XPFOFqzVrLX/Qwse5aXbzhyp4Ik6N0dLCaia+w4TPhjCfEJVpMZXAZHGHfs/mJ4zTlO2KjKQ==
/70XH7rcJ0EL4FLfYzDXYwD9423LJoRegSH8Omnl6iE2qmRlMwzK3exJ+1roJnWgSHkOWIoTS0k1PwM62+6f0gDuIW+jJg==
qaDIk3WcIzaDKNse+BP3A8DizIrR9VSeyUFCtaY+7OGziEJJfN1T/kiC3XQYrEGcytcDnWXrKx77yrfGEPopa6Mi
PeOuguwi/gjirtznk5xmprIxPDtVcjNddtYDQc60xFJVBoQTL+zgwG7hMxBdm7VcVDppmgBdREnICSPT5aHXBPEjbqMl
QluZOBWMJPpJjK3TvQseAQD9423LJoRegSH8Omnl6iE2qmRlMwzK3exJ+1roJnWgSHwNWIkTS0k1PwM62+6f0gDuIW+jJg==
Dt/NPlIdr5WsWUPi8QxiGB9DeIaVi/fWabUMIlGRnAB+Go9CRlPtqDqIVNVhwA9vz7QMHku5InleITJ9McP3le0M6ydsoyc=
XkarKwJGXeWY2P83IBXKW0phwYBuJRCLClK/q93Cm70OJluB9uQcMr0WjBMn/IggNjELUIXrTTz/j+EYiK0s6XC5+5Md8Q8k2TNmoy0=
h9jB9jL5iUFtu541NK2GQgD9423MJoRegSH8Omnl6iE2qmRlMwzK3exJ+1roJnWgSHwPWIgTS0k1PwM62+6f0gDuIW+jJg==
WcRxpxuI9ER27TqIOm/oaUphyoR0MgfYWkG0vN3Cm70OJluB9uQcMr0WjBMn/IggNjELUIXrTTz8jOEYiK0s6XC5+5Md8Q8k2TNmoy0=
Np0Uu9SPInlx/Gh8lYjYGaCn3HNW3PH1F10M9biUdLcvG2yUANDp+0B8mYf+Hy5ACLPzXi6zZPNnvLjkQf6wcARu6OEPh52l/7xrTMssWMQNeaM0
O7Mai2OQG9xDwxrZCz38l+actBgZLY7dlHQqjtmghH3qXMP+hcUQGkVx6NjCSmMq0tN5QFZY6I2VoBtX00RtNn/41hHyka6FpWNDzRFcxw94ozM=
vvSVbalqSHOJLt3bahGWteI1KydVcjNddtYDQc60xFJVBoQTL+zgwG7hMxBdm7VcVD5pnwBdREnICSPT5aHXBPEjbqMl
DpOaM/bEab9joHxx4PaPcbIxPDtVcjNddtYDQc60xFJVBoQTL+zgwG7hMxBdm7VcVz1pnwBdREnICSPT5aHXBPEjbqMl
BCc02ycP8T86DN7mtjkTXwD9423LJoRegSH8Omnl6iE2qmRlMwzK3exJ+1roJnWgSHsPWI8TS0k1PwM62+6f0gDuIW+jJg==
yI+8eTKUdC4aRDzFD6HxRgD9423LJoRegSH8Omnl6iE2qmRlMwzK3exJ+1roJnWgSHUJWI0TS0k1PwM62+6f0gDuIW+jJg==
mmeatkR82B65DtPTEULmp/nZ+B8CKpjQkX44ktWkhH3qW8P+hcUQGkVx6NjCSmMq0tN5QFZY6I2VoBtX00RjNn/91hHyka6FpWNDzRFcxw94ozM=
rA3sfmz4o8Rl3n8Iade2Da+2mT9Rx/bjGlgG56SYcLcvG2uUANDp+0B8mYf+Hy5ACLPzXi6zZPNnvLjkQf6wcgFu7OEPh52l/7xrTMssWMQNeaM0
3XL3wRmVuO8MTnwPXI1yFwm501RmTNOytnkWDswYXaiaprJ6kSX0LkkxouVmDszxs5hiebyNs47IMn2kWFoljMvE4+2lu4uuezrXFlDKCXujMg==
LavGWEc6AXpcFKdZjvPDdq1hLyZVIXMbPNIDQc60xFJVBoQTL+zgwG7hMxBdm7VcWj9pmwNdREnICSPT5aHXBPEjbqMl
z6RvtQB9+kt3uS+9TBC5xx+p+nbaJtcex2v4Omnl6iE2qmRlMwzK3exJ+1roJnWgSHkOWIsQS0k1PwM62+6f0gDuIW+jJg==
EvZcKXnjPze+lXJSFXHoDMDizIrR9VSeyUFCtaY+7OGziEJJfN1T/kiC3XQYrkGcy9QDnWXrKx77yrfGEPopa6Mi
p5ViOBr1EIouPF4fp2528VUz3ZdwJRGGH1y2od3Cm70OJluB9uQcMr0WjBMn/IggNjELUIXrTTzyiuEbi60s6XC5+5Md8Q8k2TNmoy0=
r1XRKJb0NKja5LOsk8cvmEgS6aRPO2vE8sBu51GuFKbh+Uxyqa0aeRaSdG0zBNrlzBELEihuxXgohZ3QCpjbMdVns/KbJu8KINYxZ6Mu
y1Pxwvlvu8bKS7Tw7I2ugFzidXvzyvJAPWLn96dHSkHjjh2orIEHtll1fMLhEQxgrtrfolZT/cjqyAQ18UC/Dz/0P/o7uhFZrmGC3UFDZzU9TDsHfKM3
O9GyrLH51sMJc/rubnJDVDkKj6Vh/ihvGCRFFX/b/5EXAHSRxS386bOAUlFc5WO2iMotDPgx0RRKXJMFBRNb1rsCh/4w4jljoyo=
kQoQKCwivIqmwNOcUiZGlQZ077XPFOFqzVrLX/Qwse5aXbzhyp4Ik6N0dLCaia+w4TPhjCDFJVlPZXAZHGHfs/mJ4zTlO2KjKQ==
THTJcLKGVqNMjVLKNANgaEzDir5lHhz5pmrxOBoLfybxFaRyqdFEMFb691JOU+W4wuh85TkAd79nFJJvwzmpycbBWq2Jgy/lBSzTN2SjLw==
PxoD970mrL7Zts29GdKCB2Xe0rsUAvvugkU4Em+EhOshmi9tes73IRqMiIIp7hCTu4QckKLZZ/Apg7lsRlOd2bf12LlEkZdzMdkbVM0LeqMx
GdRnvU7TbtTCdp3IWdsfUG0b/hpaw7vI+LTZ90iIubsmW/7soCdzwpYXlL+viNgYWfqgHuw6qT53Yy0pd8jL8JPoCOglbaMo
NZ6ddYWJ8DrqUqeCb3E47hk44LLHFPxrmQrHDaJ+v+FSXLCiwZ4Ik6N0dLCaia+w4TPhjCDCJVlPZXAZHGHfs/mJ4zTlO2KjKQ==
qJzPSTt74i7PDpceN2jbrBo2+Yx6Wr3wXss7bj1leMoNMSCo6mp72srTYTBOeMB93WDTBzvk3aAHeG2BCvEGVe2jC/35PN8/YKMr
ThrrnYMogNi1PW6PolKCMKuWu1RMJIbTkWYr3NK6xWDmS8P+hcUQGkVx6NjCSmMq0tN5QFZY6I2VoBtX00RgN3/41RHyka6FpWNDzRFcxw94ozM=
PqxS0wodppD486eFwbdSPxk44LLHFPxrmQrHDaJ+v+FSXLCiwZ4Ik6N0dLCaia+w4TPhjCfCJVhPZXAZHGHfs/mJ4zTlO2KjKQ==
4X21UPv+okhJekKbjxinZ0gS/qxYJy7ZtsRu6VuuFKbh+Uxyqa0aeRaSdG0zBNrlzBELEihuxXgojZjQCJjbMdVns/KbJu8KINYxZ6Mu
Gf6otOuHnNAVxKbTJbLXf0gS/qxYJy7ZtsRu6VuuFKbh+Uxyqa0aeRaSdG0zBNrlzBELEihuxXgohZ3QD5jbMdVns/KbJu8KINYxZ6Mu
hMUqQUjPUD27GmcFcRtgegjW4oRKPijJgnNeospLO1BIHDmPmMD5Y1az3tSwL3Papj/0R/9AGECpkgClebIvpsfLzVGngIso4wAo0DVlozA=
tbFQU9+2o6ygdCFkDanbzPZC5VXFRoVx0ehYf8YUhpK9PAX3EXeGQZSFWWekEGFFMRYuqg9HBrZZoKBT2p3puArw5Im+7m/OcRXvyRgB06tZ/iyx8MoYveez+aDN3/BRgtByNzOBFzbp+X+jub+Y6VIfAvLP4POFov9t9QUq7dgzMP3MG3Pm0mFMh2AspjCXN7Y3lbq5dX+3gx5fae8VD9Gwj3GfMJhQCaLAcJpCLzbne40Bx/ALOEMw6ADVlaOg
TUr4WLM5iSIM3HHEHDNWCxL7EGu5Qzl2HmNor40miXLNFrph8RZBv5rItR74GRJjUnwjoLyY+We3m04jdLaeQyorHXh0xu0AtB3YJe1zcFDAACMW4nW2Py/jgpP+dwAoSMCcdheZJ8usuPSRmNtlLWmRo3k5faSu60tXix3C+eDWhRWjEMxeLbaNqAJSl4D1XhMDK+QZx/CJQ5nsapM931c1ODmkUXdz0Rn71C3LmqPR
L5wbW31rMXI7fU2agy6vdhL7EGu5Qzl2HmNor40miXLNFrph8RZBv5rItR74GRJjUnwjoLyY+We3m04jdLaeQyorHXh0xu0AtB3YJe1zcFDAACMW4nW2Py/jgpP+dwAoSMCcdheZJ8usuPSRmNtlLWmRo3k5faSu60tXix3C+eDWhRWjEMxeLbaNqAJSl4D1XhMDK+QZx/CJQ5nsZpM931c1ODmkUXdz0Rn71C3LmqPR
uYhJxxYezgzyhm2qaa8fLxL7EGu5Qzl2HmNor40miXLNFrph8RZBv5rItR74GRJjUnwjoLyY+We3m04jdLaeQyorHXh0xu0AtB3YJe1zcFDAACMW4nW2Py/jgpP+dwAoSMCcdheZJ8usuPSRmNtlLWmRo3k5faSu60tXix3C+eDWhRWjEMxeLbaNqAJSl4D1XhMDK+QZx/CJQ5nsaZI931c1ODmkUXdz0Rn71C3LmqPR
zXOfUBZDccfl4eyjaSMfsPDHZzuIW9i9Fxev9JUGXv8Ze6OIOP6C1DSRNQxQjgfLItaCTZeV49vumATRbqavdsG9T1GIiVNTKRZMaaACWIXXm9m43dfwKXK4km/jydeOWVHfOyk3GBEi92IqnyizvZLXTe0VIu2gw1gdlMs7JmrR5Cf4vC6wb0deV03qcTVHh6s+R3nnFXch2G8pT3hY6LkKYOwLyq7Ol5Pt2Zc4SwBzGMgYxZ2j2A==
H0ZUOAxpt5jO7fqZkCpKUNjVpf7Wcwyydvje8W5Dq0czZjRHuudPciPSZ4I46WOy6+9QjGc22g0YY1hoAYhu3DM3HT/cq/YiNOOAf98wpuLHEL4Zyg3PJ7oQClSBvnDxPK+FR1DbPCMqCGLUnn4FvQ2bZvwmOTpP763jBQHR6zlu/sFvRYMf1tPA/NHX68Jo9L08CTqq8MNKtZRHIQP2Hc3go2dLpKzAl379obqxNvXdIxtdKfwP35Cj2w==
mqq9ONpnJvD9Wr/69wLWVNjVpf7Wcwyydvje8W5Dq0czZjRHuudPciPSZ4I46WOy6+9QjGc22g0YY1hoAYhu3DM3HT/cq/YiNOOAf98wpuLHEL4Zyg3PJ7oQClSBvnDxPK+FR1DbPCMqCGLUnn4FvQ2bZvwmOTpP763jBQHR6zlu/sFvRYMf1tPA/NHX68Jo9L08CTqq8MNKtZRHIQP2Hc3go2dLpK7Al379obqxNvXdIxtdKfwP35Cj2w==
o5R+Z+jqyauBpNlPgfubztjVpf7Wcwyydvje8W5Dq0czZjRHuudPciPSZ4I46WOy6+9QjGc22g0YY1hoAYhu3DM3HT/cq/YiNOOAf98wpuLHEL4Zyg3PJ7oQClSBvnDxPK+FR1DbPCMqCGLUnn4FvQ2bZvwmOTpP763jBQHR6zlu/sFvRYMf1tPA/NHX68Jo9L08CTqq8MNKtZRHIQP2Hc3go2dLpKjAl379obqxNvXdIxtdKfwP35Cj2w==
2dZRZMm4R3Lrs3jFmiZXUwhibmUTMoCrSn4wOJg9KJv9iwVWAmtsv6kexbKB7t7xdZ7d32aAcS7cAR5jXmQHkHjQBQcrE8qzEE7Sg2YTOWhwzvEgiNWc1Ynr/NBMmMdmJj2KHzPrhoPaT8xohLh45pMRuyvQcLChvMNpLWWJh0l9tdhOd8PTG/m6NaAavTGzFMRCDYrFbHK2Dwx10otn26DR+9CVS538QqxxHhvNXKkg2esTLVE/5AnTlqPd
VquanZD7Wb/jDRNjP9+ntQhibmUTMoCrSn4wOJg9KJv9iwVWAmtsv6kexbKB7t7xdZ7d32aAcS7cAR5jXmQHkHjQBQcrE8qzEE7Sg2YTOWhwzvEgiNWc1Ynr/NBMmMdmJj2KHzPrhoPaT8xohLh45pMRuyvQcLChvMNpLWWJh0l9tdhOd8PTG/m6NaAavTGzFMRCDYrFbHK2Dwx10otn26DR+9CVS538S6txHhvNXKkg2esTLVE/5AnTlqPd
VquanZD7Wb/jDRNjP9+ntQhibmUTMoCrSn4wOJg9KJv9iwVWAmtsv6kexbKB7t7xdZ7d32aAcS7cAR5jXmQHkHjQBQcrE8qzEE7Sg2YTOWhwzvEgiNWc1Ynr/NBMmMdmJj2KHzPrhoPaT8xohLh45pMRuyvQcLChvMNpLWWJh0l9tdhOd8PTG/m6NaAavTGzFMRCDYrFbHK2Dwx10otn26DR+9CVS538S6txHhvNXKkg2esTLVE/5AnTlqPd
KZzNK5BoTYEIT4DnX6310BgjSSYzFX0WBB25ZxwCllNIyvwNTpNrZlRE8iLSh97Aj9sO9I91VD54yXvwYKLTRBhovZayqtr95+e5wP/E62skTPwC0MByS6/9QKvMndaHt1kI5nV9Y3tcug5VocBP7w+0T58LuuD5HiHy/fHDtxUtDKunrKPn
q9HNXfmYYCj4CwcCMZ7671MpE77IHn2JzJCG9UJIeir/F5fG5leX9SsIQzaPdIGS7fCY6j0NHWi2XRfmoQQGYIm2fKHj1mcp7EI3af4Vhhv4eqbhcUfh2dJxXV/nKcVR+DsWKSrow54D53a51V+ZpG0qV+a19jdt9tCVKl8qkAiQBbNAX0/2h0Vdo4XmNbWh1b11JgeL8+7Ikj2E2H5hLMplI80lm0sOe9oX9tAqyZuj0g==
9jX0arhsuZ7CS2UIp9Cy8dBMKShvm2QX8ZQaI/CPuj2tAvYxElOd8aVz7T8NbW0iccmcq//euLVFTW2oz9l7Nuonl6HutLdlWiJsWCTYh7zaZTb37tp0X1zrIMteyNZ8Ag6JJbk7MgRq6QZn+633LT0Bp8E6XnX3yfODfmcAiDnL285wAN3oMXZ6jCveNQAv3VM6JZkA139HlLevYzpICSZBum1pg88l5awz94Sjzw==
4JXxMRbt3oVqxZsT5K7kz//fxHS+IgUe63kEerLXrqepdHKzSA9CrQWirsFak1WhXRPFDxVtdRJZqWT7Nx7wRR3txTg3WcOmgsfPESb0fzViAgSoPNifzDJFDiemGjzvhIvIW+ZIruyqrlFVcXt61BIJLlfjre8dFeHfEXIevYcRUyvuH4AwqSO7FsBIHaDhTlpkW8Y1GN+1cwJ1UUAfzx903z/burCZjuHinSFDB3UdzBvHnKPX
CxbxKK376jErKNyMjzMXQeMQMGOPs+LYDuLsRfNpdKpm+4dMXG8m7yyxK5qA3bTjW71TK8sTG217DleRauc5bh5ZM9XrJFm5rXqs/+FNyISxaaw6SnRyGNEQfP3Ae2hq0rMqM2aHiKjAcAQW/8mfC/RInLGgy20tYYGbWVGN/G5TG7/rhXJxYF51jQO4nKZtbr2A4iqHiPVWA/tLzCmfMPGTMUzx47Va3oWg2cyBzzMJaRP0FduSo9k=
kgGKl0SIRyFXV9eepTKVVAjvEi3kGCdnOSsv7MQfrm+kAbN66A0Mo4PNuwvzAxNtcx5vsYKX4S6miVs1c5TROSUKNF9JnbBE6VmEWrJkehjZAAQd6EuwKirjgpP+dwAoSMCcdheZJ8usuPSRmNtlLWmRo3k5faSu60tXix3C+eDWhRWjEMxeLbaNqAJSl4D1XhMDK+QZx/CJQ5nsaZM92lY1ODmkUXdz0Rn71C3LmqPR
6QyKHgEcgXc41LVuT1U4ShggGbmYCniS1YbVslhTbT//F5fG5leX9SsIQzaPdIGS7fCY6j0NHWi2XRfmoQQGYIm2fKHj1mcp7EI3af4Vhhv4eqbhcUfh2dJxXV/nKcVR+DsWKSrow54D53a51V+ZpG0qV+a19jdt9tCVKl8qkAiQBbNAX0/2h0Vdo4XmNbWh1b11JgeL8+7Ikj2E2H5hLMplI80lm0sOe9oX9tAqyZuj0g==
04MXS2opxhNHR0gTLZWOaQjvDyHiCjxuCSsv7MQfrm+kAbN66A0Mo4PNuwvzAxNtcx5vsYKX4S6miVs1c5TROSUKNF9JnbBE6VmEWrJkehjZAAQd6EuwKirjgpP+dwAoSMCcdheZJ8usuPSRmNtlLWmRo3k5faSu60tXix3C+eDWhRWjEMxeLbaNqAJSl4D1XhMDK+QZx/CJQ5nsaZM92lY1ODmkUXdz0Rn71C3LmqPR
He5/fhXjj1wf6lk9Pmo/CMaI/K6IN0nxKqHMpD4P7Q46ejAP/aQGSwTPDpUx8nqppvNJiWkj0RcZbXkKTZlQ0yt+DC3JvfEAe5mPXvYXm7maVONdlnKQMLBYE1SmtXrPOrqAR1DbPCMqCGLUnn4FvQ2bZvwmOTpP763jBQHR6zlu/sFvRYMf1tPA/NHX68Jo9L08CTqq8MNKtZRHIQP2Hc3go2dLpKvHl3r8obqxNvXdIxtdKfwP35Cj2w==
dEBs2NgcndztH8zMYuRNj2kzfnLNedGgWojfAb2TcxyI12ovYEl/SrT1aIOn1Ucb/wsXbXcWY6F+j8UOwnEHBb/cFXnhwnivFSUUJA3BOMo+7P6YXYiIjVTT1MqOW17jMj9E6AwI0EbL4cPriKCIgZTTYS1tma9pRWWAjg8zi7tRCr0gks3Z08x0+s3SFRSS3h8Eddqbj7tYgSOQLfvFHCVb+ZqSffQJ+KkTU/UBB8Qhw56j1Q==
SpNgeRbmZ9SulJK8FDbpe2g6Y2XLepiyCobDC7jSR1KEzWI6YEl/SrT1aIOn1Ucb/wsXbXcWY6F+j8UOwnEHBb/cFXnhwnivFSUUJA3BOMo+7P6YXYiIjVTT1MqOW17jMj9E6AwI0EbL4cPriKCIgZTTYS1tma9pRWWAjg8zi7tRCr0gks3Z08x0+s3SFRSS3h8Eddqbj7tYgSOQLfvFHCVb+ZqSffQJ+KkTU/UBB8Qhw56j1Q==
awE63QrsK5FOjstEr5CAaNOBghsOheplNQnPPVmP/tJc0XvQFUsd/M2r8RqazdypoNlrE61Rv+SJ0xajXQ==
shm6hPzRHM2duT4bDDykAc6bGUTEjew5lD9hhT8zAyYIWo3cuAbxJEptszXFQ/tGO5JnrvCS2ROjWg==
0QXqaAcvVoM96JLzBeMLuVERc8gl73rb7OgTBIOgaT0OkclOUb8eDAcsOHShjnBAJX7q8y+3XdUfLOvcq9wY9C1poyQ=
GEzRYJB/SQ84GiOBkxrqWBgjSSYzFX0WBB25ZxwCllNIyvwNTpNrZlRE8iLSh97Aj9sO9I91VD54yXvwYKLTRBhovZayqtr95+e5wP/E62skTPwC0MByS6/9QKvMndaHt1kI5nV9Y3tcug5VocBP7w+0QJ8LueD5HiHy/fHDtxUtDKunrKPn
b/ZSroxMz1XEiHmtZsvvZ1MpE77IHn2JzJCG9UJIeir/F5fG5leX9SsIQzaPdIGS7fCY6j0NHWi2XRfmoQQGYIm2fKHj1mcp7EI3af4Vhhv4eqbhcUfh2dJxXV/nKcVR+DsWKSrow54D53a51V+ZpG0qV+a19jdt9tCVKl8qkAiQBbNAX0/2h0Vdo4XmNbWh1b11JgeL8+7Ikj2E2HFhLMllI80lm0sOe9oX9tAqyZuj0g==
ha5OV0GIfOKa/yLelFl2pNBMKShvm2QX8ZQaI/CPuj2tAvYxElOd8aVz7T8NbW0iccmcq//euLVFTW2oz9l7Nuonl6HutLdlWiJsWCTYh7zaZTb37tp0X1zrIMteyNZ8Ag6JJbk7MgRq6QZn+633LT0Bp8E6XnX3yfODfmcAiDnL285wAN3oMXZ6jCveNQAv3VM6JZkA139HlLivYzlICSZBum1pg88l5awz94Sjzw==
lIl7tY4pL6KHZoO4OQAXMP/fxHS+IgUe63kEerLXrqepdHKzSA9CrQWirsFak1WhXRPFDxVtdRJZqWT7Nx7wRR3txTg3WcOmgsfPESb0fzViAgSoPNifzDJFDiemGjzvhIvIW+ZIruyqrlFVcXt61BIJLlfjre8dFeHfEXIevYcRUyvuH4AwqSO7FsBIHaDhTlpkW8Y1GN+1cwJ1UUAfzx900D/bubCZjuHinSFDB3UdzBvHnKPX
lQhH2SnEHUpuGqFiTa+3I+MQMGOPs+LYDuLsRfNpdKpm+4dMXG8m7yyxK5qA3bTjW71TK8sTG217DleRauc5bh5ZM9XrJFm5rXqs/+FNyISxaaw6SnRyGNEQfP3Ae2hq0rMqM2aHiKjAcAQW/8mfC/RInLGgy20tYYGbWVGN/G5TG7/rhXJxYF51jQO4nKZtbr2A4iqHiPVWA/tLzCmfMPGTMUz+47VZ3oWg2cyBzzMJaRP0FduSo9k=
YdDk8ZR5ZqFXCJrzDQalcwjvEi3kGCdnOSsv7MQfrm+kAbN66A0Mo4PNuwvzAxNtcx5vsYKX4S6miVs1c5TROSUKNF9JnbBE6VmEWrJkehjZAAQd6EuwKirjgpP+dwAoSMCcdheZJ8usuPSRmNtlLWmRo3k5faSu60tXix3C+eDWhRWjEMxeLbaNqAJSl4D1XhMDK+QZx/CJQ5nsZpM92VY1ODmkUXdz0Rn71C3LmqPR
LQGj910HN+mSY6gPbk1qZhggGbmYCniS1YbVslhTbT//F5fG5leX9SsIQzaPdIGS7fCY6j0NHWi2XRfmoQQGYIm2fKHj1mcp7EI3af4Vhhv4eqbhcUfh2dJxXV/nKcVR+DsWKSrow54D53a51V+ZpG0qV+a19jdt9tCVKl8qkAiQBbNAX0/2h0Vdo4XmNbWh1b11JgeL8+7Ikj2E2HFhLMllI80lm0sOe9oX9tAqyZuj0g==
WuQX9X+q9uXzSmZDbd8JQAjvDyHiCjxuCSsv7MQfrm+kAbN66A0Mo4PNuwvzAxNtcx5vsYKX4S6miVs1c5TROSUKNF9JnbBE6VmEWrJkehjZAAQd6EuwKirjgpP+dwAoSMCcdheZJ8usuPSRmNtlLWmRo3k5faSu60tXix3C+eDWhRWjEMxeLbaNqAJSl4D1XhMDK+QZx/CJQ5nsZpM92VY1ODmkUXdz0Rn71C3LmqPR
DN5lvRm9Vd0dIrComUktYMaI/K6IN0nxKqHMpD4P7Q46ejAP/aQGSwTPDpUx8nqppvNJiWkj0RcZbXkKTZlQ0yt+DC3JvfEAe5mPXvYXm7maVONdlnKQMLBYE1SmtXrPOrqAR1DbPCMqCGLUnn4FvQ2bZvwmOTpP763jBQHR6zlu/sFvRYMf1tPA/NHX68Jo9L08CTqq8MNKtZRHIQP2Hc3go2dLpKTHl3n8obqxNvXdIxtdKfwP35Cj2w==
YtCRMhmL/4WGwsAbCLiTeGkzfnLNedGgWojfAb2TcxyI12ovYEl/SrT1aIOn1Ucb/wsXbXcWY6F+j8UOwnEHBb/cFXnhwnivFSUUJA3BOMo+7P6YXYiIjVTT1MqOW17jMj9E6AwI0EbL4cPriKCIgZTTYS1tma9pRWWAjg8zi7tRCr0gks3Z08x0+s3SFRSS3h8Eddqbj7tYgSOQLfvFHCpb+ZmSffQJ+KkTU/UBB8Qhw56j1Q==
FvNLA3fwoPs/yw85jquLzGg6Y2XLepiyCobDC7jSR1KEzWI6YEl/SrT1aIOn1Ucb/wsXbXcWY6F+j8UOwnEHBb/cFXnhwnivFSUUJA3BOMo+7P6YXYiIjVTT1MqOW17jMj9E6AwI0EbL4cPriKCIgZTTYS1tma9pRWWAjg8zi7tRCr0gks3Z08x0+s3SFRSS3h8Eddqbj7tYgSOQLfvFHCNa+ZmSffQJ+KkTU/UBB8Qhw56j1Q==
jPCRMlSXhPrktXvmh4iMSdOBghsOheplNQnPPVmP/tJc0XvQFUsd/Muq8RmazdypoNlrE61Rv+SJ0xajXQ==
okCb8t5Znfi/jdth+pLF3s6bGUTEjew5lD9hhT8zAyYIWo3cuADwJEltszXFQ/tGO5JnrvCS2ROjWg==
QC63+95AX3BjimpDe6FallERc8gl73rb7OgTBIOgaT0OkclOUb8eDAcsOHShjnBGJH7p8y+3XdUfLOvcq9wY9C1poyQ=
9urIWP8iN4P+hMSte+gHnBHzvX3RaZ1D0W31OHbi9yEh91UWHUKZ+95T+1roJnWgSHwIWIkRS0k1PwM62+6f0gDuIW+jJg==
U6hVt/+YGKMvtoHN+4I5vpdL9hjdVqMgvPd3Yo2GG//n+zp1gj4wLQUga7djBLVWj/nkMaJR3iUV49OtwRz3L2ijIw==
jPCRMlSXhPrktXvmh4iMSdOBghsOheplNQnPPVmP/tJc0XvQFUsd/Muq8RmazdypoNlrE61Rv+SJ0xajXQ==
okCb8t5Znfi/jdth+pLF3s6bGUTEjew5lD9hhT8zAyYIWo3cuADwJEltszXFQ/tGO5JnrvCS2ROjWg==
9gIbFlXFJpcL59bCwIm16jcZ/j0XlriG4a2JuxWc8LgkQfmrvVROksU1pKWviNgYWfqgH+w6qT93Yy0pd8jL8JPoCOglbaMo
Bzjug29F4jETJvTS2xOAFkRCDCB4FcuBQd/C1SVeIYvuCF2EcjcMQAOKHVsSO24jgl8U6NyooIY7wbNrWICYwQQzUS1deT8pVUVQDn8Te3shqm0gwq1pE/wUSk0CdQRSTr90dSo7H/tIYXMQnRv1XJa6KZnC3QRJiInj06UhFwSxo66j5Q==
OHsliO0VOoVqmfizeXMniyp42NU0jFs4DnBgelD2jr9WARoF3NeAk3r7Q6xY8O2P8WWxFmAeeLPRpUkODkSptzzba6KoHmWoaLF4wAmJuwEVNxMCG5YPWmAmEXejPg==
eHn/Subu+O71avVK5vrAJitcmd97ZoU45pCG9uT40EhyBS637reseWw5El2nDjguMdWps2VEMNC0+ZljjUxOupXNBC1f0JjwScJAV1yiKZenGw0hBxALmANQaCAVdaMA
HwxsK9Spyo1XOLPwMBSgqwJvtvpKVKQi0ZCG9uT40EhyBS637reseWw5El2nDjguMdWps2VEMNC0+ZljjUxOupXNBC1f0JjwScJAV1yiKZenGw0hBxALmANQaCAVdaMA
m8QDbxIE02R0MJHbqE+eVXoznR/LmZb67PzQdAox3puGk0wlNO3CEe/K+FKJIRnfzaCQTCxtCe8FyM4GbXl0gbd0+CyRlhCblOZpa59vPc0vdCuEG0R4LB1xozw=
zzVw3tJzdjer+6GXL1HbQCLGjyvn/g3BnugFgNq4alyOe2belMDQQGIdDl/ez+yxvGFy9Ve2uKahTQnb1bzwmOQheUv9dE6yhdUkxW+o2DiZmiD/rBqpHzeDrUm36MvQU4iICGVNowg=
ESNVn8lNPj/ZR+OoI6nCnG9b/HqGSQFca0LKLUWqCsecoh3WgZCPvFByFAQG1MbqtIbGBeeIWY8QZeA/Zdj/wsSdaJ9Vbl27uDjulYHAL69vNOzeK7kAOf6hUr3Rw9dVjYwLZ0yjBw==
7Zo40X2Rr3ugQoWFGjI0r9g7T3IHg9ITLLfToeD/kGnZbYzn1pPSgoAFIAUJSM4/Pd6lg/02UAzPmZjkZInhOUxswMyjkYUzV6Vd/TgXDiUahBtSY2vu1WWTwYhtBg8qBZqv4ZYcTUZvJogkUKkrzO8jLkslUbvp1vntDVURLeo35+viqF7l6Gjx+IAJSTvBFfeTwhtWj5pg5pG3o/4=
6vfczUjuu7GEtzUiEzjNMt4FkHJIkGoXpLFmFjWV/5iLRUkCE5S3hYRlwqHt6EUzNJvvDW5ETPLWT6t6Z1apS+qRm9A1i718rmrRGXqNfCnAGQsTjRFfZCkTdqM9
JGcRoO+ozV8GU55By3nJXDYhPAyhOGTmuB4Y2nJpaZrRK7edn7CY0AkiwPecwim35/uNgcdwC7hDsOiA1RWjIA==
JGcRoO+ozV8GU55By3nJXDYhPAyhOGTmuB4Y2nJpaZrRK7edn7CY0AkiwPecwim35/uNgcdwC7hDsOiA1RWjIA==
/3+XHCdiXl81XRHnYybueepLIDvQTl3rgCwy2AsQI2xJ9BFaeALhv0fJzSkCPSrQItKsdCPP44FcaC46WUMYEmIPLU4nVBweqATY/h8q1o1iaiAqYT4QPjTUFw4nSS3QLgHyjxWUGPNIceJABxLFty8KalogiPXnBhUL5ko=
