v7SMiRN0WTd7CXwfy8PQDVaqxbT+5oRj+Ze6stFbIx+00f6rovxyydR8wawLwEpgtNTZuznl5D1mfN1CZ9qzhaw/zXW4n569ejzrmiMj3i1Fi9GAbQ4fMiVin6nW1L3+D74YrNAhu1QPm14D5ZmLkfbh/QVVGT3yF5/bKmgWlVCIbmwIisCrWHVPYwtbHr1uQf6Bv6P2
GJ87QsHUD5oDmw9SPN4Z181T7/sBH7NKCn8zW3ks4YK3FVT1XC6kQPvlVDb6tqFHPRM0atQuk8/Jib8z2Y+YufLvQuIvUHNVgo+tZWUa7YiTwL3c+8NmAkE8R/BMljDHl0Z3hVoJ9a+X897PCd8VX3FAz2F/gBiAKdIA4PhyKmZHis0RJ0GL6GFMKZC1paPw
weT1iCjYJqFgnx2HEC1V8QDMGXeWwH8TBFOMeIzDnxdsI8KUk56zNBLNAwJ4s7RFzIHizMC6NOlIF9Vd/fOJNFPVpZBW3RHhRPLExBMpJAIHDyPj9T8kvgyyMwvhhY/HYfNYXfqDkna3DJNR6sNd0R0m7azbbC2Io99GRumw94R0anCjH6onkULVlSt/P6778WOV+7ls37WnHLhEAd4wFEAO6oJP5h2Fvx1r7AkA2STNmaPU
VaQeqbpat6i36X0ZaA1wexElJB5eNMTxqeYDIph6EXyxMSboY53VAP6vmLD3YoH7rpM6c/YnWKiQkJRW7ylPi0SorPEQK10tUWErGWFtTO6D+6+rFZIhYI7VHUOovPbtnp3woton+PWmo4uLPAnvsCGzIYxlRuVaD+UxGdzhnrO5Cy81pbuio+k=
L1ZGvSKhLrLocF8aB9JHxgUUHjo8Ds1vGtw9SLOjqpBTKXg9VSMrE5xyPVxd+eJYB+xIgGJXfACzKu3bgps+Y9J/JOgsSHDGa6Ej6+hgaAE0E0EtTVkP6aWl4I7vcys78UqdIPKNOVOstNrN8tW0Ej7fZHU62+87+MEDkA27JZxBnhmas71ViVhpclMVQ2tFgYO+o/U=
PwtbBLoyTlzLbGVZ7p/4bQUUHjo8Ds1vGtw9SLOjqpBTOHAzUywqQZxyPVxd+eJYB+1IgGJXfACzKu3bgps+Y9J/JOgsSHDGa6Ej6+hgaAE0E0EtTVkP6aWl4I7vcys78UqdIPKNOVOstNrN8tW0Ej7fZHU62+87+MEDkA27JZxBnhmas71ViVhpclMVQ2tFgYO+o/U=
aXGPW0fOIgFEFpObHGnkjeW9vhR6xq3kSgYltKBag1+IRJ3M8q26gfQKGz/COGbmZX4Oi67WJExHiUXtTMbkOEtt9G6om6B/TVvU8kRGUzf5gZ/rCScYAQInIvo/uDMtMgcNPTUy7bDjiF1Ea6um+nE0ZyicPrB/Z44XnUrhtdcne36XWfcVZwEIL/nv6Nh4GdogOCjaqt63Qq0JN6nLkNHEicjljaPI
sEUZX1lgQFX0gga+qptuftSz4uyYTuufWLTSbjQYApSX6eSw/w31AYSSxCRTSaSiQS8gw7WfpN5MUjNrIWUPZ6HTWH06IxKWd2yTsaqj3XFdBu2Mm8yt6OM/RiYpUHcktEpwg98Kp3GCtZXLP18uW7FDldv5zF/V5/y4JME+sLSALuqij0adZX99awxJYFmEjbmj9A==
yU/VbJgAsAFBLQciGtpAyh4F+pqp2gMawOB+BmU0IFSvR+sFcQ0fQwJInb2Rhi5yvImuFhdMV/2QcOU8AsAog56owa5nSyj/jKsQK07IxlxyzllFCbuipJqpVofLrcfNbUFXYarexZcZM/NedwCY2fubHtBwXXhRxrrcCy41cA8NE4rFCYAn3xdUg8pzOlkp1wHqjdgDX4eZbeOXtKP/
FnzF/NVoimqS+1cZIc8RRURWL3lmA81vEt4rWuexqcBTbDV0AW1+QZxyPVxd+eJYB+lIgGJXfACzKu3bgps+Y9J/JOgsSHDGa6Ej6+hgaAE0E0EtTVkP6aWl4I7vcys78UqdIPKNOVOstNrN8tW0Ej7fZHU62+87+MEDkA27JZxBnhmas71ViVhpclMVQ2tFgYO+o/U=
fUQ2zguOLYYMvRMQQID15pj2orHGTuuUR6TVPD0LTJWdouSw/w31AYSSxCRTSaSiRC8gw7WfpN5MUjNrIWUPZ6HTWH06IxKWd2yTsaqj3XFdBu2Mm8yt6OM/RiYpUHcktEpwg98Kp3GCtZXLP18uW7FDldv5zF/V5/y4JME+sLSALuqij0adZX99awxJYFmEjbmj9A==
eKTcQp7g5wg3eauv9J0UbiJ6APihBX8KLH8pfQjH9Fk0SgT8YxHEunA2INuFh8SGfIrzs5E9b/8RS9jlirtyzse0U2ma+71pbR7tlKvUzbDT54b+mQgXvATS8BtvkscpMm1VEw8HTkOBW5XDydQ/jdckePxxZtAsMLZqOj/e/T3PpavUeTg5nL2ho+w=
Xg3kNxEJxSURo1VZjLdyM48yiTeRp9E601Eg0IwUcw0n1hLhVO+iubNg6XsGYkaVmFml+5szcTBn1dQS38C5Mx37NiUsOC0jpV82gKyLsuKwgWjJRyNylbpyyLfPVlpWpjkpz0UVowmEKQbGD4wvDfiQvaxLwOATRsgp3p8LMK8kCygbBkiOrAouMZURexoUsomOFwOtD121YX/REh7dR3HTi64/gNDpwzu2gGgdgCEu2gSb5jU4n1Xz4jVxQD8Pv/S7+ru6kVkvYQLdwEPnN7FNuwf8o7c=
GRZA5cb0ApJJFf+Sz0fFqNSp7uGaD6LXR6OLY3hHXsaV8KWw/w31AYSSxCRTSaSiRi4gw7WfpN5MUjNrIWUPZ6HTWH06IxKWd2yTsaqj3XFdBu2Mm8yt6OM/RiYpUHcktEpwg98Kp3GCtZXLP18uW7FDldv5zF/V5/y4JME+sLSALuqij0adZX99awxJYFmEjbmj9A==
UGEkp4bEHWO1XR9psGWL0fja2V2mNRM5iDMEe7DU06ngNXWsS3MW8Ar48IAQ3waiER3NRgZvVEcYrmjoYEfnVxLhy0hzEYeIq8WmBi+MD00YEF3ua8HA0yZISR6/CxDvhIvIW+ZIruyqrlFVcXt61BIJLlfjre8dFeHfEXIevYcRUyvuH4AwqSO7FsBIHaDhTlpkW8Y1GN+1cwJ1UUAfzx902zrburGZj+HinSBDB3cRzRvHnKPX
2HCRyUKLpm2NlRdmB/WQItgtIfvaxIohOxikTx4jNiNDat/q3TkcrmkuJP+phKVxEQTNHZBqKbxpga6I20w9AZb/IFB/0tm7loMyU65X8Ch4IMw25zm3SxzYJFHo+3UtebHTuekdFC5766fLTSLJ4CalRWOgrM6txi14QmJ3kPVOczPrtLk3cBmjKay9tk3aZ1Xp+dTx5vNh+6eV3euKo8E=
zgWoKFTzJtZG+qbxbvlfpdXtlD4c5W3LJvzuAd8AuF8SKzIjR2LT+sEh+I4NFtjP5UxhMVXMAW0sko3czRkyGFfEuYESd6zA40p9WzL7jqPiHzToPGgABpsBU2t4wDhB5PNxLX2536n1BXAOn9Pb+4FqjSDi7QmTHNRqTWK15NLu/xR1yvu/eyghkxC9W5XccX4JmqOdpckoyYLTheO7hdHjjqPF
V9FOPTTQSMm/YQ3NFDCrElI2VOOgj3PgN5F2d4lUvj3bjamzo8TkTnZGm3EWlphtO2re8IEmeuzxu3g0tGaHV7yoZthhsRERLEQQlONJVVv3Te2FuO++TbpsSwqjs779hbuxsG0+fwLlsv85VkQdrs9OONzQ0ZskT0v+k2UJa8G20R01VSndwlfPO7rohjWAyB5M+Iqwi6i1H8Ob247dvoHO4Y+jxg==
YQ/tz1jRE4F8c4xoEnecZBMvgsF8EX7Bd6McCPwRzTTCVwgvMCNFZsnyuxXqnh/i4qf/aAMRt+hbhRbmXwyfLchQDQB7wdCz9ogZ/i+L4I80S7i71khezJpuIfXB++p0Qsl+d/Ot/z1FIY+x4p4NJ2GTG87vgABJU3umoLidMAEemrQ71jUIP+Uz0hXBwG8vrzQrWuu6wbm/oRI9kMOX18GNy+eMo8c=
QFWJO6Cwp9S+FjnNqLkruNSz4uyYTuuXWqLAOjkRHMaX763ksViHAYSSxCRTSaSiSy0hw7WfpN5MUjNrIWUPZ6HTWH06IxKWd2yTsaqj3XFdBu2Mm8yt6OM/RiYpUHcktEpwg98Kp3GCtZXLP18uW7FDldv5zF/V5/y4JME+sLSALuqij0adZX99awxJYFmEjbmj9A==
sH1wF2JExnnew/9A51cs3n11ehWZHWHPIWqi16PY8QVHV2IV3f2qHmtsizXUAEGhiE6kGzpYBeY7a9T3iLs004KIiuSWXt3NtVt+7N6Zsp/HrcvViXETKXY+eR+doxfmO0BUId+LGtiMfSQZAkp4k6K1/JepY84N1aBb1xNEp7I/+pWRs5FuBWRjA09dXYePuKPz
Ww7IhX0JhZjMIGon/OUdsF5oA203DWdpdGm2Jn8M/21o0K1KHM4wc1YIuT7Pi8DPlMtY+7ZIfgw67kG1IfvKNCJJnrfTrd/9paHv8cKe7WcBE7sOz4BgCbP7BuCYndDBvhoU+zY1aH9Fs3JVocBP7w+0S5oLuuH5HyHy/fDDtxchDaunrKPn
IbbplfniCH9/KjJs4SRlcfSWyoeL6vsDHdu41LRGx/c8SK3/bpHR8azkULTjqZU7d+0tZbiP/u06jAtqo5N+XQXb8ZBtHj9iZRI/GVYkXU5P7ni80DFbhM8rPnNlKSthNjHdFVUJHSLXb3ua6Gb14Ei+jBiK0MsINf+D+9uuHR4BrqGvo+Y=
vQ1ERJkTfAT/EOJ3lEOJFlxoA3w1G2NpdGm2Jn8M/21o0K1MHM4wc1YIuT7Pi8DPlMtY+7ZIfgw67kG1IfvKNCJJnrfTrd/9paHv8cKe7WcBE7sOz4BgCbP7BuCYndDBvhoU+zY1aH9Fs3JVocBP7w+0S5oLuuH5HyHy/fDDtxchDaunrKPn
5qtlVzO+zCXCVyJTUIhQcvSWzJGX9/sDHdu41LRGx/c8SKv/bpHR8azkULTjqZU7d+0tZbiP/u06jAtqo5N+XQXb8ZBtHj9iZRI/GVYkXU5P7ni80DFbhM8rPnNlKSthNjHdFVUJHSLXb3ua6Gb14Ei+jBiK0MsINf+D+9uuHR4BrqGvo+Y=
abVTURMGfS+t2CqGDN8h5fSWzYeF8vsDHdu41LRGx/c8SKj/bpHR8azkULTjqZU7d+0tZbiP/u06jAtqo5N+XQXb8ZBtHj9iZRI/GVYkXU5P7ni80DFbhM8rPnNlKSthNjHdFVUJHSLXb3ua6Gb14Ei+jBiK0MsINf+D+9uuHR4BrqGvo+Y=
6+fvbmocD5sKqCGf4SesRur3UKzBuOXljXOVj66A5lABy5ypyaN2O2jr1V0sdmSIK900XsKor08taxRCJPbTh5kxX9tpFxgxYhfiSl8Is51St80NVQLtgIO4nfQLGyZKEYSnGPwOsE8HvtctKlE1Z0fLvqc5xxVXYTjvSY9YWMh5auAJSOqq7tdybblXGUsgsXRJ+IW9o/g=
zvpM+UUDq3Sk2tVQlDg83SddvfHYjR7lAyr3tbw/wZaY1vjQ/11weqjSRc2RbgxRfNuw0l6JxlEkYkRU85lk8iYdL/PVz2QO7CKzm4E1T7dB41hN2vNSxtecE8EKcx0hPTbtvPucbThDT8bWiQA39FR6cLM/2uchIkUVu5+P7gvRc5XrmZyfBUeMONRhbvBlYB7qkm+W3TXfjet86bCZ1O2Jo8Q=
iGBBaZg3Y1Y+FWODz+5RIxB7zVqrgwS20wMaYed5HlrKQeQd1LOXFnMg/3T0ivzAxKdhABEx4i8Tw7PUalOkuoWA0k8YF98V3Xye3KTW8wxO7JS0s0iX7M8nJJGZr5iZsk/CQm9wc3XCLy3FJTrtqNNgPXy742YiAZzHUAy2MOfX5vclGin1j9dTXm9J/xV/MeBPwT+gGKBpcoBBuFIqRgcqTbFnYYvIIeypMPWFo9A=
iGBBaZg3Y1Y+FWODz+5RIxB7zVqrgwS20wMaYed5HlrKQeQd1LOXFnMg/3T0ivzAxKdhABEx4i8Tw7PUalOkuoWA0k8YF98V3Xye3KTW8wxO7JS0s0iX7M8nJJGZr5iZsk/CQm9wc3XCLy3FJTrtqNNgPXy742YiAZzHUAy2MOfX5vclGin1j9dTXm9J/xV/MeBPwT+gGKBpcoBBuFIqRgcqTbFnYYvIIeypMPWFo9A=
AzpvZMPRwmHPmMP19VG2ayenu0Bop9al6+WNPIx0uNexfv3FzdznQVAXDfZtig1nXVL4mF8OFGHnDWmt3PhoqAN1LWcHcZW5eFPG8UrQM7ZDD8bBdYfJjG0CBz4VjoeFtvhlEj/yQGAQ7eMYv3eGr4U1E31GbWWJ1ZWlfqdzQ4YIuk28OCY0xEoM8xRFo7snOzKlgnHymbOj+g==
afbLzicRwsuRnEZCcu8mdj3aZQhjZXMVtzgFLkBZ25+mYSVJHgCqxy0py0ughWeKy4PsKg7HIJOGyOleXwtwL2QLaJvGSE4syi7xFVF7WpTyiU6Xw63P3XVhP1FSHp3HsdNLLv+AEGmDO/YAKB1Aoe7axBsmNXgfFfOitTFA/49/9H96+7rR2W9hQl0AQye3cU37h7yj9w==
CufoCG4tDvm8dG868ltARF9SeMo5/XvJ/fhQFJz1aTc10M4eXaEUGQcsOHShjnBBIH7q8i+2XdUfLevcqdAZ9C1poyQ=
bxiP9aHi5fRuP1VaErvg29ApLfPf8Nk7NSXrXwRqVSEQUOPE7CwPvGprYuC/x+9xGRDGPv0zeZpdrLTx3RNnX8r/OUEyz5+/lcU8SKxX8Ch4IMw25zm3SxzYJFHo+3UtebHTuekdFC5766fLTSLJ4CalRWOgrM6txi14QmJ3kPVOczPrtLk3cBmjKay4tk3aZ1Xp+dTx5vNh+6eV3euKo8E=
7oL8eXhwqVWsD1dvY/fI3vdE6EnXTtczpoJQN9sPkNe7LQHlDVueXajTS1yFWT8WGzMDghUKUvcQtaJz1MesnhrcyOT5sjWSYBH/jBMc6/BU8AOg/dwCpea5zezrmfNTj/pkJz+UETPp+X+jub+Y6VIfAvLP4POFov9t9QUq7dgzMP3MG3Pm0mFMh2AspjCXN7Y3lbq5dX+3gx5fae8VD9Gwj3GfMJhQCaLAdZhCKjbneo0Bx/ELOEE86QDVlaOg
K+bh0TgY43v5J4YIU7YLlCM1xUZVmomSHH3Lmt6b0S3A/FyhHQ+m18Ww0OcF5kCjr6vqhCLX+CttHkE3sxHkbepuc+TLUTnl0H6xMJNQ5HZgo0c3s6OoStZ9PbJNwqgtF3SSqUlcAZeIkOF9PwEnoUJgC9yx91YNgHAYOaAI9GOzGcduHncjSYISHwKPkjigeFhbxA7VYh9Cepg36DtUE+KIKiS23v2NFVverD4ZUt8nrSuVafHzadY+2V+9Izcmm0A04b8LehjsfUTZIspYUwK1XNeJ4+5NNaC7l/PETfLf+jXRkxFOxcRjo4893edP2KOT
/D9Ct0bO8Yi1WwBeOA1JJl8hMl55dcXCguYfEtE0Q1aPOkCiI4SZQ7e6m7arI43ot9EgJuNtHPyyrLJEkGoYx2OZvpQ5DXMaIh1MBCpNcqSL7a20ItZnaJTVC0Cuv7eoztfzqM9u/LSqoIGTXAnvsCGzIYxvRuVaD+UxGdzhnrO5Cy81pbuio+k=
1sjtKTYq3XzNkCEr+GTUK+nvkQLpo1JW+D1UKGQlNoCJ1rxBY7anyexi98l+tUY7+FpmQfHnIfnSkZ0/Z8kFMfjbVkmqCIP+A8c2GVX/2YRtChdGNVZ3Tfaw1crfStDokGVzoN8vNmdFfWMlZpV1gdWdtYaHKzPOyHL95FiQpEzKhGOspXsLb3v6VVpRiom7o/I=
LLGuHw+lEf1402yu4OVdzlal0q/785Ve+Ze6stJdIx+00f7EyZJ0tbMCz61Mhh997sHOv3je7jVhU8kdcvX1i7c9zXW4n569ejzrmiMj3i1Fi9GAbQ4fMiVin6nW1L3+D74YrNAhu1QPm14D5ZmLkfbh/QVVGT3yF5/bKmgWlVCIZGwIisCrWHVPYwtbHr1uQf6Bv6P2
W8RWyTDTSnwJ2cG0a+SEUvdE6EnXTtczpoJQN9sPkNe7LQHlDVueXajTS1yFWT8WGzMDghUKUvcQtaJz1MesnhrcyOT5sjWSYBH/jBMc6/BU8AOg/dwCpea5zezrmfNTj/pkJz+UETPp+X+jub+Y6VIfAvLP4POFov9t9QUq7dgzMP3MG3Pm0mFMh2AspjCXN7Y3lbq5dX+3gx5fae8VD9Gwj3GfMJhQCaLAephCKjbneo0Bx/ELOEE86QDVlaOg
CGhR3T4itpVhSDxWyTH4Vx9RJGtlG4R1EMA7SqatisBebDV5AQIYL/VlNCQtgZhKXqwemD1IaA30E/TKrps+Y9J/JOgsSHDGa6Ej6+hgaAE0E0EtTVkP6aWl4I7vcys78UqdIPKNOVOstNrN8tW0Ej7fZHU62+87+MEDkA27JZxLnhmas71ViVhpclMVQ2tFgYO+o/U=
Z3KnZNefVEVTMMDE+ZWO7BB7w1Kv3QGxzlRObqgAP3Lwadcy55qXF39hsHOxmeXX2aZhCR544isf/fy/al6p1JiHyzwLB9wQwz/Gz/rFuDhip7mNrReCw4kpP5OZr5iZsk/CQm9wc3XCLy3FJTrtqNNgPXy742YiAZzHUAy2MOfX5vclGin1j9dTXm9J/xV/MeBPwT+gGKBpcoBKuFIqRgcqTbFnYYvIIeypMPWFo9A=
Hh72vTGvw1e+KVaPDuNTVNuTgXMGJUWMxlA8sdej/8j0QiFZ/shiu7+NPG8KbqnEuHeLbOu3XIBjTwYfmvW4KEJX+d1NpwJTKVn/Q/mfmImSv4ISj8Dz5WJf7RVFCu2485B9LFtT5rKh7AeAbIYw9/cWt3X6mXUfdyOevynPFW8REA+R3xCYMMkCQJrYYipWJ9oN4YfRC1iBnGnglbWjwA==
GSfj8aBJiWorppV1TIgQ4NZmBD9Om9geeL3Cp/v7hWbZb4r6kpXTp9RJbkxJGuQtU7q/5YxOLwXO2d63eNb+LUEr+dWyvYUzV6Vd/TgXDiUahBtSY2vu1WWTwYhtBg8qBZqv4ZYcTUZvJogkUKkrzO8jLkslUbvp1vntDVURLeo35+viqF7l6Gj8/IAKSDvAFfeTwxtWjZZh5pG3o/4=
73XaIXbm71eIOIeWMN5LYa/rH6HWo+Lsj2nBga6AokMP5Zz3muYpfEjf6zQ7fxz4U6cmB4r9uBAyfxkFHe/Cq5kxX9tpFxgxYhfiSl8Is51St80NVQLtgIO4nfQLGyZKEYSnGPwOsE8HvtctKlE1Z0fLvqc5xxVXYTjvSY9YWMh5auACSOqq7tdybblXGUsgsXRJ+IW9o/g=
MQSgjQ2EQIIVqTaY3S+D+Cnn+gc8stG+7/iNeMl7op6ycfvzhJ2mCAleLPkD7hcBLCqHkV5NVjP4Una50b9RsRJZLWcHcZW5eFPG8UrQM7ZDD8bBdYfJjG0CBz4VjoeFtvhlEj/yQGAQ7eMYv3eGr4U1E31GbWWJ1ZWlfqdzQ4YIuk28OCg0xEoM8xRFo7snOzKlgnHymbOj+g==
nSkRMOKJQtCllsbAz9ABDsyYsMMDR5CReUY5ZX4F1lXoEGMKHl1SYDbcvfmJcrDPLdVMZPVRoCp2vBaYNVhA7cxDrApWK2YDeo+saKT4mGYz0ZsrMDAQIdwDSS1FSefJ3fU4TlcDc5sZ+hWgen2RM/QEIg2qhYzyFs9sdTLLx1vAEdvQdQv9fOPukRo7DT0pgJnKE02Tk2Xpk7aj/Q==
umeOA6P+ZNn4x45wBf/Dmg34bkadtzpqb2luBcBN/hwVOuhxRHgQMJuZr56Wl3v5ulSDHXbyMPDQWPMUBjUaD9q6oIcwW9xjCggCFD7+pX1tm0a8hrlaj8+tw8VhUUt5Tv6hr+UDvxazwNyRN2uiqNS93MlaKlCDqrX0h4GDFl2t4IMnqyTFArd6HeEbMZa1PCM7n4V975+wo/s=
JrlXiwEzJq83zoFdVEMkmzcZ/j0XlriG4a2JuxWc8LgkQfmrvVROksU1pKWviNgYWfqgEug6qj53Yi0pd8nL8JHkCeglbaMo
hoDCOdhXovfg1mSy9blSyDcZ/j0XlriG4amLtRWc8LgkQfmrvVROksU1pKWviNgYWfqgEug6qj53Yi0pd8nL8JHkCeglbaMo
TD7LRVtMBiOI/WKtcp3WZNApLfPf8Nk7NSXrXwRqVSEQUOPE7CwPvGprYuC/x+9xGRDGPv0zeZpdrLTx3RNnX8r/OUEyz5+/lcU8SKxX8Ch4IMw25zm3SxzYJFHo+3UtebHTuekdFC5766fLTSLJ4CalRWOgrM6txi14QmJ3kPVOczPrtLk3cBmjKay3tk3aZ1Xp+dTx5vNh+6eV3euKo8E=
OU+1Df6bODiamEyCuJ+5sLw4MyMAZCkOMJwHXdv6z1QTM6c1L7Pc+mHhMxBdm7VcWz5pmgNdRUnICSLT5aPbBfEjbqMl
f/dv6Htc6CZsu2fXB2djh+X9GLvNrOXvzHSElo/Jo04J75z3muYpfEjf6zQ7fxz4U6cmB4r9uBAyfxkFHe/Cq5kxX9tpFxgxYhfiSl8Is51St80NVQLtgIO4nfQLGyZKEYSnGPwOsE8HvtctKlE1Z0fLvqc5xxVXYTjvSY9YWMh5auACSOqq7tdybblXGUsgsXRJ+IW9o/g=
GuAvn7CHkoT79XoGxHtHQkVxiNgxYBbZFUH3u5ySlvhZfV2c46oBNOM0ugl3q6wjPDELUIXrTTzzjuEai60t6XC5+pMd8wMl2TNmoy0=
/ZUYyggnEo4mG6DOEP5yRW9b/HqGSQFca0LKLUWqCsecoh3WgZCPvFByFAQG1MbqtIbGBeeIWY8UZ+4/Zdj/wsSdaJ9Vbl27uDjulYHAL69vNOHaK7oBOf+hUr3Qw9dXgY0LZ0yjBw==
IMt1EiSVwutCmKYmCu/r8CLGjyvn/g3BnugFgNq4alyOe2belMDQQGIdDl/ez+yxvGFy9Ve2uKahSQvV1bzwmOQheUv9dE6yhdUkxW+o2DiZmiDyqBqqHjeCrUm36cvQUYSJCGVNowg=
e/C40yx7618I9xYNYR8QSnoznR/LmZb67PzQdAox3puGk0wlNO3CEe/K+FKJJRvRzaCQTCxtCe8FyM4GbXl0gbd0+CyRlhCWkOZqap9uPc0vdSuEGUh5LB1xozw=
FuIDCZqy6bRIILoBQYRyjAJvtvpKVKQi0ZCG9uT40EhyBS637reseWw5El2nDjguMdGrvWVEMNC0+ZljjUxOupXNBC1f0JjwScJAWliiKpanGg0hBxELmAFcaSAVdaMA
/KKG3ueniFj/+B+zivGiCStcmd97ZoU45pCG9uT40EhyBS637reseWw5El2nDjguMdGrvWVEMNC0+ZljjUxOupXNBC1f0JjwScJAWliiKpanGg0hBxELmAFcaSAVdaMA
cEinZuHea73VnZgxopfHuyp42NU0jFs4DnBgelD2jr9WARoF3NeAk3r7Q6xY8O2L82uxFmAeeLPRpUkODkSptzzba6KoHmWoaL18wAqIuwAVNxMDG5YNVmEmEXejPg==
DGw1+qxszxspxTBwPDKTNBB7zVqrgwS20wMaYed5HlrKQeQd1LOXFnMg/3T0ivzAxKdhABEx4i8Tw7PUalOkuoWA0k8YF98V3Xye3KTW8wxO7JS0s0iX7M8nJJGZr5iZsk/CQm9wc3XCLy3FJTrtqNNgPXy742YiAZzHUAy2MOfX5vclGin1j9dTXm9J/xV/MeBPwT+gGKBpcoBLuFIqRgcqTbFnYYvIIeypMPWFo9A=
YcCSalI4ti9R7MYuUwlhkEVxiNkxYBbZFUH3u5ySlvhZfV2c46oBNOM0ugl3q6wjPDELUIXrTTzyjuEai60t6XC5+pMd8wMl2TNmoy0=
aikF8MykW9tKFyggfmvsyO/l1D6x795cp5y4xAFeMJdBjukCT2YdBb+da2wJgNmkzRmjVA==
y/hoz/4ffr2XItnTCs4HKjcZ/j0XlriG4a2JuxWc8LgkQfmrvVROksU1pKWviNgYWfqgG+k6qT53Yi0pd8nL8JHkCeglbaMo
apGNUz4kVIc/D0TH4XEb4fdE6EnXTtczpoJQN9sPkNe7LQHlDVueXajTS1yFWT8WGzMDghUKUvcQtaJz1MesnhrcyOT5sjWSYBH/jBMc6/BU8AOg/dwCpea5zezrmfNTj/pkJz+UETPp+X+jub+Y6VIfAvLP4POFov9t9QUq7dgzMP3MG3Pm0mFMh2AspjCXN7Y3lbq5dX+3gx5fae8VD9Gwj3GfMJhQCaLAc5lCKTbneo0Bx/ELOEE86QDVlaOg
egHgSgF3e1dHg85LtUs+oDcZ/j0XlriG4amLtRWc8LgkQfmrvVROksU1pKWviNgYWfqgG+k6qT53Yi0pd8nL8JHkCeglbaMo
dZSP8fuB2wDl/dxBEm0xzdApLfPf8Nk7NSXrXwRqVSEQUOPE7CwPvGprYuC/x+9xGRDGPv0zeZpdrLTx3RNnX8r/OUEyz5+/lcU8SKxX8Ch4IMw25zm3SxzYJFHo+3UtebHTuekdFC5766fLTSLJ4CalRWOgrM6txi14QmJ3kPVOczPrtLk3cBmjKay+t03ZZ1Xp+dTx5vNh+6eV3euKo8E=
WMchzGcDVZ+Khu8Kd7GFPVERc8gl73rb7OgTBIOgaX8PldROUb8eDAcsOHShjnBHIX7p8i+2XdUfLevcqdAZ9C1poyQ=
LoPJP8yEkhbuiPT5585qSBHzvX3RaZ1D0W31OHbi9yEh91UWHUKZ+95T+1roJnWgSHoNWIkQS0g1PwM72+6d3gHuIW+jJg==
FbVOLjrl/aF8kRgSUW742JdL9hjdVqMgvPd3Yo2GG//n+zp1gj4wLQUga7djBLNTj/nlMaNR3iUU49OvzR33L2ijIw==
pMSUGRfhwtmNmNz5gTOQuNOBghsOheplNQnPPVmP/tJc0XvQFUsd/M2v8Rmbzd2poNlqE61Ts+WJ0xajXQ==
H+Ma8y8q2WXi/nklQhvpBc6bGUTEjew5lD9hhT8zAyYIWo3cuAb1JElsszTFQ/tHO5JlovGS2ROjWg==
j34Ybg3fqU1+EmELxdsMMTcZ/j0XlriG4a2JuxWc8LgkQfmrvVROksU1pKWviNgYWfqgG+g6qT53Yi0pd8nL8JHkCeglbaMo
