HDat3AdiK2bOWqeVVmvAJh9GJHh2F5kmV8k8R6ClqaxTYTUbZwMXW5VoKTtrx8hMXLka0SVraQ/0AseVito+cds1fuk2U2fxYc8g4YRkZxs9HUI4SiUR6q/J5PGldSkq8lKEPerVZU6rtt/G/ZD0Hi7Fbjlw0+08v84Zngu5J45TnxORtLRdiUl5d1MVQWdEgYO+o/U=
kmxPQ9fEHzYOKK00yiFnuM4Me7+Z0MimvsbO0byG3m/snW/7iqMuVUfDxkEXxic7rvvcTpDDtN16d9JDZMnsp7W5I4uaMX7AxXOvqdi40JGDgg1tHiEfMWtiIKZeHfChd0apsuXWh7TW9vzxNHkqZz/UHWpjDrE9pQbB64kxbkCPwQs9TYPvZUUsk7eko+8=
PpSWSjWp+tejgjmLYRE3uHz2i6wX3pP5OBPeACfmhs6+Q+gNPC6vZESQjOrQO8M/R2tMUz+5hJGEJMKddRaQ0rJDRoFRaW7TRgOi/bPzsnnuQ1kDWsuo5hxj+PVuJ4bb+Inwv2Hpt2NWUXIocQMbUeS47Gk38rmFEkHT2f8y9L5CXWw5Ixa9mql2CxyixgjJSPnWX0vk6cLvrn0VsdYVcxXxcljbEZ9VAWPjDfHcJ8+Yo9M=
TwFLSENaNJ/PvLk3P70pAPqWmuTT9mkpU7qcfoHrixGDigcd87eiQVU7R1/EYVsbeycDmQFdGTtZUJUQkZs5Yfbol1R7EfiX3/berseP2ZC31vZLxAetR3+yinqIxL74otvy5wPdWQ1JaqheINLWXts4skpp8KH5/iot+OeMy7ATKAiopa2j6A==
cROHO+AqlzpZsCklsB1W/Zjw07PMFvHARb/JKCwcAJbS56n5q0OgU4mfqy1bTtexWyoj3e2ft5MMVTtnYyMTdemJWWchNCWcGW+Z3a6sx3hTBfiL59Ku4o87OWwvUmYnrFNtm4dWunaAsJ7Eeh8iS6tJ2ZHxzliS6Oa2IsM8oqaBJOGlhk6ddG94awxLbFiEjbmj9A==
igtvyvvJir3oSeUOkx9wgZjw07PMFvHARb/JKCwcAJbS9qH3rUyhAYmfqy1bTtexWysj3e2ft5MMVTtnYyMTdemJWWchNCWcGW+Z3a6sx3hTBfiL59Ku4o87OWwvUmYnrFNtm4dWunaAsJ7Eeh8iS6tJ2ZHxzliS6Oa2IsM8oqaBJOGlhk6ddG94awxLbFiEjbmj9A==
wedEe4Xx4qkBkYRVLnMStEpsm8k0MnPJcaIVEOoT2BPEWFZyRVMAKt+951Oy3wXi6a/rKRNU86kU6RbrUmOWJc8jHhF9w87r9ptUviiD7M1yV6rzjElE141ZK5vC8YZwTdN3efC4+EFbIoXd5uFHIWOCGNb2nRgRD2ahor2WP0RelqQh3HlCN+c0lRrbzmktrSY5W+GxxrC3oQMtlcOX1c2My+eMo8c=
5ME54PB5kRx8d33Hjaokwz95bBOHbXvHNGeljpyd+xJWXydBmJmqE2YDgj3Tc1K5iEO6QzpLSKY8Y9i1zqcmm9iJkP+BadejtlES6NGDu5HEuMypl3IZRXJBMxmfshT+Il1MeYOWHdqJditcQkZoiaj5tp+rZIkCz65d1RFWtbM18ZKYu5F/FWFjA01RXIePuKPz
GcwS+i8GROL1mGDmjRHc65t8EzlJiNpXYOKd+KK3zj7ZMor8n4fOjoJEIgkKSM4APdOl4Zs3X3ivk4fgY5e5OV8hgMurncd1S7cVpzkNFTItjnVRaQfq2n+az4t4AXM0BpDD5elWS0R+JZA9TbFzkPIkLE4uXv6p2un3BxlbJegwoOT4pljn6nrk/YoBTzLIFeaDxhtWj5pg5pG3o/4=
wChWvuyhGI2KnTodzF42udmy4vCWG/HATb3fOngOA8bSouSw/w31AYmfqy1bTtexWy8j3e2ft5MMVTtnYyMTdemJWWchNCWcGW+Z3a6sx3hTBfiL59Ku4o87OWwvUmYnrFNtm4dWunaAsJ7Eeh8iS6tJ2ZHxzliS6Oa2IsM8oqaBJOGlhk6ddG94awxLbFiEjbmj9A==
6YZmdyGZKohgMPxt1FI4UnM8LE7ZbXvMK3ei3JWOtRNcFCdBmJmqE2YDgj3Tc1K5jUO6QzpLSKY8Y9i1zqcmm9iJkP+BadejtlES6NGDu5HEuMypl3IZRXJBMxmfshT+Il1MeYOWHdqJditcQkZoiaj5tp+rZIkCz65d1RFWtbM18ZKYu5F/FWFjA01RXIePuKPz
ceMFCVkbzZ1ZDh1+XRp5lbaxfxARuJ6E5dGShGdro0Muw0rN+1NKyZFCorMia2DWdCMQZSYHngugCShveYl/8/4RWtg5Y6Oh3LjUmY+S8XU6AXtJN1LsbprdNOk7NvUKQTZjLGpmcHmw+a7vs0Sh8gduFYV59g0jzXEqCMPx18Wpo8t9OTyfv6Cj6w==
347mmoE6Iv5WUZmuN6R4GmFXr5LoHUKduWuYfVYr4HW3jQgedkvmcNCSs7pH1Sjh7B7OasREg+y0ZP8jOke4tRWP3pqJt91RuL5HexQRYycV+0PvyOhEN7QfMXbZlOMzro1+w5YTmxPdq1XpW7/vQI9LFyhiXynhfxkwQ2uVNw2r7wXvucUF6k12BVkpj1riX8Jfw3hJ42wmqHNtqV47vB79gPXN+WPIElzcRu7WTpH6MWfPGZO1MBCYVHBmUBeSmrztwoGHIhB1HvPOW94/okC+Af+jtg==
RMFD8RVEKGfzUwS5mXsK0z9jYB6FLDKPK3D8g9DCp0BURmZBmJmqE2YDgj3Tc1K5j0K6QzpLSKY8Y9i1zqcmm9iJkP+BadejtlES6NGDu5HEuMypl3IZRXJBMxmfshT+Il1MeYOWHdqJditcQkZoiaj5tp+rZIkCz65d1RFWtbM18ZKYu5F/FWFjA01RXIePuKPz
ufeCsZ/Z3CsmPMZXIZP4mWy9kuzZooEFO6IPKnUzMo/IoT3zjtyGojd5IdtIZXeHlEeGwOnEwoU243FJlmX+kno1fKSANx8yEqeViVufL+AP61fKYr5pQf+58GNr9fdtK4/Fz7nlRQrNlkW5Ka8aQt9in6N4KSPMpggzTam+e1yeHcDVzdmjqJI8HCbu9o4xepEnLxlz9ZCQOJRQZjDX8hrcLeKBp2Lw9f6zLlv+fwLAHsGfo9Y=
WvmHXHV7cil2WLmwuDoV69KRgmwZCUSN0CM/s8ejz57vRm9R9o48+uq1ci1MbuCBk1CqafGzS/kTMmdVw66iaAVD59c0uRtzax/jUbHFmZOJqLUY4cP5iWZQ9xxLCfi/j45+JjdXmfin7haDdJ8t769KqnL4nH4QMmOSrzPFWSUZEgjW0AqWNssAUoLZaCFRLtIN8JfUC1iDkGjglbWjwA==
oNkFrn5kgqb44ENTlG2jRHsA44Oa3VK4QVWkqbgPz4e/n8+a50p/Re6SHJ7CWUJZdJKgxVuc+j0pbytd+54X4TsSIuyNz3dDrCW7l8NzU6UJuVlXweRlzLmfGa0OfAcoMzX4u4eCbjIvS7mcjwIm90xjbatnhvomIEAetNrP4hvLedmhkZ6YQkiWNtJjbOJ2YRThlWae3STPiOt867yY1O2Jo8Q=
m2zNwsR+qcsyus92HrNwRcXpnBU86G7GJdfaHNAyhFMCMRhPG2XJ+8ho7ZQXWMLO7AolMFTJD05An4CzxBE1a0TVtYINL6zTrgp6Uz65yL/wV27pJnMXMZFvUGEUxDdb7f1yOHrFwar/aXRx1dXZ6oJylD36tVWOG9ZvRm3wpN7+5R45gPO9fG8uiR67WZfOY38DkaSUrck52YfTheG3hNHjjqPF
bHpcffZxBtc2Oy5DPWTmYUsrWu6Jrn7jOpJdQ5RbjAHXnbOZz5jjVHdP0mQMjNZ3OmOYtIAnf+LS13U522+PUM+7d9RirkkRPwlQk+tFFx3rX6XfufWlWo1mJQmp37ryn7K/s3g5AxzmuJM9KQ4brN5NIMXNycN4Ukz8lm4GLoG6wQc/GWPVwFCINKDmgDeC2gxN8oG3gqC1DtOe247fsoDO4Y+jxg==
qZAsR1oR9Hgt2NPNrcfP6j95bBOHbXvPNnG32pGU5UBWWW4V1szYE2YDgj3Tc1K5gkG7QzpLSKY8Y9i1zqcmm9iJkP+BadejtlES6NGDu5HEuMypl3IZRXJBMxmfshT+Il1MeYOWHdqJditcQkZoiaj5tp+rZIkCz65d1RFWtbM18ZKYu5F/FWFjA01RXIePuKPz
k3THwj2QCUNbm8fCmK5uzbb6gAu7lBxS8yxXHhcocsXQlZZzSLu9zfsbh7Qf/x9p5RUhVe/tWOfLsd95e9tNa/nBTV6dAu39CasyFk/214d4DWtYNlwbSYn608jOScjxjX0r/MIoNGJOciZlaoVvi5nXvYSAbDzUxnT/5kqIpUbBg2qkpWobanv6V1ZQiom7o/I=
4Umb1RUULeLqWpkH6BZEXuaMhJGU248DHdu12dtPz/BPW7f+ZYGJ8b+pELPrpdd9a/9lP7mV5foNhmVpqf96Uh/S/5N4GUN8ZhhTHSluW0xe7WClzSkD2NIsPHZuJm4hOiHHHxlDFSDQKHSA5mD34lqsjRKB18IANe6T/tuuHxIArqGvo+Y=
CWZ5/kmBBzWKHjgTD/mZxgMWESd+Ja6BTN+gsyRRVevkFV6FYm8MU07KGlMeeSg/kBdO6cazt7Exr7BhNISX2w09UjhaBSEqXylUcTUVeWoisnQ92vU1DvsWT0YNMEReXqV+OWAzHfwPbmkemxn3ToO/I5HE1A1JmZnn06UhFwSxo66j5Q==
ZaousFuDmBrQeym7rnd1WOSMhICWzYsDHdu12dtPz/BPW7f4ZYGJ8b+pELPrpdd9a/9lP7mV5foNhmVpqf96Uh/S/5N4GUN8ZhhTHSluW0xe7WClzSkD2NIsPHZuJm4hOiHHHxlDFSDQKHSA5mD34lqsjRKB18IANe6T/tuuHxIArqGvo+Y=
hIazVk8XqX1nfKcdgMzFoAMWFzFiOK6BTN+gsyRRVevkFViFYm8MU07KGlMeeSg/kBdO6cazt7Exr7BhNISX2w09UjhaBSEqXylUcTUVeWoisnQ92vU1DvsWT0YNMEReXqV+OWAzHfwPbmkemxn3ToO/I5HE1A1JmZnn06UhFwSxo66j5Q==
NtKSUlMCgVT4qHk/JuwCdwMWFidwPa6BTN+gsyRRVevkFVuFYm8MU07KGlMeeSg/kBdO6cazt7Exr7BhNISX2w09UjhaBSEqXylUcTUVeWoisnQ92vU1DvsWT0YNMEReXqV+OWAzHfwPbmkemxn3ToO/I5HE1A1JmZnn06UhFwSxo66j5Q==
nOofCglAfGNJEu2HvGCJgnaba0Imdm8e9jQZMw5XlYS9amlbBBGxzgt7lkvC42aFv+PuMQfAMcuG26QeWAN8bSIXetOcSVQ33Rn7e1JxNpD9k0eZwLjIoWtiNT1WYdfBs8JINuadCDHfJvECLRZP5K7W1AEseTIXF/TluitO+Y195ml68bHW0GdhU00FQye1fUz7h7yj9w==
oHZGyM/ksa6nWJprvbYTvuUtZ1gHjXKlxWdoLaRHBjwjLEZ/0O7QUhTxIj3J+4XnTV1jMykNibP2gzJdY7OCmf9BRWNqC/hGjONIFR7nVrvIiYCfsakHwybR4kihw2tx9Lj8SUcyaeWCwaN5T3IknjJdXFnz1s16GfabvPIGOKlY+ca/e6Q5Yn8uzXVBlkWSJfGCeIvRL/Xx43PtoZzX74ijww==
6fsNz2Ulx/Uey+/PoJk42I1ZJSxj31pC5NoHNLGFyF/ZbZxRNnLU8uc07CJbfE5jJ9jVpOneuaNHWm6+z9l7N/4oiaHuurVgQXpsS2mGlZD9JBzw14VQHlz5KYEEycxnFTmDS7oxXgBl8w9p+LjwUSMCra0+IT/xy+KAZn4dkGGXxslyBdbndDZ2nDHUeUon31R9KoMO0X1FhqGqaTFOAC9Bq31tg88l5awz94Sjzw==
6fsNz2Ulx/Uey+/PoJk42I1ZJSxj31pC5NoHNLGFyF/ZbZxRNnLU8uc07CJbfE5jJ9jVpOneuaNHWm6+z9l7N/4oiaHuurVgQXpsS2mGlZD9JBzw14VQHlz5KYEEycxnFTmDS7oxXgBl8w9p+LjwUSMCra0+IT/xy+KAZn4dkGGXxslyBdbndDZ2nDHUeUon31R9KoMO0X1FhqGqaTFOAC9Bq31tg88l5awz94Sjzw==
3TNU8o7NI6c+aQu9VEOi9jI1PeJlXyNlbwD8RQYuGm78hFtKTlg4/ZmcZHgomuH8IVF2qLN3wwf3l8hjasIWc9KxzK8UjzKp+quzoRXn/AG4DHMryQVOOEY95dq7odgReV1deiaqSH2mbbGeH96DZgE4YG6aXeK5/EtZzCtmZT7XUZPeByLfUfjMCVm9USszKalzdPWbsqP5
WydioFRpjUMgo5my8r1JR1jgju6s7oV3+ZW8r5ZbIjrulbKFjcZSnbRr2KQ09mcH/JiG7meYqSF/WbADa9W3zasvhS+5hYWqTTaFmSlP2iJfgt+DeAljLCZo862pnrv8Hr0Atc054wgSnFwG7pbO0frx5w8ZUzXwENjUMGYQl1KafGgCgceiUHVecw5bHr9iQP6Bv6P2
qzIxQFq70pGFZbVWhQT7x5kV9ADVUfEypus+c5GcX/Xcuj1qnzkSXh8ubbVhFqVVhfHiOKtRzzUR49OtwRz3L2ijIw==
9YGpOsM2VATbwmp+XJndutqVjmQcPReX3h5wo93qrJy8fFN/x5sv6OnwNDJaLaqBm0ShSpzqG98nH30sxfH4NllD/sZ5pF13aFntSrPFmZOJqLUY4cP5iWZQ9xxLCfi/j45+JjdXmfin7haDdJ8t769KqnL4nH4QMmOSrzPFWSUZEgjW0AqWNssAUoLfaCFRLtIN8JfUC1iDkGjglbWjwA==
44zX41BUoj08wIq8XOAViu9G837/Zok4M5eOMbM5DmC2n3mD1RfQOQ+axhnDtZmDuI8L3sfbYYM0McE1SyEObSmzbJBRTX5O5JgyNuaGBC0fSGieO2FYgEqvD6sW2YXfLCL8c0tJxtFqN2KjNMk8B8V5M+sqsS7gNTM/Sei44HETwv1NTqGvUXuiUAaOHaBBxwa5kpVWV9TmNmxRxHlax6+ULYozjkEdtcZxjVkxPuB/gRvd/QM/RTXsA9eUo98=
1nT/zhDSBH9+gSttCddUfQq/ejqxYVbOefT2o8397C4x58xbMquUGmw/K9X3R/Lq8jUVvwTpZHpTBf4Dvy7Kviwu2zGExwc4te0zqPtTm4tb8Jn3rBanR9eeEPhZkrS+lh9Ox7iZFHAUbtyUhr8Y6+mPUWJznosw8paNELRYl0OEe5No65GUevKFsyPkDQbIteM+qnsAXz7SALNZ+/sNy/lhjX4dIi1dCcvyds+WF+d4bas4tjzbKYlaE+hOaQhRjd1r3EIIdMJOkmaF6mUva5k3/WQAjHw0xtS/xsqo4ubBI6qEJUrbynualzbQ6knbo5I=
mU5R/iGXTtqZDyXPTwoHbLSSjKT0t2gaeLqATsil2Tu9gWFXs67uAhwuRFmYIFcIYmUZzBQXXW97bLMC7thuLdHZhTFSN9agrIq5s4yv59q/wPRU80PrT2WynHmOx/+98pHx7RaUXUxFaaJGQNLWXts4skpu8KH5/iot+OeMy7ATKAiopa2j6A==
jA4xHNscwM7VjQotPbhRCWUSiCNr0dhnjd/qn5+p8TRIJd3XLq5DWogZYcGKJIlV4Njvl4+1dyp7TSQPjP+6KXIbK8G9NwTB4HxbCzEVRjhOLR36k9GA0YGN9Rq+GsD9Lh0pPvcOOyZZCIiOok3qufRbYaxDVr3+bwH7fp/QV9FwfJG5FQFTc/FZW1SNi7qj8Q==
4HVwc645amJkapyixSu/Jx9JM2NzAogbV8k8R6OjqaxTYTV0DG0RJ/IWJzosgZ1RBqwN1WRQYwfzLdPKn/V4f8A3fuk2U2fxYc8g4YRkZxs9HUI4SiUR6q/J5PGldSkq8lKEPerVZU6rtt/G/ZD0Hi7Fbjlw0+08v84Zngu5J45TmBORtLRdiUl5d1MVQWdEgYO+o/U=
AjUga0FP152GyHZHOlPDnu9G837/Zok4M5eOMbM5DmC2n3mD1RfQOQ+axhnDtZmDuI8L3sfbYYM0McE1SyEObSmzbJBRTX5O5JgyNuaGBC0fSGieO2FYgEqvD6sW2YXfLCL8c0tJxtFqN2KjNMk8B8V5M+sqsS7gNTM/Sei44HETwv1NTqGvUXuiUAaOHaBBxwa5kpVWV9TmNmxRxHlax6+ULYozjkEdtcZxjFkxPuB/gRvd/QM/RTXsA9eUo98=
l8L1Mj0y7BuFzzLRzN0YKoK16eKVA7jaT6PPKjkSIMbfouS9/2KTb+CIolUrNq2jAmp1xbKAo55LbCJ2TyMTdemJWWchNCWcGW+Z3a6sx3hTBfiL59Ku4o87OWwvUmYnrFNtm4dWunaAsJ7Eeh8iS6tJ2ZHxzliS6Oa2IsM8oqaGJOGlhk6ddG94awxLbFiEjbmj9A==
1GVXeP7ukVnvoRHfTuQGeo1ZKyRngV9F+Y1TO/786XfjRa9+BVvU8+t1oyUeb1d0OtnVreaXuadLZCHVz9R2WeMvkNL9qrZlXzk0WDeV3qTRbzHJydpFMRr3MoMEycxnFTmDS7oxXgBl8w9p+LjwUSMCra0+IT/xy+KAZn4dkGGXxslyBdbndDZ2nDHUeUon31R9KoMO0X1FhqGsaTFOAC9Bq31tg88l5awz94Sjzw==
k98tzZz8doGkJqjcU5nZZhgP6Y+01BZYgvQ/VyhlfRvnDaUNdhcJRxsk0fXf1GY50+/Acg0qJoXveeR4R5UuhIGvgalZWjWRyrcCYxTJ3Edl+VMrCrHOoJWzX4nIuMCxc0JdDa6hj5EbIvBGbh2AgaeGGdJ1VncUhrbMESR5OgcPFM3KE44h3RVGkcx5MV4g3wH7nd0DX4WVbOOXtKP/
VFR+x6/NOjCKBMwJHGXfYMyYsMwfVZq4eVk7Y3sS4BuvGWQHG1NxDDvRvfSEHbnHKqZfevRRpTEuvAXVbEBL58t9iwpnRSAfaMf2ab7jj1E5v5ghXDQfO9UNSjhCNfnK15k8MR0FcYoa4gy9YiXNLvMGJwalwMz+BtVmOXjDxVyHHsHecwn/bvvomxE8BDUpkYnPE02Rn2Tpk7aj/Q==
LzQkbpU4oodmgHtaBqP18jOHJE8xbWgX9C5NPQ5X0ZezRGkFV1TuiStPqCLV6h71x5n8aE+VJpSZz6lZYRptQSIXetOcSVQ33Rn7e1JxNpD9k0eZwLjIoWtiNT1WYdfBs8JINuadCDHfJvECLRZP5K7W1AEseTIXF/TluitO+Y195ml88bHW0GdhU00FQye1fUz7h7yj9w==
tjIfXEEphSQpv4DDjuFe4jx1fKUxSiR+ax38AUMhACf/i118Bxl5tMDVRXdG/vuaUCkJobI0gVXoyNd3Z4UvasOdzK8UjzKp+quzoRXn/AG4DHMryQVOOEY95dq7odgReV1deiaqSH2mbbGeH96DZgE4YG6aXeK5/EtZzCtmZT7XUZPeByDfUfjMCVm9USszKalzdPWbsqP5
cInDMmiJdD0DTCLDE7/NMXPZcpPcAC+RnLr85JZlojKf649i6fqArk8qZDVvCjOHMMDiHfvejcsSYnXNouiDdpskYj6fy7MdeQHZ77FchXTJJ9mVfkTnEEMN+IP3uo4KX3N5JP+6xk882+0TFz4anlD43oyq9wIju0HZmeGmeHo4rvZqE9QCzhasYS0WJj2cvzArRJuEeOydsaP8
MqzSjFWz/ZoL4NlIgGFuvynu+wc8sd2YrO6Mc6o8q5m/dPXQ6JCrCARTQ/AL6WQSMiuHlEUVViC1C26y27hvlhJoQyEbY93jeUnd5n3aXbVJY8LOb47Hj3gFeyAWhOuBybJjEC7xWHkN9btEonCEqo46Vj1KfX+Dmd+tfKA0TJwGvE++KjAyzkEL+hxFsqsiOzKnjnDymbOj+g==
gJGGHNYz8IpSXaZ4lxSFCUUPYaPd1bDIaeVfZEKL2gt9DMN9WDq54gOpfqZ7zgltzaYZHEGxJnBXISNtNcP3le0M6ydsoyc=
O+SsmqzwAPeSR7QE1qk7D0UPYaPd1bDIaeFdakKL2gt9DMN9WDq54gOpfqZ7zgltzaYZHEGxJnBXISNtNcP3le0M6ydsoyc=
HE5rbO/4AXo2XcaYvW4imNqVjmQcPReX3h5wo93qrJy8fFN/x5sv6OnwNDJaLaqBm0ShSpzqG98nH30sxfH4NllD/sZ5pF13aFntSrPFmZOJqLUY4cP5iWZQ9xxLCfi/j45+JjdXmfin7haDdJ8t769KqnL4nH4QMmOSrzPFWSUZEgjW0AqWNssAUoLeaCFRLtIN8JfUC1iDkGjglbWjwA==
Pn/5y8IvgZiDNqTlJvmGHlERc8gl73rb7OgTBIOgaT0WlcoBFLYbI2E2NnKjjGJWJnTh9Sa+XcQPKOvcq9wY9C1poyQ=
Lsy3hJQoHdBTixqImrRvjXmRI1UqYm8UtzMIKi8e0Jq1TmkFV1TuiStPqCLV6h71x5n8aE+VJpSZz6lZYRptQSIXetOcSVQ33Rn7e1JxNpD9k0eZwLjIoWtiNT1WYdfBs8JINuadCDHfJvECLRZP5K7W1AEseTIXF/TluitO+Y195ml88bHW0GdhU00FQye1fUz7h7yj9w==
p7svp6slduY1FndlJoQCnzZHmeJJCRN9gJC/WKEBzWWtMVHN04hfFR6K3zVUliMyNP52uvMkwv62/GF9thb9bF/gqxT79DjcPWGjLA==
/G8szy0mxJMUuXZKE6dqJfCPIV6ptDoKvAqOEe3OGgGBGRxSSsSz3bMrSEgNBJChyxi9zoUBWv5VkHRJc4OhgqCGm1taeECETcPIYOZAt0LazMoygfcC4LVOU97bzl9ygA5hT6MG
um1bAK1xGAhjjRfbu6jTEGlQ+nOiUBFXUVbMIWexH8Gx71zakYqF8Rp3FgYTxc2q7pfNS/3VUIgJYf0qYou6y92MY704Olmioyne5pvOKa1tJvncIbEGMPehQ63Vw9dVjYwLZ0yjBw==
C77/9gVhGievUskqeMKLxPPGpB74sXgirYq5CT4HUs6/pWEiagdpkyGVDFDtcfkijqvWAxk8BwXEuiUaR5marnfuRaVpNp2E/XFaaFMxxyV5I3sdSXwvH3CjOw==
FP6oZBI0IcGRdtqL2yDSdjXpJ4MP5dkn5rx0KqmKvQEyF07W24WFGhY3pdtlVcgYoYFFWipLcpuFrIuNQDqhkssJBjbTjuFd1UZRQ7kxnqAfATsdHQOfBVVsIxd0oz8=
Ibl9mDk0qteLusRGUa+ztxzaCKY+1/g90bx0KqmKvQEyF07W24WFGhY3pdtlVcgYoYFFWipLcpuFrIuNQDqhkssJBjbTjuFd1UZRQ7kxnqAfATsdHQOfBVVsIxd0oz8=
y9f0GaFLyilAP7HowoH4rskDm2ZLk2oW/q4rCj+FuJ/EQkkVF478n89/h/WqvEspL474GyBPT+TBSYJ6Y1aBQczigd4zib9uu2fbEXyEdSnRCQ8TjRFfZCkTdqM9
Z1osoKiQJBzhmM1DjDOPeo1ZJSxj31pC5NoHNLGFyF/ZbZxRNnLU8uc07CJbfE5jJ9jVpOneuaNHWm6+z9l7N/4oiaHuurVgQXpsS2mGlZD9JBzw14VQHlz5KYEEycxnFTmDS7oxXgBl8w9p+LjwUSMCra0+IT/xy+KAZn4dkGGXxslyBdbndDZ2nDHUeUon31R9KoMO0X1FhqGjaTFOAC9Bq31tg88l5awz94Sjzw==
ltoPw9Tm8ByKjFyoW+ASrDZHmeNJCRN9gJC/WKEBzWWtMVHN04hfFR6K3zVUliMyNP52uvMkwv65/GF9thb9bF/gqxT79DjcPWGjLA==
unKbvsSA+avpDe2gQYmLtdb/FxrD52irb679FTHWlXuX8fJYWxEfVYFjYw1x3KfPGKNT
6ZQXIkebHYFo7Q4b+2WvzEUPYaPd1bDIaeVfZEKL2gt9DMN9WDq54gOpfqZ7zgltzaYZE0OxJnBXISNtNcP3le0M6ydsoyc=
hIMnPabfLC14hLl+zp23ZO9G837/Zok4M5eOMbM5DmC2n3mD1RfQOQ+axhnDtZmDuI8L3sfbYYM0McE1SyEObSmzbJBRTX5O5JgyNuaGBC0fSGieO2FYgEqvD6sW2YXfLCL8c0tJxtFqN2KjNMk8B8V5M+sqsS7gNTM/Sei44HETwv1NTqGvUXuiUAaOHaBBxwa5kpVWV9TmNmxRxHlax6+ULYozjkEdtcZxg1sxPuB/gRvd/QM/RTXsA9eUo98=
Z9qSEqF+gWhdO/8n52PN7EUPYaPd1bDIaeFdakKL2gt9DMN9WDq54gOpfqZ7zgltzaYZE0OxJnBXISNtNcP3le0M6ydsoyc=
mQmZYIoHfLli1aEnAfoLltqVjmQcPReX3h5wo93qrJy8fFN/x5sv6OnwNDJaLaqBm0ShSpzqG98nH30sxfH4NllD/sZ5pF13aFntSrPFmZOJqLUY4cP5iWZQ9xxLCfi/j45+JjdXmfin7haDdJ8t769KqnL4nH4QMmOSrzPFWSUZEgjW0AqWNssAUoLRaiFRLtIN8JfUC1iDkGjglbWjwA==
oF9COLYG/306jQrD/1H7FZdW/wLJQ/Agt/t9Y47JX73m/yc6kycYSx8ubbVhFqVbh/HiOKtRzzUR49OtwRz3L2ijIw==
K43TgmgtNzRWwc8x0ozBfLxvcTwbbTMJJZBETd672F4JI7Z6aLjZ5UaSKR5bmbdOQztikQdUTUnZGSfT5aHXBPEjbqMl
N9p3BQx34A7X/QPgbMq+bNGm2ZWQpV2KzkhFrrV5nNeMyQt2W+Ey5EaE33YKuEGXwdAKlGX6Oxr7yrfGEPopa6Mi
Z9Q66zW24TERs9j6YRTOnVfdnnpul4RU+OeacarC4VOETvYKU/SCLtUNYY7Wxr28/1ArpFuk+IzdEaNc
zJG/qidgwinZGsXg9ZMv9ar2Cve4nUup3QF9VxNGBT53kbNeZ+M+UVuMKdldkUsziWmT9JXbEqNZ
DB5vkN1uJBsBcm5EXrqqPUUPYaPd1bDIaeVfZEKL2gt9DMN9WDq54gOpfqZ7zgltzaYZEkCxJXBXISNtNcP3le0M6ydsoyc=
zuMb0/4GDJGji54aUyL8s7X8rfSWZVDxZAJEtDM55JJiPibJza/342zFu/eD09NFyZlZdwEE5Wz5/xlNztyHSHMV+JvH4u6S76u5/M+ipheMQ22Lp2Z6hmAgHlQab2J7i1nZgdH+GOKIdjayI8xilqg14bamfl2Ej+jrnCscGLStqaPk
FZBJuDu+9yCDAtd0iOJOO8kDm2ZLk2oW/q4rCj+FuJ/EQkkVF478n89/h/WqvEstLYD4GyBPT+TBSYJ6Y1aBQczigd4zib9uu2baEX+EdSnRCQ8TjRFfZCkTdqM9
oTJFs+j/iicxUeSV9+9gKxzaCKY+1/g90bx0KqmKvQEyF07W24WFGhY3pdtlVcgYoYVHVCpLcpuFrIuNQDqhkssJBjbTjuFd1UZRQrgxnaAfATsdHQOfBVVsIxd0oz8=
cULrxdOxGGTa5nFJ/wTQEzXpJ4MP5dkn5rx0KqmKvQEyF07W24WFGhY3pdtlVcgYoYVHVCpLcpuFrIuNQDqhkssJBjbTjuFd1UZRQrgxnaAfATsdHQOfBVVsIxd0oz8=
XQjqGnQjhqct0tlnF0NXKfPGpB74sXgirYq5CT4HUs6/pWEiagdpkyGVDFDtdfssjqvWAxk8BwXEuiUaR5marnfuRaVpNp2K/HFZaFMxxyV5I3sdSXwvH3CjOw==
av2WEhT4A/fzQb0O+adlyGlQ+nOiUBFXUVbMIWexH8Gx71zakYqF8Rp3FgYTxc2q7pfNS/3VUIgJZf8kYou6y92MY704Olmioyne5pvOKa1tJvnSILEFMPehQ63Vw9dVjYwLZ0yjBw==
kK5aRJ6lud6IMrGA6Pz/O/CPIV6ptDoKvAqOEe3OGgGBGRxSSsSz3bMrSEgNBJChyxi9zoUBWv5RknpJc4OhgqCGm1taeECETcPIYOZAt0LazMQzgfQC4LVOU97bzl9ygA5hT6MG
FHAmIVb3I7opMWMxynxCl8LF+4FWTZC1LVMqZWAW9RSvG2IaX1VwKW+d873ET5PVRMJFHIUp2jgv/EOGcB9U88Y6shN2aSAfaMf2ab7jj1E5v5ghXDQfO9UNSjhCNfnK15k8MR0FcYoa4gy9YiXNLvMGJwalwMz+BtVmOXjDxVyHHsHecwn/bvvmmhE/BDUpkYnPE02Rn2Tpk7aj/Q==
We8CG0RoVu+gD0JqXWXDKWQzkgzGpN3m+/+XeEcm1pvJg0goe+3CEeGE+lLAaw7e0KfTTC52AuM7gd5WdHtWqtJu9iqTlAKOmO1hbpZmPdw/cCuEG0R4LB1xozw=
IxyOB0zV6Gv4Am9Js6sg70YRMosOV8bNaSvqVF9/ptIvj5Xms47BHTXG8YLYMb3g/4Gb3X0Dv0W17IPXFKNf
IxyOB0zV6Gv4Am9Js6sg70YRMosOV8bNaSvqVF9/ptIvj5Xms47BHTXG8YLYMb3g/4Gb3X0Dv0W17IPXFKNf
/3+XHCdiXl81XRHnYybueepLIDvQTl3rgCwy2AsQI2xJ9BFaeALhv0fJzSkCPSrQItKsdCPP44FcaC46WUMYEmIPLU4nVBweqATY/h8q1o1iaiAqYT4QPjTUFw4nSS3QLgHyjxWUGPNIceJABxLFty8KalogiPXnBhUL5ko=
