gjDeXPsKiI0JD77DrSI9g1aqxbT+5oRj+Ze6stFbIx+00f6rovxyydR8wawLwEpgtNTZuznl5D1mfN1CZ9qzhaw/zXW4n569ejzrmiMj3i1Fi9GAbQ4fMiVin6nW1L3+D74YrNAhu1QPm14D5ZmLkfbh/QVVGT3yF5/bKmgWlVCIb24Ij8erWnVPYgpbHr9iQP6BuKPx
8S7jntiG/ruiuPsPnrPJQ81T7/sBH7NKCn8zW3ks4YK3FVT1XC6kQPvlVDb6tqFHPRM0atQuk8/Jib8z2Y+YufLvQuIvUHNVgo+tZWUa7YiTwL3c+8NmAkE8R/BMljDHl0Z3hVoJ9a+X897PCd8VX3FAz2F/gBiAKdIA4fpyL2FHiM0RJkCL6GNAKJC1oqP3
QQT5xaxgqqLKXkYaDlERZgDMGXeWwH8TBFOMeIzDnxdsI8KUk56zNBLNAwJ4s7RFzIHizMC6NOlIF9Vd/fOJNFPVpZBW3RHhRPLExBMpJAIHDyPj9T8kvgyyMwvhhY/HYfNYXfqDkna3DJNR6sNd0R0m7azbbC2Io99GRumw94R0anCjH6onkULVlSt/P6778WOV+7ls37WnHLhEAd4wFUIO74VP5B2Fvhxr7AsM2CTNnqPT
NDdWNpJbmav2634csh7oaBElJB5eNMTxqeYDIph6EXyxMSboY53VAP6vmLD3YoH7rpM6c/YnWKiQkJRW7ylPi0SorPEQK10tUWErGWFtTO6D+6+rFZIhYI7VHUOovPbtnp3woton+PWmo4uLPAnvsCGzIYxkROVfCOUzGdzgn7O5CSM0pbulo+4=
5w85SQ/YX0rruApCiJxvngUUHjo8Ds1vGtw9SLOjqpBTKXg9VSMrE5xyPVxd+eJYB+xIgGJXfACzKu3bgps+Y9J/JOgsSHDGa6Ej6+hgaAE0E0EtTVkP6aWl4I7vcys78UqdIPKNOVOstNrN8tW0Ej7fZHU62+87+MEDkA27JZxAnBmftL1XiVhoc1MVQWdEgYO5o/I=
tvg3XhXWPC0eA6dz/8yM6wUUHjo8Ds1vGtw9SLOjqpBTOHAzUywqQZxyPVxd+eJYB+1IgGJXfACzKu3bgps+Y9J/JOgsSHDGa6Ej6+hgaAE0E0EtTVkP6aWl4I7vcys78UqdIPKNOVOstNrN8tW0Ej7fZHU62+87+MEDkA27JZxAnBmftL1XiVhoc1MVQWdEgYO5o/I=
B/9ZJBqw5xsSUKDEKyAlx+W9vhR6xq3kSgYltKBag1+IRJ3M8q26gfQKGz/COGbmZX4Oi67WJExHiUXtTMbkOEtt9G6om6B/TVvU8kRGUzf5gZ/rCScYAQInIvo/uDMtMgcNPTUy7bDjiF1Ea6um+nE0ZyicPrB/Z44XnUrhtdcne36XWfcVZwEIL/nv6Nh4GdogOSrar9m3QK0JNqjLkNPIiMjliqPP
3zG44jQLXG0ePYkKriObE9Sz4uyYTuufWLTSbjQYApSX6eSw/w31AYSSxCRTSaSiQS8gw7WfpN5MUjNrIWUPZ6HTWH06IxKWd2yTsaqj3XFdBu2Mm8yt6OM/RiYpUHcktEpwg98Kp3GCtZXLP18uW7FDldv5zF/V5/y4JME+sLWCLu+lj0SdZX58awxLbFiEjb6j8w==
40/kWD5ZJFbOtTSs4eHddx4F+pqp2gMazOB+BmU0IFSvR+sFcQ0fQwJInb2Rhi5yvImuFhdMV/2QcOU8AsAog56owa5nSyj/jKsQK07IxlxyzllFCbuipJqpVofLrcfNbUFXYarexZcZM/NedwCY2fubHtBwXXhRxrrcCy41cA8NE4rFCYAn3xdUgshzP14p1QHqjNkDX4WVbOOXs6P4
axRGcLbmFf4ZNSkD69skZkRWL3lmA81vEt4rWuexqcBTbDV0AW1+QZxyPVxd+eJYB+lIgGJXfACzKu3bgps+Y9J/JOgsSHDGa6Ej6+hgaAE0E0EtTVkP6aWl4I7vcys78UqdIPKNOVOstNrN8tW0Ej7fZHU62+87+MEDkA27JZxAnBmftL1XiVhoc1MVQWdEgYO5o/I=
uaDG+p41z9WxjU+G5lf+oJj2orHGTuuUR6TVPD0LTJWdouSw/w31AYSSxCRTSaSiRC8gw7WfpN5MUjNrIWUPZ6HTWH06IxKWd2yTsaqj3XFdBu2Mm8yt6OM/RiYpUHcktEpwg98Kp3GCtZXLP18uW7FDldv5zF/V5/y4JME+sLWCLu+lj0SdZX58awxLbFiEjb6j8w==
wpuWtC4vKE3h3AiUH1u2fCJ6APihBX8KLH8pfQjH9Fk0SgT8YxHEunA2INuFh8SGfIrzs5E9b/8RS9jlirtyzse0U2ma+71pbR7tlKvUzbDT54b+mQgXvATS8BtvkscpMm1VEw8HTkOBW5XDydQ/jdckePxxZtAtMrZvPT/c/T3OpKvUezQ4nL2mo+s=
FD0mBpRLCqyYtVsJPq19FJCOo90TUNKuOFBkf38D9xLgDHpDUhIkcTub77WJHdahRMJFHIUp2jgv+EGAakdU4It6tRt6K2YDeo+saKT4mGYz0ZsrMDAQIdwDSS1FSefJ3fU4TlcDc5sZ+hWgen2RM/QEIg2qhYzyFs9sdTLLx1vAEdvQdQv9fOjskR88DT8pgJjLE02Rn2Tpk7Gj+g==
N8DHWs9ubkhn5q9BxPsXQdSp7uGaD6LXR6OLY3hHXsaV8KWw/w31AYSSxCRTSaSiRi4gw7WfpN5MUjNrIWUPZ6HTWH06IxKWd2yTsaqj3XFdBu2Mm8yt6OM/RiYpUHcktEpwg98Kp3GCtZXLP18uW7FDldv5zF/V5/y4JME+sLWCLu+lj0SdZX58awxLbFiEjb6j8w==
tMOxlBMYWSzIedcimPUL1/ja2V2mNRM5iDMEe7DU06ngNXWsS3MW8Ar48IAQ3waiER3NRgZvVEcYrmjoYEfnVxLhy0hzEYeIq8WmBi+MD00YEF3ua8HA0yZISR6/CxDvhIvIW+ZIruyqrlFVcXt61BIJLlfjre8dFeHfEXIevYcRUyvuH4AwqSO7FsBIHaDhTlpkW8Y1GN+1cwJ1UUAfzx902jjbv7aZjeHinCFDB3UdzBvHm6PQ
3G58dryX4XXXPdHwXxYZItgtIfvaxIohOxikTx4jNiNDat/q3TkcrmkuJP+phKVxEQTNHZBqKbxpga6I20w9AZb/IFB/0tm7loMyU65X8Ch4IMw25zm3SxzYJFHo+3UtebHTuekdFC5766fLTSLJ4CalRWOgrM6txi14QmJ3kPVOczPrtLk3cBmjKay8tE3fYFXr+dTw5/Nh+auU3euNo8Y=
O5NsGDJhbXDJqudIQD7wFNSz4uyYTuuXWqLAOjkRHMaX763ksViHAYSSxCRTSaSiSy0hw7WfpN5MUjNrIWUPZ6HTWH06IxKWd2yTsaqj3XFdBu2Mm8yt6OM/RiYpUHcktEpwg98Kp3GCtZXLP18uW7FDldv5zF/V5/y4JME+sLWCLu+lj0SdZX58awxLbFiEjb6j8w==
GFmW+a8yB7wTJjDw/ku+vH11ehWZHWHPIWqi16PY8QVHV2IV3f2qHmtsizXUAEGhiE6kGzpYBeY7a9T3iLs004KIiuSWXt3NtVt+7N6Zsp/HrcvViXETKXY+eR+doxfmO0BUId+LGtiMfSQZAkp4k6K1/JepY84N1aBb1xNEprA//5KRsZFuBGVjA01RXIePv6P0
SrKyZq8MfzAz5UQ/RiKNaV5oA203DWdpdGm2Jn8M/21o0K1KHM4wc1YIuT7Pi8DPlMtY+7ZIfgw67kG1IfvKNCJJnrfTrd/9paHv8cKe7WcBE7sOz4BgCbP7BuCYndDBvhoU+zY1aH9Fs3JVocBP7w+0SpgLv+b5HSHy/PHDtxUtDKunq6Pg
87hiTsQdE7G0uZ26FXN7bvSWyoeL6vsDHdu41LRGx/c8SK3/bpHR8azkULTjqZU7d+0tZbiP/u06jAtqo5N+XQXb8ZBtHj9iZRI/GVYkXU5P7ni80DFbhM8rPnNlKSthNjHdFVUJHSLXb3ua6Gb14Ei/jhiP18sKNf+C+tuuHxIArqGoo+E=
h59hKS3Bmc8d49SNW1aj+1xoA3w1G2NpdGm2Jn8M/21o0K1MHM4wc1YIuT7Pi8DPlMtY+7ZIfgw67kG1IfvKNCJJnrfTrd/9paHv8cKe7WcBE7sOz4BgCbP7BuCYndDBvhoU+zY1aH9Fs3JVocBP7w+0SpgLv+b5HSHy/PHDtxUtDKunq6Pg
6fl4/yrSKGp6CKnCedhO2PSWzJGX9/sDHdu41LRGx/c8SKv/bpHR8azkULTjqZU7d+0tZbiP/u06jAtqo5N+XQXb8ZBtHj9iZRI/GVYkXU5P7ni80DFbhM8rPnNlKSthNjHdFVUJHSLXb3ua6Gb14Ei/jhiP18sKNf+C+tuuHxIArqGoo+E=
GFMu51RQqeEaIZIRmhSEcvSWzYeF8vsDHdu41LRGx/c8SKj/bpHR8azkULTjqZU7d+0tZbiP/u06jAtqo5N+XQXb8ZBtHj9iZRI/GVYkXU5P7ni80DFbhM8rPnNlKSthNjHdFVUJHSLXb3ua6Gb14Ei/jhiP18sKNf+C+tuuHxIArqGoo+E=
0T6VW6DwREwK60pThgrs3xYDqJuixQ1blL0nXyVlLhDqC/cPa14fRxZIgquahix27tmuFhdMV/2QcOU7A88og56owa5nSyj/jKsQK07IxlxyzllFCbuipJqpVofLrcfNbUFXYarexZcZM/NedwCY2fubHtBwXXhRxrrcCy41cA8NE4rFCYAn3xdUgshzP14p1QHqjNkDX4WVbOOXs6P4
SJFuu7M/ezCJV4cdXVLCASnEcpbFB2Cr2aCs6YFilXPYqMZJztuFtEszcSBnNQWqV4iqaL6b25EFfWSzlqiJd58efQ3xja8PMVvY9apLsn6nJNP5ekv9GU0O7YSLpI0AM3cGbvm410wkwvALT2IHmVL91YPvtw4zoUuV0+mkfz03tPhsEdYQ3RKmby0fLD2NrjQrRJuEeOydtqP7
GNmdUzAew6by2r6biy/lHSnEcpbFB2Cr2aCs6YFilXPYqMZJztuFtEszcSBnNQWqV4iqaL6b25EFfWSzlqiJd58efQ3xja8PMVvY9apLsn6nJNP5ekv9GU0O7YSLpI0AM3cGbvm410wkwvALT2IHmVL91YPvtw4zoUuV0+mkfz03tPhsEdYQ3hCmbS0fLD2NrjQrRJuEeOydtqP7
/3+XHCdiXl81XRHnYybueepLIDvQTl3rgCwy2AsQI2xJ9BFaeALhv0fJzSkCPSrQItKsdCPP44FcaC46WUMYEmIPLU4nVBweqATY/h8q1o1iaiAqYT4QPjTUFw4nSS3QLgHyjxWUGPNIceJABxLFty8KalogiPXnBhUL5ko=
