qG+WD/ucd56tyYEMycqZbx9GJHh2F5kmV8k8R6ClqaxTYTUbZwMXW5VoKTtrx8hMXLka0SVraQ/0AseVito+cds1fuk2U2fxYc8g4YRkZxs9HUI4SiUR6q/J5PGldSkq8lKEPerVZU6rtt/G/ZD0Hi7Fbjlw0+08v84Zngu5J45TmReRtrVdiEl5d1MVQWdEgYO+o/U=
ELegDQlc3XmytEbK0OsSBs4Me7+Z0MimvsbO0byG3m/snW/7iqMuVUfDxkEXxic7rvvcTpDDtN16d9JDZMnsp7W5I4uaMX7AxXOvqdi40JGDgg1tHiEfMWtiIKZeHfChd0apsuXWh7TW9vzxNHkqZz/UHWpjDrE9pQbB7Y0xbEGPwAs9TYPvZUUsk7eko+8=
PWEhgNweOjDYOstVP6IQHHz2i6wX3pP5OBPeACfmhs6+Q+gNPC6vZESQjOrQO8M/R2tMUz+5hJGEJMKddRaQ0rJDRoFRaW7TRgOi/bPzsnnuQ1kDWsuo5hxj+PVuJ4bb+Inwv2Hpt2NWUXIocQMbUeS47Gk38rmFEkHT2f8y9L5CXWw5Ixa9mql2CxyixgjJSPnWX0vk6cLvrn0VsdYVdRHxcFnbEJ9VAWPjDfHcJ8+Yo9M=
hLO7RAiLiOy30JeJ7g/hQ/qWmuTT9mkpU7qcfoHrixGDigcd87eiQVU7R1/EYVsbeycDmQFdGTtZUJUQkZs5Yfbol1R7EfiX3/berseP2ZC31vZLxAetR3+yinqIxL74otvy5wPdWQ1JaqheINLWXts4skpv9KH7/yos+OeMy7ATKAiopa2j6A==
fwKt4WNSX7QhHuqj1s5IYZjw07PMFvHARb/JKCwcAJbS56n5q0OgU4mfqy1bTtexWyoj3e2ft5MMVTtnYyMTdemJWWchNCWcGW+Z3a6sx3hTBfiL59Ku4o87OWwvUmYnrFNtm4dWunaAsJ7Eeh8iS6tJ2ZHxzliS6Oa2IsM8oqaHIOGnh06cdG94awxLbFiEjbmj9A==
hVvaCN4DXF/xX3iYewxmSZjw07PMFvHARb/JKCwcAJbS9qH3rUyhAYmfqy1bTtexWysj3e2ft5MMVTtnYyMTdemJWWchNCWcGW+Z3a6sx3hTBfiL59Ku4o87OWwvUmYnrFNtm4dWunaAsJ7Eeh8iS6tJ2ZHxzliS6Oa2IsM8oqaHIOGnh06cdG94awxLbFiEjbmj9A==
qaP+cOA5gadOys2eJffBA0psm8k0MnPJcaIVEOoT2BPEWFZyRVMAKt+951Oy3wXi6a/rKRNU86kU6RbrUmOWJc8jHhF9w87r9ptUviiD7M1yV6rzjElE141ZK5vC8YZwTdN3efC4+EFbIoXd5uFHIWOCGNb2nRgRD2ahor2WP0RelqQh3HlCN+c0lRrbzmktrSY5XeWxxLG3oAMtlcOX1c2My+eMo8c=
NmeD559DtAhhjRVOBZS00j95bBOHbXvHNGeljpyd+xJWXydBmJmqE2YDgj3Tc1K5iEO6QzpLSKY8Y9i1zqcmm9iJkP+BadejtlES6NGDu5HEuMypl3IZRXJBMxmfshT+Il1MeYOWHdqJditcQkZoiaj5tp+rZIkCz65d1RFWtbUx8ZCZu5B/FWFjA01RXIePuKPz
VcGGS6QTElVYaqOS6WiOPZt8EzlJiNpXYOKd+KK3zj7ZMor8n4fOjoJEIgkKSM4APdOl4Zs3X3ivk4fgY5e5OV8hgMurncd1S7cVpzkNFTItjnVRaQfq2n+az4t4AXM0BpDD5elWS0R+JZA9TbFzkPIkLE4uXv6p2un3BxlbJegwoOT4pljn6nrk+44BTTPIFOaDxhtWj5pg5pG3o/4=
9e2+Ev6MTwry2YBu+Xj2u9my4vCWG/HATb3fOngOA8bSouSw/w31AYmfqy1bTtexWy8j3e2ft5MMVTtnYyMTdemJWWchNCWcGW+Z3a6sx3hTBfiL59Ku4o87OWwvUmYnrFNtm4dWunaAsJ7Eeh8iS6tJ2ZHxzliS6Oa2IsM8oqaHIOGnh06cdG94awxLbFiEjbmj9A==
+D8OyFICbFj9z/7dC7xgjnM8LE7ZbXvMK3ei3JWOtRNcFCdBmJmqE2YDgj3Tc1K5jUO6QzpLSKY8Y9i1zqcmm9iJkP+BadejtlES6NGDu5HEuMypl3IZRXJBMxmfshT+Il1MeYOWHdqJditcQkZoiaj5tp+rZIkCz65d1RFWtbUx8ZCZu5B/FWFjA01RXIePuKPz
EsagABo6c/zEAvQx97KfkbaxfxARuJ6E5dGShGdro0Muw0rN+1NKyZFCorMia2DWdCMQZSYHngugCShveYl/8/4RWtg5Y6Oh3LjUmY+S8XU6AXtJN1LsbprdNOk7NvUKQTZjLGpmcHmw+a7vs0Sh8gduFYV59g0lyXEoCcPw18Wpo8t9OTyfv6Cj6w==
bYi7PVKM2lWmgmUXp2VcCj9jYB6FLDKPK3D8g9DCpEBURmZBmJmqE2YDgj3Tc1K5j0K6QzpLSKY8Y9i1zqcmm9iJkP+BadejtlES6NGDu5HEuMypl3IZRXJBMxmfshT+Il1MeYOWHdqJditcQkZoiaj5tp+rZIkCz65d1RFWtbUx8ZCZu5B/FWFjA01RXIePuKPz
7um33drEjD/wLmWdjiRxlWy9kuzZooEFO6IPKnUzMo/IoT3zjtyGojd5IdtIZXeHlEeGwOnEwoU243FJlmX+kno1fKSANx8yEqeViVufL+AP61fKYr5pQf+58GNr9fdtK4/Fz7nlRQrNlkW5Ka8aQt9in6N4KSPMpggzTam+e1yeHcDVzdmjqJI8HCbu9o4xepEnLxlz9ZCQOJRQZjDX8hrcK+aBpWPw9P6zLlv+fwLAHsGfo9Y=
92Vk1wBXPtZjb9hc0m51CNKRgmwZCUSN0CM/s8ejz57vRm9R9o48+uq1ci1MbuCBk1CqafGzS/kTMmdVw66iaAVD59c0uRtzax/jUbHFmZOJqLUY4cP5iWZQ9xxLCfi/j45+JjdXmfin7haDdJ8t769KqnL4nH4QMmOSrzPFWSUZEgjW0AqWNssAUoLfbCFTL9IM8JfUC1iDkGjglbWjwA==
veUjYlL1Fb0CcFqU2bqSBHsA44Oa3VK4QVWkqbgPz4e/n8+a50p/Re6SHJ7CWUJZdJKgxVuc+j0pbytd+54X4TsSIuyNz3dDrCW7l8NzU6UJuVlXweRlzLmfGa0OfAcoMzX4u4eCbjIvS7mcjwIm90xjbatnhvomIEAetNrP4hvLedmhkZ6YQkiWNtJjbOJ2ZxDhl2ee3CTPiOt867yY1O2Jo8Q=
CiqyWIJuIRAs9nXVQmOP9sXpnBU86G7GJdfaHNAyhFMCMRhPG2XJ+8ho7ZQXWMLO7AolMFTJD05An4CzxBE1a0TVtYINL6zTrgp6Uz65yL/wV27pJnMXMZFvUGEUxDdb7f1yOHrFwar/aXRx1dXZ6oJylD36tVWOG9ZvRm3wpN7+5R45gPO9fG8uiR67WZfOY3kHkaaVrcg52YfTheG3hNHjjqPF
D5/du25AWqFNk6SOE/3l1UsrWu6Jrn7jOpJdQ5RbjAHXnbOZz5jjVHdP0mQMjNZ3OmOYtIAnf+LS13U522+PUM+7d9RirkkRPwlQk+tFFx3rX6XfufWlWo1mJQmp37ryn7K/s3g5AxzmuJM9KQ4brN5NIMXNycN4Ukz8lm4GLoG6wQc/GWPVwFCINKDmgDeC2gxL9oG1g6C0DtOe247fsoDO4Y+jxg==
8cmWFa5neYehRroozayaVD95bBOHbXvPNnG32pGU5UBWWW4V1szYE2YDgj3Tc1K5gkG7QzpLSKY8Y9i1zqcmm9iJkP+BadejtlES6NGDu5HEuMypl3IZRXJBMxmfshT+Il1MeYOWHdqJditcQkZoiaj5tp+rZIkCz65d1RFWtbUx8ZCZu5B/FWFjA01RXIePuKPz
nl6Pj9kYNGCPSON8X+leV7b6gAu7lBxS8yxXHhcocsXQlZZzSLu9zfsbh7Qf/x9p5RUhVe/tWOfLsd95e9tNa/nBTV6dAu39CasyFk/214d4DWtYNlwbSYn608jOScjxjX0r/MIoNGJOciZlaoVvi5nXvYSAbDzUxnT/5kqIo0LBgWukpGobanv6V1ZQiom7o/I=
6zUQDagpU4//foJ6HsKv8eaMhJGU248DHdu12dtPz/BPW7f+ZYGJ8b+pELPrpdd9a/9lP7mV5foNhmVpqf96Uh/S/5N4GUN8ZhhTHSluW0xe7WClzSkD2NIsPHZuJm4hOiHHHxlDFSDQKHSA5mD34lqsixaB1cMANO6T/tuuHxIArqGvo+Y=
dUXPgH+mz+1vxBf2Um92BAMWESd+Ja6BTN+gsyRRVevkFV6FYm8MU07KGlMeeSg/kBdO6cazt7Exr7BhNISX2w09UjhaBSEqXylUcTUVeWoisnQ92vU1DvsWT0YNMEReXqV+OWAzHfwPbmkemxn3ToO5J5HG1Q1ImZnn06UhFwSxo66j5Q==
tMEYE/AvngWUH6hFBqEewOSMhICWzYsDHdu12dtPz/BPW7f4ZYGJ8b+pELPrpdd9a/9lP7mV5foNhmVpqf96Uh/S/5N4GUN8ZhhTHSluW0xe7WClzSkD2NIsPHZuJm4hOiHHHxlDFSDQKHSA5mD34lqsixaB1cMANO6T/tuuHxIArqGvo+Y=
6vIqMxDip03yozfEJEM0SQMWFzFiOK6BTN+gsyRRVevkFViFYm8MU07KGlMeeSg/kBdO6cazt7Exr7BhNISX2w09UjhaBSEqXylUcTUVeWoisnQ92vU1DvsWT0YNMEReXqV+OWAzHfwPbmkemxn3ToO5J5HG1Q1ImZnn06UhFwSxo66j5Q==
PNEmVCC3kLEJIYcapmyYAAMWFidwPa6BTN+gsyRRVevkFVuFYm8MU07KGlMeeSg/kBdO6cazt7Exr7BhNISX2w09UjhaBSEqXylUcTUVeWoisnQ92vU1DvsWT0YNMEReXqV+OWAzHfwPbmkemxn3ToO5J5HG1Q1ImZnn06UhFwSxo66j5Q==
XKLSuTPG/1FbhDgfHB6tynaba0Imdm8e9jQZMw5XlYS9amlbBBGxzgt7lkvC42aFv+PuMQfAMcuG26QeWAN8bSIXetOcSVQ33Rn7e1JxNpD9k0eZwLjIoWtiNT1WYdfBs8JINuadCDHfJvECLRZP5K7W1AEseTIXF/TluitO+Y195mlz9bHU0WdgU00FQye1fUz7h7yj9w==
WedFKptzCjQgNaWIcZJYS+UtZ1gHjXKlxWdoLaRHBjwjLEZ/0O7QUhTxIj3J+4XnTV1jMykNibP2gzJdY7OCmf9BRWNqC/hGjONIFR7nVrvIiYCfsakHwybR4kihw2tx9Lj8SUcyaeWCwaN5T3IknjJdXFnz1s16GfabvPIGOKlY+ca/e6Q5Yn8uzXVBlkWbIfGAeYvQL/Xx43PtoZzX74ijww==
MnfE0ZrZIPh81CoVUAk6241ZJSxj31pC5NoHNLGFyF/ZbZxRNnLU8uc07CJbfE5jJ9jVpOneuaNHWm6+z9l7N/4oiaHuurVgQXpsS2mGlZD9JBzw14VQHlz5KYEEycxnFTmDS7oxXgBl8w9p+LjwUSMCra0+IT/xy+KAZn4dkGGXxslyBdbndDZ2nDHUeUon31R9KoMO0X1FhqGjbTFMAS9Aq31tg88l5awz94Sjzw==
MnfE0ZrZIPh81CoVUAk6241ZJSxj31pC5NoHNLGFyF/ZbZxRNnLU8uc07CJbfE5jJ9jVpOneuaNHWm6+z9l7N/4oiaHuurVgQXpsS2mGlZD9JBzw14VQHlz5KYEEycxnFTmDS7oxXgBl8w9p+LjwUSMCra0+IT/xy+KAZn4dkGGXxslyBdbndDZ2nDHUeUon31R9KoMO0X1FhqGjbTFMAS9Aq31tg88l5awz94Sjzw==
h5XWp4dIwfKVKfrjXFs43jI1PeJlXyNlbwD8RQYuGm78hFtKTlg4/ZmcZHgomuH8IVF2qLN3wwf3l8hjasIWc9KxzK8UjzKp+quzoRXn/AG4DHMryQVOOEY95dq7odgReV1deiaqSH2mbbGeH96DZgE4YG6aXeK5/EtZzCtmZT7XUZPeBybaUfrNCVi9USszKalzdPWbsqP5
//PMqJFfkWpdcZfW8sY4Gljgju6s7oV3+ZW8r5ZbIjrulbKFjcZSnbRr2KQ09mcH/JiG7meYqSF/WbADa9W3zasvhS+5hYWqTTaFmSlP2iJfgt+DeAljLCZo862pnrv8Hr0Atc054wgSnFwG7pbO0frx5w8ZUzXwENjUMGYQl1KafGwHgcWjUHRecw5bHr9iQP6Bv6P2
caAGqT/xt3pI8WUq9E0eVpkV9ADVUfEypus+c5GcX/Xcuj1qnzkSXh8ubbVhFqVRgPHgOatQzzUR49OtwRz3L2ijIw==
iZcTVXbdF2SQh7vI4QyayNqVjmQcPReX3h5wo93qrJy8fFN/x5sv6OnwNDJaLaqBm0ShSpzqG98nH30sxfH4NllD/sZ5pF13aFntSrPFmZOJqLUY4cP5iWZQ9xxLCfi/j45+JjdXmfin7haDdJ8t769KqnL4nH4QMmOSrzPFWSUZEgjW0AqWNssAUoLbbSFTL9IM8JfUC1iDkGjglbWjwA==
8aFLzk/Ebdbr6nsjzu4Vzu9G837/Zok4M5eOMbM5DmC2n3mD1RfQOQ+axhnDtZmDuI8L3sfbYYM0McE1SyEObSmzbJBRTX5O5JgyNuaGBC0fSGieO2FYgEqvD6sW2YXfLCL8c0tJxtFqN2KjNMk8B8V5M+sqsS7gNTM/Sei44HETwv1NTqGvUXuiUAaOHaBBxwa5kpVWV9TmNmxRxHlax6+ULYozjkEdtcZxiFwxPOF/gBvd/QM/RTXsA9eUo98=
EmMM/Yo6UKeOV6m+Y3S3JzdHmeJJCRN9gJC/WKEBzWWtMVHN04hfFR6K3zVUliMyNP52uvMkwv6y+WF/txb8bF/gqxT79DjcPWGjLA==
mxDZNQ88lD4JpHk4qoe5VPCPIV6ptDoKvAqOEe3OGgGBGRxSSsSz3bMrSEgNBJChyxi9zoUBWv5VkHRJc4OhgqCGm1taeECETcPIYOZAt0LazM43gfUD4LROU97bzl9ygA5hT6MG
pSWgYav/xk9VVblbwwTn32lQ+nOiUBFXUVbMIWexH8Gx71zakYqF8Rp3FgYTxc2q7pfNS/3VUIgJYf0qYou6y92MY704Olmioyne5pvOKa1tJvnYJLEEMfegQ63Vw9dVjYwLZ0yjBw==
9jI+uo/RnIR/19HzGZ/LLfPGpB74sXgirYq5CT4HUs6/pWEiagdpkyGVDFDtcfkijqvWAxk8BwXEuiUaR5marnfuRaVpNp2A+HFYaVMwxyV5I3sdSXwvH3CjOw==
vifodJCtcLWY80tMaB4d2zXpJ4MP5dkn5rx0KqmKvQEyF07W24WFGhY3pdtlVcgYoYFFWipLcpuFrIuNQDqhkssJBjbTjuFd1UZRSLwxnKEfADsdHQOfBVVsIxd0oz8=
qvYJbMsef32YAIIpz4n3IxzaCKY+1/g90bx0KqmKvQEyF07W24WFGhY3pdtlVcgYoYFFWipLcpuFrIuNQDqhkssJBjbTjuFd1UZRSLwxnKEfADsdHQOfBVVsIxd0oz8=
VzZCL4uBsA8T3GYttUR/k8kDm2ZLk2oW/q4rCj+FuJ/EQkkVF478n89/h/WqvEspL474GyBPT+TBSYJ6Y1aBQczigd4zib9uu2zeEX6FdSjRCQ8TjRFfZCkTdqM9
ZYyZdYVhL5RgNcWjR24OJY1ZJSxj31pC5NoHNLGFyF/ZbZxRNnLU8uc07CJbfE5jJ9jVpOneuaNHWm6+z9l7N/4oiaHuurVgQXpsS2mGlZD9JBzw14VQHlz5KYEEycxnFTmDS7oxXgBl8w9p+LjwUSMCra0+IT/xy+KAZn4dkGGXxslyBdbndDZ2nDHUeUon31R9KoMO0X1FhqGobDFMAS9Aq31tg88l5awz94Sjzw==
99lfZPe62P6RqnwDUzV2SDdHmeNJCRN9gJC/WKEBzWWtMVHN04hfFR6K3zVUliMyNP52uvMkwv61+WF/txb8bF/gqxT79DjcPWGjLA==
39WGE5Z/83vAs2zeVq6bG7xvcTwbbTMJJZBETd672F4JI7Z6aLjZ5UaSKR5bmbdOQzdhkQhVTUjZGSfT5aHXBPEjbqMl
iGzUxihGPaoYfFp7uV82s9Gm2ZWQpV2KzkhFrrV5nNeMyQt2W+Ey5EaE33YKuE2Uwd8LlGT6Oxr7yrfGEPopa6Mi
snRWauLkwRgiRUHlzMcII1fdnnpul4RU+OeacarC4VOETvYKU/SCLtkOYYHXxry8/1ArpFuk+IzdEaNc
w/A6PA7DO/WfMwmpeIdnjar2Cve4nUup3QF9VxNGBT53kbNeZ+89UVSNKdhdkUsziWmT9JXbEqNZ
ptJCm0Oo+NZSjg+CrFUyLkUPYaPd1bDIaeVfZEKL2gt9DMN9WDq54gOpfqZ7zgltzaYZGEKxKnFXICNtNcP3le0M6ydsoyc=
2zegy+Lnc/tN3OdrzbB2Z7X8rfSWZVDxZAJEtDM55JJiPibJza/342zFu/eD09NFyZlZdwEE5Wz5/xlNztyHSHMV+JvH4u6S76u5/M+ipheMQ22Lp2Z6hmAgHlQab2J7i1nZgdH+GOKIdjayI8xilqI34bmnflyEj+jrnCscGLStqaPk
SS8/HzXXgSx9AeZAXpbBTMkDm2ZLk2oW/q4rCj+FuJ/EQkkVF478n89/h/WqvEstLYD4GyBPT+TBSYJ6Y1aBQczigd4zib9uu2zYEXCFdSjRCQ8TjRFfZCkTdqM9
J+B3wpY3w5K5twEXS3ZHIBzaCKY+1/g90bx0KqmKvQEyF07W24WFGhY3pdtlVcgYoYVHVCpLcpuFrIuNQDqhkssJBjbTjuFd1UZRSLoxkqEfADsdHQOfBVVsIxd0oz8=
gMRuqqXLzxBe7AA5pCcIMzXpJ4MP5dkn5rx0KqmKvQEyF07W24WFGhY3pdtlVcgYoYVHVCpLcpuFrIuNQDqhkssJBjbTjuFd1UZRSLoxkqEfADsdHQOfBVVsIxd0oz8=
/qxUl+NlUIRd6zkLdgrdufPGpB74sXgirYq5CT4HUs6/pWEiagdpkyGVDFDtdfssjqvWAxk8BwXEuiUaR5marnfuRaVpNp2A/nFWaVMwxyV5I3sdSXwvH3CjOw==
vnN3w/XWLuOunqdgYKjXA2lQ+nOiUBFXUVbMIWexH8Gx71zakYqF8Rp3FgYTxc2q7pfNS/3VUIgJZf8kYou6y92MY704Olmioyne5pvOKa1tJvnYIrEKMfegQ63Vw9dVjYwLZ0yjBw==
JTBgVaJdxt1DjTmq9/hq8PCPIV6ptDoKvAqOEe3OGgGBGRxSSsSz3bMrSEgNBJChyxi9zoUBWv5RknpJc4OhgqCGm1taeECETcPIYOZAt0LazM4xgfsD4LROU97bzl9ygA5hT6MG
prdnKoTFH45KYGOQTifiAsLF+4FWTZC1LVMqZWAW9RSvG2IaX1VwKW+d873ET5PVRMJFHIUp2jgv/EOGcB9U88Y6shN2aSAfaMf2ab7jj1E5v5ghXDQfO9UNSjhCNfnK15k8MR0FcYoa4gy9YiXNLvMGJwalwMz+BtVmOXjDxVyHHsHecwn/bvvsmBEwBTUokYnPE02Rn2Tpk7aj/Q==
sgNYAf/frvAeoEZxkGT54GQzkgzGpN3m+/+XeEcm1pvJg0goe+3CEeGE+lLAaw7e0KfTTC52AuM7gd5WdHtWqtJu9iqTlAKOku9hYZdmPNw/cCuEG0R4LB1xozw=
7hUf2TGY047pRQSsoKFHxUYRMosOV8bNaSvqVF9/ptIvj5Xms47BHTXG8YjaMbLh/4Cb3X0Dv0W17IPXFKNf
7hUf2TGY047pRQSsoKFHxUYRMosOV8bNaSvqVF9/ptIvj5Xms47BHTXG8YjaMbLh/4Cb3X0Dv0W17IPXFKNf
/3+XHCdiXl81XRHnYybueepLIDvQTl3rgCwy2AsQI2xJ9BFaeALhv0fJzSkCPSrQItKsdCPP44FcaC46WUMYEmIPLU4nVBweqATY/h8q1o1iaiAqYT4QPjTUFw4nSS3QLgHyjxWUGPNIceJABxLFty8KalogiPXnBhUL5ko=
