UV+ac48uiliFEUEeVirwblaqxbT+5oRj+Ze6stFbIx+00f6rovxyydR8wawLwEpgtNTZuznl5D1mfN1CZ9qzhaw/zXW4n569ejzrmiMj3i1Fi9GAbQ4fMiVin6nW1L3+D74YrNAhu1QPm14D5ZmLkfbh/QVVGT3yF5/bKmgWlVCIbW0IjcOrWHVPYwtbHr1uQf6Bv6P2
lOjXjfFlA3pG6Ogi2pALYc1T7/sBH7NKCn8zW3ks4YK3FVT1XC6kQPvlVDb6tqFHPRM0atQuk8/Jib8z2Y+YufLvQuIvUHNVgo+tZWUa7YiTwL3c+8NmAkE8R/BMljDHl0Z3hVoJ9a+X897PCd8VX3FAz2F/gBiAKdIA4/lyLWVHis0RJ0GL6GFMKZC1paPw
RqxiH/t6aFs7PjieuTFr2ADMGXeWwH8TBFOMeIzDnxdsI8KUk56zNBLNAwJ4s7RFzIHizMC6NOlIF9Vd/fOJNFPVpZBW3RHhRPLExBMpJAIHDyPj9T8kvgyyMwvhhY/HYfNYXfqDkna3DJNR6sNd0R0m7azbbC2Io99GRumw94R0anCjH6onkULVlSt/P6778WOV+7ls37WnHLhEAd4wF0EO7YFP5h2Fvx1r7AkA2STNmaPU
3Nf4tPvASdr+edrE4dexaxElJB5eNMTxqeYDIph6EXyxMSboY53VAP6vmLD3YoH7rpM6c/YnWKiQkJRW7ylPi0SorPEQK10tUWErGWFtTO6D+6+rFZIhYI7VHUOovPbtnp3woton+PWmo4uLPAnvsCGzIYxmR+VdDOUxGdzhnrO5Cy81pbuio+k=
ErzDawhjLdCtqknZeqwxNAUUHjo8Ds1vGtw9SLOjqpBTKXg9VSMrE5xyPVxd+eJYB+xIgGJXfACzKu3bgps+Y9J/JOgsSHDGa6Ej6+hgaAE0E0EtTVkP6aWl4I7vcys78UqdIPKNOVOstNrN8tW0Ej7fZHU62+87+MEDkA27JZxCnxmdsL1ViVhpclMVQ2tFgYO+o/U=
IDo4toxqom44nsSpPB3wMgUUHjo8Ds1vGtw9SLOjqpBTOHAzUywqQZxyPVxd+eJYB+1IgGJXfACzKu3bgps+Y9J/JOgsSHDGa6Ej6+hgaAE0E0EtTVkP6aWl4I7vcys78UqdIPKNOVOstNrN8tW0Ej7fZHU62+87+MEDkA27JZxCnxmdsL1ViVhpclMVQ2tFgYO+o/U=
i0jNkOjWj/VeCoGJXqD0hOW9vhR6xq3kSgYltKBag1+IRJ3M8q26gfQKGz/COGbmZX4Oi67WJExHiUXtTMbkOEtt9G6om6B/TVvU8kRGUzf5gZ/rCScYAQInIvo/uDMtMgcNPTUy7bDjiF1Ea6um+nE0ZyicPrB/Z44XnUrhtdcne36XWfcVZwEIL/nv6Nh4GdogOynard23Qq0JN6nLkNHEicjljaPI
O84LwGEGxSWVkG8rnVd4yNSz4uyYTuufWLTSbjQYApSX6eSw/w31AYSSxCRTSaSiQS8gw7WfpN5MUjNrIWUPZ6HTWH06IxKWd2yTsaqj3XFdBu2Mm8yt6OM/RiYpUHcktEpwg98Kp3GCtZXLP18uW7FDldv5zF/V5/y4JME+sLeBLu2hj0adZX99awxJYFmEjbmj9A==
T9X0NYTaX9zAuXtGfdNpWB4F+pqp2gMawOB+BmU0IFSvR+sFcQ0fQwJInb2Rhi5yvImuFhdMV/2QcOU8AsAog56owa5nSyj/jKsQK07IxlxyzllFCbuipJqpVofLrcfNbUFXYarexZcZM/NedwCY2fubHtBwXXhRxrrcCy41cA8NE4rFCYAn3xdUgMtzPVop1wHqjdgDX4eZbeOXtKP/
5Z4uCHccrnOeFAJ7B+XmcERWL3lmA81vEt4rWuexqcBTbDV0AW1+QZxyPVxd+eJYB+lIgGJXfACzKu3bgps+Y9J/JOgsSHDGa6Ej6+hgaAE0E0EtTVkP6aWl4I7vcys78UqdIPKNOVOstNrN8tW0Ej7fZHU62+87+MEDkA27JZxCnxmdsL1ViVhpclMVQ2tFgYO+o/U=
GAuJKkgYL7OzbU/kRPZCFJj2orHGTuuUR6TVPD0LTJWdouSw/w31AYSSxCRTSaSiRC8gw7WfpN5MUjNrIWUPZ6HTWH06IxKWd2yTsaqj3XFdBu2Mm8yt6OM/RiYpUHcktEpwg98Kp3GCtZXLP18uW7FDldv5zF/V5/y4JME+sLeBLu2hj0adZX99awxJYFmEjbmj9A==
NiM/oJ2yUbyH9U2a87rDCiJ6APihBX8KLH8pfQjH9Fk0SgT8YxHEunA2INuFh8SGfIrzs5E9b/8RS9jlirtyzse0U2ma+71pbR7tlKvUzbDT54b+mQgXvATS8BtvkscpMm1VEw8HTkOBW5XDydQ/jdckePxxZtAvMbZtOT/e/T3PpavUeTg5nL2ho+w=
cFciv3dQauxzZYOyRNx9OJCOo90TUNKuOFBkf38D9xLgDHpDUhIkcTub77WJHdahRMJFHIUp2jgv+EGAakdU4It6tRt6K2YDeo+saKT4mGYz0ZsrMDAQIdwDSS1FSefJ3fU4TlcDc5sZ+hWgen2RM/QEIg2qhYzyFs9sdTLLx1vAEdvQdQv9fOrvkR04DT0pgJnKE02Tk2Xpk7aj/Q==
EgSJaRIF4oG6TLS3IkSk3NSp7uGaD6LXR6OLY3hHXsaV8KWw/w31AYSSxCRTSaSiRi4gw7WfpN5MUjNrIWUPZ6HTWH06IxKWd2yTsaqj3XFdBu2Mm8yt6OM/RiYpUHcktEpwg98Kp3GCtZXLP18uW7FDldv5zF/V5/y4JME+sLeBLu2hj0adZX99awxJYFmEjbmj9A==
RXlQD8Dgyg2JarjbiXjtWPja2V2mNRM5iDMEe7DU06ngNXWsS3MW8Ar48IAQ3waiER3NRgZvVEcYrmjoYEfnVxLhy0hzEYeIq8WmBi+MD00YEF3ua8HA0yZISR6/CxDvhIvIW+ZIruyqrlFVcXt61BIJLlfjre8dFeHfEXIevYcRUyvuH4AwqSO7FsBIHaDhTlpkW8Y1GN+1cwJ1UUAfzx902DvbvbKZj+HinSBDB3cRzRvHnKPX
qTLFmSdI9SYkJaQiHx5rINgtIfvaxIohOxikTx4jNiNDat/q3TkcrmkuJP+phKVxEQTNHZBqKbxpga6I20w9AZb/IFB/0tm7loMyU65X8Ch4IMw25zm3SxzYJFHo+3UtebHTuekdFC5766fLTSLJ4CalRWOgrM6txi14QmJ3kPVOczPrtLk3cBmjKay+t03dZFXp+dTx5vNh+6eV3euKo8E=
idvplYy4V8sVh6Ysc0rYJNSz4uyYTuuXWqLAOjkRHMaX763ksViHAYSSxCRTSaSiSy0hw7WfpN5MUjNrIWUPZ6HTWH06IxKWd2yTsaqj3XFdBu2Mm8yt6OM/RiYpUHcktEpwg98Kp3GCtZXLP18uW7FDldv5zF/V5/y4JME+sLeBLu2hj0adZX99awxJYFmEjbmj9A==
O6y1EogLJ44Bo/PCgfpLC311ehWZHWHPIWqi16PY8QVHV2IV3f2qHmtsizXUAEGhiE6kGzpYBeY7a9T3iLs004KIiuSWXt3NtVt+7N6Zsp/HrcvViXETKXY+eR+doxfmO0BUId+LGtiMfSQZAkp4k6K1/JepY84N1aBb1xNEpLM//ZaRs5FuBWRjA09dXYePuKPz
TxZqyO8qfBpgaqClzbmhtl5oA203DWdpdGm2Jn8M/21o0K1KHM4wc1YIuT7Pi8DPlMtY+7ZIfgw67kG1IfvKNCJJnrfTrd/9paHv8cKe7WcBE7sOz4BgCbP7BuCYndDBvhoU+zY1aH9Fs3JVocBP7w+0SJsLveL5HyHy/fDDtxchDaunrKPn
YNvbbFOAOQ5ynh6PwFM2WPSWyoeL6vsDHdu41LRGx/c8SK3/bpHR8azkULTjqZU7d+0tZbiP/u06jAtqo5N+XQXb8ZBtHj9iZRI/GVYkXU5P7ni80DFbhM8rPnNlKSthNjHdFVUJHSLXb3ua6Gb14Ei9jRiN08sINf+D+9uuHR4BrqGvo+Y=
SXpKjYZK+XZYaCKF8ws31lxoA3w1G2NpdGm2Jn8M/21o0K1MHM4wc1YIuT7Pi8DPlMtY+7ZIfgw67kG1IfvKNCJJnrfTrd/9paHv8cKe7WcBE7sOz4BgCbP7BuCYndDBvhoU+zY1aH9Fs3JVocBP7w+0SJsLveL5HyHy/fDDtxchDaunrKPn
1FKydB+MXEyCjN+kIq5gAvSWzJGX9/sDHdu41LRGx/c8SKv/bpHR8azkULTjqZU7d+0tZbiP/u06jAtqo5N+XQXb8ZBtHj9iZRI/GVYkXU5P7ni80DFbhM8rPnNlKSthNjHdFVUJHSLXb3ua6Gb14Ei9jRiN08sINf+D+9uuHR4BrqGvo+Y=
frzkoRRz76drGW4U6S+pxPSWzYeF8vsDHdu41LRGx/c8SKj/bpHR8azkULTjqZU7d+0tZbiP/u06jAtqo5N+XQXb8ZBtHj9iZRI/GVYkXU5P7ni80DFbhM8rPnNlKSthNjHdFVUJHSLXb3ua6Gb14Ei9jRiN08sINf+D+9uuHR4BrqGvo+Y=
MrvrlDJXihuIcaOJZvUnERYDqJuixQ1blL0nXyVlLhDqC/cPa14fRxZIgquahix27tmuFhdMV/2QcOU7A88og56owa5nSyj/jKsQK07IxlxyzllFCbuipJqpVofLrcfNbUFXYarexZcZM/NedwCY2fubHtBwXXhRxrrcCy41cA8NE4rFCYAn3xdUgMtzPVop1wHqjdgDX4eZbeOXtKP/
3jRqf+S4HK5X+E8CsfOj9inEcpbFB2Cr2aCs6YFilXPYqMZJztuFtEszcSBnNQWqV4iqaL6b25EFfWSzlqiJd58efQ3xja8PMVvY9apLsn6nJNP5ekv9GU0O7YSLpI0AM3cGbvm410wkwvALT2IHmVL91YPvtw4zoUuV0+mkfz03tPhsEdYQ3BGmbSkfLj2NrzUrRJmIeeydsaP8
7C5hmgAJMjcfrSbwGD7ULinEcpbFB2Cr2aCs6YFilXPYqMZJztuFtEszcSBnNQWqV4iqaL6b25EFfWSzlqiJd58efQ3xja8PMVvY9apLsn6nJNP5ekv9GU0O7YSLpI0AM3cGbvm410wkwvALT2IHmVL91YPvtw4zoUuV0+mkfz03tPhsEdYQ3xGmYykfLj2NrzUrRJmIeeydsaP8
/3+XHCdiXl81XRHnYybueepLIDvQTl3rgCwy2AsQI2xJ9BFaeALhv0fJzSkCPSrQItKsdCPP44FcaC46WUMYEmIPLU4nVBweqATY/h8q1o1iaiAqYT4QPjTUFw4nSS3QLgHyjxWUGPNIceJABxLFty8KalogiPXnBhUL5ko=
