97fYUlJvXh5Jovg+EWYGR1aqxbT+5oRj+Ze6stFbIx+00f6rovxyydR8wawLwEpgtNTZuznl5D1mfN1CZ9qzhaw/zXW4n569ejzrmiMj3i1Fi9GAbQ4fMiVin6nW1L3+D74YrNAhu1QPm14D5ZmLkfbh/QVVGT3yF5/bKmgWlVCIb2kIj8KrWnVPYwtbHr1uQf6Bv6P2
0Z6XERA4irfLL7RjIwVuaM1T7/sBH7NKCn8zW3ks4YK3FVT1XC6kQPvlVDb6tqFHPRM0atQuk8/Jib8z2Y+YufLvQuIvUHNVgo+tZWUa7YiTwL3c+8NmAkE8R/BMljDHl0Z3hVoJ9a+X897PCd8VX3FAz2F/gBiAKdIA4f1yL2RHiM0RJ0GL6GFMKZC1paPw
OeeazrGdDI0kZSXG4Qom8gDMGXeWwH8TBFOMeIzDnxdsI8KUk56zNBLNAwJ4s7RFzIHizMC6NOlIF9Vd/fOJNFPVpZBW3RHhRPLExBMpJAIHDyPj9T8kvgyyMwvhhY/HYfNYXfqDkna3DJNR6sNd0R0m7azbbC2Io99GRumw94R0anCjH6onkULVlSt/P6778WOV+7ls37WnHLhEAd4wFUUO74BP5B2Fvx1r7AkA2STNmaPU
FIOs3Ld2bCszz8r64VIdGRElJB5eNMTxqeYDIph6EXyxMSboY53VAP6vmLD3YoH7rpM6c/YnWKiQkJRW7ylPi0SorPEQK10tUWErGWFtTO6D+6+rFZIhYI7VHUOovPbtnp3woton+PWmo4uLPAnvsCGzIYxkQ+VfDeUzGdzhnrO5Cy81pbuio+k=
XibsPHMi5HA4BmWLFu1smAUUHjo8Ds1vGtw9SLOjqpBTKXg9VSMrE5xyPVxd+eJYB+xIgGJXfACzKu3bgps+Y9J/JOgsSHDGa6Ej6+hgaAE0E0EtTVkP6aWl4I7vcys78UqdIPKNOVOstNrN8tW0Ej7fZHU62+87+MEDkA27JZxAmxmfsb1XiVhpclMVQ2tFgYO+o/U=
YaWzasy/Li8W6bNCJ+t+QgUUHjo8Ds1vGtw9SLOjqpBTOHAzUywqQZxyPVxd+eJYB+1IgGJXfACzKu3bgps+Y9J/JOgsSHDGa6Ej6+hgaAE0E0EtTVkP6aWl4I7vcys78UqdIPKNOVOstNrN8tW0Ej7fZHU62+87+MEDkA27JZxAmxmfsb1XiVhpclMVQ2tFgYO+o/U=
QrTF6x0i9A4uBCeE1kkLZuW9vhR6xq3kSgYltKBag1+IRJ3M8q26gfQKGz/COGbmZX4Oi67WJExHiUXtTMbkOEtt9G6om6B/TVvU8kRGUzf5gZ/rCScYAQInIvo/uDMtMgcNPTUy7bDjiF1Ea6um+nE0ZyicPrB/Z44XnUrhtdcne36XWfcVZwEIL/nv6Nh4GdogOS3ar9y3QK0JN6nLkNHEicjljaPI
orrZe94pG1XfUCfj3CUryNSz4uyYTuufWLTSbjQYApSX6eSw/w31AYSSxCRTSaSiQS8gw7WfpN5MUjNrIWUPZ6HTWH06IxKWd2yTsaqj3XFdBu2Mm8yt6OM/RiYpUHcktEpwg98Kp3GCtZXLP18uW7FDldv5zF/V5/y4JME+sLWFLu+gj0SdZX99awxJYFmEjbmj9A==
bBFMKMf5Q7NG0gu8i41+7x4F+pqp2gMawOB+BmU0IFSvR+sFcQ0fQwJInb2Rhi5yvImuFhdMV/2QcOU8AsAog56owa5nSyj/jKsQK07IxlxyzllFCbuipJqpVofLrcfNbUFXYarexZcZM/NedwCY2fubHtBwXXhRxrrcCy41cA8NE4rFCYAn3xdUgs9zP1sp1QHqjdgDX4eZbeOXtKP/
UPM2s/+SiZTKyT3Y1Blu6ERWL3lmA81vEt4rWuexqcBTbDV0AW1+QZxyPVxd+eJYB+lIgGJXfACzKu3bgps+Y9J/JOgsSHDGa6Ej6+hgaAE0E0EtTVkP6aWl4I7vcys78UqdIPKNOVOstNrN8tW0Ej7fZHU62+87+MEDkA27JZxAmxmfsb1XiVhpclMVQ2tFgYO+o/U=
iZNK/OoK2eRmEEqytXYK9Jj2orHGTuuUR6TVPD0LTJWdouSw/w31AYSSxCRTSaSiRC8gw7WfpN5MUjNrIWUPZ6HTWH06IxKWd2yTsaqj3XFdBu2Mm8yt6OM/RiYpUHcktEpwg98Kp3GCtZXLP18uW7FDldv5zF/V5/y4JME+sLWFLu+gj0SdZX99awxJYFmEjbmj9A==
ZcjcNhdBcLGMHsnbxUW14CJ6APihBX8KLH8pfQjH9Fk0SgT8YxHEunA2INuFh8SGfIrzs5E9b/8RS9jlirtyzse0U2ma+71pbR7tlKvUzbDT54b+mQgXvATS8BtvkscpMm1VEw8HTkOBW5XDydQ/jdckePxxZtAtNbZvOD/c/T3PpavUeTg5nL2ho+w=
4xWH4BHoINIPEToM/Z0DctSp7uGaD6LXR6OLY3hHXcaV8KWw/w31AYSSxCRTSaSiRi4gw7WfpN5MUjNrIWUPZ6HTWH06IxKWd2yTsaqj3XFdBu2Mm8yt6OM/RiYpUHcktEpwg98Kp3GCtZXLP18uW7FDldv5zF/V5/y4JME+sLWFLu+gj0SdZX99awxJYFmEjbmj9A==
KNEPNl1wpr/Der7seOMIO/ja2V2mNRM5iDMEe7DU06ngNXWsS3MW8Ar48IAQ3waiER3NRgZvVEcYrmjoYEfnVxLhy0hzEYeIq8WmBi+MD00YEF3ua8HA0yZISR6/CxDvhIvIW+ZIruyqrlFVcXt61BIJLlfjre8dFeHfEXIevYcRUyvuH4AwqSO7FsBIHaDhTlpkW8Y1GN+1cwJ1UUAfzx902j/bv7OZjeHinSBDB3cRzRvHnKPX
TRsRYvvvqGc6u7o6wkt08NgtIfvaxIohOxikTx4jNiNDat/q3TkcrmkuJP+phKVxEQTNHZBqKbxpga6I20w9AZb/IFB/0tm7loMyU65X8Ch4IMw25zm3SxzYJFHo+3UtebHTuekdFC5766fLTSLJ4CalRWOgrM6txi14QmJ3kPVOczPrtLk3cBmjKay8s03fZVXr+dTx5vNh+6eV3euKo8E=
AGme/Qs/550fsKrwkwK1AdXtlD4c5W3LJvzuAd8AuF8SKzIjR2LT+sEh+I4NFtjP5UxhMVXMAW0sko3czRkyGFfEuYESd6zA40p9WzL7jqPiHzToPGgABpsBU2t4wDhB5PNxLX2536n1BXAOn9Pb+4FqjSDi7QmTHNRqTWK15NLu/xR1yvu/eyghkxC9W5XccHsJn6Gdp8koyYLTheO7hdHjjqPF
VhLIHgA+fnl9NUHW7OxF3VI2VOOgj3PgN5F2d4lUvj3bjamzo8TkTnZGm3EWlphtO2re8IEmeuzxu3g0tGaHV7yoZthhsRERLEQQlONJVVv3Te2FuO++TbpsSwqjs779hbuxsG0+fwLlsv85VkQdrs9OONzQ0ZskT0v+k2UJa8G20R01VSndwlfPO7rohjWAyB9J+I+yi6q1H8Ob247dvoHO4Y+jxg==
nwzvkEGVWoIqAE4qPSE/4xMvgsF8EX7Bd6McCPwRzTTCVwgvMCNFZsnyuxXqnh/i4qf/aAMRt+hbhRbmXwyfLchQDQB7wdCz9ogZ/i+L4I80S7i71khezJpuIfXB++p0Qsl+d/Ot/z1FIY+x4p4NJ2GTG87vgABJU3umoLidMAEemrQ71jUIP+Uz0hXBwG8vrzQqX+u/w7m9oRI9kMOX18GNy+eMo8c=
gaLibLh3UwiaZB110NkBT9Sz4uyYTuuXWqLAOjkRHMaX763ksViHAYSSxCRTSaSiSy0hw7WfpN5MUjNrIWUPZ6HTWH06IxKWd2yTsaqj3XFdBu2Mm8yt6OM/RiYpUHcktEpwg98Kp3GCtZXLP18uW7FDldv5zF/V5/y4JME+sLWFLu+gj0SdZX99awxJYFmEjbmj9A==
jBRGF/I4dUnWR4dO0zBGBH11ehWZHWHPIWqi16PY8QVHV2IV3f2qHmtsizXUAEGhiE6kGzpYBeY7a9T3iLs004KIiuSWXt3NtVt+7N6Zsp/HrcvViXETKXY+eR+doxfmO0BUId+LGtiMfSQZAkp4k6K1/JepY84N1aBb1xNEprc//5eRsZFuBWRjA09dXYePuKPz
9K3NlAcVsTado6TeHWbngV5oA203DWdpdGm2Jn8M/21o0K1KHM4wc1YIuT7Pi8DPlMtY+7ZIfgw67kG1IfvKNCJJnrfTrd/9paHv8cKe7WcBE7sOz4BgCbP7BuCYndDBvhoU+zY1aH9Fs3JVocBP7w+0Sp8Lv+P5HSHy/fDDtxchDaunrKPn
/KzGOwgoj6v3rWgpwXdYP/SWyoeL6vsDHdu41LRGx/c8SK3/bpHR8azkULTjqZU7d+0tZbiP/u06jAtqo5N+XQXb8ZBtHj9iZRI/GVYkXU5P7ni80DFbhM8rPnNlKSthNjHdFVUJHSLXb3ua6Gb14Ei/iRiP0ssKNf+D+9uuHR4BrqGvo+Y=
1sDKQu/LO7xUFfLMIBFq6VxoA3w1G2NpdGm2Jn8M/21o0K1MHM4wc1YIuT7Pi8DPlMtY+7ZIfgw67kG1IfvKNCJJnrfTrd/9paHv8cKe7WcBE7sOz4BgCbP7BuCYndDBvhoU+zY1aH9Fs3JVocBP7w+0Sp8Lv+P5HSHy/fDDtxchDaunrKPn
XREs+WYida+M7flT9yNTf/SWzJGX9/sDHdu41LRGx/c8SKv/bpHR8azkULTjqZU7d+0tZbiP/u06jAtqo5N+XQXb8ZBtHj9iZRI/GVYkXU5P7ni80DFbhM8rPnNlKSthNjHdFVUJHSLXb3ua6Gb14Ei/iRiP0ssKNf+D+9uuHR4BrqGvo+Y=
GQ7IVF2HGe1je4v4v2cE/PSWzYeF8vsDHdu41LRGx/c8SKj/bpHR8azkULTjqZU7d+0tZbiP/u06jAtqo5N+XQXb8ZBtHj9iZRI/GVYkXU5P7ni80DFbhM8rPnNlKSthNjHdFVUJHSLXb3ua6Gb14Ei/iRiP0ssKNf+D+9uuHR4BrqGvo+Y=
yDv0nfV/Wsk1xCHzDwh5u+r3UKzBuOXljXOVj66A5lABy5ypyaN2O2jr1V0sdmSIK900XsKor08taxRCJPbTh5kxX9tpFxgxYhfiSl8Is51St80NVQLtgIO4nfQLGyZKEYSnGPwOsE8HvtctKlE1Z0fLvqc5xxVXYTjvSY9YWMh5auAPTeqv7NdwbblXGUsgsXRJ+IW9o/g=
edJ2bWyOhTUWAC1d0pm47yddvfHYjR7lAyr3tbw/wZaY1vjQ/11weqjSRc2RbgxRfNuw0l6JxlEkYkRU85lk8iYdL/PVz2QO7CKzm4E1T7dB41hN2vNSxtecE8EKcx0hPTbtvPucbThDT8bWiQA39FR6cLM/2uchIkUVu5+P7gvRc5XrmZyfBUeMONRhbvBjZR7vkG+U3TXfjet86bCZ1O2Jo8Q=
8srAbk1b/wYIitOWbXjvlRB7zVqrgwS20wMaYed5HlrKQeQd1LOXFnMg/3T0ivzAxKdhABEx4i8Tw7PUalOkuoWA0k8YF98V3Xye3KTW8wxO7JS0s0iX7M8nJJGZr5iZsk/CQm9wc3XCLy3FJTrtqNNgPXy742YiAZzHUAy2MOfX5vclGin1j9dTXm9J/xV/MeBPwT+gGKBpcoBHvVIvRAcoTbFnYYvIIeypMPWFo9A=
8srAbk1b/wYIitOWbXjvlRB7zVqrgwS20wMaYed5HlrKQeQd1LOXFnMg/3T0ivzAxKdhABEx4i8Tw7PUalOkuoWA0k8YF98V3Xye3KTW8wxO7JS0s0iX7M8nJJGZr5iZsk/CQm9wc3XCLy3FJTrtqNNgPXy742YiAZzHUAy2MOfX5vclGin1j9dTXm9J/xV/MeBPwT+gGKBpcoBHvVIvRAcoTbFnYYvIIeypMPWFo9A=
WHdIfN8tvOnAJpQ7+/ZRgSenu0Bop9al6+WNPIx0uNexfv3FzdznQVAXDfZtig1nXVL4mF8OFGHnDWmt3PhoqAN1LWcHcZW5eFPG8UrQM7ZDD8bBdYfJjG0CBz4VjoeFtvhlEj/yQGAQ7eMYv3eGr4U1E31GbWWJ1ZWlfqdzQ4YIuk28OCkxxE8O8xZFo7snOzKlgnHymbOj+g==
81YJrkiuKIcH/tYeBwVM1T3aZQhjZXMVtzgFLkBZ25+mYSVJHgCqxy0py0ughWeKy4PsKg7HIJOGyOleXwtwL2QLaJvGSE4syi7xFVF7WpTyiU6Xw63P3XVhP1FSHp3HsdNLLv+AEGmDO/YAKB1Aoe7axBsmNXgfFfOitTFA/49/9HB/+7/T2W1hQl0AQye3cU37h7yj9w==
yfAhN8KWwC0GnAXvc2HkX19SeMo5/XvJ/fhQFJz1aTc10M4eXaEUGQcsOHShjnBGJH7v8C+0XdUfLevcqdAZ9C1poyQ=
OlML17KaGY7OvlFBaQkXKNApLfPf8Nk7NSXrXwRqVSEQUOPE7CwPvGprYuC/x+9xGRDGPv0zeZpdrLTx3RNnX8r/OUEyz5+/lcU8SKxX8Ch4IMw25zm3SxzYJFHo+3UtebHTuekdFC5766fLTSLJ4CalRWOgrM6txi14QmJ3kPVOczPrtLk3cBmjKay/sk3fZVXr+dTx5vNh+6eV3euKo8E=
57YYkFx0ja8LJ9xdo9mFRvdE6EnXTtczpoJQN9sPkNe7LQHlDVueXajTS1yFWT8WGzMDghUKUvcQtaJz1MesnhrcyOT5sjWSYBH/jBMc6/BU8AOg/dwCpea5zezrmfNTj/pkJz+UETPp+X+jub+Y6VIfAvLP4POFov9t9QUq7dgzMP3MG3Pm0mFMh2AspjCXN7Y3lbq5dX+3gx5fae8VD9Gwj3GfMJhQCaLAc5xCLzTneI0Bx/ELOEE86QDVlaOg
rM/oqHdSnTcxiWDFP5I8fkVxiNgxYBbZFUH3u5ySlvhZfV2c46oBNOM0ugl3q6wjPDELUIXrTTz6iuEfia0v6XC5+pMd8wMl2TNmoy0=
zfxfewFli94vTonUB3Pxdm9b/HqGSQFca0LKLUWqCsecoh3WgZCPvFByFAQG1MbqtIbGBeeIWY8UZ+4/Zdj/wsSdaJ9Vbl27uDjulYHAL69vNOjeK78DOf2hUr3Qw9dXgY0LZ0yjBw==
DHqPH7Mljx6ysJcaFdko2yLGjyvn/g3BnugFgNq4alyOe2belMDQQGIdDl/ez+yxvGFy9Ve2uKahSQvV1bzwmOQheUv9dE6yhdUkxW+o2DiZmiD7rBqvHDeArUm36cvQUYSJCGVNowg=
CFcpIa1qJymEaOk8gWY/b3oznR/LmZb67PzQdAox3puGk0wlNO3CEe/K+FKJJRvRzaCQTCxtCe8FyM4GbXl0gbd0+CyRlhCflOZvaJ9sPc0vdSuEGUh5LB1xozw=
vUes2H87ydzsv1tosYFTxQJvtvpKVKQi0ZCG9uT40EhyBS637reseWw5El2nDjguMdGrvWVEMNC0+ZljjUxOupXNBC1f0JjwScJAU1yiL5SnGA0hBxELmAFcaSAVdaMA
r4gn4bsAumg5OycfITDIjStcmd97ZoU45pCG9uT40EhyBS637reseWw5El2nDjguMdGrvWVEMNC0+ZljjUxOupXNBC1f0JjwScJAU1yiL5SnGA0hBxELmAFcaSAVdaMA
7B9RtH8qnWRQaSzX2ZnYOCp42NU0jFs4DnBgelD2jr9WARoF3NeAk3r7Q6xY8O2L82uxFmAeeLPRpUkODkSptzzba6KoHmWoaLV4wA+KuwIVNxMDG5YNVmEmEXejPg==
/ARIestxwR+7gJvV6J6mHhB7zVqrgwS20wMaYed5HlrKQeQd1LOXFnMg/3T0ivzAxKdhABEx4i8Tw7PUalOkuoWA0k8YF98V3Xye3KTW8wxO7JS0s0iX7M8nJJGZr5iZsk/CQm9wc3XCLy3FJTrtqNNgPXy742YiAZzHUAy2MOfX5vclGin1j9dTXm9J/xV/MeBPwT+gGKBpcoBDvFIvRAcoTbFnYYvIIeypMPWFo9A=
qBwov0AniMVSwxemf0bI6UVxiNkxYBbZFUH3u5ySlvhZfV2c46oBNOM0ugl3q6wjPDELUIXrTTz5iuEfia0v6XC5+pMd8wMl2TNmoy0=
M5+ADUuJ15G91j5Q7RvkFndfBy+kunuMivwNj+IKcdDTA/3uyZ6JB6f4vdUiLvF5NtyY+OAM0i5Sl8k9HDyrmfmaqInerIjp2PTBqe/8cIJNSL7BGUisu7245PPRgJ06tvTg9NM7/q1FIKs3owTw0k/+p7FhUZ6l1OOTLw0dt6+oo+M=
qWmKu3/3tNSS5WAFd8YfeOnvkQLpo1JW+D1UKGQlNoCJ1rxBY7anyexi98l+tUY7+FpmQfHnIfnSkZ0/Z8kFMfjbVkmqCIP+A8c2GVX/2YRtChdGNVZ3Tfaw1crfStDokGVzoN8vNmdFfWMlZpV1gdWdtYaHKzPOyHL95FidpEzOhmOupXsLb3v6VVpRiom7o/I=
hilH7exe17GitK8MUhTxlVal0q/785Ve+Ze6stJdIx+00f7EyZJ0tbMCz61Mhh997sHOv3je7jVhU8kdcvX1i7c9zXW4n569ejzrmiMj3i1Fi9GAbQ4fMiVin6nW1L3+D74YrNAhu1QPm14D5ZmLkfbh/QVVGT3yF5/bKmgWlVCIaWwIjsKrWnVPYwtbHr1uQf6Bv6P2
aFfTNMWXwFQw1AGr5ubkN/dE6EnXTtczpoJQN9sPkNe7LQHlDVueXajTS1yFWT8WGzMDghUKUvcQtaJz1MesnhrcyOT5sjWSYBH/jBMc6/BU8AOg/dwCpea5zezrmfNTj/pkJz+UETPp+X+jub+Y6VIfAvLP4POFov9t9QUq7dgzMP3MG3Pm0mFMh2AspjCXN7Y3lbq5dX+3gx5fae8VD9Gwj3GfMJhQCaLAd5hCLjTneI0Bx/ELOEE86QDVlaOg
NaGFrjLhnwV/geFKBQ+zxx9RJGtlG4R1EMA7SqatisBebDV5AQIYL/VlNCQtgZhKXqwemD1IaA30E/TKrps+Y9J/JOgsSHDGa6Ej6+hgaAE0E0EtTVkP6aWl4I7vcys78UqdIPKNOVOstNrN8tW0Ej7fZHU62+87+MEDkA27JZxGnhmesb1XiVhpclMVQ2tFgYO+o/U=
HB1fQ5e90tB7OXceCS6CIhB7w1Kv3QGxzlRObqgAP3Lwadcy55qXF39hsHOxmeXX2aZhCR544isf/fy/al6p1JiHyzwLB9wQwz/Gz/rFuDhip7mNrReCw4kpP5OZr5iZsk/CQm9wc3XCLy3FJTrtqNNgPXy742YiAZzHUAy2MOfX5vclGin1j9dTXm9J/xV/MeBPwT+gGKBpcoBHuFIuRAcoTbFnYYvIIeypMPWFo9A=
V1G3+U7L2fUG+49lIX9eANuTgXMGJUWMxlA8sdej/8j0QiFZ/shiu7+NPG8KbqnEuHeLbOu3XIBjTwYfmvW4KEJX+d1NpwJTKVn/Q/mfmImSv4ISj8Dz5WJf7RVFCu2485B9LFtT5rKh7AeAbIYw9/cWt3X6mXUfdyOevynPFW8REA+R3xCYMMkCQJfYYi5UJ9gN4YfRC1iBnGnglbWjwA==
zNGPzL/NxTEgLnm9svcBtdZmBD9Om9geeL3Cp/v7hWbZb4r6kpXTp9RJbkxJGuQtU7q/5YxOLwXO2d63eNb+LUEr+dWyvYUzV6Vd/TgXDiUahBtSY2vu1WWTwYhtBg8qBZqv4ZYcTUZvJogkUKkrzO8jLkslUbvp1vntDVURLeo35+viqF7l6Gjy/IAOSjvCFfeTwxtWjZZh5pG3o/4=
PFgqElS8g+K0Y+ea3zZ0jhY00FtY2P/IsriUtQ/Ptb4hQvig0BBfhcImr7WviNgYWfqgHOg6rjx3YC0pd8nL8JHkCeglbaMo
gPKzhWK21UmCdO+RAk++HGD+JZ0N5vJU64MzMb+bvRBoAEbxmoOFA1cT4NoxT49MrZhWVX5dMZefvIvCaX+yjMMTJkXJgOdf11RHSrM+m6kVASoNGAOfB1ltIxd0oz8=
ZZgtIkAUjclR96vgpuJFtWM2x1tY2P/IsriUtQ/Ptb4hQvig0BBfhcImr7WviNgYWfqgHOg6rjx3YC0pd8nL8JHkCeglbaMo
bsfnWj4JhLycqk8nC8G00mA2x1tY2P/IsriUtQ/Ptb4hQvig0BBfhcImr7WviNgYWfqgHOg6rjx3YC0pd8nL8JHkCeglbaMo
MEiriTchfIYPjClZuGxuXzYfyq8TXjQvgJS/DPpExGG3Y1Xayd5IFEic3wFKmj8hV+R4vPEm0Oiw9m54vxz9fU/lqxT5+DncPWGjLA==
TRAlbnL0PXvRIQsqCx6NVa/rH6HWo+Lsj2nBga6AokMP5Zz3muYpfEjf6zQ7fxz4U6cmB4r9uBAyfxkFHe/Cq5kxX9tpFxgxYhfiSl8Is51St80NVQLtgIO4nfQLGyZKEYSnGPwOsE8HvtctKlE1Z0fLvqc5xxVXYTjvSY9YWMh5auAMSOqu7NdwbblXGUsgsXRJ+IW9o/g=
riW7P3FaEvgbaAIIS/EVOynn+gc8stG+7/iNeMl7op6ycfvzhJ2mCAleLPkD7hcBLCqHkV5NVjP4Una50b9RsRJZLWcHcZW5eFPG8UrQM7ZDD8bBdYfJjG0CBz4VjoeFtvhlEj/yQGAQ7eMYv3eGr4U1E31GbWWJ1ZWlfqdzQ4YIuk28OCY0xE4O8xZFo7snOzKlgnHymbOj+g==
YNtXtZtNXCV7OHMXokyb9MyYsMMDR5CReUY5ZX4F1lXoEGMKHl1SYDbcvfmJcrDPLdVMZPVRoCp2vBaYNVhA7cxDrApWK2YDeo+saKT4mGYz0ZsrMDAQIdwDSS1FSefJ3fU4TlcDc5sZ+hWgen2RM/QEIg2qhYzyFs9sdTLLx1vAEdvQdQv9fO3ukR45DT8pgJnKE02Tk2Xpk7aj/Q==
l3YS1vION2IXGuN4ko4g+w34bkadtzpqb2luBcBN/hwVOuhxRHgQMJuZr56Wl3v5ulSDHXbyMPDQWPMUBjUaD9q6oIcwW9xjCggCFD7+pX1tm0a8hrlaj8+tw8VhUUt5Tv6hr+UDvxazwNyRN2uiqNS93MlaKlCDqrX0h4GDFl2t4IMnqyTLArd+H+EZMZa1PCM7n4V975+wo/s=
M8owMGYMCJccKPnzBihdCg0ZNZoQXZKAOzz7V0JI1ZgGuoKFqYDHHzfU54rTPrvp9YGKzXgDv0e57YPXFKNf
hU2jhHvaOznga3JyvlPLc0Iw+sV5QbnpEcppazMsPY0FO2bl92wn//bIYTBaas593WDTBzvk26IHfm+BCfEGVeyjC//1Pd8/YKMr
OFKvb7cX73mAyvpqeSBCxDEA/8FnLQPFDkK4p92R2/pEaVKH86IBNOEzsAgn/JwyODELUIXrTTz9juEeia0v6XC5+pMd8wMl2TNmoy0=
+BEi0XPaVMsjJzdQODtSZl3jciGnl64XbCeC8bFQfgT1wBmjv4pTqFl1fMLhEQxgrtrftkRd/cj+2go18UC/Dz/0P/o7vhNZrWGC3UBDZzcxTTsHfKM3
r/IxrhisUP6xRoHfuLKJ/bLEdwX+735a3V3PTamHX0z0Bl0JD5z+we57C1oKBIzr2xzzntZGF75HizhaacWqgbbKsFc9LAqpfue7euhGtUDI2sw4jvIL6rVfQ9vbzl1+gQ5hT6MG
r/IxrhisUP6xRoHfuLKJ/bLEdwX+735a3V3PTamHX0z0Bl0JD5z+we57C1oKBIzr2xzzntZGF75HizhaacWqgbbKsFc9LAqpfue7euhGtUDI2sw4jvIL6rVfQ9vbzl1+gQ5hT6MG
y5bLe/wW+Yn4YnfcKKzpFWkAxr8OXA98z4/xDOMIz2n0JFnfzsdOWCy5/UYevxYlV+R4vPEm0Oiw9m54vxz9fU/lqxT5+DncPWGjLA==
vXiRBkEo/BkfriIWdguENOYoJypVIXMbPNIDQc60xFJVEpYdL+z00mDhMxBdm7VcVT5pngFdR0nICSLT5aPbBfEjbqMl
QJ2gmcN6Wev2gbpvbEST82AgeV/4MHnz9gMehERNfcqGG6aZn7CY0AkiwPSYwi605/iNgcdxC7hBvOmA1RWjIA==
i6buKo/m0HG7oI6Pv4M6iWC/ihKipi9UIpv+mShtP2Hx0Zh1+TpOaOfzsINERQhx1L3sIRrqCp2zlDDiROk/MJHTUczRphVePUVDWezBbjNpKz91NRtyozk=
JYzOj2cbwIj2jFfz7bjSSmNbo0oZlOnZpu/A5UGIvrQ4Qr36rE55wpZ1hKaviNgYWfqgHOg6rjx3YC0pd8nL8JHkCeglbaMo
+DF1BNQwe+vmXbbbh7iOc4yeEleFwIgLvXAytQ47AyYIWo3cuAb0JE5uszbFQ/tHO5JlovGS2ROjWg==
LpsvGB7YQe+pFL18rKRxehyf0mhunc0ezMn9Nv7v1nX3VPgMUfaQONAGbojfzL2t71UrpFmo+YzdEaNc
zUIRx5v/3CNhQ8+xm5ZCrD4U+RJa3rqcqLiLoQaGtrMnV73ntDV9wpYDhrGviNgYWfqgHOg6rjx3YC0pd8nL8JHkCeglbaMo
+BEi0XPaVMsjJzdQODtSZl3jciGnl64XbCeC8bFQfgT1wBmjv4pTqFl1fMLhEQxgrtrftkRd/cj+2go18UC/Dz/0P/o7vhNZrWGC3UBDZzcxTTsHfKM3
/n/av/EYHNe0EE0v64a+TQBDfIyFiveFKfNGJlGRnAB+Go9WVF3tqC6aWtVhwA9vz7QPGku+I3ldITJ9MMP3l+EN6ydsoyc=
fBai/DYS8Yxvc/bji5LXZ5lb+hbZBaB6tfF4eJKKE97Q3Wkgsgo2LQUga7djBLNSj/7nMaFR3iUU49OvzR33L2ijIw==
9rqyE8FGUXYtTXw1wAl3SB+u9m3eYIZS1Wy8fXfs7D11oXB3PQzKyf5H+1roJnWgSHoMWI4SS0o1PwM72+6d3gHuIW+jJg==
2BFKEvxX9dwqf6KksoKRTMA3fZdURX2ydnNGwU/4WGi5imBsCEquTJcQ7VmXuUuAcZTJmMUdo1g=
+9ULvAQybc3skESkf72ATEOvYvhGdSC/oypEgdKaEp2rZHhC/HnXcLnjSSyZdq3exRWLefQxBvPBu8cV/StqoyE=
zUIRx5v/3CNhQ8+xm5ZCrD4U+RJa3rqcqLiLoQaGtrMnV73ntDV9wpYDhrGviNgYWfqgHOg6rjx3YC0pd8nL8JHkCeglbaMo
+BEi0XPaVMsjJzdQODtSZl3jciGnl64XbCeC8bFQfgT1wBmjv4pTqFl1fMLhEQxgrtrftkRd/cj+2go18UC/Dz/0P/o7vhNZrWGC3UBDZzcxTTsHfKM3
vXiRBkEo/BkfriIWdguENOYoJypVIXMbPNIDQc60xFJVEpYdL+z00mDhMxBdm7VcVT5pngFdR0nICSLT5aPbBfEjbqMl
+BEi0XPaVMsjJzdQODtSZl3jciGnl64XbCeC8bFQfgT1wBmjv4pTqFl1fMLhEQxgrtrftkRd/cj+2go18UC/Dz/0P/o7vhNZrWGC3UBDZzcxTTsHfKM3
vXiRBkEo/BkfriIWdguENOYoJypVIXMbPNIDQc60xFJVEpYdL+z00mDhMxBdm7VcVT5pngFdR0nICSLT5aPbBfEjbqMl
NV6gGUMTstIj5uxgLsQ7cGOd2GKWvFyBx6VHy7r7JQHUKWaDzoKZAzUXClifiqmr4Xx7tgT/uqurXFmXiKi5m+Y7fgz0FX3i1uMG0W+o2DiZmiD8qBquHDeArUm36cvQUYSJCGVNowg=
4rWgTtSHxgyr4vLkzb/w/KLR5uC399B+XizfrO4rKRuBzLuGZM+6m8tsmSfoGDkrhou+PJQlfdK208ZhDxhYiPkq4MzIKq4sV7Bt+ddZS2AxNEk4BX2jOA==
LpsvGB7YQe+pFL18rKRxehyf0mhunc0ezMn9Nv7v1nX3VPgMUfaQONAGbojfzL2t71UrpFmo+YzdEaNc
eC5884mOPTa6QSSXLucXHjlNiqJh+CYwGj4MHmPb6tgGAXOBxS3o+72AUkVO62O2iMotDPg21BROXpMGBRNb17sChfIx4jljoyo=
6AcIm0uOf2dPaJVnY94wJFfwmAYnXtayq3IbGNwcWLme8qx6kSX0LkkxouVmDtjjvZhiba6Ds47IMn2kWF4kjM7G4+6lu4uvezrVGlHKCXujMg==
Lz888qZ6Tmncj3pFyIFYcjAnZ2RX79WrY18/ypiXfjocbJVs2mJ6DkGRnMrpVUpR9vpQZz0c6pk+N1vqaNYVEIgq7EiOAiuadY/jS1tePS5BPgF/ozY=
+BEi0XPaVMsjJzdQODtSZl3jciGnl64XbCeC8bFQfgT1wBmjv4pTqFl1fMLhEQxgrtrftkRd/cj+2go18UC/Dz/0P/o7vhNZrWGC3UBDZzcxTTsHfKM3
Lg9Q7inYruqrc7k12r8fMyBpeiEIvcC2eGgslIqCOzwcbNNu1jY3TgfbmMrpVUpR9vpQZz0c6pk+N1vqaNYVEIgq7EiOAiuadY/jS1tePS5BPgF/ozY=
vXiRBkEo/BkfriIWdguENOYoJypVIXMbPNIDQc60xFJVEpYdL+z00mDhMxBdm7VcVT5pngFdR0nICSLT5aPbBfEjbqMl
4VQN2ABRbW1t70+xOk5QENbJwajBZn3y7oVkrWTps4vGCX0GxRhcDQtjyM6J2c7hcitHN+vKAGr62W+NQr7f4bIcECJhyvqdw7TAIjRJz7ABc4EMgYYFXi0lk5m8of6z2UuPtQV7QqMJ
U1PLEWGsfPjIn+mHPI1HyV3jciGnl64XbCeC8bFQXgT1wBmjv4pTqFl1fMLhEQxgrtrftkRd/cj+2go18UC/Dz/0P/o7vhNZrWGC3UBDZzcxTTsHfKM3
Uzk4WhNSdCOh3iJUkbwasy6xw0XsuTkWIImnmDp8LyL3mN5r/3kMYam594tYGk9hwrzgYhHqCp2zlDDiROk/MJHTUczRphVePUVDWezBbjNpKz91NRtyozk=
z/0zvxvcu+BQJtPQnugGQCBpeiELvcC2eGgslIqCOzwcbNNu1jY3TgfbmMrpVUpR9vpQZz0c6pk+N1vqaNYVEIgq7EiOAiuadY/jS1tePS5BPgF/ozY=
PXuAtwS8fSF9NH5zQ4W2Hh+p+nbaJtcex2v4Omnl6iE2qnB3PQzKyf5H+1roJnWgSHoMWI4SS0o1PwM72+6d3gHuIW+jJg==
H/nSeoAaQdHDKji5usThZdozfZdURX2ydnNGwU/4WGi5imBsCEquTJcQ7VmXuUuAcZTJmMUdo1g=
zcR1pdyAKptAMbvmroSlVZSWBFeF3YgLvXAytQ47AyYIWo3cuAb0JE5uszbFQ/tHO5JlovGS2ROjWg==
jXRUL6VHl7gMSX9L+XJezDcZ/j0XlriG4a2JuxWc8LgkQfmrvVROksU1pKWviNgYWfqgHOg6rjx3YC0pd8nL8JHkCeglbaMo
FZQzqtBxEYyQ5PyT1PP4JjcZ/j0XlriG4amLtRWc8LgkQfmrvVROksU1pKWviNgYWfqgHOg6rjx3YC0pd8nL8JHkCeglbaMo
H1Yb9xcOpefWCLe1m/eyt9ApLfPf8Nk7NSXrXwRqVSEQUOPE7CwPvGprYuC/x+9xGRDGPv0zeZpdrLTx3RNnX8r/OUEyz5+/lcU8SKxX8Ch4IMw25zm3SxzYJFHo+3UtebHTuekdFC5766fLTSLJ4CalRWOgrM6txi14QmJ3kPVOczPrtLk3cBmjKay5tk3eZVXr+dTx5vNh+6eV3euKo8E=
grwiBLK/Y+98fNi476JraLw4MyMAZCkOMJwHXdv6z1QTM6c1L7Pc+mHhMxBdm7VcVT5pngFdR0nICSLT5aPbBfEjbqMl
3q4mZUiO3FclTr7Wy9CoK+X9GLvNrOXvzHSElo/Jo04J75z3muYpfEjf6zQ7fxz4U6cmB4r9uBAyfxkFHe/Cq5kxX9tpFxgxYhfiSl8Is51St80NVQLtgIO4nfQLGyZKEYSnGPwOsE8HvtctKlE1Z0fLvqc5xxVXYTjvSY9YWMh5auAMSOqu7NdwbblXGUsgsXRJ+IW9o/g=
hdEDyU9Kv7lKgWjfWFxdvtOBghsOheplNQnPPVmP/tJc0XvQFUsd/M2u8R6Zzd+poNlqE61Ts+WJ0xajXQ==
K+oxhuFozCJ7QP3su/W/Hs6bGUTEjew5lD9hhT8zAyYIWo3cuAb0JE5uszbFQ/tHO5JlovGS2ROjWg==
B27FU6IdOMvHALrx4YP2TV8hMl55dcXCguYfEtE0Q1aPOkCiI4SZQ7e6m7arI43ot9EgJuNtHPyyrLJEkGoYx2OZvpQ5DXMaIh1MBCpNcqSL7a20ItZnaJTVC0Cuv7eoztfzqM9u/LSqoIGTXAnvsCGzIYxnQ+VeDeUzGdzhnrO5Cy81pbuio+k=
EtWYr5z8WSbh4EfIMqJaAunvkQLpo1JW+D1UKGQlNoCJ1rxBY7anyexi98l+tUY7+FpmQfHnIfnSkZ0/Z8kFMfjbVkmqCIP+A8c2GVX/2YRtChdGNVZ3Tfaw1crfStDokGVzoN8vNmdFfWMlZpV1gdWdtYaHKzPOyHL95FiYoUzOhmOupXsLb3v6VVpRiom7o/I=
AjQgIQyJOhrFRBue8BYfHFal0q/785Ve+Ze6stJdIx+00f7EyZJ0tbMCz61Mhh997sHOv3je7jVhU8kdcvX1i7c9zXW4n569ejzrmiMj3i1Fi9GAbQ4fMiVin6nW1L3+D74YrNAhu1QPm14D5ZmLkfbh/QVVGT3yF5/bKmgWlVCIbGkIjsKrWnVPYwtbHr1uQf6Bv6P2
Ow4jvYmHpl8FcYwnI0KfV/dE6EnXTtczpoJQN9sPkNe7LQHlDVueXajTS1yFWT8WGzMDghUKUvcQtaJz1MesnhrcyOT5sjWSYBH/jBMc6/BU8AOg/dwCpea5zezrmfNTj/pkJz+UETPp+X+jub+Y6VIfAvLP4POFov9t9QUq7dgzMP3MG3Pm0mFMh2AspjCXN7Y3lbq5dX+3gx5fae8VD9Gwj3GfMJhQCaLAcp1CLjTneI0Bx/ELOEE86QDVlaOg
OzG0VOelU0CQrQ9ELATHrh9RJGtlG4R1EMA7SqatisBebDV5AQIYL/VlNCQtgZhKXqwemD1IaA30E/TKrps+Y9J/JOgsSHDGa6Ej6+hgaAE0E0EtTVkP6aWl4I7vcys78UqdIPKNOVOstNrN8tW0Ej7fZHU62+87+MEDkA27JZxDmxmesb1XiVhpclMVQ2tFgYO+o/U=
aDtY4h0YQvzTxhWEMM33kxB7w1Kv3QGxzlRObqgAP3Lwadcy55qXF39hsHOxmeXX2aZhCR544isf/fy/al6p1JiHyzwLB9wQwz/Gz/rFuDhip7mNrReCw4kpP5OZr5iZsk/CQm9wc3XCLy3FJTrtqNNgPXy742YiAZzHUAy2MOfX5vclGin1j9dTXm9J/xV/MeBPwT+gGKBpcoBCvVIuRAcoTbFnYYvIIeypMPWFo9A=
H//1gEknFWEXPmpyQyJLmNuTgXMGJUWMxlA8sdej/8j0QiFZ/shiu7+NPG8KbqnEuHeLbOu3XIBjTwYfmvW4KEJX+d1NpwJTKVn/Q/mfmImSv4ISj8Dz5WJf7RVFCu2485B9LFtT5rKh7AeAbIYw9/cWt3X6mXUfdyOevynPFW8REA+R3xCYMMkCQJLdYi5UJ9gN4YfRC1iBnGnglbWjwA==
OAAW3z8g4n8qhi8ruWEIYtZmBD9Om9geeL3Cp/v7hWbZb4r6kpXTp9RJbkxJGuQtU7q/5YxOLwXO2d63eNb+LUEr+dWyvYUzV6Vd/TgXDiUahBtSY2vu1WWTwYhtBg8qBZqv4ZYcTUZvJogkUKkrzO8jLkslUbvp1vntDVURLeo35+viqF7l6Gj0+YAOSjvCFfeTwxtWjZZh5pG3o/4=
jN/ugEhAFiuARWGm6PWeVTcfyq8TXjQvgJS/DPpExGG3Y1Xayd5IFEic3wFKmj8hV+R4vPEm0O619m54vxz9fU/lqxT5+DncPWGjLA==
Gb9xzaUyV8Uzt9OSJ45XmGD+JZ0N5vJU64MzMb+bvRBoAEbxmoOFA1cT4NoxT49MrZhWVX5dMZefvIvCaX+yjMMTJkXJgOdf11RBT7M+m6kVASoNGAOfB1ltIxd0oz8=
YhnDEwFQDmAnc35H7J/9GDYfyq8TXjQvgJS/DPpExGG3Y1Xayd5IFEic3wFKmj8hV+R4vPEm0O619m54vxz9fU/lqxT5+DncPWGjLA==
n/qmrxFGb1r+B6e9ovVhWxAxKIqJz/ecZfhOZRadmQdnHMMycX+q/AuzXtVhwA9vz7QJH0u+I3ldITJ9MMP3l+EN6ydsoyc=
V6FQV1NJhYWFvjSTs7t1LClcsJFcsSQ2X2oWHnzP45EFDHWUgGqM3p/HBmBn72O2iMotDPgw0RROXpMGBRNb17sChfIx4jljoyo=
YqbVEVfO28NcL3yqYhSvbylfsJFcsSQ2X2oWHnzP45EFDHWUgGqM3p/HBmBn72O2iMotDPgw0RROXpMGBRNb17sChfIx4jljoyo=
5bbaRcVdUoIfKWqBEW15ZBExKIqJz/ecZfhOZRadmQdnHMMycX+q/AuzXtVhwA9vz7QJH0u+I3ldITJ9MMP3l+EN6ydsoyc=
v3SQKh8EJcGQyGDNmFTvgxIxKIqJz/ecZfhOZRadmQdnHMMycX+q/AuzXtVhwA9vz7QJH0u+I3ldITJ9MMP3l+EN6ydsoyc=
gK5j0DFQlmdoTqLTAhlcYzUfyq8TXjQvgJS/DPpExGG3Y1Xayd5IFEic3wFKmj8hV+R4vPEm0O619m54vxz9fU/lqxT5+DncPWGjLA==
XWHy6lFl5O3SlkEURyuCbzQfyq8TXjQvgJS/DPpExGG3Y1Xayd5IFEic3wFKmj8hV+R4vPEm0O619m54vxz9fU/lqxT5+DncPWGjLA==
HgUOln75EHOyFtv02QM72WNE51tY2P/IsriUtQ/Ptb4hQvig0BBfhcImr7WviNgYWfqgGu06rjx3YC0pd8nL8JHkCeglbaMo
NdE9JUFdE9rtnrW+20byYmBE51tY2P/IsriUtQ/Ptb4hQvig0BBfhcImr7WviNgYWfqgGu06rjx3YC0pd8nL8JHkCeglbaMo
NQnQGhSFiVFDYPXelCb1ymFE51tY2P/IsriUtQ/Ptb4hQvig0BBfhcImr7WviNgYWfqgGu06rjx3YC0pd8nL8JHkCeglbaMo
dL093iKlap/IGP4srDxHQ2ZE51tY2P/IsriUtQ/Ptb4hQvig0BBfhcImr7WviNgYWfqgGu06rjx3YC0pd8nL8JHkCeglbaMo
S0iV1mzJ/tbP6SLJRUo8K2NH51tY2P/IsriUtQ/Ptb4hQvig0BBfhcImr7WviNgYWfqgGu06rjx3YC0pd8nL8JHkCeglbaMo
lnVUP/S2aYkMLWxuZecIzWBH51tY2P/IsriUtQ/Ptb4hQvig0BBfhcImr7WviNgYWfqgGu06rjx3YC0pd8nL8JHkCeglbaMo
rg9BNnSEOqWaEk+AWDHyZ2FH51tY2P/IsriUtQ/Ptb4hQvig0BBfhcImr7WviNgYWfqgGu06rjx3YC0pd8nL8JHkCeglbaMo
SkVXunqfnh8HTJsL4xFDTmZH51tY2P/IsriUtQ/Ptb4hQvig0BBfhcImr7WviNgYWfqgGu06rjx3YC0pd8nL8JHkCeglbaMo
/hhgXMAUAYWWiNLpUJq6Vq/rH6HWo+Lsj2nBga6AokMP5Zz3muYpfEjf6zQ7fxz4U6cmB4r9uBAyfxkFHe/Cq5kxX9tpFxgxYhfiSl8Is51St80NVQLtgIO4nfQLGyZKEYSnGPwOsE8HvtctKlE1Z0fLvqc5xxVXYTjvSY9YWMh5auAKTequ7NdwbblXGUsgsXRJ+IW9o/g=
A56ea6UBSTNzFn/wzRlABSnn+gc8stG+7/iNeMl7op6ycfvzhJ2mCAleLPkD7hcBLCqHkV5NVjP4Una50b9RsRJZLWcHcZW5eFPG8UrQM7ZDD8bBdYfJjG0CBz4VjoeFtvhlEj/yQGAQ7eMYv3eGr4U1E31GbWWJ1ZWlfqdzQ4YIuk28OCAxxE4O8xZFo7snOzKlgnHymbOj+g==
pEnlNIkNgnzfvhjG1B5iL8yYsMMDR5CReUY5ZX4F1lXoEGMKHl1SYDbcvfmJcrDPLdVMZPVRoCp2vBaYNVhA7cxDrApWK2YDeo+saKT4mGYz0ZsrMDAQIdwDSS1FSefJ3fU4TlcDc5sZ+hWgen2RM/QEIg2qhYzyFs9sdTLLx1vAEdvQdQv9fOvrkR45DT8pgJnKE02Tk2Xpk7aj/Q==
GZf/AvEAIcLSebPYo+51dA34bkadtzpqb2luBcBN/hwVOuhxRHgQMJuZr56Wl3v5ulSDHXbyMPDQWPMUBjUaD9q6oIcwW9xjCggCFD7+pX1tm0a8hrlaj8+tw8VhUUt5Tv6hr+UDvxazwNyRN2uiqNS93MlaKlCDqrX0h4GDFl2t4IMnqyTNB7d+H+EZMZa1PCM7n4V975+wo/s=
JgdOs8lBxbv+91f1VpCMTNxD8Q/SQKNtuvtqf4q6G6Cj8ipunzwiLQUga7djBLVXj/7nMaFR3iUU49OvzR33L2ijIw==
BRNuVhm1YWAptEWKqyvXLg405812Uqj8VY91fzgze8ACOzKv8lpzsKvyIn53XNp93WDTBzvk3acHfm+BCfEGVeyjC//1Pd8/YKMr
Y+NFYEoBi8ve4yVbKa5D1fKe9FodLoqTxiFt3NKyyHupDMrgjYlFG0p7+t/aemtAs/I6Dm988o2VoBtX00RlN3/+1xHxka6FpGNDzx1dxw94ozM=
/BfnxueOLXti6GzCMMdug/KetVodLoqTxiFt3NKyyHupDMrgjYlFG0p7+t/aemtAs/I6Dm988o2VoBtX00RlN3/+1xHxka6FpGNDzx1dxw94ozM=
hgPvarZXHERR5TYmJ1au7VQKcIDdzP7IYflZI16bjgdmKocoJ3Ku5gOsTtVhwA9vz7QJH0u+I3ldITJ9MMP3l+EN6ydsoyc=
Bxiv5caJCXY9l160XbCyJwDSkbxnAxWg6GbiIBIGOTj3Vqd4pttWN07K/zgvcqb2+8xm5TkAd79nFJFvwz6rycXBWq2Igy/nCS3TN2SjLw==
hz5jbr16VKEzFgOrXJostzdFibUbRREvzMn4RaZPxmPxK1PNyd9+UFLK0gVQkiAxV+R4vPEm0O619m54vxz9fU/lqxT5+DncPWGjLA==
1VIqGu+4jeGUcWedI5Sn+4jjLhgyoN6+MBAegem5ZCqu1wIoLETkUuZ3nMusE2wirQz1MnxCqSTEQcOQzTvlnAMbWZ7xPZeJmOmyU1XDK0XBA36jNQ==
9m1J3qYM7+9sys3cWbXPja+2mXFV0emwWEFJoOOfZvspVXjdFtemu0Fzk5X5Bx5IYtLSHWCKQOlnvLjkQf6wdgVu7uAPhJ2l/71rTMkgWcQNeaM0
tfrqAuYR3zZuB6bGlgo1CTdGibUbRREvzMn4RaZPxmPxK1PNyd9+UFLK0gVQkiAxV+R4vPEm0O619m54vxz9fU/lqxT5+DncPWGjLA==
g1iX0JkEu4/ZXxDD3jJbsIjgLhgyoN6+MBAegem5ZCqu1wIoLETkUuZ3nMusE2wirQz1MnxCqSTEQcOQzTvlnAMbWZ7xPZeJmOmyU1XDK0XBA36jNQ==
1YX5HyBKnx/4kAD0n5hwRtxD8Q/SQKNtuvtqf4q6G6Ci8ipunzwiLQUga7djBLVXj/7nMaFR3iUU49OvzR33L2ijIw==
WLA5Q9ml3h9lxjyoEUz7dQDSkbxnAxWg6GbiIBIGOTj3Vqd4pttWN07K/zgucqb2+8xm5TkAd79nFJFvwz6rycXBWq2Igy/nCS3TN2SjLw==
aNojUHNyGtMgP6/d54Q9mjdGibUbRREvzMn4RaZPxmPxK1PNyd9+UFLL0gVQkiAxV+R4vPEm0O619m54vxz9fU/lqxT5+DncPWGjLA==
irJ0+YKhLNMLZT8hG7akIojgLhgyoN6+MBAegem5ZCqu1wIoLETkUuZ3nMusE2wirQz0MnxCqSTEQcOQzTvlnAMbWZ7xPZeJmOmyU1XDK0XBA36jNQ==
2yrfG2X/DvrTbLuDfwNrlWrM0qUABeKhzUE4GmKfxuhojCgiOs/4KwiLkLIhhHCy+MoltLjZZ/Apg7lsT1Od3rX127lEkZZzMdsXVc0LeqMx
4F0wqB/noBBBc4C5g1YMLojjLhgyoN6+MBAegem5ZCqu1wIoLETkUuZ3nMusE2wirQz0MnxCqSTEQcOQzTvlnAMbWZ7xPZeJmOmyU1XDK0XBA36jNQ==
PB8SFPSl2YdSkcyrG+jrZBEv3cEhaQzKFkf6qJTUnPJOJ1SL5OMEArV87TJksrEELDELUIXrTTz7i+Eeia0v6XC5+pMd8wMl2TNmoy0=
Bxiv5caJCXY9l160XbCyJwDSkbxnAxWg6GbiIBIGOTj3Vqd4pttWN07K/zgvcqb2+8xm5TkAd79nFJFvwz6rycXBWq2Igy/nCS3TN2SjLw==
xbb1gfn0aOrsSN2PCfWxlX40mtQ+kUwvSGtGfUr05vtSARoXy9zaiXa1QL9Y9+KR7mntDSMPfbHm6j4cEle0rCjba6KoHmWoaLR5wA6KuwIVNxMDG5YNVmEmEXejPg==
Nd+u9vDVOGgh4Fox7cbijmbkzg2Z5LNTe3ted4dYVA0YcdLj8r1tdi0opZIYoNboeGwYYupviKuY6yBycaSBsojq9fQIOfdw2SPprH8zjd6l1Sv5FHEm86F7Z5Uda0qjAQ==
81iQjNhif0cPHvz3vp5PdHMe0b5aCk5phs34RaZPxmPxK1PNyd9+UFLK0gVQkiAxV+R4vPEm0O619m54vxz9fU/lqxT5+DncPWGjLA==
jxs9naY+h3hNv/Lf0HDMX340m9Q+kUwvSGtGfUr05vtSARoXy9zaiXa1QL9Y9+KR7mntDSMPfbHm6j4cEle0rCjba6KoHmWoaLR5wA6KuwIVNxMDG5YNVmEmEXejPg==
Nd+u9vDVOGgh4Fox7cbijmbkzg2Z5LNTe3ted4dYVA0YcdLj8r1tdi0opZIYoNboeGwYYupviKuY6yBycaSBsojq9fQIOfdw2SPprH8zjd6l1Sv5FHEm86F7Z5Uda0qjAQ==
81iQjNhif0cPHvz3vp5PdHMe0b5aCk5phs34RaZPxmPxK1PNyd9+UFLK0gVQkiAxV+R4vPEm0O619m54vxz9fU/lqxT5+DncPWGjLA==
m5aBVX33eEpgYXPo+StNtX40mdQ+kUwvSGtGfUr05vtSARoXy9zaiXa1QL9Y9+KR7mntDSMPfbHm6j4cEle0rCjba6KoHmWoaLR5wA6KuwIVNxMDG5YNVmEmEXejPg==
6TZMX+AMHz4F7b3tLukFwWbnzg2Z5LNTe3ted4dYVA0YcdLj8r1tdi0opZIYoNboeGwYYupviKuY6yBycaSBsojq9fQIOfdw2SPprH8zjd6l1Sv5FHEm86F7Z5Uda0qjAQ==
81iQjNhif0cPHvz3vp5PdHMe0b5aCk5phs34RaZPxmPxK1PNyd9+UFLK0gVQkiAxV+R4vPEm0O619m54vxz9fU/lqxT5+DncPWGjLA==
m5aBVX33eEpgYXPo+StNtX40mdQ+kUwvSGtGfUr05vtSARoXy9zaiXa1QL9Y9+KR7mntDSMPfbHm6j4cEle0rCjba6KoHmWoaLR5wA6KuwIVNxMDG5YNVmEmEXejPg==
JgdOs8lBxbv+91f1VpCMTNxD8Q/SQKNtuvtqf4q6G6Cj8ipunzwiLQUga7djBLVXj/7nMaFR3iUU49OvzR33L2ijIw==
Bxiv5caJCXY9l160XbCyJwDSkbxnAxWg6GbiIBIGOTj3Vqd4pttWN07K/zgvcqb2+8xm5TkAd79nFJFvwz6rycXBWq2Igy/nCS3TN2SjLw==
RsvRki61sptfP9D/w0NuDX40nNQ+kUwvSGtGfUr05vtSARoXy9zaiXa1QL9Y9+KR7mntDSMPfbHm6j4cEle0rCjba6KoHmWoaLR5wA6KuwIVNxMDG5YNVmEmEXejPg==
81iQjNhif0cPHvz3vp5PdHMe0b5aCk5phs34RaZPxmPxK1PNyd9+UFLK0gVQkiAxV+R4vPEm0O619m54vxz9fU/lqxT5+DncPWGjLA==
RsvRki61sptfP9D/w0NuDX40nNQ+kUwvSGtGfUr05vtSARoXy9zaiXa1QL9Y9+KR7mntDSMPfbHm6j4cEle0rCjba6KoHmWoaLR5wA6KuwIVNxMDG5YNVmEmEXejPg==
81iQjNhif0cPHvz3vp5PdHMe0b5aCk5phs34RaZPxmPxK1PNyd9+UFLK0gVQkiAxV+R4vPEm0O619m54vxz9fU/lqxT5+DncPWGjLA==
RsvRki61sptfP9D/w0NuDX40nNQ+kUwvSGtGfUr05vtSARoXy9zaiXa1QL9Y9+KR7mntDSMPfbHm6j4cEle0rCjba6KoHmWoaLR5wA6KuwIVNxMDG5YNVmEmEXejPg==
6TZMX+AMHz4F7b3tLukFwWbnzg2Z5LNTe3ted4dYVA0YcdLj8r1tdi0opZIYoNboeGwYYupviKuY6yBycaSBsojq9fQIOfdw2SPprH8zjd6l1Sv5FHEm86F7Z5Uda0qjAQ==
1YX5HyBKnx/4kAD0n5hwRtxD8Q/SQKNtuvtqf4q6G6Ci8ipunzwiLQUga7djBLVXj/7nMaFR3iUU49OvzR33L2ijIw==
WLA5Q9ml3h9lxjyoEUz7dQDSkbxnAxWg6GbiIBIGOTj3Vqd4pttWN07K/zgucqb2+8xm5TkAd79nFJFvwz6rycXBWq2Igy/nCS3TN2SjLw==
dfW2e2L+2v4LM5LMgVhvOn40mtQ+kUwvSGtGfUr05vtSARoXy9zaiXa1QL9Y9+KR7mntDSMPfbHm6j4dEle0rCjba6KoHmWoaLR5wA6KuwIVNxMDG5YNVmEmEXejPg==
7iPtxdjmcLEUJupRChj4Embkzg2Z5LNTe3ted4dYVA0YcdLj8r1tdi0opZIYoNboeGwYYupviKuY6yBycaSAsojq9fQIOfdw2SPprH8zjd6l1Sv5FHEm86F7Z5Uda0qjAQ==
UO8b5fM34Y+nY/3bKVsQenMe0b5aCk5phs34RaZPxmPxK1PNyd9+UFLL0gVQkiAxV+R4vPEm0O619m54vxz9fU/lqxT5+DncPWGjLA==
UCZ9Qsv+SabIKW/OErHInX40m9Q+kUwvSGtGfUr05vtSARoXy9zaiXa1QL9Y9+KR7mntDSMPfbHm6j4dEle0rCjba6KoHmWoaLR5wA6KuwIVNxMDG5YNVmEmEXejPg==
UO8b5fM34Y+nY/3bKVsQenMe0b5aCk5phs34RaZPxmPxK1PNyd9+UFLL0gVQkiAxV+R4vPEm0O619m54vxz9fU/lqxT5+DncPWGjLA==
UCZ9Qsv+SabIKW/OErHInX40m9Q+kUwvSGtGfUr05vtSARoXy9zaiXa1QL9Y9+KR7mntDSMPfbHm6j4dEle0rCjba6KoHmWoaLR5wA6KuwIVNxMDG5YNVmEmEXejPg==
UO8b5fM34Y+nY/3bKVsQenMe0b5aCk5phs34RaZPxmPxK1PNyd9+UFLL0gVQkiAxV+R4vPEm0O619m54vxz9fU/lqxT5+DncPWGjLA==
dfW2e2L+2v4LM5LMgVhvOn40mtQ+kUwvSGtGfUr05vtSARoXy9zaiXa1QL9Y9+KR7mntDSMPfbHm6j4dEle0rCjba6KoHmWoaLR5wA6KuwIVNxMDG5YNVmEmEXejPg==
UO8b5fM34Y+nY/3bKVsQenMe0b5aCk5phs34RaZPxmPxK1PNyd9+UFLL0gVQkiAxV+R4vPEm0O619m54vxz9fU/lqxT5+DncPWGjLA==
dfW2e2L+2v4LM5LMgVhvOn40mtQ+kUwvSGtGfUr05vtSARoXy9zaiXa1QL9Y9+KR7mntDSMPfbHm6j4dEle0rCjba6KoHmWoaLR5wA6KuwIVNxMDG5YNVmEmEXejPg==
BChKOppPySOPv4nro6AR0VY9uexSROsCwaXL+uarzVkzESe3+6q+ZGJuXlXuGTgpPsu2vzlfc8Gx+64s+l9SqYjWEC1f0JjwScJAUl2iLpSnGA0hBxELmAFcaSAVdaMA
UO8b5fM34Y+nY/3bKVsQenMe0b5aCk5phs34RaZPxmPxK1PNyd9+UFLL0gVQkiAxV+R4vPEm0O619m54vxz9fU/lqxT5+DncPWGjLA==
UCZ9Qsv+SabIKW/OErHInX40m9Q+kUwvSGtGfUr05vtSARoXy9zaiXa1QL9Y9+KR7mntDSMPfbHm6j4dEle0rCjba6KoHmWoaLR5wA6KuwIVNxMDG5YNVmEmEXejPg==
UO8b5fM34Y+nY/3bKVsQenMe0b5aCk5phs34RaZPxmPxK1PNyd9+UFLL0gVQkiAxV+R4vPEm0O619m54vxz9fU/lqxT5+DncPWGjLA==
UCZ9Qsv+SabIKW/OErHInX40m9Q+kUwvSGtGfUr05vtSARoXy9zaiXa1QL9Y9+KR7mntDSMPfbHm6j4dEle0rCjba6KoHmWoaLR5wA6KuwIVNxMDG5YNVmEmEXejPg==
UO8b5fM34Y+nY/3bKVsQenMe0b5aCk5phs34RaZPxmPxK1PNyd9+UFLL0gVQkiAxV+R4vPEm0O619m54vxz9fU/lqxT5+DncPWGjLA==
UCZ9Qsv+SabIKW/OErHInX40m9Q+kUwvSGtGfUr05vtSARoXy9zaiXa1QL9Y9+KR7mntDSMPfbHm6j4dEle0rCjba6KoHmWoaLR5wA6KuwIVNxMDG5YNVmEmEXejPg==
7iPtxdjmcLEUJupRChj4Embkzg2Z5LNTe3ted4dYVA0YcdLj8r1tdi0opZIYoNboeGwYYupviKuY6yBycaSAsojq9fQIOfdw2SPprH8zjd6l1Sv5FHEm86F7Z5Uda0qjAQ==
UO8b5fM34Y+nY/3bKVsQenMe0b5aCk5phs34RaZPxmPxK1PNyd9+UFLL0gVQkiAxV+R4vPEm0O619m54vxz9fU/lqxT5+DncPWGjLA==
Wcp1ZXnwpREBLSWv9Vut1340mNQ+kUwvSGtGfUr05vtSARoXy9zaiXa1QL9Y9+KR7mntDSMPfbHm6j4dEle0rCjba6KoHmWoaLR5wA6KuwIVNxMDG5YNVmEmEXejPg==
7iPtxdjmcLEUJupRChj4Embkzg2Z5LNTe3ted4dYVA0YcdLj8r1tdi0opZIYoNboeGwYYupviKuY6yBycaSAsojq9fQIOfdw2SPprH8zjd6l1Sv5FHEm86F7Z5Uda0qjAQ==
UO8b5fM34Y+nY/3bKVsQenMe0b5aCk5phs34RaZPxmPxK1PNyd9+UFLL0gVQkiAxV+R4vPEm0O619m54vxz9fU/lqxT5+DncPWGjLA==
iCIHo6XlzIdmR+nndJJX3H40mdQ+kUwvSGtGfUr05vtSARoXy9zaiXa1QL9Y9+KR7mntDSMPfbHm6j4dEle0rCjba6KoHmWoaLR5wA6KuwIVNxMDG5YNVmEmEXejPg==
UO8b5fM34Y+nY/3bKVsQenMe0b5aCk5phs34RaZPxmPxK1PNyd9+UFLL0gVQkiAxV+R4vPEm0O619m54vxz9fU/lqxT5+DncPWGjLA==
iCIHo6XlzIdmR+nndJJX3H40mdQ+kUwvSGtGfUr05vtSARoXy9zaiXa1QL9Y9+KR7mntDSMPfbHm6j4dEle0rCjba6KoHmWoaLR5wA6KuwIVNxMDG5YNVmEmEXejPg==
UO8b5fM34Y+nY/3bKVsQenMe0b5aCk5phs34RaZPxmPxK1PNyd9+UFLL0gVQkiAxV+R4vPEm0O619m54vxz9fU/lqxT5+DncPWGjLA==
iCIHo6XlzIdmR+nndJJX3H40mdQ+kUwvSGtGfUr05vtSARoXy9zaiXa1QL9Y9+KR7mntDSMPfbHm6j4dEle0rCjba6KoHmWoaLR5wA6KuwIVNxMDG5YNVmEmEXejPg==
MWxjcLWZlEMOg11LGZNTgGbnzg2Z5LNTe3ted4dYVA0YcdLj8r1tdi0opZIYoNboeGwYYupviKuY6yBycaSAsojq9fQIOfdw2SPprH8zjd6l1Sv5FHEm86F7Z5Uda0qjAQ==
1YX5HyBKnx/4kAD0n5hwRtxD8Q/SQKNtuvtqf4q6G6Ci8ipunzwiLQUga7djBLVXj/7nMaFR3iUU49OvzR33L2ijIw==
WLA5Q9ml3h9lxjyoEUz7dQDSkbxnAxWg6GbiIBIGOTj3Vqd4pttWN07K/zgucqb2+8xm5TkAd79nFJFvwz6rycXBWq2Igy/nCS3TN2SjLw==
MtCjJu4nk2gcVm9e5qKUZ340nNQ+kUwvSGtGfUr05vtSARoXy9zaiXa1QL9Y9+KR7mntDSMPfbHm6j4dEle0rCjba6KoHmWoaLR5wA6KuwIVNxMDG5YNVmEmEXejPg==
UO8b5fM34Y+nY/3bKVsQenMe0b5aCk5phs34RaZPxmPxK1PNyd9+UFLL0gVQkiAxV+R4vPEm0O619m54vxz9fU/lqxT5+DncPWGjLA==
MtCjJu4nk2gcVm9e5qKUZ340nNQ+kUwvSGtGfUr05vtSARoXy9zaiXa1QL9Y9+KR7mntDSMPfbHm6j4dEle0rCjba6KoHmWoaLR5wA6KuwIVNxMDG5YNVmEmEXejPg==
MWxjcLWZlEMOg11LGZNTgGbnzg2Z5LNTe3ted4dYVA0YcdLj8r1tdi0opZIYoNboeGwYYupviKuY6yBycaSAsojq9fQIOfdw2SPprH8zjd6l1Sv5FHEm86F7Z5Uda0qjAQ==
IWK7tm+q5cbNFv6Dg3klW2TG5+QuPvSYRw8wuxWGoF/vuquCqP4lCOjUueAOqvvilZfTYxu2TbbhhtEXo14=
5w2ekx/T34vRyp2thVJTzHUMiKpi4y42Xy9eDnbH698PDDzBl2vYz5XySDs//mO2iMotDPgw0RROXpMGBRNb17sChfIx4jljoyo=
+Gce5shQ1Vb+BsipKMN7T3D30wCppz4cOprPnzp4CmHz25995DwXYeC6/cRWXk5my7Gnc1zaPrXBjk6TUek/MJHTUczXoxVePUVDWezBbjNpKz91NRtyozk=
yzILQBh/x7/NQ+4X/C6MndPSxrPDZnjp7ItjtmL4qYbCFmMaxB9NV1A3i4uKipmzYjxPe7bQUyyw3GeABv7e5rsRVzMs+s61sa6+UyFJz7ABc4EMh4MFXi0lk5m8of6z2UuPtQV7QqMJ
yzILQBh/x7/NQ+4X/C6MndPSxrPDZnjp7ItjtmL4qYbCFmMaxB9NV1A3i4uKipmzYjxPe7bQUyyw3GeABv7e5rsRVzMs+s61sa6+UyFJz7ABc4EMh4MFXi0lk5m8of6z2UuPtQV7QqMJ
Ih7e/6H49X2cL02DZmC2hRlF9KVNPGbE/8ptphynAqbsvQxzrqQXPgffUEsVdsCPrwoLEihuxXgohJnQDprbMtVns/ObJu0GIdYxZ6Mu
XNVB46bUrVBz3zBEaF50jlQKcIDdzP7AabhIYlCWlQ05C8JmYHWfslDrT9VhwA9vz7QJH0u+I3ldITJ9MMP3l+EN6ydsoyc=
hRr7n9pkF/rgBVHD7AHg3HD30gCppz4cOprPnzp4CmHz25995DwXYeC6/cRWXk5my7Gnc1zaPrXBjk6TUek/MJHTUczXoxVePUVDWezBbjNpKz91NRtyozk=
XNVB46bUrVBz3zBEaF50jlQKcIDdzP7AabhIYlCWlQ05C8JmYHWfslDrT9VhwA9vz7QJH0u+I3ldITJ9MMP3l+EN6ydsoyc=
hRr7n9pkF/rgBVHD7AHg3HD30gCppz4cOprPnzp4CmHz25995DwXYeC6/cRWXk5my7Gnc1zaPrXBjk6TUek/MJHTUczXoxVePUVDWezBbjNpKz91NRtyozk=
zSBnSQLpdNPIndb3fvrKdtPSxrPDZnjp7ItjtmL4qYbCFmIaxB9NV1A3i4uKipmzYjxPe7bQUyyw3GeABv7e5rsRVzMs+s61sa6+UyFJz7ABc4EMh4MFXi0lk5m8of6z2UuPtQV7QqMJ
zSBnSQLpdNPIndb3fvrKdtPSxrPDZnjp7ItjtmL4qYbCFmIaxB9NV1A3i4uKipmzYjxPe7bQUyyw3GeABv7e5rsRVzMs+s61sa6+UyFJz7ABc4EMh4MFXi0lk5m8of6z2UuPtQV7QqMJ
Ih7e/6H49X2cL02DZmC2hRlF9KVNPGbE/8ptphynAqbsvQxzrqQXPgffUEsVdsCPrwoLEihuxXgohJnQDprbMtVns/ObJu0GIdYxZ6Mu
XNVB46bUrVBz3zBEaF50jlQKcIDdzP7AabhIYlCWlQ05C8JmYHWfslDrT9VhwA9vz7QJH0u+I3ldITJ9MMP3l+EN6ydsoyc=
BrCh+1nkXeuQR/IxEL59E/bW6hYZKpmYtTE5n9211mj9QYquz8xUWkR24dWFWy4O9PULWjw7842VoBtX00RlN3/+1xHxka6FpGNDzx1dxw94ozM=
XNVB46bUrVBz3zBEaF50jlQKcIDdzP7AabhIYlCWlQ05C8JmYHWfslDrT9VhwA9vz7QJH0u+I3ldITJ9MMP3l+EN6ydsoyc=
BrCh+1nkXeuQR/IxEL59E/bW6hYZKpmYtTE5n9211mj9QYquz8xUWkR24dWFWy4O9PULWjw7842VoBtX00RlN3/+1xHxka6FpGNDzx1dxw94ozM=
6lx78gCPzMWlAFrnf0x9wWC1dtpLrYNBt8xra/jX5UwtU1zG34OEEFljsNxlTIYQodhQUjhWPZ3Bq4qWeHWHwphLN0XJgOdf11RBT7M+m6kVASoNGAOfB1ltIxd0oz8=
Ton+QLGWwfT32AZDZfH6ixfSAUQ25acpZc2vqYO8X5PE19m0GSNoLvPjqPiNM+QEuQzayHWIBPrU9lE1NRv+LoT1+3ps+0PtJSCL9wOEFRdv/sfxwdF+ZTTjs29tnRdvSKMD
Ih7e/6H49X2cL02DZmC2hRlF9KVNPGbE/8ptphynAqbsvQxzrqQXPgffUEsVdsCPrwoLEihuxXgohJnQDprbMtVns/ObJu0GIdYxZ6Mu
JBxsZpSjV77nK+sZCqPIMGTG5+QuPvSYRw8wuxWGoF/uuquCqP4lCOjUueAOqvvilZfTYxu2TbbhhtEXo14=
HlRi/XxsslPoN+lTbac503UMiKpi4y42Xy9eDnbH698PDDzBl2vYz5XySDs+/mO2iMotDPgw0RROXpMGBRNb17sChfIx4jljoyo=
LsfQzHXVvf/ku7WKAoE/rPbW6hYZKpmYtTE5n9211mj9QYquz8xUWkR24dWFWy4O9PULWjw6842VoBtX00RlN3/+1xHxka6FpGNDzx1dxw94ozM=
6jwVlYndM9XNiv4Br7D/Q1QKcIDdzP7AabhIYlCWlQ05C8JmYHWfslDqT9VhwA9vz7QJH0u+I3ldITJ9MMP3l+EN6ydsoyc=
LsfQzHXVvf/ku7WKAoE/rPbW6hYZKpmYtTE5n9211mj9QYquz8xUWkR24dWFWy4O9PULWjw6842VoBtX00RlN3/+1xHxka6FpGNDzx1dxw94ozM=
zzOXNrDzKkFBYduKaNkosWC1dtpLrYNBt8xoa/jX5UwtU1zG34OEEFljsNxlTIYQodhQUjhWPZ3Bq4qWeHWHwphKN0XJgOdf11RBT7M+m6kVASoNGAOfB1ltIxd0oz8=
yHTMgfCKbHta9KwpHoXSXU/C6tZLNyiH0nQXrMkEfFleHDTL2MH+alv0z5mUCVWovFWWXP9AGECpkgCifbIupMfIzVGngYso4Qwp0DVlozA=
zzOXNrDzKkFBYduKaNkosWC1dtpLrYNBt8xoa/jX5UwtU1zG34OEEFljsNxlTIYQodhQUjhWPZ3Bq4qWeHWHwphKN0XJgOdf11RBT7M+m6kVASoNGAOfB1ltIxd0oz8=
qOA2NYf+djYifhGN+2sOnxfSAUQ25acpZc2vqYO8XJPE19m0GSNoLvPjqPiNM+QEuQzayHWIBPrU9lE1NRv+LoT1+3ps+kPtJSCL9wOEFRdv/sfxwdF+ZTTjs29tnRdvSKMD
Y+/jpBrq6CJj0tpXuKDiaBlF9KVNPGbE/8ptphynAqbsvQxzrqQXPgffUEsVdsCPrgoLEihuxXgohJnQDprbMtVns/ObJu0GIdYxZ6Mu
XNVB46bUrVBz3zBEaF50jlQKcIDdzP7AabhIYlCWlQ05C8JmYHWfslDrT9VhwA9vz7QJH0u+I3ldITJ9MMP3l+EN6ydsoyc=
s9JJraaP0QIWdabmzRtyzvbW6xYZKpmYtTE5n9211mj9QYquz8xUWkR24dWFWy4O9PULWjw7842VoBtX00RlN3/+1xHxka6FpGNDzx1dxw94ozM=
XNVB46bUrVBz3zBEaF50jlQKcIDdzP7AabhIYlCWlQ05C8JmYHWfslDrT9VhwA9vz7QJH0u+I3ldITJ9MMP3l+EN6ydsoyc=
s9JJraaP0QIWdabmzRtyzvbW6xYZKpmYtTE5n9211mj9QYquz8xUWkR24dWFWy4O9PULWjw7842VoBtX00RlN3/+1xHxka6FpGNDzx1dxw94ozM=
n5mI2Ow0r7yUhy2h7GogIRfSAUQ25acpZc2vqYO8XJPH19m0GSNoLvPjqPiNM+QEuQzayHWIBPrU9lE1NRv+LoT1+3ps+0PtJSCL9wOEFRdv/sfxwdF+ZTTjs29tnRdvSKMD
n5mI2Ow0r7yUhy2h7GogIRfSAUQ25acpZc2vqYO8XJPH19m0GSNoLvPjqPiNM+QEuQzayHWIBPrU9lE1NRv+LoT1+3ps+0PtJSCL9wOEFRdv/sfxwdF+ZTTjs29tnRdvSKMD
Ih7e/6H49X2cL02DZmC2hRlF9KVNPGbE/8ptphynAqbsvQxzrqQXPgffUEsVdsCPrwoLEihuxXgohJnQDprbMtVns/ObJu0GIdYxZ6Mu
1QKWXo5yWir5003+MxytkWTG5+QuPvSYRw8wuxWGoF/tuquCqP4lCOjUueAOqvvilZfTYxu2TbbhhtEXo14=
c8EWzUGjC+TzJw98SOfgGHUMiKpi4y42Xy9eDnbH698PDDzBl2vYz5XySDs9/mO2iMotDPgw0RROXpMGBRNb17sChfIx4jljoyo=
zqbYptiMhxuU+cOJZLWtffbW6hYZKpmYtTE5n9211mj9QYquz8xUWkR24dWFWy4O9PULWjw5842VoBtX00RlN3/+1xHxka6FpGNDzx1dxw94ozM=
xkSUoh0eI/qJWF29mad9MVQKcIDdzP7AabhIYlCWlQ05C8JmYHWfslDpT9VhwA9vz7QJH0u+I3ldITJ9MMP3l+EN6ydsoyc=
zqbYptiMhxuU+cOJZLWtffbW6hYZKpmYtTE5n9211mj9QYquz8xUWkR24dWFWy4O9PULWjw5842VoBtX00RlN3/+1xHxka6FpGNDzx1dxw94ozM=
QmqJm56xsDBUcMxaZgrlC2C1dtpLrYNBt8xra/vX5UwtU1zG34OEEFljsNxlTIYQodhQUjhWPZ3Bq4qWeHWHwphJN0XJgOdf11RBT7M+m6kVASoNGAOfB1ltIxd0oz8=
Ye4Donvivywjj4bIyIkg6U/C6tZLNyiH0nQXrMkEfFleHDTL2MH+alv0z5mUCVWovFWVXP9AGECpkgCifbIupMfIzVGngYso4Qwp0DVlozA=
QmqJm56xsDBUcMxaZgrlC2C1dtpLrYNBt8xra/vX5UwtU1zG34OEEFljsNxlTIYQodhQUjhWPZ3Bq4qWeHWHwphJN0XJgOdf11RBT7M+m6kVASoNGAOfB1ltIxd0oz8=
GbIS2anxih2oIzlPvLx9cxfSAUQ25acpZc2vqYO8X5PH19m0GSNoLvPjqPiNM+QEuQzayHWIBPrU9lE1NRv+LoT1+3ps+UPtJSCL9wOEFRdv/sfxwdF+ZTTjs29tnRdvSKMD
zlhB4TjO2yunEDobGVDT9hlF9KVNPGbE/8ptphynAqbsvQxzrqQXPgffUEsVdsCPrQoLEihuxXgohJnQDprbMtVns/ObJu0GIdYxZ6Mu
xkSUoh0eI/qJWF29mad9MVQKcIDdzP7AabhIYlCWlQ05C8JmYHWfslDpT9VhwA9vz7QJH0u+I3ldITJ9MMP3l+EN6ydsoyc=
CFLBvOMJ1CDV5I3iQxnFMHD30wCppz4cOprPnzp4CmHz25995DwXYeC6/cRWXk5my7Gnc1zaPrXBjk6RUek/MJHTUczXoxVePUVDWezBbjNpKz91NRtyozk=
fY9Pv5Et90aHDa0ju9Ug1NPSxrPDZnjp7ItjtmL4qYbCFmAaxB9NV1A3i4uKipmzYjxPe7bQUyyw3GeABv7e5rsRVzMs+s61sa6+USFJz7ABc4EMh4MFXi0lk5m8of6z2UuPtQV7QqMJ
fY9Pv5Et90aHDa0ju9Ug1NPSxrPDZnjp7ItjtmL4qYbCFmAaxB9NV1A3i4uKipmzYjxPe7bQUyyw3GeABv7e5rsRVzMs+s61sa6+USFJz7ABc4EMh4MFXi0lk5m8of6z2UuPtQV7QqMJ
zlhB4TjO2yunEDobGVDT9hlF9KVNPGbE/8ptphynAqbsvQxzrqQXPgffUEsVdsCPrQoLEihuxXgohJnQDprbMtVns/ObJu0GIdYxZ6Mu
6jwVlYndM9XNiv4Br7D/Q1QKcIDdzP7AabhIYlCWlQ05C8JmYHWfslDqT9VhwA9vz7QJH0u+I3ldITJ9MMP3l+EN6ydsoyc=
prTS1pIjFAccK/hN4PuGOnD30wCppz4cOprPnzp4CmHz25995DwXYeC6/cRWXk5my7Gnc1zaPrXBjk6SUek/MJHTUczXoxVePUVDWezBbjNpKz91NRtyozk=
bh4kz8Gf5L7HNmJgYEMxdNPSxrPDZnjp7ItjtmL4qYbCFmEaxB9NV1A3i4uKipmzYjxPe7bQUyyw3GeABv7e5rsRVzMs+s61sa6+UiFJz7ABc4EMh4MFXi0lk5m8of6z2UuPtQV7QqMJ
bh4kz8Gf5L7HNmJgYEMxdNPSxrPDZnjp7ItjtmL4qYbCFmEaxB9NV1A3i4uKipmzYjxPe7bQUyyw3GeABv7e5rsRVzMs+s61sa6+UiFJz7ABc4EMh4MFXi0lk5m8of6z2UuPtQV7QqMJ
Y+/jpBrq6CJj0tpXuKDiaBlF9KVNPGbE/8ptphynAqbsvQxzrqQXPgffUEsVdsCPrgoLEihuxXgohJnQDprbMtVns/ObJu0GIdYxZ6Mu
6jwVlYndM9XNiv4Br7D/Q1QKcIDdzP7AabhIYlCWlQ05C8JmYHWfslDqT9VhwA9vz7QJH0u+I3ldITJ9MMP3l+EN6ydsoyc=
Ge1X54I/9vMeyOgV0w5qMmkElON99D83EDgMWDjJ5NcOAH/Kl2vYz5XySDs+/mO2iMotDPgw0RROXpMGBRNb17sChfIx4jljoyo=
1GdbPoR3EVSt1aEzQ5z0h0s1J3AIPTojC6iZ70wEPOLtuOgTbOjZNwsvI9n8uQRnjvDfelc7+N+V4mhr/k7DRgh6zXw44LEETk5zVkXjO2c7ciVCcTIZc6M6
RB5Tgs9tyUDRP/vbg64FRUs1JnAIPTojC6iZ70wEPOLtuOgTbOjZNwsvI9n8uQRnjvDfelc7+N+V4mhr/k7DRgh6zXw44LEETk5zVkXjO2c7ciVCcTIZc6M6
xkSUoh0eI/qJWF29mad9MVQKcIDdzP7AabhIYlCWlQ05C8JmYHWfslDpT9VhwA9vz7QJH0u+I3ldITJ9MMP3l+EN6ydsoyc=
sNg1FNhEYo3EFxBKzRDZ12kElON99D83EDgMWDjJ5NcOAH/Kl2vYz5XySDs9/mO2iMotDPgw0RROXpMGBRNb17sChfIx4jljoyo=
STpLUKXZ56GdH1+Yk7oyzEs1JnAIPTojC6iZ70wEPOLtuOgTbOjZNwsvI9n8uQRnjvDfelc7+N+V4mhr/U7DRgh6zXw44LEETk5zVkXjO2c7ciVCcTIZc6M6
lwdCH8g56oHiO8GlznkwrUs1J3AIPTojC6iZ70wEPOLtuOgTbOjZNwsvI9n8uQRnjvDfelc7+N+V4mhr/U7DRgh6zXw44LEETk5zVkXjO2c7ciVCcTIZc6M6
IWK7tm+q5cbNFv6Dg3klW2TG5+QuPvSYRw8wuxWGoF/vuquCqP4lCOjUueAOqvvilZfTYxu2TbbhhtEXo14=
5w2ekx/T34vRyp2thVJTzHUMiKpi4y42Xy9eDnbH698PDDzBl2vYz5XySDs//mO2iMotDPgw0RROXpMGBRNb17sChfIx4jljoyo=
3e0GRqKTDpRVqck0pMaJRmkElON99D83EDgMWDjJ5NcOAH/Kl2vYz5XySDs//mO2iMotDPgw0RROXpMGBRNb17sChfIx4jljoyo=
T1uUwAqYnBqyEHJvkvnaiEs1JHAIPTojC6iZ70wEPOLtuOgTbOjZNwsvI9n8uQRnjvDfelc7+N+V4mhr/07DRgh6zXw44LEETk5zVkXjO2c7ciVCcTIZc6M6
fbzpJH3Qme1Ure9t5RxdzEs1JXAIPTojC6iZ70wEPOLtuOgTbOjZNwsvI9n8uQRnjvDfelc7+N+V4mhr/07DRgh6zXw44LEETk5zVkXjO2c7ciVCcTIZc6M6
JgdOs8lBxbv+91f1VpCMTNxD8Q/SQKNtuvtqf4q6G6Cj8ipunzwiLQUga7djBLVXj/7nMaFR3iUU49OvzR33L2ijIw==
Bxiv5caJCXY9l160XbCyJwDSkbxnAxWg6GbiIBIGOTj3Vqd4pttWN07K/zgvcqb2+8xm5TkAd79nFJFvwz6rycXBWq2Igy/nCS3TN2SjLw==
jxs9naY+h3hNv/Lf0HDMX340m9Q+kUwvSGtGfUr05vtSARoXy9zaiXa1QL9Y9+KR7mntDSMPfbHm6j4cEle0rCjba6KoHmWoaLR5wA6KuwIVNxMDG5YNVmEmEXejPg==
81iQjNhif0cPHvz3vp5PdHMe0b5aCk5phs34RaZPxmPxK1PNyd9+UFLK0gVQkiAxV+R4vPEm0O619m54vxz9fU/lqxT5+DncPWGjLA==
xbb1gfn0aOrsSN2PCfWxlX40mtQ+kUwvSGtGfUr05vtSARoXy9zaiXa1QL9Y9+KR7mntDSMPfbHm6j4cEle0rCjba6KoHmWoaLR5wA6KuwIVNxMDG5YNVmEmEXejPg==
IWK7tm+q5cbNFv6Dg3klW2TG5+QuPvSYRw8wuxWGoF/vuquCqP4lCOjUueAOqvvilZfTYxu2TbbhhtEXo14=
5w2ekx/T34vRyp2thVJTzHUMiKpi4y42Xy9eDnbH698PDDzBl2vYz5XySDs//mO2iMotDPgw0RROXpMGBRNb17sChfIx4jljoyo=
3e0GRqKTDpRVqck0pMaJRmkElON99D83EDgMWDjJ5NcOAH/Kl2vYz5XySDs//mO2iMotDPgw0RROXpMGBRNb17sChfIx4jljoyo=
e1mW/fWHe6f/vCuKhLSTXZxO2z0c1j5K4vh5WT2U+YzRREZBHY7yyINjwru4vVBwOobqBm9JC+PAUro1RQbSA/2Rm9A1i718q2vRHnmNfynAGQoTjRNTZSkTdqM9
g/0MHu+nAxUNrOtRzECsMJxO2j0c1j5K4vh5WT2U+YzRREZBHY7yyINjwru4vVBwOobqBm9JC+PAUro1RQbSA/2Rm9A1i718q2vRHnmNfynAGQoTjRNTZSkTdqM9
xiRXG32jTCv6kGW663i6KX0Dg+MsuDknCz9DCTzJ5NcOAH/Kl2vYz5XySDs//mO2iMotDPgw0RROXpMGBRNb17sChfIx4jljoyo=
5w2ekx/T34vRyp2thVJTzHUMiKpi4y42Xy9eDnbH698PDDzBl2vYz5XySDs//mO2iMotDPgw0RROXpMGBRNb17sChfIx4jljoyo=
VPeuIRrYD7HlJhZwi0upL9BmEDADiCvcPCMmFu2xF2HJpUO7whtbEwuP8MnWiAE8KG1DF/pe+QIPw0z4uGmk9w5gPyoXCxjvldKIW78eI9aI6m2seJCR9E4+U6aFs5v3u+JFkrECeUOjCg==
KyO7ZPPIdrkWCZWSH1CmjdNmEzADiCvcPCMmFu2xF2HJpUO7whtbEwqP8MnWiAE8KG1DF/pe+QIPw0z4uGmk9w5gPyoXCxjvldKIW78eI9aI6m2seJCR9E4+U6aFs5v3u+JFkrECeUOjCg==
JBxsZpSjV77nK+sZCqPIMGTG5+QuPvSYRw8wuxWGoF/uuquCqP4lCOjUueAOqvvilZfTYxu2TbbhhtEXo14=
HlRi/XxsslPoN+lTbac503UMiKpi4y42Xy9eDnbH698PDDzBl2vYz5XySDs+/mO2iMotDPgw0RROXpMGBRNb17sChfIx4jljoyo=
QMpXhugSmA0CANeRhwDpgGeG2GKXvF2Px6tHy7v/ORfXLXqRx52JDXRPXhKNgrj/92Fi9AWsr6HoHlDTyKm+kut8b0HEIVWQzJ12xG+o2DiZmiD6rRquHDeArUm36cvQUYSJCGVNowg=
1QKWXo5yWir5003+MxytkWTG5+QuPvSYRw8wuxWGoF/tuquCqP4lCOjUueAOqvvilZfTYxu2TbbhhtEXo14=
c8EWzUGjC+TzJw98SOfgGHUMiKpi4y42Xy9eDnbH698PDDzBl2vYz5XySDs9/mO2iMotDPgw0RROXpMGBRNb17sChfIx4jljoyo=
sNg1FNhEYo3EFxBKzRDZ12kElON99D83EDgMWDjJ5NcOAH/Kl2vYz5XySDs9/mO2iMotDPgw0RROXpMGBRNb17sChfIx4jljoyo=
Xtr09NESAPQ8RYpQdeX+G5xO2T0c1j5K4vh5WT2U+YzRREZBHY7yyINjwru4vVBwOobqBm9JC+PAUro1RQbSAf2Rm9A1i718q2vRHnmNfynAGQoTjRNTZSkTdqM9
HVCb0GsV4sisF2OKt8pE65xO2D0c1j5K4vh5WT2U+YzRREZBHY7yyINjwru4vVBwOobqBm9JC+PAUro1RQbSAf2Rm9A1i718q2vRHnmNfynAGQoTjRNTZSkTdqM9
PlerQE1yhox6gOaaqBIU+30Dg+MsuDknCz9DCTzJ5NcOAH/Kl2vYz5XySDs9/mO2iMotDPgw0RROXpMGBRNb17sChfIx4jljoyo=
c8EWzUGjC+TzJw98SOfgGHUMiKpi4y42Xy9eDnbH698PDDzBl2vYz5XySDs9/mO2iMotDPgw0RROXpMGBRNb17sChfIx4jljoyo=
+DCnr0ihsp1X7dhRQpsYb2SG22KXvF2Px6tHy7v/ORfXLXqRx52JDXRPXhKNgrj/92Fi9AWsr6HoHlDTyKm+kut8b0HEIVWQzJ11xG+o2DiZmiD6rRquHDeArUm36cvQUYSJCGVNowg=
Ge1X54I/9vMeyOgV0w5qMmkElON99D83EDgMWDjJ5NcOAH/Kl2vYz5XySDs+/mO2iMotDPgw0RROXpMGBRNb17sChfIx4jljoyo=
9mnQ/JGq3jG3NrgsBC+iSX0Dg+MsuDknCz9DCTzJ5NcOAH/Kl2vYz5XySDs+/mO2iMotDPgw0RROXpMGBRNb17sChfIx4jljoyo=
HlRi/XxsslPoN+lTbac503UMiKpi4y42Xy9eDnbH698PDDzBl2vYz5XySDs+/mO2iMotDPgw0RROXpMGBRNb17sChfIx4jljoyo=
Ge1X54I/9vMeyOgV0w5qMmkElON99D83EDgMWDjJ5NcOAH/Kl2vYz5XySDs+/mO2iMotDPgw0RROXpMGBRNb17sChfIx4jljoyo=
9mnQ/JGq3jG3NrgsBC+iSX0Dg+MsuDknCz9DCTzJ5NcOAH/Kl2vYz5XySDs+/mO2iMotDPgw0RROXpMGBRNb17sChfIx4jljoyo=
HlRi/XxsslPoN+lTbac503UMiKpi4y42Xy9eDnbH698PDDzBl2vYz5XySDs+/mO2iMotDPgw0RROXpMGBRNb17sChfIx4jljoyo=
Ge1X54I/9vMeyOgV0w5qMmkElON99D83EDgMWDjJ5NcOAH/Kl2vYz5XySDs+/mO2iMotDPgw0RROXpMGBRNb17sChfIx4jljoyo=
AlmkKMXOY2VK1dTjN9WvD5xO2T0c1j5K4vh5WT2U+YzRREZBHY7yyINjwru4vVBwOobqBm9JC+PAUro1RQbSAv2Rm9A1i718q2vRHnmNfynAGQoTjRNTZSkTdqM9
7nEse89Ja6jTABuMb5+uMZxO2D0c1j5K4vh5WT2U+YzRREZBHY7yyINjwru4vVBwOobqBm9JC+PAUro1RQbSAv2Rm9A1i718q2vRHnmNfynAGQoTjRNTZSkTdqM9
3e0GRqKTDpRVqck0pMaJRmkElON99D83EDgMWDjJ5NcOAH/Kl2vYz5XySDs//mO2iMotDPgw0RROXpMGBRNb17sChfIx4jljoyo=
sNg1FNhEYo3EFxBKzRDZ12kElON99D83EDgMWDjJ5NcOAH/Kl2vYz5XySDs9/mO2iMotDPgw0RROXpMGBRNb17sChfIx4jljoyo=
JgdOs8lBxbv+91f1VpCMTNxD8Q/SQKNtuvtqf4q6G6Cj8ipunzwiLQUga7djBLVXj/7nMaFR3iUU49OvzR33L2ijIw==
Bxiv5caJCXY9l160XbCyJwDSkbxnAxWg6GbiIBIGOTj3Vqd4pttWN07K/zgvcqb2+8xm5TkAd79nFJFvwz6rycXBWq2Igy/nCS3TN2SjLw==
m5aBVX33eEpgYXPo+StNtX40mdQ+kUwvSGtGfUr05vtSARoXy9zaiXa1QL9Y9+KR7mntDSMPfbHm6j4cEle0rCjba6KoHmWoaLR5wA6KuwIVNxMDG5YNVmEmEXejPg==
Nd+u9vDVOGgh4Fox7cbijmbkzg2Z5LNTe3ted4dYVA0YcdLj8r1tdi0opZIYoNboeGwYYupviKuY6yBycaSBsojq9fQIOfdw2SPprH8zjd6l1Sv5FHEm86F7Z5Uda0qjAQ==
6TZMX+AMHz4F7b3tLukFwWbnzg2Z5LNTe3ted4dYVA0YcdLj8r1tdi0opZIYoNboeGwYYupviKuY6yBycaSBsojq9fQIOfdw2SPprH8zjd6l1Sv5FHEm86F7Z5Uda0qjAQ==
81iQjNhif0cPHvz3vp5PdHMe0b5aCk5phs34RaZPxmPxK1PNyd9+UFLK0gVQkiAxV+R4vPEm0O619m54vxz9fU/lqxT5+DncPWGjLA==
jxs9naY+h3hNv/Lf0HDMX340m9Q+kUwvSGtGfUr05vtSARoXy9zaiXa1QL9Y9+KR7mntDSMPfbHm6j4cEle0rCjba6KoHmWoaLR5wA6KuwIVNxMDG5YNVmEmEXejPg==
Nd+u9vDVOGgh4Fox7cbijmbkzg2Z5LNTe3ted4dYVA0YcdLj8r1tdi0opZIYoNboeGwYYupviKuY6yBycaSBsojq9fQIOfdw2SPprH8zjd6l1Sv5FHEm86F7Z5Uda0qjAQ==
81iQjNhif0cPHvz3vp5PdHMe0b5aCk5phs34RaZPxmPxK1PNyd9+UFLK0gVQkiAxV+R4vPEm0O619m54vxz9fU/lqxT5+DncPWGjLA==
zP6vzOfkDjpn7tzzr161S340mNQ+kUwvSGtGfUr05vtSARoXy9zaiXa1QL9Y9+KR7mntDSMPfbHm6j4cEle0rCjba6KoHmWoaLR5wA6KuwIVNxMDG5YNVmEmEXejPg==
81iQjNhif0cPHvz3vp5PdHMe0b5aCk5phs34RaZPxmPxK1PNyd9+UFLK0gVQkiAxV+R4vPEm0O619m54vxz9fU/lqxT5+DncPWGjLA==
zP6vzOfkDjpn7tzzr161S340mNQ+kUwvSGtGfUr05vtSARoXy9zaiXa1QL9Y9+KR7mntDSMPfbHm6j4cEle0rCjba6KoHmWoaLR5wA6KuwIVNxMDG5YNVmEmEXejPg==
81iQjNhif0cPHvz3vp5PdHMe0b5aCk5phs34RaZPxmPxK1PNyd9+UFLK0gVQkiAxV+R4vPEm0O619m54vxz9fU/lqxT5+DncPWGjLA==
zP6vzOfkDjpn7tzzr161S340mNQ+kUwvSGtGfUr05vtSARoXy9zaiXa1QL9Y9+KR7mntDSMPfbHm6j4cEle0rCjba6KoHmWoaLR5wA6KuwIVNxMDG5YNVmEmEXejPg==
Nd+u9vDVOGgh4Fox7cbijmbkzg2Z5LNTe3ted4dYVA0YcdLj8r1tdi0opZIYoNboeGwYYupviKuY6yBycaSBsojq9fQIOfdw2SPprH8zjd6l1Sv5FHEm86F7Z5Uda0qjAQ==
TKiwOxbmCiNBaqBesViZnjcZ/j0XlriG4a2JuxWc8LgkQfmrvVROksU1pKWviNgYWfqgG+06rjx3YC0pd8nL8JHkCeglbaMo
4G43ttV29Ftx39xJJcEgN+Lzo8be2KvXTirJhc3cz0Xz0hh8TCRJrYzL0FAXJRBcZ6fd3tS7gsdbhet/YccJ0lpzEGOErdm1RL3eZg81vk4XBHjcMcZQT3XWblh/vH2dj4Wr9LmYuXx9QaMM
lx/v3sI23LQrMSwDdQmGj+Lzo8be2KvXTyrJhc3cz0Xz0hh8TCRJrYzL0FAXJRBcZ6fd3tS7gsdbhet/YccJ0VpzEGOErdm1RL3eZg81vk4XBHjcMcZQT3XWblh/vH2dj4Wr9LmYuXx9QaMM
jde0fMiOZ+vK7uAPRrnpcF9Cv01iAHqF0ia31j4ss6NK3zlRnU/a+6dvDE0ZlO+5g/e1k1xBOhIrtiIgH9/MTDXT0qbg0dDTgX+Iex4kS3t2tMsyKI4FGKhlWbAOeptSVYfzk5sGraahdnFHow4=
mqFabuxMLmOw+jozr/lw+Xjo0kzs5SkVPZ3khAo5CADRmJFvtmtQPanJjM0AdHgonrbqdVzCLr6zxRrKT+k/MJHTUczWoxVePUVDWezBbjNpKz91NRtyozk=
DCzoTy0P0qKvny/ELYAqizcZ/j0XlriG4amLtRWc8LgkQfmrvVROksU1pKWviNgYWfqgG+06rjx3YC0pd8nL8JHkCeglbaMo
27k8jOj/djt1HFOD3D1aadApLfPf8Nk7NSXrXwRqVSEQUOPE7CwPvGprYuC/x+9xGRDGPv0zeZpdrLTx3RNnX8r/OUEyz5+/lcU8SKxX8Ch4IMw25zm3SxzYJFHo+3UtebHTuekdFC5766fLTSLJ4CalRWOgrM6txi14QmJ3kPVOczPrtLk3cBmjKay+s03eZVXr+dTx5vNh+6eV3euKo8E=
KwlliiE+YOICv7mVmzw9B7w4MyMAZCkOMJwHXdv6z1QTM6c1L7Pc+mHhMxBdm7VcUjtpngFdR0nICSLT5aPbBfEjbqMl
0K9stkn56Vv+4Ho2owEZdeX9GLvNrOXvzHSElo/Jo04J75z3muYpfEjf6zQ7fxz4U6cmB4r9uBAyfxkFHe/Cq5kxX9tpFxgxYhfiSl8Is51St80NVQLtgIO4nfQLGyZKEYSnGPwOsE8HvtctKlE1Z0fLvqc5xxVXYTjvSY9YWMh5auALTequ7NdwbblXGUsgsXRJ+IW9o/g=
mI6QJQ0EhX4NKRiR0AOZx9OBghsOheplNQnPPVmP/tJc0XvQFUsd/Mqr8R6Zzd+poNlqE61Ts+WJ0xajXQ==
KR3Pn8yUBOzBJX5h/KzzXc6bGUTEjew5lD9hhT8zAyYIWo3cuAHxJE5uszbFQ/tHO5JlovGS2ROjWg==
fxrXll60m/Reb3BFt8ftUtxD8Q/SQKNtuvtqf4q6G6Ci8ipunzwiLQUga7djBLRQj/3nMaFR3iUU49OvzR33L2ijIw==
iIDClch7iKTTK0Ltp3Xn9QDSkbxnAxWg6GbiIBIGOTj3Vqd4pttWN07K/zgucqb2+8xm5TkAd79nFJBowz2rycXBWq2Igy/nCS3TN2SjLw==
kgYKrjSr+4CVSdKf0pA6x340mtQ+kUwvSGtGfUr05vtSARoXy9zaiXa1QL9Y9+KR7mntDSMPfbHm6j4dEle0rCjba6KoHmWoaLF+wA2KuwIVNxMDG5YNVmEmEXejPg==
v8L1OBq7PNx+7UsamGgTgnMe0b5aCk5phs34RaZPxmPxK1PNyd9+UFLL0gVQkiAxV+R4vPEm0Oay9m14vxz9fU/lqxT5+DncPWGjLA==
eb1D74osk+Oc7vd4lgvw0n40m9Q+kUwvSGtGfUr05vtSARoXy9zaiXa1QL9Y9+KR7mntDSMPfbHm6j4dEle0rCjba6KoHmWoaLx+wA2KuwIVNxMDG5YNVmEmEXejPg==
TQYH2vYcCZM5BagUb8fsMnMe0b5aCk5phs34RaZPxmPxK1PNyd9+UFLL0gVQkiAxV+R4vPEm0O619m14vxz9fU/lqxT5+DncPWGjLA==
msKsp7QwpiniPzAw+I8Zun40mNQ+kUwvSGtGfUr05vtSARoXy9zaiXa1QL9Y9+KR7mntDSMPfbHm6j4dEle0rCjba6KoHmWoaLR5wA2KuwIVNxMDG5YNVmEmEXejPg==
+JNu+SGBL6lWR0KRUOpysXMe0b5aCk5phs34RaZPxmPxK1PNyd9+UFLL0gVQkiAxV+R4vPEm0O+19m14vxz9fU/lqxT5+DncPWGjLA==
Z9QAvaEGvQ8ej0A2eReNWH40mdQ+kUwvSGtGfUr05vtSARoXy9zaiXa1QL9Y9+KR7mntDSMPfbHm6j4dEle0rCjba6KoHmWoaLV5wA2KuwIVNxMDG5YNVmEmEXejPg==
+JNu+SGBL6lWR0KRUOpysXMe0b5aCk5phs34RaZPxmPxK1PNyd9+UFLL0gVQkiAxV+R4vPEm0O+19m14vxz9fU/lqxT5+DncPWGjLA==
72ZiIdtFcI1MTKgQoopj3n40ntQ+kUwvSGtGfUr05vtSARoXy9zaiXa1QL9Y9+KR7mntDSMPfbHm6j4dEle0rCjba6KoHmWoaLV5wA2KuwIVNxMDG5YNVmEmEXejPg==
rX800Urqk9gp3ieRKW+TzHMe0b5aCk5phs34RaZPxmPxK1PNyd9+UFLL0gVQkiAxV+R4vPEm0Oy19m14vxz9fU/lqxT5+DncPWGjLA==
kBajLrxre3L5ONYj/JGjsn40n9Q+kUwvSGtGfUr05vtSARoXy9zaiXa1QL9Y9+KR7mntDSMPfbHm6j4dEle0rCjba6KoHmWoaLZ5wA2KuwIVNxMDG5YNVmEmEXejPg==
rX800Urqk9gp3ieRKW+TzHMe0b5aCk5phs34RaZPxmPxK1PNyd9+UFLL0gVQkiAxV+R4vPEm0Oy19m14vxz9fU/lqxT5+DncPWGjLA==
4XfJSYoONoQMhjGDgqPKtH40nNQ+kUwvSGtGfUr05vtSARoXy9zaiXa1QL9Y9+KR7mntDSMPfbHm6j4dEle0rCjba6KoHmWoaLZ5wA2KuwIVNxMDG5YNVmEmEXejPg==
nHCmpEi8LdtRqd4yGllxgXMe0b5aCk5phs34RaZPxmPxK1PNyd9+UFLL0gVQkiAxV+R4vPEm0O219m14vxz9fU/lqxT5+DncPWGjLA==
8VxilXttyFRMM3LiQRuYv340nNQ+kUwvSGtGfUr05vtSARoXy9zaiXa1QL9Y9+KR7mntDSMPfbHm6j4dEle0rCjba6KoHmWoaLd5wA2KuwIVNxMDG5YNVmEmEXejPg==
7XTAKdTsyXa6qJLg7moWvnMe0b5aCk5phs34RaZPxmPxK1PNyd9+UFLL0gVQkiAxV+R4vPEm0Oux9mx4vxz9fU/lqxT5+DncPWGjLA==
ph8F6YvIDKxMaY7BPyB4kn40m9Q+kUwvSGtGfUr05vtSARoXy9zaiXa1QL9Y9+KR7mntDSMPfbHm6j4dEle0rCjba6KoHmWoaLF9wAyKuwIVNxMDG5YNVmEmEXejPg==
Kw6YpAeylXrqSQBWIBIoE2bkzg2Z5LNTe3ted4dYVA0YcdLj8r1tdi0opZIYoNboeGwYYupviKuY6yBycaSAsojq9fQIOfdw2SPprHY3jdyl1Sv5FHEm86F7Z5Uda0qjAQ==
9xN6wixTuv0mTEmpR5sAyHMe0b5aCk5phs34RaZPxmPxK1PNyd9+UFLL0gVQkiAxV+R4vPEm0Omw9mx4vxz9fU/lqxT5+DncPWGjLA==
/KSHxLKm4NX9knA0I01PGX40mNQ+kUwvSGtGfUr05vtSARoXy9zaiXa1QL9Y9+KR7mntDSMPfbHm6j4dEle0rCjba6KoHmWoaLN8wAyKuwIVNxMDG5YNVmEmEXejPg==
SUZkFIHSc8AnneUNvY3maWbkzg2Z5LNTe3ted4dYVA0YcdLj8r1tdi0opZIYoNboeGwYYupviKuY6yBycaSAsojq9fQIOfdw2SPprH81jdyl1Sv5FHEm86F7Z5Uda0qjAQ==
7LGSlIpzz1iUpsoZoAoWgnMe0b5aCk5phs34RaZPxmPxK1PNyd9+UFLL0gVQkiAxV+R4vPEm0O6y9mx4vxz9fU/lqxT5+DncPWGjLA==
FBTBO9GpNddsoe0XJPNgvn40mdQ+kUwvSGtGfUr05vtSARoXy9zaiXa1QL9Y9+KR7mntDSMPfbHm6j4dEle0rCjba6KoHmWoaLR+wAyKuwIVNxMDG5YNVmEmEXejPg==
YGJeMAozDCoe4y4mlrJSWWbnzg2Z5LNTe3ted4dYVA0YcdLj8r1tdi0opZIYoNboeGwYYupviKuY6yBycaSAsojq9fQIOfdw2SPprHw0jdyl1Sv5FHEm86F7Z5Uda0qjAQ==
TVsuCEdZyPXK5M8+nY71z3Me0b5aCk5phs34RaZPxmPxK1PNyd9+UFLL0gVQkiAxV+R4vPEm0Om19mx4vxz9fU/lqxT5+DncPWGjLA==
cRaPLw56sKVjqFeykpPbBn40nNQ+kUwvSGtGfUr05vtSARoXy9zaiXa1QL9Y9+KR7mntDSMPfbHm6j4dEle0rCjba6KoHmWoaLN5wAyKuwIVNxMDG5YNVmEmEXejPg==
rVgSu2hrOmLxxbMniUbKjHMe0b5aCk5phs34RaZPxmPxK1PNyd9+UFLL0gVQkiAxV+R4vPEm0Oa19mx4vxz9fU/lqxT5+DncPWGjLA==
0pnWopP4i72sfLz9H+7hT340nNQ+kUwvSGtGfUr05vtSARoXy9zaiXa1QL9Y9+KR7mntDSMPfbHm6j4dEle0rCjba6KoHmWoaLx5wAyKuwIVNxMDG5YNVmEmEXejPg==
3VQVj0NGfpv6xTLwBHD7NXMe0b5aCk5phs34RaZPxmPxK1PNyd9+UFLL0gVQkiAxV+R4vPEm0O+09mx4vxz9fU/lqxT5+DncPWGjLA==
+hgkey2D8yK7glS98W3SEX40nNQ+kUwvSGtGfUr05vtSARoXy9zaiXa1QL9Y9+KR7mntDSMPfbHm6j4dEle0rCjba6KoHmWoaLV4wAyKuwIVNxMDG5YNVmEmEXejPg==
uFAL0NxDuTvZXAIrtdXwOEgQO5kfVteedyvqVlh1p4J4ypeFqYDHHzfU4Y7TM7vp9YGKzXgDv0e57YPXFKNf
yfuzujKEyN+E5GwQHzTytWJXxboUQAp9ipS/SbJUzmm/LV/agItfFRyN1TQEwWYwV+R4vPEm0O+x9mJ4vxz9fU/lqxT5+DncPWGjLA==
pcbeSlCOcaD6WUg/O8MaDg499cJ9Xq74RY9+bCEiMoUENyXmpns2/uz1EyokGtt93WDTBzvk2KIHcm+BCfEGVeyjC//1Pd8/YKMr
+FXz+r1iMwhInpw7oUorqn8qhIBr0A4+RXFxbFHh5a9EAx1RmdzNhnnnBuJR96TcqG2sAy4Ud+7Hr3BbFWbg/27aa6KoHmWoaLF9wAmLuwIVNxMDG5YNVmEmEXejPg==
MhR1Cba6QWKYYVfcXw/De5xRxyML0HsBvrMtESKj4ojERwhBF4Ozjdh006Gk8gF0OobqBm9JC+PAUro1RQbSAv2Rm9A1i718qW3RGXiNfynAGQoTjRNTZSkTdqM9
NYlVLnQ+QMHnZTQudUf7SeLtp8vM2q/NTHCZ3o2ZkwSEiFkzMjJJ692GiAc3dhpaI/PIm8qgx4wGpvZudfIEh3BFXjaD4N+1XK3VFERh5lAXBHjcMcZQS3PWb1l/vH2dj4Wr9LmYuXx9QaMM
wzisRtKC6CMafKLrBNC8ySZnyxyboNfxr+HWflA0042Ul0godPyHXOaW9l6VIkTX0LXeRiMwH+U8ndUkJDEmgLd0+CyRlhCbk+ZjaZ9sPc0vdSuEGUh5LB1xozw=
6DYhYWUt567E10FgYmihXxn3z1hjWta1qjVZBY9aEryWsKlgnGG0L044r6J3Q+jXlep4E96Ws47IMn2kWFomjMvE4+6lu4uvezrVGlHKCXujMg==
RaA7wKb7EiaATs2C7B2+Hg499cJ9Xq74RY9+bCEiMoUENyXmpns2/uz1EyokGtt93WDTBzvk3KIHeW2BCfEGVeyjC//1Pd8/YKMr
YDilcwW1zg0VLEcbHzJ1lUs0Jn5EbmV/XPncilMFMvO5uOVSKbPOJhEzbIj4uQRnjvDfelc7+N+V4mhr/k7DRgh6zXw45bAESUxzVkXjO2c7ciVCcTIZc6M6
Jm+8DQUaqGCjXiczqll8JEzdiLpuBQW8uyP/O1VMdjDxGOAyqNZNPRHrunZodZeiqIpn5TkAd79nFJlrwzipycXBWq2Igy/nCS3TN2SjLw==
yryfORK21TbyTOuKVstXAGCpaMRUs8IR654/Lb6coBF9FQ/Q2ZCGBl03rtxlTIYQodhQUjhWPZ3Bq4qWeHWHwphKN0XJgOdf11RGSrM/makVASoNGAOfB1ltIxd0oz8=
vqGJPWGDM6KUj9iEM/5MpiZkyxyboNfxr+HWflA0042Ul0godPyHXOaW9l6VIkTX0LXeRiMwH+U8ndUkJDEmgLd0+CyRlhCdleZvap9sPc0vdSuEGUh5LB1xozw=
PPn52YNAZ895LGnp5vDvmuLtp8vM2q/NTHCZ3o2ZkwSEiFkzMjJJ692GiAc3dhpaI/PIm8qgx4wGpvZudfIEh3BFXjaD4N+1XK3VFERh5lAXBHjcMcZQTXXWY1p/vH2dj4Wr9LmYuXx9QaMM
hUPvUz8fZ+zKFIc93Od3HEgQO5kfVteedyvqVlh1p4J4yZeFqYDHHzfU5orTOLjp9YGKzXgDv0e57YPXFKNf
ixGkfn6PW+ExoqBVu8wUsB+x8mDWa4ZS1SKzM2/gpG0n50BDFX7Qt41S+1roJnWgSHoPWIgRS0o1PwM72+6d3gHuIW+jJg==
RpDdTEBHg4UcGKfg70RhZeVEncJnCC8ZnXRscmgIYoc5dArykmBNdiBODFlXKXbPsO+qhIr0R1/pEPHv7poxaeQ4T8iKrvalkGpaPkdtVppT8StQpSvtvFpLwRhqbU9pkPmak/2zo6V5c0ajDQ==
ooQlpRvIeeFaMCi2a7KlJ024JzuwnLQGQSe05KQRXUfxxQqguYFO5hN8OILgFgVt6cuShnB1j9KAqR818UC/Dz/0Pv47uBBZrWGC3UBDZzcxTTsHfKM3
XSpGLuijXOrTz1YolwjGL3D30wCppz4cOprPnzp4KmHz25995DwXYeC6/cRWXk5my7Gnc1zaPrXBjk6RUek/MJHTUczQpxVfPkVDWezBbjNpKz91NRtyozk=
bylZDpXr6onwdNM68D1jpkzdiLpuBQW8uyP/O1VMdjDxGOAyqNZNPRHrunZodZeiqIln5TkAd79nFJJqwz+oycXBWq2Igy/nCS3TN2SjLw==
QME0fhmYUGOS812vvHwb7JKIXBHXm7g/lQIoy34uAyYIWo3cuAP2JE9tszbFQ/tHO5JlovGS2ROjWg==
BB2Xnfm39T/4NdJrDY2MCmCqaMRUs8IR654/Lb6coBF9FQ/Q2ZCGBl03rtxlTIYQodhQUjhWPZ3Bq4qWeHWHwphJN0XJgOdf11RCT7M+mKkVASoNGAOfB1ltIxd0oz8=
E2EmikiddCiMmKgW3y1SbiZnyzyboNfxr+HWflA0042Ul0godPyHXOaW9l6VIkTX0LXeRiMwH+U8ndUkJDElgLd0+CyRlhCWkeZta59sPc0vdSuEGUh5LB1xozw=
6erPU43XqjROTPaeU7Y6ZOLtp8vM2q/NTHCZ3o2ZkwSEiFgzMjJJ692GiAc3dhpaI/PIm8qgx4wGpvZudfIEh3BFXjaD4N+1XK3VFERh5VAXBHjcMcZQTHDWaFx/vH2dj4Wr9LmYuXx9QaMM
mz2mnS+2kzd5ADAUJiJLOJKIXBHXm7g/lQIoy30uAyYIWo3cuAn2JEhqszbFQ/tHO5JlovGS2ROjWg==
Bn0zttZPKcHtsyDTo3XuaMrmgzagdknn82RFyFPR0nlDamTtXZXa9vBV52+gnh42HrCi17cgG4PrfBxx42JJqH1T5SeqjiOESaq7UIWWloEpImLAWSLyUPFdsQOQtxOuug7u082RusPoDWaVPHhaf4gEOailVQRlf2W6d0i79FPCiMpk1l4dTXVbPmyemfIfB60LVclxU6k2PrmfXaNXZntAFKEfi9pYzH1kmUJKuBNitbwX6WMOjRWgm1dTROw3//9TEXGRLoUkY8PPnV1HD/ijsw==
gMCCokw0bkW7IzvzPnTG6TK9RxRvrFaG7XR3n9Pu9lu9kKUG6whEXWDSJq2xqUKZ33lNWaL4Njo6D6kMzzvQlzKORz/DC8yWFehfmq1cs46QjS8iZMxfOsRc522nb6avdYKcbsj/q0mMrz49MFkKIJwzzsR/5GMNsqkp1Wwb/mOS/2TobMiwxqsh4+uo4CgBdJOBLY3ZT+nlJaCOL/PrOzHK3SCyDXlTbDQazTJV9BJ+XyR1+lsvOzhBQ5BNO2WcihvZn3U9F4kY6TJT1cOrRUED/qO1
cmE8Tm32+vjLQ9bnTrJxqWIaPKz68U6+s7uPQiaMhHKxbcWgqfs1rS1JPQjJ7GDzhekFBRC9kMvgRLkp/Uw72hHzz1K5XwKoftAiNNY4EhUDqKLlTty+Sdp45S71HSPgPAv+eW1Y/RFZkaXJ86HcOZ0pZN4GAKlfz5Y9BaElDychE1i9umMS1vcsk3EqY92x3UbtzBsMrShj/0ZmqRB3ZDSKcENfSqcxAvWVC7+fLpsxA5WbeQxfFWc8uGRBfrD/Be7vZA8EnSX/PWvMyaBZRA35o7Q=
eLamPfQzJZTh2+wGVmDOAWIaPKz68U6+s7uPQiaMhHKxbcWgqfs1qy1JPQjP7GDzhekFBRC9kMvgRLkp0Vs70w392FK5XwKoftAiNNY4EhUDqKLlTty+Sdp45S71HSPgPAv+eW1Y/RFZkaXJ86HcOZ0pZN4GAKlfz5Y9BaElDychE1i9umMS1vcsk3EqY92x3UbtzBsMrShj/0ZmqRB3ZDSKcENfSqcxAvWVC7+fLpsxA5WbeQxfFWc8uGRBfrD/Be7vZA8EnSX/PWvMyaBZRA35o7Q=
s+HopbUUh6eIyb2P5ISSWCQc5e7WOA7n1CvdZh96oTD1rV0HTEuyM4DXuP8Dy22p7BbOLNBukuCfW8hKf1a0twOq996tsJ1B6oJiJhImIjYK7w+uoudKIrZDJm713OEz2/oQ7d5biQbV+wWnVZvHb4QDUW8kHEK+YRVzQG23dUu3/U21uN8e/Xp8a1oj417tRctRwG1On3Iloh9p1hQ9vg/+mOzQ4TuUD1veQ+XZC9H2IX3FVdm9MhffW2poVhWQiKXpyI+GKxp1D+PLW949rkG+Af+jtg==
/TiSo/LyJC4FWETMqTD2X2IaPKz68U6+s7uPQiaMhHKxbcWgqfs1qy1JPQjP7GDzhekFBRC9kMvgRLkp/Uw7xAzyxVK5XwKoftAiNNY4EhUDqKLlTty+Sdp45S71HSPgPAv+eW1Y/RFZkaXJ86HcOZ0pZN4GAKlfz5Y9BaElDychE1i9umMS1vcsk3EqY92x3UbtzBsMrShj/0ZmqRB3ZDSKcENfSqcxAvWVC7+fLpsxA5WbeQxfFWc8uGRBfrD/Be7vZA8EnSX/PWvMyaBZRA35o7Q=
87JaKm3nkOdUh7vc+viwUyQc5e7WOA7n1CvdZh96oTD1rV0HTEuyNYDXuP8Fy22p7BbOLNBukuCfW8hKblC2oge+996tsJ1B6oJiJhImIjYK7w+uoudKIrZDJm713OEz2/oQ7d5biQbV+wWnVZvHb4QDUW8kHEK+YRVzQG23dUu3/U21uN8e/Xp8a1oj417tRctRwG1On3Iloh9p1hQ9vg/+mOzQ4TuUD1veQ+XZC9H2IX3FVdm9MhffW2poVhWQiKXpyI+GKxp1D+PLW949rkG+Af+jtg==
YDL7+fYIwoDrbCqoXKJtosrmgzagdknn82RFyFPR0nlDamTtXZXa8OENv3+2lUppGbO3/vFDXMH8JAsx51BOvmhO5SeqjiOESaq7UIWWloEpImLAWSLyUPFdsQOQtxOuug7u082RusPoDWaVPHhaf4gEOailVQRlf2W6d0i79FPCiMpk1l4dTXVbPmyemfIfB60LVclxU6k2PrmfXaNXZntAFKEfi9pYzH1kmUJKuBNitbwX6WMOjRWgm1dTROw3//9TEXGRLoUkY8PPnV1HD/ijsw==
t9e4uxSRB1YnsXwBIblOS8rmgzagdknn82RFyFPR0nlDamTtXZXa8OENv3+2lUppGbO3/vFDXMH8JAsx7kNEo2hM5SeqjiOESaq7UIWWloEpImLAWSLyUPFdsQOQtxOuug7u082RusPoDWaVPHhaf4gEOailVQRlf2W6d0i79FPCiMpk1l4dTXVbPmyemfIfB60LVclxU6k2PrmfXaNXZntAFKEfi9pYzH1kmUJKuBNitbwX6WMOjRWgm1dTROw3//9TEXGRLoUkY8PPnV1HD/ijsw==
866Ut4k6ieEypsWOlPe/X9iGT7MnwVFqAcMi4usdWCeVkUtCgC2/GUWwRJ3C8/oHmV7R6n7Ih7ppOpaKrfpesJH8bsviOBX4D3MYRmHAg/qRtKe+ZJUjImjUqwrQtNsNe0fSf6H6UK6ER38ZOEdinczxntAoq0JE83zXfSYBVXWwc0qzxkeoqCAw5JZfCb8LlIg8MQCLjS2BwTvZ8U2cbnPbH2tlMpFgfrUtg9hcxm1O/WBiyseo9XbDm8us6b8wEdPRzF6jlV+5RcNZbMHuM+krv3W1G/KjuQ==
lVyCRhcKlfCOI3PydG/3X9xD8Q/SQKNtuvtqf4q6G6Cj8ipunzwiLQUga7djBLRRj/7jMaFR3iUU49OvzR33L2ijIw==
9O3IddHzkrU3aHEXq9jhXADSkbxnAxWg6GbiIBIGOTj3Vqd4pttWN07K/zgvcqb2+8xm5TkAd79nFJBpwz6vycXBWq2Igy/nCS3TN2SjLw==
ZI2yxiEhb6qY9/wAnqO/sWTG5+QuPvSYRw8wuxWGoF/uuquCqP4lCOjSveAMrvvilZfTYxu2TbbhhtEXo14=
2XpEvOGhG9i9qFA4VXc8pXUMiKpi4y42Xy9eDnbH698PDDzBl2vYz5XySDs+/mO2iMotDPg21RRMWpMGBRNb17sChfIx4jljoyo=
zFJBRJIiZn17r0vXy5zJEWkElON99D83EDgMWDjJ5NcOAH/Kl2vYz5XySDs+/mO2iMotDPg21RRMWpMGBRNb17sChfIx4jljoyo=
i8XPu/EItWW6v83MddQ3vn0Dg+MsuDknCz9DCTzJ5NcOAH/Kl2vYz5XySDs+/mO2iMotDPg31RRMWpMGBRNb17sChfIx4jljoyo=
WUMxOJ6FyWryjPRvvT0o+HUMiKpi4y42Xy9eDnbH698PDDzBl2vYz5XySDs+/mO2iMotDPg31RRMWpMGBRNb17sChfIx4jljoyo=
PeWRAHSLm3ktf8zBK8hJtELqNaRObmamoyEf05SqJrXZfgYy6XnXcLnjSSyXcq3SwRWLefQxBvPBu8cV/StqoyE=
PzSJePn2H+yzob/puSxZAQAGfJCSnffWabUPfFmQiU4yC8JmYHWfslDqT9VhwA9vz7QNGUu7JnldITJ9MMP3l+EN6ydsoyc=
HAojC26R1R8P1EtyunLGwEgQO5kfVteedyvqVlh1p4J4ypeFqYDHHzfU547TObvp9IGKzXgDv0e57YPXFKNf
d3As5rG2UsTYnQ52t5en2x+453vQdNRHyCKiMmjwpG0n50BDFX7Qt45S+1roJnWgSH8NWIgSS0s1PwM72+6d3gHuIW+jJg==
4AwqFfrfwEquKJ+7VgauYdxD8Q/SQKNtuvtqf4q6G6Cj8ipunzwiLQUga7djBL1Sj/7nMaBR3iUU49OvzR33L2ijIw==
SVqW+XbZamtLaAwF+3+zewDSkbxnAxWg6GbiIBIGOTj3Vqd4pttWN07K/zgvcqb2+8xm5TkAd79nFJlqwz6rycTBWq2Igy/nCS3TN2SjLw==
LAX8OObkdZ1gNXQYZT6bSX40m9Q+kUwvSGtGfUr05vtSARoXy9zaiXa1QL9Y9+KR7mntDSMPfbHm6j4cEle0rCjba6KoHmWoaLB/wA6KuwMVNxMDG5YNVmEmEXejPg==
XX3HIFNgy5r2RFEKhVFuZ3Me0b5aCk5phs34RaZPxmPxK1PNyd9+UFLK0gVQkiAxV+R4vPEm0Oiz9m54vx39fU/lqxT5+DncPWGjLA==
/tvfgBQKyyj20pPD1EvgeH40mtQ+kUwvSGtGfUr05vtSARoXy9zaiXa1QL9Y9+KR7mntDSMPfbHm6j4cEle0rCjba6KoHmWoaLJ/wA6KuwMVNxMDG5YNVmEmEXejPg==
ogQQkV/WyNUz8mCvX/cEW3Me0b5aCk5phs34RaZPxmPxK1PNyd9+UFLK0gVQkiAxV+R4vPEm0O6y9m54vx39fU/lqxT5+DncPWGjLA==
+pHI3ExBddKDz5FlZ0T8C340mtQ+kUwvSGtGfUr05vtSARoXy9zaiXa1QL9Y9+KR7mntDSMPfbHm6j4cEle0rCjba6KoHmWoaLR+wA6KuwMVNxMDG5YNVmEmEXejPg==
Uh9IpyKt57JxZsI7dfhpL3Me0b5aCk5phs34RaZPxmPxK1PNyd9+UFLK0gVQkiAxV+R4vPEm0O619m54vx39fU/lqxT5+DncPWGjLA==
eq+tr8Thsx/tP3iDqSADl340m9Q+kUwvSGtGfUr05vtSARoXy9zaiXa1QL9Y9+KR7mntDSMPfbHm6j4cEle0rCjba6KoHmWoaLR5wA6KuwMVNxMDG5YNVmEmEXejPg==
vnbwsx5Ln47IWw80rIbSvXMe0b5aCk5phs34RaZPxmPxK1PNyd9+UFLK0gVQkiAxV+R4vPEm0Oq19m54vx39fU/lqxT5+DncPWGjLA==
FPDUdqFSGu0MUiOJR6Dmq340m9Q+kUwvSGtGfUr05vtSARoXy9zaiXa1QL9Y9+KR7mntDSMPfbHm6j4cEle0rCjba6KoHmWoaLB5wA6KuwMVNxMDG5YNVmEmEXejPg==
8XElw+7WSZ07f6GsoTJccHMe0b5aCk5phs34RaZPxmPxK1PNyd9+UFLK0gVQkiAxV+R4vPEm0Ou19m54vx39fU/lqxT5+DncPWGjLA==
1SyfCY2AyNWxACkjYIOqy340mNQ+kUwvSGtGfUr05vtSARoXy9zaiXa1QL9Y9+KR7mntDSMPfbHm6j4cEle0rCjba6KoHmWoaLF5wA6KuwMVNxMDG5YNVmEmEXejPg==
VyZTwwgB0ZZOoisjRjJkUnUMiKpi4y42Xy9eDnbH698PDDzBl2vYz5XySDs+/mO2iMotDPgw1RRNXpMHBRNb17sChfIx4jljoyo=
vAUExmaE4uV9qBjhhHZ/zHD30wCppz4cOprPnzp4CmHz25995DwXYeC6/cRWXk5my7Gnc1zaPrXBjk6SUek/MJHTUczXpxVdPUVCWezBbjNpKz91NRtyozk=
kkT0Xm8VOicyDV5O93/8RVQKcIDdzP7AabhIYlCWlQ05C8JmYHWfslDqT9VhwA9vz7QPG0u9I3lcITJ9MMP3l+EN6ydsoyc=
zhus2Ig2h+RV+7AfSaWRwnD30gCppz4cOprPnzp4CmHz25995DwXYeC6/cRWXk5my7Gnc1zaPrXBjk6SUek/MJHTUczRpxVdPUVCWezBbjNpKz91NRtyozk=
+fPfXu+OPwszMlqHbBFGF1QKcIDdzP7AabhIYlCWlQ05C8JmYHWfslDqT9VhwA9vz7QAG0u9I3lcITJ9MMP3l+EN6ydsoyc=
+3yb/QiEXvK59FNQ0vGWWnD30wCppz4cOprPnzp4CmHz25995DwXYeC6/cRWXk5my7Gnc1zaPrXBjk6SUek/MJHTUczepxVdPUVCWezBbjNpKz91NRtyozk=
+4xs1cJSiPz17gMnZzXuwScQwL0URgQiiI72Qq5U2yCuLFjKgItfFRyN1TQEwWYwV+R4vPEm0O609mN4vx39fU/lqxT5+DncPWGjLA==
xvaXT9RwFRe2SN1JDN/9SN+nzpaWvxuXz0QM+bdzyMeV+lgjHsZT/kiC3XQYqUCcytcDn2XrKx/7yrXKEfopa6Mi
hk8ZtITHEad5sY4fmQIFlCZnxV2F5Mzw4f3cf1AQy4uGgQkuefjBDaqE8VXAckDX0LXeRiMwH+U8ndUkJDEmgLd0+CyRlhCeleZpaZ9tPc0vdSuEGUh5LB1xozw=
/AUSp6tmqHj34pNbWdbGQdbJwajEfX/y65Bko2H2rYLeAGUF0htFSEJ9yc6LnZigJihHe+WQFWb7z32ABv7e5rsRVzMs+s61sa6+UiFJz7ABc4EMhYUFXiwlkpm8of6z2UuPtQV7QqMJ
tHV7NR3vEWtQBExPzZm5jEpkJH2bwH6ZnVKJ9N5L+0LfEmz0/42on8fIwPmzRhFpKjBUnN2TX/R3xhkrx+hcSiw2CWUN+9Y+jPXzakSaez39YPNH22S5Z+d+TkGocaaVjKPrv5W9f39Aows=
HXMqrtKqm0EfEXZatOaH2DSJna8VHPzyzgc4Wy3AjeZjnzVgPo72JhOBz5Nkyja1yZ528rnZZ/Apg7lsSVKd3rT12rlEkZZzMdsXVc0LeqMx
gq5ttRBc7M8yfC+afmaja5KIXBHXm7g/lQIoy34uAyYIWo3cuAT1JE1vszfFQ/tHO5JlovGS2ROjWg==
RtMkJ0yEDMHXAjUIfr9LQHUMiKpi4y42Xy9eDnbH698PDDzBl2vYz5XySDs+/mO2iMotDPg21xRCX5MHBRNb17sChfIx4jljoyo=
PxLWNz+PpERboHtGG57O0CZkxV2F5Mzw4f3cf1AQy4uGgQkuefjBDaqE8VXAckDX0LXeRiMwH+U8ndUkJDEmgLd0+CyRlhCbkuZiaZ9tPc0vdSuEGUh5LB1xozw=
V9RRpF35Bn3JLqOOrlyOtUpkJH2bwH6ZnVKJ9N5L+0LfEWz0/42on8fIwPmzRhFpKjBUnN2TX/R3xhkrx+hcSiw2CWUN+9Y+jPXzakSaez39YPNH22S4Z+dyTkGocaaVjKPrv5W9f39Aows=
o2KJHbXhvmCUVEGPdgHcrjSJna8VHPzyzgc4Wy3AjeZjnzVgPo72JhOBz5Nkyja1yZ528rnZZ/Apg7lsSFOd0rT12rlEkZZzMdsXVc0LeqMx
lN0jFKI5p37fa7cI3Yk89yZkyzyboNfxr+HWflA0042Ul0godPyHXOaW9l6VIkTX0LXeRiMwH+U8ndUkJDEmgLd0+CyRlhCfk+Zrap9tPc0vdSuEGUh5LB1xozw=
5nLPNApVu9vyRYttI9/5LJKIXBHXm7g/lQIoy34uAyYIWo3cuAH2JEtsszfFQ/tHO5JlovGS2ROjWg==
EIeNYpeI/UdcXtuERh8DF3UMiKpi4y42Xy9eDnbH698PDDzBl2vYz5XySDs+/mO2iMotDPgz1hRLXJMHBRNb17sChfIx4jljoyo=
enONZoIMpwfjaD/4nH6JmSZnxV2F5Mzw4f3cf1AQy4uGgQkuefjBDaqE8VXAckDX0LXeRiMwH+U8ndUkJDEmgLd0+CyRlhCeleZrap9tPc0vdSuEGUh5LB1xozw=
uMFROx/7NgWd7GODfMwiGSZnyzyboNfxr+HWflA0042Ul0godPyHXOaW9l6VIkTX0LXeRiMwH+U8ndUkJDEmgLd0+CyRlhCZleZrap9tPc0vdSuEGUh5LB1xozw=
z7bScj8KHio0TKO64ot5ceLtp8vM2q/NTHCZ3o2Zlh+Gl0UlPDVW99aOmQc3dhpaI/PIm8qgx4wGpvZudfIEh3BFXjaD4N+1XK3VFERh5lAXBHjcMcZQTXPWalp/vX2dj4Wr9LmYuXx9QaMM
d9XysDPvpdInQhLl9lHSbJKIXBHXm7g/lQIoy34uAyYIWo3cuAH2JEpsszfFQ/tHO5JlovGS2ROjWg==
OnhnRly8lFLyJ9kKxN1UtkgQO5kfVteedyvqVlh1p4J4y5eFqYDHHzfU6I7TPbnp9IGKzXgDv0e57YPXFKNf
h3dxX9Xl3urCx0mHj66sdicQwL0URgQiiI72Qq5U2yCuLFjKgItfFRyN1TQEwWcwV+R4vPEm0Oux9mx6vx39fU/lqxT5+DncPWGjLA==
gvmgkIk6GC7Fa89XOXOmzScQwL0URgQiiI72Qq5U2yCuLFjKgItfFRyN1TQEwWYwV+R4vPEm0Omx9mN6vx39fU/lqxT5+DncPWGjLA==
1axHGTW2MvafTFr7xNmFJEgQO5kfVteedyvqVlh1p4J4yZeFqYDHHzfU5YnTM7np9IGKzXgDv0e57YPXFKNf
KDaJkZTqVZCS1K1adh3t5ycQwL0URgQiiI72Qq5U2yCuLFjKgItfFRyN1TQEwWUwV+R4vPEm0Ouy9mN6vx39fU/lqxT5+DncPWGjLA==
5L+L9KTwCPWz1380WjJFjl8Nc8Yx52yIt+MTBZn3XnhCwtINQLoAGQcsOHShjnBAIX7t8y+1XdUfLevcqdAZ9C1poyQ=
2cOJsmfyZrdULKv0icGlLHqZm60PBvesiQY/FWCcma92hS4+ecT4KwiLkLIhhHGy+MoltLjZZ/Apg7lsR1ad3bb12rlEkZZzMdsXVc0LeqMx
ZDa07HkkqujS47vrUAkaXWTG5+QuPvSYRw8wuxWGoF/uuquCqP4lCOjdueANrvvjlZfTYxu2TbbhhtEXo14=
gLlxIbhtBN9I9NHtjIHabicQwL0URgQiiI72Qq5U2yCuLFjKgItfFRyN1TQEwWYwV+R4vPEm0Oe19mx8vx39fU/lqxT5+DncPWGjLA==
t8Tp/RRGMEnnfDUcAGlf/l8Nc8Yx52yIt+MTBZn3XnhCwtINQLoAGQcsOHShjnBEI37s9S+1XdUfLevcqdAZ9C1poyQ=
K1rfJVTFmOS0ViASLpLmuxzd7spGPjvC1j1SsdJDNhZWGnqMks/zcVGr7tzaTlKZ6AbQXf9AGECpkgCkfLIsocfJzVGngYso4Qwp0DVlozA=
RCm8oSuk4lBRzfb4D7JouX40mtQ+kUwvSGtGfUr0xvtSARoXy9zaiXa1QL9Y9+KR7mntDSMPfbHm6j4cEle0rCjba6KoHmWoaLZ4wAOPuwMVNxMDG5YNVmEmEXejPg==
3DMWz1oFEn0zyT9wj5cFBfi1aVA2+YGm1Meakml6kAZ7pir73DoIlcIT5/4gNGaKbicCKHsL2kzDNRhGLJlP2LxCL6wMWImOvqrW5dPXrSgDJDdDEByoepyAPvN7LbRDED1qLyMpfH75/e/jqEqa/R1gE4d75B8ix3MvAcvxxtWso8t/NT2fv6Cj6w==
E6CHJfGLMpyTxz+y4EQnTFMpE77IHn2JzJCG9UJIeir/F5fG5leX9SsIQzaPdIGS7fCY6j0NHWi2XRfmoQQGYIm2fKHj1mcp7EI3af4Vhhv4eqbhcUfh2dJxXV/nKcVR+DsWKSrow54D53a51V+ZpG0qV+a19jdt9tCVKl8qkAiQBbNAX0/2h0Vdo4XmNbWh1b11JgeL8+7Ikj2E2HpkLMNmI8wlm0sPe9oV+tEqyZuj0g==
oVVkKU+dszx7xoBFHNTDE9BMKShvm2QX8ZQaI/CPuj2tAvYxElOd8aVz7T8NbW0iccmcq//euLVFTW2oz9l7Nuonl6HutLdlWiJsWCTYh7zaZTb37tp0X1zrIMteyNZ8Ag6JJbk7MgRq6QZn+633LT0Bp8E6XnX3yfODfmcAiDnL285wAN3oMXZ6jCveNQAv3VM6JZkA139HlLOqYzNLCSdBum1og88n6a0z94Sjzw==
cfY7HPpUwz4rKslupnI3Z//fxHS+IgUe63kEerLXrqepdHKzSA9CrQWirsFak1WhXRPFDxVtdRJZqWT7Nx7wRR3txTg3WcOmgsfPESb0fzViAgSoPNifzDJFDiemGjzvhIvIW+ZIruyqrlFVcXt61BIJLlfjre8dFeHfEXIevYcRUyvuH4AwqSO7FsBIHaDhTlpkW8Y1GN+1cwJ1UUAfzx902jrbs7OZj+HinSBDB3cRzRvHnKPX
yqj21Ikrtx/GQowRTe0wd+MQMGOPs+LYDuLsRfNpdKpm+4dMXG8m7yyxK5qA3bTjW71TK8sTG217DleRauc5bh5ZM9XrJFm5rXqs/+FNyISxaaw6SnRyGNEQfP3Ae2hq0rMqM2aHiKjAcAQW/8mfC/RInLGgy20tYYGbWVGN/G5TG7/rhXJxYF51jQO4nKZtbr2A4iqHiPVWA/tLzCmfMPGTMUz05rVT3YWh2cyBzjMJax/1FduSo9k=
Yv2rhhDxsQu2htEZGWvNCAjvEi3kGCdnOSsv7MQfrm+kAbN66A0Mo4PNuwvzAxNtcx5vsYKX4S6miVs1c5TROSUKNF9JnbBE6VmEWrJkehjZAAQd6EuwKirjgpP+dwAoSMCcdheZJ8usuPSRmNtlLWmRo3k5faSu60tXix3C+eDWhRWjEMxeLbaNqAJSl4D1XhMDK+QZx/CJQ5nsbJY901U1OTmkUXZz0Rv31S3LmqPR
nezW5vtXuyC/r9AkR690hBggGbmYCniS1YbVslhTbT//F5fG5leX9SsIQzaPdIGS7fCY6j0NHWi2XRfmoQQGYIm2fKHj1mcp7EI3af4Vhhv4eqbhcUfh2dJxXV/nKcVR+DsWKSrow54D53a51V+ZpG0qV+a19jdt9tCVKl8qkAiQBbNAX0/2h0Vdo4XmNbWh1b11JgeL8+7Ikj2E2HtkLMNmI8wlm0sPe9oV+tEqyZuj0g==
UsmX9bDB1RCGlmC1ZycdJAjvDyHiCjxuCSsv7MQfrm+kAbN66A0Mo4PNuwvzAxNtcx5vsYKX4S6miVs1c5TROSUKNF9JnbBE6VmEWrJkehjZAAQd6EuwKirjgpP+dwAoSMCcdheZJ8usuPSRmNtlLWmRo3k5faSu60tXix3C+eDWhRWjEMxeLbaNqAJSl4D1XhMDK+QZx/CJQ5nsbJY901U1OTmkUXZz0Rv31S3LmqPR
WwmJJZgmP2Odr6U7NHzDNMaI/K6IN0nxKqHMpD4P7Q46ejAP/aQGSwTPDpUx8nqppvNJiWkj0RcZbXkKTZlQ0yt+DC3JvfEAe5mPXvYXm7maVONdlnKQMLBYE1SmtXrPOrqAR1DbPCMqCGLUnn4FvQ2bZvwmOTpP763jBQHR6zlu/sFvRYMf1tPA/NHX68Jo9L08CTqq8MNKtZRHIQP2Hc3go2dLpK7Cl3P/obuxNvXcIxtfJf0P35Cj2w==
oMqwIrY2NPVKmJagaT4YuWkzfnLNedGgWojfAb2TcxyI12ovYEl/SrT1aIOn1Ucb/wsXbXcWY6F+j8UOwnEHBb/cFXnhwnivFSUUJA3BOMo+7P6YXYiIjVTT1MqOW17jMj9E6AwI0EbL4cPriKCIgZTTYS1tma9pRWWAjg8zi7tRCr0gks3Z08x0+s3SFRSS3h8Eddqbj7tYgSOQLfvFHCBe+ZORffUJ+KkSU/UDC8Uhw56j1Q==
iML+VtNt+AZzBU8upVZaOWg6Y2XLepiyCobDC7jSR1KEzWI6YEl/SrT1aIOn1Ucb/wsXbXcWY6F+j8UOwnEHBb/cFXnhwnivFSUUJA3BOMo+7P6YXYiIjVTT1MqOW17jMj9E6AwI0EbL4cPriKCIgZTTYS1tma9pRWWAjg8zi7tRCr0gks3Z08x0+s3SFRSS3h8Eddqbj7tYgSOQLfvFHCBe+ZORffUJ+KkSU/UDC8Uhw56j1Q==
Jq0GgKyWWpyBAPfoKcgqMtOBghsOheplNQnPPVmP/tJc0XvQFUsd/Miu8ROZzd2poNlqE61Ts+WJ0xajXQ==
vxSWqww2w0QQ5nA1vHZoy86bGUTEjew5lD9hhT8zAyYIWo3cuAP0JENuszTFQ/tHO5JlovGS2ROjWg==
6Tqomwt4Qjiq710DmbwNIFERc8gl73rb7OgTBIOgaT0OkclOUb8eDAcsOHShjnBFIH7j8C+2XdUfLevcqdAZ9C1poyQ=
/pAqYU5nTr6Md5g5v35yaRHzvX3RaZ1D0W31OHbi9yEh91UWHUKZ+95T+1roJnWgSH8MWIMSS0g1PwM72+6d3gHuIW+jJg==
/ZDlvyA0G/S/DOiiB0TY5pdL9hjdVqMgvPd3Yo2GG//n+zp1gj4wLQUga7djBLZSj/PnMaNR3iUU49OvzR33L2ijIw==
Jq0GgKyWWpyBAPfoKcgqMtOBghsOheplNQnPPVmP/tJc0XvQFUsd/Miu8ROZzd2poNlqE61Ts+WJ0xajXQ==
vxSWqww2w0QQ5nA1vHZoy86bGUTEjew5lD9hhT8zAyYIWo3cuAP0JENuszTFQ/tHO5JlovGS2ROjWg==
FIYyQ3K88ko1hWJBtp+xpDcZ/j0XlriG4a2JuxWc8LgkQfmrvVROksU1pKWviNgYWfqgHeg6ozx3Yi0pd8nL8JHkCeglbaMo
aJ73HiGRaHGI7ZIY1qxHjkRCDCB4FcuBQd/C1SVeIYvuCF2EcjcMQAOKHVsSO24jgl8U6NyooIY7wbNrWICYwQQzUS1deT8pVUVQDn8Te3shqm0gwq1pE/wUSk0CdQRSTr90dSo7H/tIYXMQnRv1XJS+KZPB3QVJiIni06UjGwWxo66j5Q==
A3IvR+HQhJKL0Bn0g4Jkvip42NU0jFs4DnBgelD2jr9WARoF3NeAk3r7Q6xY8O2P8WWxFmAeeLPRpUkODkSptzzba6KoHmWoaLx8wAOKuwAVNxMDG5YNVmEmEXejPg==
7T9sq2TXgwneccZxHO93NCtcmd97ZoU45pCG9uT40EhyBS637reseWw5El2nDjguMdWps2VEMNC0+ZljjUxOupXNBC1f0JjwScJAWliiI5SnGg0hBxELmAFcaSAVdaMA
3qVuMuQ8nu44ZACQtUjV5QJvtvpKVKQi0ZCG9uT40EhyBS637reseWw5El2nDjguMdWps2VEMNC0+ZljjUxOupXNBC1f0JjwScJAWliiI5SnGg0hBxELmAFcaSAVdaMA
TPubu1k+tdL/Jm//xDKZEHoznR/LmZb67PzQdAox3puGk0wlNO3CEe/K+FKJIRnfzaCQTCxtCe8FyM4GbXl0gbd0+CyRlhCWkOZjaJ9uPc0vdSuEGUh5LB1xozw=
yRc91Rre4RnUdloH9A2U7CLGjyvn/g3BnugFgNq4alyOe2belMDQQGIdDl/ez+yxvGFy9Ve2uKahTQnb1bzwmOQheUv9dE6yhdUkxW+o2DiZmiDyqBqjHDeCrUm36cvQUYSJCGVNowg=
cSppOeNzx+Kqx0S8LatSmm9b/HqGSQFca0LKLUWqCsecoh3WgZCPvFByFAQG1MbqtIbGBeeIWY8QZeA/Zdj/wsSdaJ9Vbl27uDjulYHAL69vNOHaK7MDOf+hUr3Qw9dXgY0LZ0yjBw==
6WGyPXzrjjkZYsnJue/9+tg7T3IHg9ITLLfToeD/kGnZbYzn1pPSgoAFIAUJSM4/Pd6lg/02UAzPmZjkZInhOUxswMyjkYUzV6Vd/TgXDiUahBtSY2vu1WWTwYhtBg8qBZqv4ZYcTUZvJogkUKkrzO8jLkslUbvp1vntDVURLeo35+viqF7l6Gj8/IADSjvAFfeTwxtWjZZh5pG3o/4=
YXulgGLdDNXf1acObowYCt4FkHJIkGoXpLFmFjWV/5iLRUkCE5S3hYRlwqHt6EUzNJvvDW5ETPLWT6t6Z1apS+qRm9A1i718o27RE3mNfSnAGQoTjRNTZSkTdqM9
8o7p04b3PbTq9Cx9rUAW0DYhPAyhOGTmuB4Y2nJpaZrRK7edn7CY0AkiwPqYwiO05/qNgcdxC7hBvOmA1RWjIA==
8o7p04b3PbTq9Cx9rUAW0DYhPAyhOGTmuB4Y2nJpaZrRK7edn7CY0AkiwPqYwiO05/qNgcdxC7hBvOmA1RWjIA==
/3+XHCdiXl81XRHnYybueepLIDvQTl3rgCwy2AsQI2xJ9BFaeALhv0fJzSkCPSrQItKsdCPP44FcaC46WUMYEmIPLU4nVBweqATY/h8q1o1iaiAqYT4QPjTUFw4nSS3QLgHyjxWUGPNIceJABxLFty8KalogiPXnBhUL5ko=
