Ep6tyj4hha1XdSZm74ImKlaqxbT+5oRj+Ze6stFbIx+00f6rovxyydR8wawLwEpgtNTZuznl5D1mfN1CZ9qzhaw/zXW4n569ejzrmiMj3i1Fi9GAbQ4fMiVin6nW1L3+D74YrNAhu1QPm14D5ZmLkfbh/QVVGT3yF5/bKmgWlVCIbWkIiMGrWHVPaglbHr9iQP6Bv6f2
S0z1CYPW4mLfyhRMz56Z9M1T7/sBH7NKCn8zW3ks4YK3FVT1XC6kQPvlVDb6tqFHPRM0atQuk8/Jib8z2Y+YufLvQuIvUHNVgo+tZWUa7YiTwL3c+8NmAkE8R/BMljDHl0Z3hVoJ9a+X897PCd8VX3FAz2F/gBiAKdIA4/1yKGdHis0RLkOL6GNAKJC1pafw
TP81mTovxx4e45NRss1DwwDMGXeWwH8TBFOMeIzDnxdsI8KUk56zNBLNAwJ4s7RFzIHizMC6NOlIF9Vd/fOJNFPVpZBW3RHhRPLExBMpJAIHDyPj9T8kvgyyMwvhhY/HYfNYXfqDkna3DJNR6sNd0R0m7azbbC2Io99GRumw94R0anCjH6onkULVlSt/P6778WOV+7ls37WnHLhEAd4wF0UO6INP5h2Fth9r7AsM2CTNmafU
TRr3C36dN+86NKF4YnL0UhElJB5eNMTxqeYDIph6EXyxMSboY53VAP6vmLD3YoH7rpM6c/YnWKiQkJRW7ylPi0SorPEQK10tUWErGWFtTO6D+6+rFZIhYI7VHUOovPbtnp3woton+PWmo4uLPAnvsCGzIYxmQ+VYDuUxGdzonLO5CSM0pbuip+k=
w3I0fcXqyd1KjcU2DFAnGQUUHjo8Ds1vGtw9SLOjqpBTKXg9VSMrE5xyPVxd+eJYB+xIgGJXfACzKu3bgps+Y9J/JOgsSHDGa6Ej6+hgaAE0E0EtTVkP6aWl4I7vcys78UqdIPKNOVOstNrN8tW0Ej7fZHU62+87+MEDkA27JZxCmxmYsr1ViVhgcFMVQWdEgYO+p/U=
kZktdjtknZdUgkWgfn9X6wUUHjo8Ds1vGtw9SLOjqpBTOHAzUywqQZxyPVxd+eJYB+1IgGJXfACzKu3bgps+Y9J/JOgsSHDGa6Ej6+hgaAE0E0EtTVkP6aWl4I7vcys78UqdIPKNOVOstNrN8tW0Ej7fZHU62+87+MEDkA27JZxCmxmYsr1ViVhgcFMVQWdEgYO+p/U=
B48bTkgNrkka+rTSjnwJr+W9vhR6xq3kSgYltKBag1+IRJ3M8q26gfQKGz/COGbmZX4Oi67WJExHiUXtTMbkOEtt9G6om6B/TVvU8kRGUzf5gZ/rCScYAQInIvo/uDMtMgcNPTUy7bDjiF1Ea6um+nE0ZyicPrB/Z44XnUrhtdcne36XWfcVZwEIL/nv6Nh4GdogOy3aqN+3Qq0JPqvLkNPIiMjljafI
oji9IRb8CnEneoes7wOe0tSz4uyYTuufWLTSbjQYApSX6eSw/w31AYSSxCRTSaSiQS8gw7WfpN5MUjNrIWUPZ6HTWH06IxKWd2yTsaqj3XFdBu2Mm8yt6OM/RiYpUHcktEpwg98Kp3GCtZXLP18uW7FDldv5zF/V5/y4JME+sLeFLuijj0adZXZ/awxLbFiEjbmn9A==
tgbThtvAmpLf7v1Ce/KEsx4F+pqp2gMazeB+BmU0IFSvR+sFcQ0fQwJInb2Rhi5yvImuFhdMV/2QcOU8AsAog56owa5nSyj/jKsQK07IxlxyzllFCbuipJqpVofLrcfNbUFXYarexZcZM/NedwCY2fubHtBwXXhRxrrcCy41cA8NE4rFCYAn3xdUgM9zOFgp1wHqhNoDX4WVbOOXtKf/
dY+Gp0FJ0T/+DHVJk+/gN0RWL3lmA81vEt4rWuexqcBTbDV0AW1+QZxyPVxd+eJYB+lIgGJXfACzKu3bgps+Y9J/JOgsSHDGa6Ej6+hgaAE0E0EtTVkP6aWl4I7vcys78UqdIPKNOVOstNrN8tW0Ej7fZHU62+87+MEDkA27JZxCmxmYsr1ViVhgcFMVQWdEgYO+p/U=
69XKy2WIwShDUwTxOO1uJJj2orHGTuuUR6TVPD0LTJWdouSw/w31AYSSxCRTSaSiRC8gw7WfpN5MUjNrIWUPZ6HTWH06IxKWd2yTsaqj3XFdBu2Mm8yt6OM/RiYpUHcktEpwg98Kp3GCtZXLP18uW7FDldv5zF/V5/y4JME+sLeFLuijj0adZXZ/awxLbFiEjbmn9A==
mSvMxeemTdcaTbjOZvmdliJ6APihBX8KLH8pfQjH9Fk0SgT8YxHEunA2INuFh8SGfIrzs5E9b/8RS9jlirtyzse0U2ma+71pbR7tlKvUzbDT54b+mQgXvATS8BtvkscpMm1VEw8HTkOBW5XDydQ/jdckePxxZtAvNbZoOz/e/T3Gp6vUezQ4nL2hp+w=
Eth/R0jVBZXdE6GFxOQlzNSp7uGaD6LXR6OLY3hHXcaV8KWw/w31AYSSxCRTSaSiRi4gw7WfpN5MUjNrIWUPZ6HTWH06IxKWd2yTsaqj3XFdBu2Mm8yt6OM/RiYpUHcktEpwg98Kp3GCtZXLP18uW7FDldv5zF/V5/y4JME+sLeFLuijj0adZXZ/awxLbFiEjbmn9A==
9c4fUj3nSq5HfdPduaI6sPja2V2mNRM5iDMEe7DU06ngNXWsS3MW8Ar48IAQ3waiER3NRgZvVEcYrmjoYEfnVxLhy0hzEYeIq8WmBi+MD00YEF3ua8HA0yZISR6/CxDvhIvIW+ZIruyqrlFVcXt61BIJLlfjre8dFeHfEXIevYcRUyvuH4AwqSO7FsBIHaDhTlpkW8Y1GN+1cwJ1UUAfzx902D/buLCZj+HilCJDB3UdzBvHnKfX
2vyunTmfAdeqzL+KsZxphtgtIfvaxIohOxikTx4jNiNDat/q3TkcrmkuJP+phKVxEQTNHZBqKbxpga6I20w9AZb/IFB/0tm7loMyU65X8Ch4IMw25zm3SxzYJFHo+3UtebHTuekdFC5766fLTSLJ4CalRWOgrM6txi14QmJ3kPVOczPrtLk3cBmjKay+s03YZlXp+dT45PNh+auU3euKp8E=
3grH7XbKTuViNH42bE3UYNXtlD4c5W3LJvzuAd8AuF8SKzIjR2LT+sEh+I4NFtjP5UxhMVXMAW0sko3czRkyGFfEuYESd6zA40p9WzL7jqPiHzToPGgABpsBU2t4wDhB5PNxLX2536n1BXAOn9Pb+4FqjSDi7QmTHNRqTWK15NLu/xR1yvu/eyghkxC9W5XccnsJmKKdpckowIDTheG3hNHjjqfF
4oMT694ZXcdSCgR1Pp7oWFI2VOOgj3PgN5F2d4lUvj3bjamzo8TkTnZGm3EWlphtO2re8IEmeuzxu3g0tGaHV7yoZthhsRERLEQQlONJVVv3Te2FuO++TbpsSwqjs779hbuxsG0+fwLlsv85VkQdrs9OONzQ0ZskT0v+k2UJa8G20R01VSndwlfPO7rohjWAyB1J+Iixi6i1H8qZ247fsoDO4Y+nxg==
lljy3dRe1dvoGamFcCJKMBMvgsF8EX7Bd6McCPwRzTTCVwgvMCNFZsnyuxXqnh/i4qf/aAMRt+hbhRbmXwyfLchQDQB7wdCz9ogZ/i+L4I80S7i71khezJpuIfXB++p0Qsl+d/Ot/z1FIY+x4p4NJ2GTG87vgABJU3umoLidMAEemrQ71jUIP+Uz0hXBwG8vrzQoX+u4wLm/oRI0ksOX1c2My+eMp8c=
gyAcBoxMkEIeltkq5RJxY9Sz4uyYTuuXWqLAOjkRHMaX763ksViHAYSSxCRTSaSiSy0hw7WfpN5MUjNrIWUPZ6HTWH06IxKWd2yTsaqj3XFdBu2Mm8yt6OM/RiYpUHcktEpwg98Kp3GCtZXLP18uW7FDldv5zF/V5/y4JME+sLeFLuijj0adZXZ/awxLbFiEjbmn9A==
PESz8nQbtARGHvpROVcEqn11ehWZHWHPIWqi16PY8QVHV2IV3f2qHmtsizXUAEGhiE6kGzpYBeY7a9T3iLs004KIiuSWXt3NtVt+7N6Zsp/HrcvViXETKXY+eR+doxfmO0BUId+LGtiMfSQZAkp4k6K1/JepY84N1aBb1xNEpLc/+JSRs5FuDGZjA01RXIePuKfz
JKvKq/v4C8ha9fLhvvU4gF5oA203DWdpdGm2Jn8M/21o0K1KHM4wc1YIuT7Pi8DPlMtY+7ZIfgw67kG1IfvKNCJJnrfTrd/9paHv8cKe7WcBE7sOz4BgCbP7BuCYndDBvhoU+zY1aH9Fs3JVocBP7w+0SJ8LuOD5HyHy9PLDtxUtDKunrKfn
P1qXvRxVyAz4Zp21OHRNYfSWyoeL6vsDHdu41LRGx/c8SK3/bpHR8azkULTjqZU7d+0tZbiP/u06jAtqo5N+XQXb8ZBtHj9iZRI/GVYkXU5P7ni80DFbhM8rPnNlKSthNjHdFVUJHSLXb3ua6Gb14Ei9iRiI0csINf+K+duuHxIArqGvp+Y=
RIYY1POMqQsF//v7VLoafFxoA3w1G2NpdGm2Jn8M/21o0K1MHM4wc1YIuT7Pi8DPlMtY+7ZIfgw67kG1IfvKNCJJnrfTrd/9paHv8cKe7WcBE7sOz4BgCbP7BuCYndDBvhoU+zY1aH9Fs3JVocBP7w+0SJ8LuOD5HyHy9PLDtxUtDKunrKfn
+t4EQ3Kj4fPBOkSZTKgPkPSWzJGX9/sDHdu41LRGx/c8SKv/bpHR8azkULTjqZU7d+0tZbiP/u06jAtqo5N+XQXb8ZBtHj9iZRI/GVYkXU5P7ni80DFbhM8rPnNlKSthNjHdFVUJHSLXb3ua6Gb14Ei9iRiI0csINf+K+duuHxIArqGvp+Y=
VMcEllOn6u0Cfor3Y/Wkw/SWzYeF8vsDHdu41LRGx/c8SKj/bpHR8azkULTjqZU7d+0tZbiP/u06jAtqo5N+XQXb8ZBtHj9iZRI/GVYkXU5P7ni80DFbhM8rPnNlKSthNjHdFVUJHSLXb3ua6Gb14Ei9iRiI0csINf+K+duuHxIArqGvp+Y=
cSq/v87Kp7jWmJHPKlbCROr3UKzBuOXljXOVj66A5lABy5ypyaN2O2jr1V0sdmSIK900XsKor08taxRCJPbTh5kxX9tpFxgxYhfiSl8Is51St80NVQLtgIO4nfQLGyZKEYSnGPwOsE8HvtctKlE1Z0fLvqc5xxVXYTjvSY9YWMh5auAJTeqo79dybbleG0sgs3hI+IW9p/g=
MjwZKfox2gfbqPH3o82ZsCddvfHYjR7lAyr3tbw/wZaY1vjQ/11weqjSRc2RbgxRfNuw0l6JxlEkYkRU85lk8iYdL/PVz2QO7CKzm4E1T7dB41hN2vNSxtecE8EKcx0hPTbtvPucbThDT8bWiQA39FR6cLM/2uchIkUVu5+P7gvRc5XrmZyfBUeMONRhbvBlZR7ok2+W3TXWj+t867yY1O2Jp8Q=
k0lNE5vKaNdjWxJCx3iNhxB7zVqrgwS20wMaYed5HlrKQeQd1LOXFnMg/3T0ivzAxKdhABEx4i8Tw7PUalOkuoWA0k8YF98V3Xye3KTW8wxO7JS0s0iX7M8nJJGZr5iZsk/CQm9wc3XCLy3FJTrtqNNgPXy742YiAZzHUAy2MOfX5vclGin1j9dTXm9J/xV/MeBPwT+gGKBpcoBBvVIoRwcqTbFuY4vII+CoMPWFp9A=
k0lNE5vKaNdjWxJCx3iNhxB7zVqrgwS20wMaYed5HlrKQeQd1LOXFnMg/3T0ivzAxKdhABEx4i8Tw7PUalOkuoWA0k8YF98V3Xye3KTW8wxO7JS0s0iX7M8nJJGZr5iZsk/CQm9wc3XCLy3FJTrtqNNgPXy742YiAZzHUAy2MOfX5vclGin1j9dTXm9J/xV/MeBPwT+gGKBpcoBBvVIoRwcqTbFuY4vII+CoMPWFp9A=
8I+JyIVbVaFAHb4xBBqAiyenu0Bop9al6+WNPIx0uNexfv3FzdznQVAXDfZtig1nXVL4mF8OFGHnDWmt3PhoqAN1LWcHcZW5eFPG8UrQM7ZDD8bBdYfJjG0CBz4VjoeFtvhlEj/yQGAQ7eMYv3eGr4U1E31GbWWJ1ZWlfqdzQ4YIuk28OCcxxEgN8xRFo7IlOzKnjnDymbOn+g==
Yaf31kq13uCoVxO3aLfBTT3aZQhjZXMVtzgFLkBZ25+mYSVJHgCqxy0py0ughWeKy4PsKg7HIJOGyOleXwtwL2QLaJvGSE4syi7xFVF7WpTyiU6Xw63P3XVhP1FSHp3HsdNLLv+AEGmDO/YAKB1Aoe7axBsmNXgfFfOitTFA/49/9H5/+7jQ2W9hQlQCQye1fUz7h7yn9w==
WmMINOtJhlO1noDb+hZ/2F9SeMo5/XvJ/fhQFJz1aTc10M4eXaEUGQcsOHShjnBOJX7o8y+2XdUWL+vcq9wY9C1ppyQ=
slVBMI2o1bXkQUbyfMkuC9ApLfPf8Nk7NSXrXwRqVSEQUOPE7CwPvGprYuC/x+9xGRDGPv0zeZpdrLTx3RNnX8r/OUEyz5+/lcU8SKxX8Ch4IMw25zm3SxzYJFHo+3UtebHTuekdFC5766fLTSLJ4CalRWOgrM6txi14QmJ3kPVOczPrtLk3cBmjKay3s03YZlXp+dT45PNh+auU3euKp8E=
rG4CC9KR+xf3x/2GB/AekPdE6EnXTtczpoJQN9sPkNe7LQHlDVueXajTS1yFWT8WGzMDghUKUvcQtaJz1MesnhrcyOT5sjWSYBH/jBMc6/BU8AOg/dwCpea5zezrmfNTj/pkJz+UETPp+X+jub+Y6VIfAvLP4POFov9t9QUq7dgzMP3MG3Pm0mFMh2AspjCXN7Y3lbq5dX+3gx5fae8VD9Gwj3GfMJhQCaLAep1CKDfneo0BzvMLOEMw6ADVlaeg
RClAqJ0KJ0pxmlu9aZtVCUVxiNgxYBbZFUH3u5ySlvhZfV2c46oBNOM0ugl3q6wjPDELUIXrTTzzi+EYiq0t6XCw+JMd8Q8k2TNmpy0=
/ySrPXR+PC0Annoovvp4h29b/HqGSQFca0LKLUWqCsecoh3WgZCPvFByFAQG1MbqtIbGBeeIWY8UZ+4/Zdj/wsSdaJ9Vbl27uDjulYHAL69vNOHfK7gAOf+hUrTSw9dVjYwLZ0ynBw==
osiiRM4ZOWOh/LYdugaKhCLGjyvn/g3BnugFgNq4alyOe2belMDQQGIdDl/ez+yxvGFy9Ve2uKahSQvV1bzwmOQheUv9dE6yhdUkxW+o2DiZmiDyrRqoHzeCrUm+68vQU4iICGVNpwg=
mNfj2rGjn4xQcS39QN/uRHoznR/LmZb67PzQdAox3puGk0wlNO3CEe/K+FKJJRvRzaCQTCxtCe8FyM4GbXl0gbd0+CyRlhCWleZoa59uPc0mdyuEG0R4LB1xpzw=
Nt5UZ0SCHuNuyVcvoxj8ewJvtvpKVKQi0ZCG9uT40EhyBS637reseWw5El2nDjguMdGrvWVEMNC0+ZljjUxOupXNBC1f0JjwScJAWl2iKJenGg0hDhMLmANQaCAVdacA
BgvpyBUYKm62I55Y5v6N3itcmd97ZoU45pCG9uT40EhyBS637reseWw5El2nDjguMdGrvWVEMNC0+ZljjUxOupXNBC1f0JjwScJAWl2iKJenGg0hDhMLmANQaCAVdacA
DRwXMJxL04iZfRJFQsdrsyp42NU0jFs4DnBgelD2jr9WARoF3NeAk3r7Q6xY8O2L82uxFmAeeLPRpUkODkSptzzba6KoHmWoaL15wAiJuwAVNxoBG5YPWmAmEXenPg==
BsCWusilTacqqpfj3rvZeBB7zVqrgwS20wMaYed5HlrKQeQd1LOXFnMg/3T0ivzAxKdhABEx4i8Tw7PUalOkuoWA0k8YF98V3Xye3KTW8wxO7JS0s0iX7M8nJJGZr5iZsk/CQm9wc3XCLy3FJTrtqNNgPXy742YiAZzHUAy2MOfX5vclGin1j9dTXm9J/xV/MeBPwT+gGKBpcoBLvVIoRwcqTbFuY4vII+CoMPWFp9A=
rPOK3oumoZOe6vjixVYwUUVxiNkxYBbZFUH3u5ySlvhZfV2c46oBNOM0ugl3q6wjPDELUIXrTTzyi+EYiq0t6XCw+JMd8Q8k2TNmpy0=
CFVxmQwbOsjf70se7nxlhMrmgzagdknn82RFyFPR0nlDamTtXZXa9vBV52+gnh42HrCi17cgG4PrfBxx42JJqH1T5SeqjiOESaq7UIWWloEpImLAWSLyUPFdsQOQtxOuug7u082RusPoDWaVPHhaf4gEOailVQRlf2W6d0i79FPCiMpk1l4dTXVbPmyemfIfB60LVclxU6k2PrmfXaNXZntAFKEfi9pYzH1kmUJKuBNitbwX6WMOjRWgm1dTROEw//JUEXORLowmY8PNkVxHD/insw==
OvKEAdR7bQo/G6zOxzWsSjK9RxRvrFaG7XR3n9Pu9lu9kKUG6whEXWDSJq2xqUKZ33lNWaL4Njo6D6kMzzvQlzKORz/DC8yWFehfmq1cs46QjS8iZMxfOsRc522nb6avdYKcbsj/q0mMrz49MFkKIJwzzsR/5GMNsqkp1Wwb/mOS/2TobMiwxqsh4+uo4CgBdJOBLY3ZT+nlJaCOL/PrOzHK3SCyDXlTbDQazTJV9BJ+XyR1+lsvOzhBQ5BNO2WchxzZknI9FYkY4DBT1cGnREED/qe1
UlqwoL1PH/kZPgfp24+hXWIaPKz68U6+s7uPQiaMhHKxbcWgqfs1rS1JPQjJ7GDzhekFBRC9kMvgRLkp/Uw72hHzz1K5XwKoftAiNNY4EhUDqKLlTty+Sdp45S71HSPgPAv+eW1Y/RFZkaXJ86HcOZ0pZN4GAKlfz5Y9BaElDychE1i9umMS1vcsk3EqY92x3UbtzBsMrShj/0ZmqRB3ZDSKcENfSqcxAvWVC7+fLpsxA5WbeQxfFWc8uGRBfrDyAu7iYw8GnSX2P2vMy6xYRA35p7Q=
gsY+f9Gr6kKCrJiBv6Y46GIaPKz68U6+s7uPQiaMhHKxbcWgqfs1qy1JPQjP7GDzhekFBRC9kMvgRLkp0Vs70w392FK5XwKoftAiNNY4EhUDqKLlTty+Sdp45S71HSPgPAv+eW1Y/RFZkaXJ86HcOZ0pZN4GAKlfz5Y9BaElDychE1i9umMS1vcsk3EqY92x3UbtzBsMrShj/0ZmqRB3ZDSKcENfSqcxAvWVC7+fLpsxA5WbeQxfFWc8uGRBfrDyAu7iYw8GnSX2P2vMy6xYRA35p7Q=
iVXqq7veIE4qR6n+mZ8avCQc5e7WOA7n1CvdZh96oTD1rV0HTEuyM4DXuP8Dy22p7BbOLNBukuCfW8hKf1a0twOq996tsJ1B6oJiJhImIjYK7w+uoudKIrZDJm713OEz2/oQ7d5biQbV+wWnVZvHb4QDUW8kHEK+YRVzQG23dUu3/U21uN8e/Xp8a1oj417tRctRwG1On3Iloh9p1hQ9vg/+mOzQ4TuUD1veQ+XZC9H2IX3FVdm9MhffW2poVhWQiKjuyIKBKxh1D+rJW94/okC+Af+ntg==
3wwF3yJq9vi4aVQHni52rWIaPKz68U6+s7uPQiaMhHKxbcWgqfs1qy1JPQjP7GDzhekFBRC9kMvgRLkp/Uw7xAzyxVK5XwKoftAiNNY4EhUDqKLlTty+Sdp45S71HSPgPAv+eW1Y/RFZkaXJ86HcOZ0pZN4GAKlfz5Y9BaElDychE1i9umMS1vcsk3EqY92x3UbtzBsMrShj/0ZmqRB3ZDSKcENfSqcxAvWVC7+fLpsxA5WbeQxfFWc8uGRBfrDyAu7iYw8GnSX2P2vMy6xYRA35p7Q=
1QEdhLCK4Vtn67DX9MfgpyQc5e7WOA7n1CvdZh96oTD1rV0HTEuyNYDXuP8Fy22p7BbOLNBukuCfW8hKblC2oge+996tsJ1B6oJiJhImIjYK7w+uoudKIrZDJm713OEz2/oQ7d5biQbV+wWnVZvHb4QDUW8kHEK+YRVzQG23dUu3/U21uN8e/Xp8a1oj417tRctRwG1On3Iloh9p1hQ9vg/+mOzQ4TuUD1veQ+XZC9H2IX3FVdm9MhffW2poVhWQiKjuyIKBKxh1D+rJW94/okC+Af+ntg==
Df3y8kcZDR+Llfzu79CXPsrmgzagdknn82RFyFPR0nlDamTtXZXa8OENv3+2lUppGbO3/vFDXMH8JAsx51BOvmhO5SeqjiOESaq7UIWWloEpImLAWSLyUPFdsQOQtxOuug7u082RusPoDWaVPHhaf4gEOailVQRlf2W6d0i79FPCiMpk1l4dTXVbPmyemfIfB60LVclxU6k2PrmfXaNXZntAFKEfi9pYzH1kmUJKuBNitbwX6WMOjRWgm1dTROEw//JUEXORLowmY8PNkVxHD/insw==
cjiWWjQzgkq8c8gVBbECrMrmgzagdknn82RFyFPR0nlDamTtXZXa8OENv3+2lUppGbO3/vFDXMH8JAsx7kNEo2hM5SeqjiOESaq7UIWWloEpImLAWSLyUPFdsQOQtxOuug7u082RusPoDWaVPHhaf4gEOailVQRlf2W6d0i79FPCiMpk1l4dTXVbPmyemfIfB60LVclxU6k2PrmfXaNXZntAFKEfi9pYzH1kmUJKuBNitbwX6WMOjRWgm1dTROEw//JUEXORLowmY8PNkVxHD/insw==
FNT6PnF610Q5N/ZGJLweodiGT7MnwVFqAcMi4usdWCeVkUtCgC2/GUWwRJ3C8/oHmV7R6n7Ih7ppOpaKrfpesJH8bsviOBX4D3MYRmHAg/qRtKe+ZJUjImjUqwrQtNsNe0fSf6H6UK6ER38ZOEdinczxntAoq0JE83zXfSYBVXWwc0qzxkeoqCAw5JZfCb8LlIg8MQCLjS2BwTvZ8U2cbnPbH2tlMpFgfrUtg9hcxm1O/WBiyseo9XbDm8us6b8wEdPRzFOklVK+RcFZbMjsM+kps3S1G/KnuQ==
BVjHPkjs+m5e1uRd8TZ5PDcfyq8TXjQvgJS/DPpExGG3Y1Xayd5IFEic3wFKmj8hV+R4vPEm0Ouy9mJ7vx79fUbnqxT79DjcPWGnLA==
xI8vVsRAhXsQtL5ttq2RAmD+JZ0N5vJU64MzMb+bvRBoAEbxmoOFA1cT4NoxT49MrZhWVX5dMZefvIvCaX+yjMMTJkXJgOdf11RESLMymKkXASoEGgOfBVVsIxd0pz8=
N8N3IOWZ4ETCbIHdULuSEvRJ3S56sghNeUJThXQDTzTelyvUoVl3dljbdIjmJ4FpLXzH9ouPmfbEvcislkR6DUJX62zpz3Vj57pvC1wdaScXXDOSAX9JU39prvURQN9P33ScuBuy8BnP4SIUYkNH9d3MW0dcpxc=
Fsqn/1pm7NzVG6JiQ+yHfMvXlHdXyfbnZA9T76+VaPp/SHfXBNC+i0khlYL5BigMeITfCnWGRflnvLjkQf6wcwJu4uMPhp2l9r9rTMssWMQNeac0
duyv9c5ucr9d95tJnFYLYTYfyq8TXjQvgJS/DPpExGG3Y1Xayd5IFEic3wFKmj8hV+R4vPEm0Oq09mJ7vx79fUbnqxT79DjcPWGnLA==
Fwx1e79Wsle/INmYEzenxsvXlHdXyfbnZA9T76+VaPp/SXfXBNC+i0khlYL5BigMeITfCnWGRflnvLjkQf6wcgRu4uMPhp2l9r9rTMssWMQNeac0
JdAEJHry1mc6ZYOqQcdG1TcFzK8PRjUvgJS/DPpExGG3Y1Xayd5IFEic3wFKmj8hV+R4vPEm0Omx9mt8vx79fUbnqxT79DjcPWGnLA==
04fTxDlw+oQeXGRD3at6vsvXlG1Ryer/ZQ9T76+VaPp/SG3RBMymikkhlYL5BigMeITfCnWGRflnvLjkQf6wcQFu6+QPhp2l9r9rTMssWMQNeac0
ui240yEk0ad0lFwrHSHUUTYFzK8PRjUvgJS/DPpExGG3Y1Xayd5IFEic3wFKmj8hV+R4vPEm0Oex9mt8vx79fUbnqxT79DjcPWGnLA==
hs5xZhaJHzeTJlNjrtgzPsvXlG1Ryer/ZQ9T76+VaPp/SW3RBMymikkhlYL5BigMeITfCnWGRflnvLjkQf6wfwFu6+QPhp2l9r9rTMssWMQNeac0
Q+VUFK6IJveWdtN0Nyubn2I2x1tY2P/IsriUtQ/Ptb4hQvig0BBfhcImr7WviNgYWfqgGOs6qzh3Yi0pfsvL8JPoCOglbaco
wz6un72EdDEph2HGxqE9T1MnhJgqCV1jioTwQeAR6lD5eVXayd5IFEic3xJFniUhV+R4vPEm0Oyz9mt8vx79fUbnqxT79DjcPWGnLA==
eGEWEsX1JBaI+liB/3ch5WM2x1tY2P/IsriUtQ/Ptb4hQvig0BBfhcImr7WviNgYWfqgEus6qzh3Yi0pfsvL8JPoCOglbaco
vHvZkOv0bX40/C+pqWW6eFMnhJgqCV1jioTwQeAQ6lD5eVXayd5IFEic3xJFniUhV+R4vPEm0Oaz9mt8vx79fUbnqxT79DjcPWGnLA==
JP0OFIS/ABEeWnNkxnkzbmA2x1tY2P/IsriUtQ/Ptb4hQvig0BBfhcImr7WviNgYWfqgG+o6qzh3Yi0pfsvL8JPoCOglbaco
7g/egE4rLxPI8wcoIpgYr1MnhJgqCV1jioTwQeAT6lD5eVXayd5IFEic3xJFniUhV+R4vPEm0O+y9mt8vx79fUbnqxT79DjcPWGnLA==
t9BuFlYUC3Dy1Ud9YA3v4WE2x1tY2P/IsriUtQ/Ptb4hQvig0BBfhcImr7WviNgYWfqgHuo6qzh3Yi0pfsvL8JPoCOglbaco
90/Yp+SclUB4Lv9vO21xjlMnhJgqCV1jioTwQeAS6lD5eVXayd5IFEic3xJFniUhV+R4vPEm0Oqy9mt8vx79fUbnqxT79DjcPWGnLA==
FHKcougF47ZTotyXmbaw0OLzo8be2KvXTirJhc3cz0Xz0hh8TCRIrYzL0FAXJRBcZ6fd3tS7gsdbhet/YccJ0VpzEGOErdmxTarZZg81vk4XBHjcMcZQTnTWa1x/vn2dhoer9LuUuHx9QacM
7y5pCOdm+Y9RJGTgdlZgBOLzo8be2KvXTyrJhc3cz0Xz0hh8TCRIrYzL0FAXJRBcZ6fd3tS7gsdbhet/YccJ0FpzEGOErdmxTarZZg81vk4XBHjcMcZQTXTWa1x/vn2dhoer9LuUuHx9QacM
EYPDjU4k8Tec+QBZT0LDTuZ9eH0/wgfGkISXmOBrAhDJ4ZDqOddChFgHz9HDczRRGYnXp/PrjY+8nQJOW+oa/N8CbhZFk3J7AE1oT/HnOfCZuPPnBihzrshSvUTYPuBsy6KjDCXbwk17Gpe20GpJW6cS
pU+KJfmM8h45MyyC4Mtxa7Tacwjs7XtA3R+bEenCPULxRRZFTMKC07g+CxlWU5Lu1g+2vZ9WRvJVl3pvIJmgi6GDkWQZLFuDVuy7euhGtUDI1cg4i/YL6LVfStnbzl9ygA5hT6cG
PTms/GjHd2xL186tsCa3f+Z9eH0/wgfGkoSXmOBrAhDJ4ZDqOddDhFgHz9HDczRRGYnXp/PrjY+8nQJOW+oa/N8DbhZFk3J7AE1oT/HnOfCZuPPnBihzrshSvUTYPuVsyqKjDCXbwk17Gpe20GpJW6cS
GLtX3malm2adKe5sIInqy+Lzo8be2KqMGzDejtfN4kXFxy09OEco5YDLmRZrNAtNKeXM086Mk9xOhr89aOJdiW5wEGOErdmxTarZZg81vk4XBHjcMcZQT3DWalx/vn2dhoer9LuUuHx9QacM
anjKLTre4p5P+TtU1SpQxuLzo8be2KqMGzDejtfN4kXFxy09OUco5YDLmRZrNwtNKeXM086Mk9xOhr89aOJdiW5wEGOErdmxTarZZg81vk4XBHjcMcZQSnDWalx/vn2dhoer9LuUuHx9QacM
rZkNl34qaWxK3jo6p2tySX2AsKSysZJ8NcTEPZ51T3CtRQMYKDae6eillU5oEBX/ErMMfXUR6N0FfBQIcn6uxbxzRTlPfX56i6FTEH3bVdw3/kmZ5R3lyWhAwNPFYXeEEWNOpwU=
Jw/A/HHDdUy6H/tjvlHN932AsKSysZJ8NcTEPZ51T3CtRQMYKDae6eillU5oEBX/ErMMfXUR6N0FfBQIcn6uxbh6Uj5PfX56i6FTEH3bVdw0/UmZ5R3lyWhAwNPFYXeEEWNOpwU=
Y9gv4lOYWiFy9w3YjrP+E5RQ2CsEzGoIv7ImFhXGponAVV0OIMC9n4ojlP3tgXB9bazcSDpORuXEQ705N02GWuORm9A1i718o2zRGX2NfSnAEAgTjRFfZCkTdqc9
OI1ajiPEl1eZpe7aO/Srn5RQ2CsEzGoIv7ImFhXGp4nAVV0OIMC9n4ojlP3tgXB9b6zcSDpORuXEQ705N02GWuORm9A1i718q2rRGX2NfSnAEAgTjRFfZCkTdqc9
+w22XAe4Idg0yY1dnGcEJxoSxIx7R/yucv87JDEoOo1KPSWv82w3qv3/JmR/Q8p93WDTBzvk3KAHeGuBC/EGXO6jC/35PN8/YKcr
s8/t3LEE+tmo750f1E21JR0SxIx7R/yvcv87JDEoOo1KPSWv82w3qv3/JmR/Q8p93WDTBzvk2KAHeGuBC/EGXO6jC/35PN8/YKcr
SLJ7gCAo8lB6o/vg5zZKzxwSxIx7R/yscv87JDEoOo1KPSWv82w3qv3/JmR/Q8p93WDTBzvk36cHeGuBC/EGXO6jC/35PN8/YKcr
aKMgW+Y5w3zktLqWcGoTMR8SxIx7R/ytcv87JDEoOo1KPSWv82w3qv3/JmR/Q8p93WDTBzvk2KcHeGuBC/EGXO6jC/35PN8/YKcr
GmGbH3kPCqXaQTFO2eRQiItWJaTkvbzZ5pmPiuHFimacvRG35MJOY2CqhB1Gk2N2rKTaEorHppAne5YEB/XcjuCpE6DYYgu08EiFhrqq0u3fx1EwJwRTO0wsZLJYQPq7N13o+7TdjrefufD2fX1rayTaJmV5ALc/pxTW6oM9b0mHwRokSoPvZUUsk7ekp+8=
Hxgl8Kp+oNQuQfmWEOxhP1MpE77IHn2JzJCG9UJIeir/F5fG5leX9SsIQzaPdIGS7fCY6j0NHWi2XRfmoQQGYIm2fKHj1mcp7EI3af4Vhhv4eqbhcUfh2dJxXV/nKcVR+DsWKSrow54D53a51V+ZpG0qV+a19jdt9tCVKl8qkAiQBbNAX0/2h0Vdo4XmNbWh1b11JgeL8+7Ikj2E2H9kLM1iI8wlm0INe9oX9tAqyZun0g==
mVq51FizGiGG/P8wB6rpDtBMKShvm2QX8ZQaI/CPuj2tAvYxElOd8aVz7T8NbW0iccmcq//euLVFTW2oz9l7Nuonl6HutLdlWiJsWCTYh7zaZTb37tp0X1zrIMteyNZ8Ag6JJbk7MgRq6QZn+633LT0Bp8E6XnX3yfODfmcAiDnL285wAN3oMXZ6jCveNQAv3VM6JZkA139HlLaqYz1PCSdBumRqg88l5awz94Snzw==
EkIgXRQZY0Mc4MJVEzA/d//fxHS+IgUe63kEerLXrqepdHKzSA9CrQWirsFak1WhXRPFDxVtdRJZqWT7Nx7wRR3txTg3WcOmgsfPESb0fzViAgSoPNifzDJFDiemGjzvhIvIW+ZIruyqrlFVcXt61BIJLlfjre8dFeHfEXIevYcRUyvuH4AwqSO7FsBIHaDhTlpkW8Y1GN+1cwJ1UUAfzx903jrbvbeZj+HilCJDB3UdzBvHnKfX
cbiVY6VGrHzpyBt8QKfOYOMQMGOPs+LYDuLsRfNpdKpm+4dMXG8m7yyxK5qA3bTjW71TK8sTG217DleRauc5bh5ZM9XrJFm5rXqs/+FNyISxaaw6SnRyGNEQfP3Ae2hq0rMqM2aHiKjAcAQW/8mfC/RInLGgy20tYYGbWVGN/G5TG7/rhXJxYF51jQO4nKZtbr2A4iqHiPVWA/tLzCmfMPGTMUzw5rVd2YWh2cyIzDMJaRP0FduSp9k=
7Qnh2FNAW9uGoierw0MtxgjvEi3kGCdnOSsv7MQfrm+kAbN66A0Mo4PNuwvzAxNtcx5vsYKX4S6miVs1c5TROSUKNF9JnbBE6VmEWrJkehjZAAQd6EuwKirjgpP+dwAoSMCcdheZJ8usuPSRmNtlLWmRo3k5faSu60tXix3C+eDWhRWjEMxeLbaNqAJSl4D1XhMDK+QZx/CJQ5nsaJY93VE1OTmkWHRz0Rn71C3LmqfR
2kSqe1MzHH3QpuIknDmxgRggGbmYCniS1YbVslhTbT//F5fG5leX9SsIQzaPdIGS7fCY6j0NHWi2XRfmoQQGYIm2fKHj1mcp7EI3af4Vhhv4eqbhcUfh2dJxXV/nKcVR+DsWKSrow54D53a51V+ZpG0qV+a19jdt9tCVKl8qkAiQBbNAX0/2h0Vdo4XmNbWh1b11JgeL8+7Ikj2E2H9kLM1iI8wlm0INe9oX9tAqyZun0g==
FbD10XBWC5H9imszOZe5jwjvDyHiCjxuCSsv7MQfrm+kAbN66A0Mo4PNuwvzAxNtcx5vsYKX4S6miVs1c5TROSUKNF9JnbBE6VmEWrJkehjZAAQd6EuwKirjgpP+dwAoSMCcdheZJ8usuPSRmNtlLWmRo3k5faSu60tXix3C+eDWhRWjEMxeLbaNqAJSl4D1XhMDK+QZx/CJQ5nsaJY93VE1OTmkWHRz0Rn71C3LmqfR
pR6cpu7jRGuj8e2VzgK44MaI/K6IN0nxKqHMpD4P7Q46ejAP/aQGSwTPDpUx8nqppvNJiWkj0RcZbXkKTZlQ0yt+DC3JvfEAe5mPXvYXm7maVONdlnKQMLBYE1SmtXrPOrqAR1DbPCMqCGLUnn4FvQ2bZvwmOTpP763jBQHR6zlu/sFvRYMf1tPA/NHX68Jo9L08CTqq8MNKtZRHIQP2Hc3go2dLpKrCl337obuxNvzeIxtdKfwP35Cn2w==
VqUSQNMK9Ac4rdPHptK5QmkzfnLNedGgWojfAb2TcxyI12ovYEl/SrT1aIOn1Ucb/wsXbXcWY6F+j8UOwnEHBb/cFXnhwnivFSUUJA3BOMo+7P6YXYiIjVTT1MqOW17jMj9E6AwI0EbL4cPriKCIgZTTYS1tma9pRWWAjg8zi7tRCr0gks3Z08x0+s3SFRSS3h8Eddqbj7tYgSOQLfvFHCRe+Z2VffUJ+KAQU/UBB8Qhw56n1Q==
Pcw2KoTvQxe/RQPBQj0ATmg6Y2XLepiyCobDC7jSR1KEzWI6YEl/SrT1aIOn1Ucb/wsXbXcWY6F+j8UOwnEHBb/cFXnhwnivFSUUJA3BOMo+7P6YXYiIjVTT1MqOW17jMj9E6AwI0EbL4cPriKCIgZTTYS1tma9pRWWAjg8zi7tRCr0gks3Z08x0+s3SFRSS3h8Eddqbj7tYgSOQLfvFHCRe+Z2VffUJ+KAQU/UBB8Qhw56n1Q==
jPf54nk9WfTGoBS2WZNyY1ERc8gl73rb7OgTBIOgaT0OkclOUb8eDAcsOHShjnBBIH7t9C+2XdUWL+vcq9wY9C1ppyQ=
5hRxQGPYuPVkUBrz0idqbNOBghsOheplNQnPPVmP/tJc0XvQFUsd/Myu8R2dzd2poNBoE61Rv+SJ0xanXQ==
WVkygMJu40ZCq3c8XbKQNs6bGUTEjew5lD9hhT8zAyYIWo3cuAf0JE1qszTFQ/JFO5JnrvCS2ROnWg==
U/8FwNwkSMiCzC0DGmvfIDJh15UicBDODkS4nd2Il/BMYRyN8+MFNPFmuz9gqLkbPDELUIXrTTzyi+Edja0t6XCw+JMd8Q8k2TNmpy0=
JrbrLAjqFAR18fDYCAFxCxMytxRDjJjIsriUtQ/Ptb4hQvig0BBfhcImr7WviNgYWfqgGuw6rTh3Yi0pfsvL8JPoCOglbaco
gcmeOMO/NBGtoYH8MjV65l0soeNg5WsDOGoWHnzP45EFDHWUgGqM3p/HBmBn72O2iMotDPgw0BRNWpMEBRNS1bsCh/4w4jljpyo=
3M/qYczWR6bMlqVtzoorDQ0ZNZoQXZKAOzz7V0JI1ZgGuoKFqYDHHzfU6I7TPb/p94GKxHoDv0W17IPXFKdf
iKU2RhnubDiRNui1HG1JhEIw+sV5QbnpEcppazMsPY0FO2bl92wn//bIYTBaas593WDTBzvk1KYHfWuBC/EGXO6jC/35PN8/YKcr
rEwMPWXf01Fnoe9SMu2OlEs0JipVZXloUeXtu1QXFbX8vudVPaTfPBZ6b4K2twtvj/yUIEAq+cWokHIVjlvDRgh6zXw46bAETUpzVEXjMmU7cidOcDIZc6c6
KdsGn5k7okVornotLX3acmaG33mUvFmaxatC0LzqOhfTNnCHxp2LGn1ZHE/aye278zVn8lev9q6hEB7dx6G/nqAmeFDFO2ji1uMG0W+o2DiZmiDyqBqsGDeCrUm+68vQU4iICGVNpwg=
eT9ARZ3n435a17wMDjS1+maG33mUvFmaxatC0LzqOhfTNnCHxp2LGn1ZHE/aye278zVn8lev9q6hEB7dx6G/nqAmeFDFO2ji1uMG0W+o2DiZmiD6qxqsGDeCrUm+68vQU4iICGVNpwg=
JoVbLR0bnH9Dao3APswoZALEkLF+BBin6Gz+dVZGOT+1Uu49oNdBdkv8q3dySOW41vpy5TkAd79nFJFpwzyvycfBWqSKgy/lBSzTN2SnLw==
pHgcso/jBe1xvaiR/dndOCYc7x4Xj/aO4fCevQeBv75gRviwhRtowpYDhrGviNgYWfqgGew6ojh3Yi0pfsvL8JPoCOglbaco
umCQndzgzzwOPLMtkbvA9Es0JipVZXloUeXtu1QXFbX8vudVPaTfPBZ6b4K2twtvj/yUIEAq+cWokHIVjlvDRgh6zXw447AEQkpzVEXjMmU7cidOcDIZc6c6
OKGuc+NR7OVtBtB+AA3RZyYc7x4Xj/aO4fCevQeBv75gRviwhRtowpYDhrGviNgYWfqgHuw6ojh3Yi0pfsvL8JPoCOglbaco
J90BRwInvlP/jmLTBefB90s0JypVZXloUeXtu1QXFbX8vudVPaTfPBZ6b4K2twtvj/yUIEAq+cWokHIVjlvDRgh6zXw45LAEQkpzVEXjMmU7cidOcDIZc6c6
L8KqVrZkorsq8pwW3I4wliYc7x4Xj/aO4fCevQeBv75gRviwhRtowpYDhrGviNgYWfqgHOw6ojh3Yi0pfsvL8JPoCOglbaco
FU3bihlZV0NOWl+X5qCN50s0JipVZXloUeXtu1QXFbX8vudVPaTfPBZ6b4K2twtvj/yUIEAq+cWokHIVjlvDRgh6zXw45rAEQkpzVEXjMmU7cidOcDIZc6c6
a6PM5RZiJ1Mo1va5sd5v+yYc7x4Xj/aO4fCevQeBv75gRviwhRtowpYDhrGviNgYWfqgHew6ojh3Yi0pfsvL8JPoCOglbaco
NPY09+DrgtEBunDVb8USza+oi3NV1O31ZA8M4KuXdfIrFnaUU5CusQ91n4K4AigcLY/oXi6ndv1nvLjkQf6wcQRu4uQPhp2l9r9rTMssWMQNeac0
Azt5I00MLk9RgvVTEg16BCmNl7kFDfWhngF2FGDJyKZng2sqMIH+Jx/KlYR1yyyIu4QIgqzZZ/Apg7lsR1ed27D12blEmJRzMdkbVM0Leqcx
bQ9YJQBF0wwJc9BCmIeT52aG33mUvFmaxatC0LzqOhfQNnCHxp2LGn1ZHE/aye278zVn8lev9q6hEB7dx6G/nqAmeFDFO2ji1uMG0W+o2DiZmiD8qBqrGTeCrUm+68vQU4iICGVNpwg=
JR0y9FVFzFzfLskQ5s7Tr2aG33mUvFmaxatC0LzqOhfQNnCHxp2LGn1ZHE/aye278zVn8lev9q6hEB7dx6G/nqAmeFDFO2ji1uMG0W+o2DiZmiDyqBqrGTeCrUm+68vQU4iICGVNpwg=
AcWyw1lk1gdrlksmknHxrALEkLF+BBin6Gz+dVZGOT+1Uu49oNdBdkv8q3dySOW41vpy5TkAd79nFJlqwzuuycfBWqSKgy/lBSzTN2SnLw==
J+5xSw9xcbAasAYtP/qctyYc7x4Xj/aO4fCevQeBv75gRviwhRtowpYDhrGviNgYWfqgGuk6qjl3Yi0pfsvL8JPoCOglbaco
gUbpUiUw3zX+51jeFKKzNl445oxmVqjoXt07PX0iMoUENyXu92wn//bIYTBaas593WDTBzvk3aMHemqBC/EGXO6jC/35PN8/YKcr
4jDlTzmWWTGF4pBLn1zSc6+N4UKhymdj/MDhSnsRXNqqtGpsZ1p+mHXaBEypYuIllLeVTgcsFx/myHFQaqq+3W3gQ6drJIWD93laYVsx1jx+I3sdSXwvH3CnOw==
OsBsBa8R+3jhJK0s2w5/rEo/8Yw3Gq74Rdp0bHkiMoUENyXu92wn//bIYTBaas593WDTBzvk1KEHeWqBC/EGXO6jC/35PN8/YKcr
Ge5pqDYr+fENyRFOoTLB3EIw+sV5QbnpEcppazMsPY0FO2bl92wn//bIYTBaas593WDTBzvk1KEHeWqBC/EGXO6jC/35PN8/YKcr
LmFqkxOyeYZ+MbH0IkRxGq+oi3NV1O31ZA8M4KuXdfIrFnaUU5CusQ91n4K4AigcLY/oXi6ndv1nvLjkQf6wfwNu6eUPhp2l9r9rTMssWMQNeac0
p9rYA9weGeT5RBePHXArgyYc7x4Xj/aO4fCevQeBv75gRviwhRtowpYDhrGviNgYWfqgGuo6qTl3Yi0pfsvL8JPoCOglbaco
stBMBcMgCOauinXUpK7rDK+oi3NV1O31ZA8M4KuXdfIrFnaUU5CusQ91n4K4AigcLY/oXi6ndv1nvLjkQf6wdgJu6eUPhp2l9r9rTMssWMQNeac0
lVq9F6u3PlUN43blVmIEmTdh15UicRDODkS4nd2Il/BMYRyN8+MFNPFmuz9gqLkbPDELUIXrTTz/i+EZjK0t6XCw+JMd8Q8k2TNmpy0=
5KKNbMb2OuF7yIDMZlJ5aRo3txRDjJ3IsriUtQ/Ptb4hQvig0BBfhcImr7WviNgYWfqgH+06qTl3Yi0pfsvL8JPoCOglbaco
VvK9/T3kBWXzRgtj5T3lb1QlpONg5WsKPWoWHnzP45EFDHWUgGqM3p/HBmBn72O2iMotDPg20RRJW5MEBRNS1bsCh/4w4jljpyo=
pgFMKl6bjEP0TruYA//x3g0ZNZoQXZKAOzz7V0JI1ZgPs4eFqYDHHzfU5o7TOb7p94GKxHoDv0W17IPXFKdf
RkQD3dyp+isQFfAIJ17cXkIw+sV5QbnpEcppazMsPY0FO2bl92wn//bIYTBTY8t93WDTBzvk2qYHeWqBC/EGXO6jC/35PN8/YKcr
DRF0wMD1RoL/k5ddrO7hQks0JipVZXloUeXtu1QXFbX8vudVPaTfPBZ6b4K2twtvj/yUIEAq+cWokHIch17DRgh6zXw457AESUtzVEXjMmU7cidOcDIZc6c6
0WbMsF2VWmNyOS51Aj2jzCYc7x4Xj/aO4fCevQeBv75gRviwhRtowpYKj7SviNgYWfqgGOk6qDl3Yi0pfsvL8JPoCOglbaco
Iy7SSgQT6Vvnca61bRT9AUs0JipVZXloUeXtu1QXFbX8vudVPaTfPBZ6b4K2twtvj/yUIEAq+cWokHIch17DRgh6zXw44rUESEtzVEXjMmU7cidOcDIZc6c6
KqwVHIOGz+VIwwz/MmGzJ2aG33mUvFmaxatC0LzqOhfRNnCHxp2LGn1ZHE/aye278zVn8lev9q6hEB7dx6G/nqAmeFDFO2ji1uoP1G+o2DiZmiD6qBqoGTeCrUm+68vQU4iICGVNpwg=
J+4n7AgQvgGHLbPntfNyY2aG33mUvFmaxatC0LzqOhfRNnCHxp2LGn1ZHE/aye278zVn8lev9q6hEB7dx6G/nqAmeFDFO2ji1uoP1G+o2DiZmiD7qBqoGTeCrUm+68vQU4iICGVNpwg=
PH2EvA+ubLQQtBA1AzaHOgLEkLF+BBin6Gz+dVZGOT+1Uu49oNdBdkv8q3dySOW43/N35TkAd79nFJBqwziuycfBWqSKgy/lBSzTN2SnLw==
SvA2ACAbV+azISjcfG+2FSYc7x4Xj/aO4fCevQeBv75gRviwhRtowpYKj7SviNgYWfqgH+g6qDl3Yi0pfsvL8JPoCOglbaco
SmTGA8/jDq6cw3NyV7/63q+oi3NV1O31ZA8M4KuXdfIrFnaUU5CusQ91n4K4AigcLY/oXi6uf/hnvLjkQf6wcwBu6OUPhp2l9r9rTMssWMQNeac0
SiDUX0u7YX7ed/qZB5Fra2aG33mUvFmaxatC0LzqORfQNnCHxp2LGn1ZHE/aye278zVn8lev9q6hEB7dx6G/nqAmeFDFO2ji1uoP1G+o2DiZmiD9qxqoGTeCrUm+68vQU4iICGVNpwg=
kWoRA2gTLGpJHEuZTsW5WmaG33mUvFmaxatC0LzqORfQNnCHxp2LGn1ZHE/aye278zVn8lev9q6hEB7dx6G/nqAmeFDFO2ji1uoP1G+o2DiZmiDzqxqoGTeCrUm+68vQU4iICGVNpwg=
nsBB8fyz6hJwn4MBIR468QLEkLF+BBin6Gz+dVZGOT+1Uu49oNdBdkv8q3dySOW43/N35TkAd79nFJhpwziuycfBWqSKgy/lBSzTN2SnLw==
wQoHp463AbBq94eGxvR1syYc7x4Xj/aO4fCevQeBv75gRviwhRtowpYKj7SviNgYWfqgHuo6qDl3Yi0pfsvL8JPoCOglbaco
2KrFPuKpeJREx6onSJSKyl445oxmVqjoXt07PX0iMoUENyXu92wn//bIYTBTY8t93WDTBzvk2aAHeGqBC/EGXO6jC/35PN8/YKcr
cYN/YrMNw10j1z+c/9Ae2a+N40Khymdj/MDhSnsRXNqqtGpsZ1p+mHXaBEypYuIllLeVTgcsFx/myHFQY6O73W3gQ6drJImH93haYVsx1jx+I3sdSXwvH3CnOw==
7fm6qNL/Ap9opR2Ixhog5Uo/8Yw3Gq74Rdp0bHkiMoUENyXu92wn//bIYTBTY8t93WDTBzvk2aYHfWqBC/EGXO6jC/35PN8/YKcr
0auS72aVsyhqwHZ97TNpeEIw+sV5QbnpEcppazMsPY0FO2bl92wn//bIYTBTY8t93WDTBzvk2aYHfWqBC/EGXO6jC/35PN8/YKcr
1l5em7Kl27iozx3sMDl940s0JypVZXloUeXtu1QXFbX8vudVPaTfPBZ6b4K2twtvj/yUIEAq+cWokHIch17DRgh6zXw45LAETUtzVEXjMmU7cidOcDIZc6c6
fAMgj5yLbJNx0mUdIvFXriYc7x4Xj/aO4fCevQeBv75gRviwhRtowpYKj7SviNgYWfqgH+w6rTl3Yi0pfsvL8JPoCOglbaco
JqthtYNUi21OdmSwSKeLQEs0JypVZXloUeXtu1QXFbX8vudVPaTfPBZ6b4K2twtvj/yUIEAq+cWokHIch17DRgh6zXw45bAETUtzVEXjMmU7cidOcDIZc6c6
3bHn0p8sWhPqTne3iBEq4CYc7x4Xj/aO4fCevQeBv75gRviwhRtowpYKj7SviNgYWfqgHOw6rTl3Yi0pfsvL8JPoCOglbaco
nmEzOxfjbZfGBZHDjFEIHEs0JipVZXloUeXtu1QXFbX8vudVPaTfPBZ6b4K2twtvj/yUIEAq+cWokHIch17DRgh6zXw45rAETUtzVEXjMmU7cidOcDIZc6c6
WpukQ76UCzd1Lj3NuedE7CYc7x4Xj/aO4fCevQeBv75gRviwhRtowpYKj7SviNgYWfqgE+w6rTl3Yi0pfsvL8JPoCOglbaco
o6KSUmcF83qRtH4OkOzY9q+oi3NV1O31ZA8M4KuXdfIrFnaUU5CusQ91n4K4AigcLY/oXi6uf/hnvLjkQf6wfwRu7eUPhp2l9r9rTMssWMQNeac0
J5g5PhOQmFWG3dCeDxAJWDggNR6wOXW1ux4Y2HVjaMqGG6aZn7CY0AkiwPOcwiyx5/qNgc5zC7hDsOiA1RWnIA==
NXJ3o/wY+elIWXRApcce6icbyLUTRBVqm8D6XrVGwGa3LFOZg9pIBB2X6EYevxYlV+R4vPEm0O609mN9vx79fUbnqxT79DjcPWGnLA==
GZ5J8+SsBsbVpbnxwBITz6/s2n5WzfD/Ww8M4KuXdfIrFnaUU5CusQ91n4K4AigcLY/oXi6ndv1nvLjkQf6wcQFu4uUPhp2l9r9rTMssWMQNeac0
ltsBDnmIlx7MAjSUc9Smhd74GVYd/zLsVMAeYOjMaYPOmY8eel9o8besmpYYRSOmn2s24vnE7mGvBR9yGFLozE2/6G5Od7atx0w4lOEu8CDgXuvQ79fddVbP67xrfJgUbUmnBA==
e4b3oTTvfCLdT/+PNck0S0QNbcXexrHPLfJGbViXmUZjHNNnekjtqC6aWtVhwA9vz7QBGEu7I3leITJ0MsP3le0M6ydspyc=
EzJZRvm5q0c5HLUSrH8bWkIw+sV5QbnpEcppazMsPY0FO2bl92wn//bIYTBaas593WDTBzvk1aAHe2+BCvEGXO6jC/35PN8/YKcr
XIzkg5Y+dX0UJxyyoIfU2DEA/8FnLQPFDkK4p92R2/pEaVKH86IBNOEzsAgn/JwyODELUIXrTTzzjOEbia0s6XCw+JMd8Q8k2TNmpy0=
wnHHqw4ls88QdbpgGDFF22qVkaoDGfvugkgzGG+Pmep1hC9tes73IRqMiIIp+gKdu4QIgqzZZ/Apg7lsTFed2rX12LlEmJRzMdkbVM0Leqcx
A3/xvtqmAYBwpPl16w0xAGb721bKpvBGOiYOIdYZRVdbMJS6v/szMH579d4MrZ/uMSlfa+Bqh6GK7DhCedryncuk2MIcOfdw2SPprHY1jdql1Sj5FHgk86F5a5Qda0qnAQ==
jfL3UBnh7k7mB7qEKCn0q+YoJypVIXMbPNIDQc60xFJVEpYdL+z00mDhMxBdm7VcWj9pmAFdREnIACDT5aHXBPEjbqcl
uTT2x+W+ZHwIUXd/zjlbyiIc5VtFyaud56/Z90iIubsmW/7stDV9wpYDhrGviNgYWfqgGug6qDx3Yy0pfsvL8JPoCOglbaco
QONuXbe3p0QSiVXZYDRxYjYb8lsUha2N/KiWpkyIubsmW/7stDV9wpYDhrGviNgYWfqgHug6qDx3Yy0pfsvL8JPoCOglbaco
HGBxU+0JwxzbNNP9lN/oOz4U+RJa3rqcqLiLoQaGtrMnV73ntDV9wpYDhrGviNgYWfqgHug6qDx3Yy0pfsvL8JPoCOglbaco
iQCa0yTsm8flcLMvtPcg6F3jciGnl64XbCeC8bFQfgT1wBmjv4pTqFl1fMLhEQxgrtrftkRd/cj+2go18UC/Dz/0Pfo7uBNZrmGC1EJDZzU9TDsHfKc3
Q4uk38QbRLaYVGSEVLpk1eYoJypVIXMbPNIDQc60xFJVEpYdL+z00mDhMxBdm7VcVj5pmAFdREnIACDT5aHXBPEjbqcl
TiFUlix4Un/GMb0+O60tcV3jcyGnl64XbCeC8bFQfgT1wBmjv4pTqFl1fMLhEQxgrtrftkRd/cj+2go18UC/Dz/0PPo7uBNZrmGC1EJDZzU9TDsHfKc3
BA/oyifE60nmBAhL849lduYoJypVIXMbPNIDQc60xFJVEpYdL+z00mDhMxBdm7VcWz5pmAFdREnIACDT5aHXBPEjbqcl
1uEP21orX92dBH1X9lXw6V3jciGnl64XbCeC8bFQfgT1wBmjv4pTqFl1fMLhEQxgrtrftkRd/cj+2go18UC/Dz/0Mfo7uBNZrmGC1EJDZzU9TDsHfKc3
dMT8Z4DTl0IVDmV27Ysyb+YoJypVIXMbPNIDQc60xFJVEpYdL+z00mDhMxBdm7VcUj1pmAFdREnIACDT5aHXBPEjbqcl
9K4+ln7q3kYVihltUon5YmrRwKcAAObkvUgzGG+Pmep1hC9tes73IRqMiIIp+gKdu4QIgqzZZ/Apg7lsTlWd2LX12LlEmJRzMdkbVM0Leqcx
coL3naUyJBN5qu1FVWc5LwZ077XPFOFqzVrLX/Qwse5aXbzhyooanaN0YKKUia+w4TPhjC/DJVhNZXAZHGjcs/mJ4zTlO2KnKQ==
skLa+/d/KcsIati7z6K9M3qVkaoDGfvugkgzGG+Pmep1hC9tes73IRqMiIIp+gKdu4QIgqzZZ/Apg7lsSVed37X12LlEmJRzMdkbVM0Leqcx
Ax9ap670so1r1luRhKnIBQa501RmTNOytnkWDswYXaiaprJ6kSX0LkkxouVmDtjjvZhiba6Ds47IMn2kWFwkjM/G4+2lu4KtezrXFlDKCXunMg==
ZliUeAkN82/P2ifnjdQFAgm501RmTNOytnkWDswYXaiaprJ6kSX0LkkxouVmDtjjvZhiba6Ds47IMn2kWF4mjM/G4+2lu4KtezrXFlDKCXunMg==
NCHDgXsAJQ5YTmTzNdVlnGb721bKpvBGOiYOIdYZRVdbMJS6v/szMH579d4MrZ/uMSlfa+Bqh6GK7DhCedryncuk2MIcOfdw2SPprHcyjd+l1Sj5FHgk86F5a5Qda0qnAQ==
grfq2LTg9c5Th6A9F4OfoCcHwKlaWwJ7mo/tDOMIz2n0JFnfzsdOWCy5/UYevxYlV+R4vPEm0O6y9m54vx/9fUbnqxT79DjcPWGnLA==
m36uJluEhJn9No/WG2JSmV3icnv0yPJAM2Ln7rBeT1D1zVjm5J1CskU6LcbhEQxgrtrftkRd/cj+2go18UC/Dz/0P/87vhNZrmGC1EJDZzU9TDsHfKc3
gypq9NR1SOYTXUowdAur8tozfZdURX2ydnNGwU/4WGi5imBvDEquTJcT7Vmeu0uAc5jImMUdp1g=
f3X5IyGlXrjWXOsNC2DT4z4U+RJa3rqcqLiLoQaGtrMnV73ntDV9wpYDhrGviNgYWfqgE+g6rTx3Yy0pfsvL8JPoCOglbaco
xA4suUD0lm6RZVEdsVgbpCIc5VtFyaud56/Z90iIubsmW/7stDV9wpYDhrGviNgYWfqgE+g6rTx3Yy0pfsvL8JPoCOglbaco
7gAu2knglPU+jhUGjcMaZCYc7x4Xj/aO4fCevQeBv75gRviwhRtowpYKj7SviNgYWfqgE+o6rTx3Yy0pfsvL8JPoCOglbaco
S1PnhhiMYwRAdhMqA4+QyEs0JipVZXloUeXtu1QXFbX8vudVPaTfPBZ6b4K2twtvj/yUIEAq+cWokHIch17DRgh6zXw46bYETU5zVUXjMmU7cidOcDIZc6c6
KHuHPN6LVNVyUM3TO1cypjYb8lsUha2N/KiWpkyIubsmW/7stDV9wpYDhrGviNgYWfqgGuk6rDx3Yy0pfsvL8JPoCOglbaco
1qtoxBJL5FGP2cfTjxmrrj4U+RJa3rqcqLiLoQaGtrMnV73ntDV9wpYDhrGviNgYWfqgGuk6rDx3Yy0pfsvL8JPoCOglbaco
ZLdamcjr8k80/jnnx49N6CIc5VtFyaud56/Z90iIubsmW/7stDV9wpYDhrGviNgYWfqgGuk6rDx3Yy0pfsvL8JPoCOglbaco
WiHJzRveJ4KH19CfBs+FsjYb8lsUha2N/KiWpkyIubsmW/7stDV9wpYDhrGviNgYWfqgGeo6rDx3Yy0pfsvL8JPoCOglbaco
7BFEpIaRH48jxMWtHtq65T4U+RJa3rqcqLiLoQaGtrMnV73ntDV9wpYDhrGviNgYWfqgGeo6rDx3Yy0pfsvL8JPoCOglbaco
YWW2KWR4yH2AEBLyH3ogXCIc5VtFyaud56/Z90iIubsmW/7stDV9wpYDhrGviNgYWfqgGOw6rDx3Yy0pfsvL8JPoCOglbaco
XQ3SfASIYjt88ZHJEf2v2DYb8lsUha2N/KiWpkyIubsmW/7stDV9wpYDhrGviNgYWfqgGOw6rDx3Yy0pfsvL8JPoCOglbaco
lnPtRklv+WWLue9T+/k3rj4U+RJa3rqcqLiLoQaGtrMnV73ntDV9wpYDhrGviNgYWfqgGOw6rDx3Yy0pfsvL8JPoCOglbaco
mqGyV5I71O8F91GhsYN9GeDtoNDGwqvWTGedy4+XkgSEiF4oOCpN8N2fiQl3K0cedrmbgovpgttar+0scOgJwzBEWT+Op874bJn9Zl4flkUXBHjcMcZQRnDWY1h/v32dhoer9LuUuHx9QacM
9OmD4jBB+LtD7s/kFK1beCYc7x4Xj/aO4fCevQeBv75gRviwhRtowpYKj7SviNgYWfqgGeo6ozx3Yy0pfsvL8JPoCOglbaco
2Qts7JcPrPE9yE+guYShsU8lLQ7mnMTex6c2RFuSzbySdSOh+S0T4ceMuovL19y0/R1tLBtRNWAd7EK1JQaftdHSDv3A16G2K3xLtxJIBfi/c5elWQCX/weUdC6jM4uJZkH65KqDD6WlrHN3RKcP
b3ewu+YGRbGqPFHEhOIDLHeesrKqq5N9NomQc5hjSGzIEQkXC3KOqq2lk0hWHQn4V+JcLnVhk5pcWSpHKzK51KljWAhPLF1bhaFTEH3bVdw3+0mY4B3kyWhAwNPFYXeEEWNOpwU=
rLtnHReeXbbZrNDKdAxLr1tieD8Qf2JgS/TY7xZWJ+bwsatAPKTIMR56b4K2twtvj/yUIEAq+cWokHIch17DRgh6zXw46LUET09zVUXjMmU7cidOcDIZc6c6
xKdtQBTnyyr3Bw4844YsAl9Cv01iAHuF0ia31j4ss6NK3zlRnU+v0oM7Ck5qha//16L00U1MICU6rTcjS53FaWH37bfg0dDTgX+Iex4kS3t2tMsyKI4FGKhgXrAPe5tRVYf6kZsGr6qgdnFHpw4=
M9aPEJPXZG9y1JGwsGZuAxmpLCenkag3cCCm4+JUW0X20R2xo4YH5RkyNo3oFwkms9yDh2pI/cj30w818UC/Dz/0Mf87vxJZrmGC1EJDZzU9TDsHfKc3
9qshtFs6iJ1ptSobhHkWdgyev8VJcyzEw3tFptNKNlAbXH7F18n/ZhCu2IiVE2japiLvTP9AGECpkgCqfLIvpcfLzVGug4so4wAo0DVlpzA=
tzMPkFwigAY8ZtY3zsik1uzBqLC388x8Xi6C/6xuagyThafCN5/2nsEg3m2nET8uwJa4YKULaNK22s9kDxhYiPkq4MrMKq0tV7Nt+d5bS2AzOEg4BX2nOA==
8YWqQEVmBunIuNPk5J3IRgZs56PDWbAm3xODSugxtudXGq2knbs0iKN0aauRia+w4TPhjCPCJV1MZXAZHGjcs/mJ4zTlO2KnKQ==
vGRAjgoHT9LQ+B0JXzlyg4tWJaTkvbzZ5pmPiuHFimacvRG35MJOY2CqhB1Gk2N2rKTaEorHppAne5YEB/XcjuCpE6DYYgu08EiFhrqq0u3fx1EwJwRTO0wsZLJYQPq7N13o+7TdjrefufD2fX1rayTaJmV5ALc/pxTW6IM8akmGwRokSoPvZUUsk7ekp+8=
7In1UqyYXc0Agzs00y0CYFMpE77IHn2JzJCG9UJIeir/F5fG5leX9SsIQzaPdIGS7fCY6j0NHWi2XRfmoQQGYIm2fKHj1mcp7EI3af4Vhhv4eqbhcUfh2dJxXV/nKcVR+DsWKSrow54D53a51V+ZpG0qV+a19jdt9tCVKl8qkAiQBbNAX0/2h0Vdo4XmNbWh1b11JgeL8+7Ikj2E2H9mLMxnI80lm0INe9oX9tAqyZun0g==
zIl5Fl5wTENZxC/okjbhLNBMKShvm2QX8ZQaI/CPuj2tAvYxElOd8aVz7T8NbW0iccmcq//euLVFTW2oz9l7Nuonl6HutLdlWiJsWCTYh7zaZTb37tp0X1zrIMteyNZ8Ag6JJbk7MgRq6QZn+633LT0Bp8E6XnX3yfODfmcAiDnL285wAN3oMXZ6jCveNQAv3VM6JZkA139HlLaoYzxKCSZBumRqg88l5awz94Snzw==
G5aIFBIZ4uShpWUUBRqRVf/fxHS+IgUe63kEerLXrqepdHKzSA9CrQWirsFak1WhXRPFDxVtdRJZqWT7Nx7wRR3txTg3WcOmgsfPESb0fzViAgSoPNifzDJFDiemGjzvhIvIW+ZIruyqrlFVcXt61BIJLlfjre8dFeHfEXIevYcRUyvuH4AwqSO7FsBIHaDhTlpkW8Y1GN+1cwJ1UUAfzx903jjbvLKZjuHilCJDB3UdzBvHnKfX
A0tdCDusEO1+h/e1dPp9q+MQMGOPs+LYDuLsRfNpdKpm+4dMXG8m7yyxK5qA3bTjW71TK8sTG217DleRauc5bh5ZM9XrJFm5rXqs/+FNyISxaaw6SnRyGNEQfP3Ae2hq0rMqM2aHiKjAcAQW/8mfC/RInLGgy20tYYGbWVGN/G5TG7/rhXJxYF51jQO4nKZtbr2A4iqHiPVWA/tLzCmfMPGTMUzw5LVc3IWg2cyIzDMJaRP0FduSp9k=
7qVdjPOKmPQXIMZORz2OrQjvEi3kGCdnOSsv7MQfrm+kAbN66A0Mo4PNuwvzAxNtcx5vsYKX4S6miVs1c5TROSUKNF9JnbBE6VmEWrJkehjZAAQd6EuwKirjgpP+dwAoSMCcdheZJ8usuPSRmNtlLWmRo3k5faSu60tXix3C+eDWhRWjEMxeLbaNqAJSl4D1XhMDK+QZx/CJQ5nsaJQ93FQ1ODmkWHRz0Rn71C3LmqfR
oX9eZHDkI/C1jW4/y9l8jxggGbmYCniS1YbVslhTbT//F5fG5leX9SsIQzaPdIGS7fCY6j0NHWi2XRfmoQQGYIm2fKHj1mcp7EI3af4Vhhv4eqbhcUfh2dJxXV/nKcVR+DsWKSrow54D53a51V+ZpG0qV+a19jdt9tCVKl8qkAiQBbNAX0/2h0Vdo4XmNbWh1b11JgeL8+7Ikj2E2H9mLMxnI80lm0INe9oX9tAqyZun0g==
Mit7CPBaVIKZOJCzPfvUsgjvDyHiCjxuCSsv7MQfrm+kAbN66A0Mo4PNuwvzAxNtcx5vsYKX4S6miVs1c5TROSUKNF9JnbBE6VmEWrJkehjZAAQd6EuwKirjgpP+dwAoSMCcdheZJ8usuPSRmNtlLWmRo3k5faSu60tXix3C+eDWhRWjEMxeLbaNqAJSl4D1XhMDK+QZx/CJQ5nsaJQ93FQ1ODmkWHRz0Rn71C3LmqfR
XnpWNzu49QLwyB8e5AaHasaI/K6IN0nxKqHMpD4P7Q46ejAP/aQGSwTPDpUx8nqppvNJiWkj0RcZbXkKTZlQ0yt+DC3JvfEAe5mPXvYXm7maVONdlnKQMLBYE1SmtXrPOrqAR1DbPCMqCGLUnn4FvQ2bZvwmOTpP763jBQHR6zlu/sFvRYMf1tPA/NHX68Jo9L08CTqq8MNKtZRHIQP2Hc3go2dLpKrAl3z+obqxNvzeIxtdKfwP35Cn2w==
GG5A7g/YvihyEq0jYkYCA2kzfnLNedGgWojfAb2TcxyI12ovYEl/SrT1aIOn1Ucb/wsXbXcWY6F+j8UOwnEHBb/cFXnhwnivFSUUJA3BOMo+7P6YXYiIjVTT1MqOW17jMj9E6AwI0EbL4cPriKCIgZTTYS1tma9pRWWAjg8zi7tRCr0gks3Z08x0+s3SFRSS3h8Eddqbj7tYgSOQLfvFHCRc+ZyQffQJ+KAQU/UBB8Qhw56n1Q==
fVGtToWy3kcDR0D4dNU43mg6Y2XLepiyCobDC7jSR1KEzWI6YEl/SrT1aIOn1Ucb/wsXbXcWY6F+j8UOwnEHBb/cFXnhwnivFSUUJA3BOMo+7P6YXYiIjVTT1MqOW17jMj9E6AwI0EbL4cPriKCIgZTTYS1tma9pRWWAjg8zi7tRCr0gks3Z08x0+s3SFRSS3h8Eddqbj7tYgSOQLfvFHCRc+ZyQffQJ+KAQU/UBB8Qhw56n1Q==
wO7Fx9XfnMCT0H62XuJR2tOBghsOheplNQnPPVmP/tJc0XvQFUsd/Mys8RyYzdypoNBoE61Rv+SJ0xanXQ==
A6Gx76TBf0e2ciVhSSRuB86bGUTEjew5lD9hhT8zAyYIWo3cuAf2JExvszXFQ/JFO5JnrvCS2ROnWg==
OZ9jDlP3+Yig9RbetkEYFFERc8gl73rb7OgTBIOgaT0OkclOUb8eDAcsOHShjnBBIn7s8S+3XdUWL+vcq9wY9C1ppyQ=
BYkyw2yfHXO1zXm8pw1XqQ4i4N99X/HuQsp4fTVlLIwCK2bl92wn//bIYTBTY8t93WDTBzvk36MHcm6BCvEGXO6jC/35PN8/YKcr
ANvq0cr02c7jkOAlYKNOrScbyLUTRBVqm8D6XrVGwGa3LFOZg9pIBB2X6EYeth8gV+R4vPEm0Oe19mt6vx/9fUbnqxT79DjcPWGnLA==
jOVhL1gPqbVb106o+gU/FAyev8VJcyzEw3tFptNKNlAbXH7F18n/ZhCu2IiVE2japiLvTP9AGECpkgCrfLIrpsfLzVGug4so4wAo0DVlpzA=
tdO+3eVtTjJAAg1kO6Xe+Ayev8VJcyzEw3tFptNKNlBIHDnb3s/jJRuu2IiVE2japiLvTP9AGECpkgCrerIqpsfLzVGug4so4wAo0DVlpzA=
igpoIELiPAbLLv9YxdwNd4tWJaTkvbzZ5pmPiuHFimacvRG35MJOY2CqhB1Gk2N2rKTaEorHppAne5YEB/XcjuCpE6DYYgu08EiFhrqq0u3fx1EwJwRTO0wsZLJYQPq7N13o+7TdjrefufD2fX1rayTaJmV5ALc/pxTS74M5aUmGwRokSoPvZUUsk7ekp+8=
Xk8shncirhYCoZtPOPPdtFMpE77IHn2JzJCG9UJIeir/F5fG5leX9SsIQzaPdIGS7fCY6j0NHWi2XRfmoQQGYIm2fKHj1mcp7EI3af4Vhhv4eqbhcUfh2dJxXV/nKcVR+DsWKSrow54D53a51V+ZpG0qV+a19jdt9tCVKl8qkAiQBbNAX0/2h0Vdo4XmNbWh1b11JgeL8+7Ikj2E2HthLMlkI80lm0INe9oX9tAqyZun0g==
r8wgJyPin1JeXwtPvrE2ndBMKShvm2QX8ZQaI/CPuj2tAvYxElOd8aVz7T8NbW0iccmcq//euLVFTW2oz9l7Nuonl6HutLdlWiJsWCTYh7zaZTb37tp0X1zrIMteyNZ8Ag6JJbk7MgRq6QZn+633LT0Bp8E6XnX3yfODfmcAiDnL285wAN3oMXZ6jCveNQAv3VM6JZkA139HlLKvYzlJCSZBumRqg88l5awz94Snzw==
sUiiW+BVRdUb6XIYAk6ZRP/fxHS+IgUe63kEerLXrqepdHKzSA9CrQWirsFak1WhXRPFDxVtdRJZqWT7Nx7wRR3txTg3WcOmgsfPESb0fzViAgSoPNifzDJFDiemGjzvhIvIW+ZIruyqrlFVcXt61BIJLlfjre8dFeHfEXIevYcRUyvuH4AwqSO7FsBIHaDhTlpkW8Y1GN+1cwJ1UUAfzx902j/bubGZjuHilCJDB3UdzBvHnKfX
cJuna39Bhr7tXloKdbxW5eMQMGOPs+LYDuLsRfNpdKpm+4dMXG8m7yyxK5qA3bTjW71TK8sTG217DleRauc5bh5ZM9XrJFm5rXqs/+FNyISxaaw6SnRyGNEQfP3Ae2hq0rMqM2aHiKjAcAQW/8mfC/RInLGgy20tYYGbWVGN/G5TG7/rhXJxYF51jQO4nKZtbr2A4iqHiPVWA/tLzCmfMPGTMUz047VZ34Wg2cyIzDMJaRP0FduSp9k=
4KSELfyR/4HO7aoZE3fBdQjvEi3kGCdnOSsv7MQfrm+kAbN66A0Mo4PNuwvzAxNtcx5vsYKX4S6miVs1c5TROSUKNF9JnbBE6VmEWrJkehjZAAQd6EuwKirjgpP+dwAoSMCcdheZJ8usuPSRmNtlLWmRo3k5faSu60tXix3C+eDWhRWjEMxeLbaNqAJSl4D1XhMDK+QZx/CJQ5nsbJM92Vc1ODmkWHRz0Rn71C3LmqfR
SFMlYbT8zr+6+2H77IfgqxggGbmYCniS1YbVslhTbT//F5fG5leX9SsIQzaPdIGS7fCY6j0NHWi2XRfmoQQGYIm2fKHj1mcp7EI3af4Vhhv4eqbhcUfh2dJxXV/nKcVR+DsWKSrow54D53a51V+ZpG0qV+a19jdt9tCVKl8qkAiQBbNAX0/2h0Vdo4XmNbWh1b11JgeL8+7Ikj2E2HthLMlkI80lm0INe9oX9tAqyZun0g==
dIBuvl+uDN/90p137AQfqQjvDyHiCjxuCSsv7MQfrm+kAbN66A0Mo4PNuwvzAxNtcx5vsYKX4S6miVs1c5TROSUKNF9JnbBE6VmEWrJkehjZAAQd6EuwKirjgpP+dwAoSMCcdheZJ8usuPSRmNtlLWmRo3k5faSu60tXix3C+eDWhRWjEMxeLbaNqAJSl4D1XhMDK+QZx/CJQ5nsbJM92Vc1ODmkWHRz0Rn71C3LmqfR
/p6dXlsb+lz8HvbDYviwIsaI/K6IN0nxKqHMpD4P7Q46ejAP/aQGSwTPDpUx8nqppvNJiWkj0RcZbXkKTZlQ0yt+DC3JvfEAe5mPXvYXm7maVONdlnKQMLBYE1SmtXrPOrqAR1DbPCMqCGLUnn4FvQ2bZvwmOTpP763jBQHR6zlu/sFvRYMf1tPA/NHX68Jo9L08CTqq8MNKtZRHIQP2Hc3go2dLpK7Hl3n9obqxNvzeIxtdKfwP35Cn2w==
RvUYh4Vxfx/FgnWt2bBVQmkzfnLNedGgWojfAb2TcxyI12ovYEl/SrT1aIOn1Ucb/wsXbXcWY6F+j8UOwnEHBb/cFXnhwnivFSUUJA3BOMo+7P6YXYiIjVTT1MqOW17jMj9E6AwI0EbL4cPriKCIgZTTYS1tma9pRWWAjg8zi7tRCr0gks3Z08x0+s3SFRSS3h8Eddqbj7tYgSOQLfvFHCBb+ZmTffQJ+KAQU/UBB8Qhw56n1Q==
eh9YmxMs3mtB33r8msjgeGg6Y2XLepiyCobDC7jSR1KEzWI6YEl/SrT1aIOn1Ucb/wsXbXcWY6F+j8UOwnEHBb/cFXnhwnivFSUUJA3BOMo+7P6YXYiIjVTT1MqOW17jMj9E6AwI0EbL4cPriKCIgZTTYS1tma9pRWWAjg8zi7tRCr0gks3Z08x0+s3SFRSS3h8Eddqbj7tYgSOQLfvFHCBb+ZmTffQJ+KAQU/UBB8Qhw56n1Q==
KvE0h5s5ZNk4Re8GpH1e39OBghsOheplNQnPPVmP/tJc0XvQFUsd/Mir8RmbzdypoNBoE61Rv+SJ0xanXQ==
EOrB6EFkIY41adh2Jf5CXs6bGUTEjew5lD9hhT8zAyYIWo3cuAPxJElsszXFQ/JFO5JnrvCS2ROnWg==
woVkjZUK9lqv8Xx9dnrtXlERc8gl73rb7OgTBIOgaT0OkclOUb8eDAcsOHShjnBFJX7p8i+3XdUWL+vcq9wY9C1ppyQ=
hP8RejMk7kcWJg6Fh8Elkd4FkHJIkGoXpLFmFjWV/5iLRUkCE5S3hYRlwqHt6EUzNJvvDW5ETPLWT6t6Z1apS+qRm9A1i718o2vRGXuNfCnAEAgTjRFfZCkTdqc9
+flrKjEs+iSyP8RslgZfuzYhPAyhOGTmuB4Y2nJpaZrRK7edn7CY0AkiwPqdwim25/uNgc5zC7hDsOiA1RWnIA==
+flrKjEs+iSyP8RslgZfuzYhPAyhOGTmuB4Y2nJpaZrRK7edn7CY0AkiwPqdwim25/uNgc5zC7hDsOiA1RWnIA==
/3+XHCdiXl81XRHnYybueepLIDvQTl3rgCwy2AsQI2xJ9BFaeALhv0fJzSkCPSrQItKsdCPP44FcaC46WUMYEmIPLU4nVBweqATY/h8q1o1iaiAqYT4QPjTUFw4nSS3QLgHyjxWUGPNIceJABxLFty8KalogiPXnBhUL5ko=
