KoOe2XPIGCZUnxF3oX+gOlaqxbT+5oRj+Ze6stFbIx+00f6rovxyydR8wawLwEpgtNTZuznl5D1mfN1CZ9qzhaw/zXW4n569ejzrmiMj3i1Fi9GAbQ4fMiVin6nW1L3+D74YrNAhu1QPm14D5ZmLkfbh/QVVGT3yF5/bKmgWlVCIbW4Ij8erWnVPYgpbHr9iQP6BuKPx
QFqLLwo/cz5FH6d0Buotns1T7/sBH7NKCn8zW3ks4YK3FVT1XC6kQPvlVDb6tqFHPRM0atQuk8/Jib8z2Y+YufLvQuIvUHNVgo+tZWUa7YiTwL3c+8NmAkE8R/BMljDHl0Z3hVoJ9a+X897PCd8VX3FAz2F/gBiAKdIA4/pyL2FHiM0RJkCL6GNAKJC1oqP3
elsYQZ/qVczkKNgfbnNF5QDMGXeWwH8TBFOMeIzDnxdsI8KUk56zNBLNAwJ4s7RFzIHizMC6NOlIF9Vd/fOJNFPVpZBW3RHhRPLExBMpJAIHDyPj9T8kvgyyMwvhhY/HYfNYXfqDkna3DJNR6sNd0R0m7azbbC2Io99GRumw94R0anCjH6onkULVlSt/P6778WOV+7ls37WnHLhEAd4wF0IO74VP5B2Fvhxr7AsM2CTNnqPT
pV3OGSBtBDfuNzPd+iUIJBElJB5eNMTxqeYDIph6EXyxMSboY53VAP6vmLD3YoH7rpM6c/YnWKiQkJRW7ylPi0SorPEQK10tUWErGWFtTO6D+6+rFZIhYI7VHUOovPbtnp3woton+PWmo4uLPAnvsCGzIYxmROVfCOUzGdzgn7O5CSM0pbulo+4=
leUmy3i1ltzUXZfysmzP5AUUHjo8Ds1vGtw9SLOjqpBTKXg9VSMrE5xyPVxd+eJYB+xIgGJXfACzKu3bgps+Y9J/JOgsSHDGa6Ej6+hgaAE0E0EtTVkP6aWl4I7vcys78UqdIPKNOVOstNrN8tW0Ej7fZHU62+87+MEDkA27JZxCnBmftL1XiVhoc1MVQWdEgYO5o/I=
NiqpaKHXRup8veE9ZN9fMwUUHjo8Ds1vGtw9SLOjqpBTOHAzUywqQZxyPVxd+eJYB+1IgGJXfACzKu3bgps+Y9J/JOgsSHDGa6Ej6+hgaAE0E0EtTVkP6aWl4I7vcys78UqdIPKNOVOstNrN8tW0Ej7fZHU62+87+MEDkA27JZxCnBmftL1XiVhoc1MVQWdEgYO5o/I=
TmSwVqy1K+wcku95fo5FAOW9vhR6xq3kSgYltKBag1+IRJ3M8q26gfQKGz/COGbmZX4Oi67WJExHiUXtTMbkOEtt9G6om6B/TVvU8kRGUzf5gZ/rCScYAQInIvo/uDMtMgcNPTUy7bDjiF1Ea6um+nE0ZyicPrB/Z44XnUrhtdcne36XWfcVZwEIL/nv6Nh4GdogOyrar9m3QK0JNqjLkNPIiMjliqPP
gyNhWkktxkDVWP1cO12Z59Sz4uyYTuufWLTSbjQYApSX6eSw/w31AYSSxCRTSaSiQS8gw7WfpN5MUjNrIWUPZ6HTWH06IxKWd2yTsaqj3XFdBu2Mm8yt6OM/RiYpUHcktEpwg98Kp3GCtZXLP18uW7FDldv5zF/V5/y4JME+sLeCLu+lj0SdZX58awxLbFiEjb6j8w==
ph7qbU+8S9ogDyjhJBHqXR4F+pqp2gMazOB+BmU0IFSvR+sFcQ0fQwJInb2Rhi5yvImuFhdMV/2QcOU8AsAog56owa5nSyj/jKsQK07IxlxyzllFCbuipJqpVofLrcfNbUFXYarexZcZM/NedwCY2fubHtBwXXhRxrrcCy41cA8NE4rFCYAn3xdUgMhzP14p1QHqjNkDX4WVbOOXs6P4
auHICSMQiOfaHim8yWdY40RWL3lmA81vEt4rWuexqcBTbDV0AW1+QZxyPVxd+eJYB+lIgGJXfACzKu3bgps+Y9J/JOgsSHDGa6Ej6+hgaAE0E0EtTVkP6aWl4I7vcys78UqdIPKNOVOstNrN8tW0Ej7fZHU62+87+MEDkA27JZxCnBmftL1XiVhoc1MVQWdEgYO5o/I=
YGGFpLTmC4RjAeTcLc6Rc5j2orHGTuuUR6TVPD0LTJWdouSw/w31AYSSxCRTSaSiRC8gw7WfpN5MUjNrIWUPZ6HTWH06IxKWd2yTsaqj3XFdBu2Mm8yt6OM/RiYpUHcktEpwg98Kp3GCtZXLP18uW7FDldv5zF/V5/y4JME+sLeCLu+lj0SdZX58awxLbFiEjb6j8w==
b/XlTXDq3ULaK/y3pv89qyJ6APihBX8KLH8pfQjH9Fk0SgT8YxHEunA2INuFh8SGfIrzs5E9b/8RS9jlirtyzse0U2ma+71pbR7tlKvUzbDT54b+mQgXvATS8BtvkscpMm1VEw8HTkOBW5XDydQ/jdckePxxZtAvMrZvPT/c/T3OpKvUezQ4nL2mo+s=
TKtSvvd9SikPuJW35B1EJdSp7uGaD6LXR6OLY3hHXcaV8KWw/w31AYSSxCRTSaSiRi4gw7WfpN5MUjNrIWUPZ6HTWH06IxKWd2yTsaqj3XFdBu2Mm8yt6OM/RiYpUHcktEpwg98Kp3GCtZXLP18uW7FDldv5zF/V5/y4JME+sLeCLu+lj0SdZX58awxLbFiEjb6j8w==
k4GI2BYGHJB3W6hPb1rHhvja2V2mNRM5iDMEe7DU06ngNXWsS3MW8Ar48IAQ3waiER3NRgZvVEcYrmjoYEfnVxLhy0hzEYeIq8WmBi+MD00YEF3ua8HA0yZISR6/CxDvhIvIW+ZIruyqrlFVcXt61BIJLlfjre8dFeHfEXIevYcRUyvuH4AwqSO7FsBIHaDhTlpkW8Y1GN+1cwJ1UUAfzx902Djbv7aZjeHinCFDB3UdzBvHm6PQ
7iomlA7cIRx9QZGvc7m1qNgtIfvaxIohOxikTx4jNiNDat/q3TkcrmkuJP+phKVxEQTNHZBqKbxpga6I20w9AZb/IFB/0tm7loMyU65X8Ch4IMw25zm3SxzYJFHo+3UtebHTuekdFC5766fLTSLJ4CalRWOgrM6txi14QmJ3kPVOczPrtLk3cBmjKay+tE3fYFXr+dTw5/Nh+auU3euNo8Y=
QpsY1ZzUd1tpS+NlooNJftXtlD4c5W3LJvzuAd8AuF8SKzIjR2LT+sEh+I4NFtjP5UxhMVXMAW0sko3czRkyGFfEuYESd6zA40p9WzL7jqPiHzToPGgABpsBU2t4wDhB5PNxLX2536n1BXAOn9Pb+4FqjSDi7QmTHNRqTWK15NLu/xR1yvu/eyghkxC9W5XccnwJn6Sdp8koyIPTheG3hNHjiaPC
StC3SudCscoiEYjQIM83S1I2VOOgj3PgN5F2d4lUvj3bjamzo8TkTnZGm3EWlphtO2re8IEmeuzxu3g0tGaHV7yoZthhsRERLEQQlONJVVv3Te2FuO++TbpsSwqjs779hbuxsG0+fwLlsv85VkQdrs9OONzQ0ZskT0v+k2UJa8G20R01VSndwlfPO7rohjWAyB1O+I+3i6q1H8Ka247fsoDO4YijwQ==
oky3EsTiWgx5HcF2e9nj1BMvgsF8EX7Bd6McCPwRzTTCVwgvMCNFZsnyuxXqnh/i4qf/aAMRt+hbhRbmXwyfLchQDQB7wdCz9ogZ/i+L4I80S7i71khezJpuIfXB++p0Qsl+d/Ot/z1FIY+x4p4NJ2GTG87vgABJU3umoLidMAEemrQ71jUIP+Uz0hXBwG8vrzQoWOu/xrm9oRI8kcOX1c2My+eLo8A=
xtRDmJ4ou+W0C/KLGihZXNSz4uyYTuuXWqLAOjkRHMaX763ksViHAYSSxCRTSaSiSy0hw7WfpN5MUjNrIWUPZ6HTWH06IxKWd2yTsaqj3XFdBu2Mm8yt6OM/RiYpUHcktEpwg98Kp3GCtZXLP18uW7FDldv5zF/V5/y4JME+sLeCLu+lj0SdZX58awxLbFiEjb6j8w==
bbFuDSZgOXPMZXA7thhFeX11ehWZHWHPIWqi16PY8QVHV2IV3f2qHmtsizXUAEGhiE6kGzpYBeY7a9T3iLs004KIiuSWXt3NtVt+7N6Zsp/HrcvViXETKXY+eR+doxfmO0BUId+LGtiMfSQZAkp4k6K1/JepY84N1aBb1xNEpLA//5KRsZFuBGVjA01RXIePv6P0
rf3vydWXy/+oCL0EbZPny15oA203DWdpdGm2Jn8M/21o0K1KHM4wc1YIuT7Pi8DPlMtY+7ZIfgw67kG1IfvKNCJJnrfTrd/9paHv8cKe7WcBE7sOz4BgCbP7BuCYndDBvhoU+zY1aH9Fs3JVocBP7w+0SJgLv+b5HSHy/PHDtxUtDKunq6Pg
j/1R3SF5h/fnQj6wMMAqWPSWyoeL6vsDHdu41LRGx/c8SK3/bpHR8azkULTjqZU7d+0tZbiP/u06jAtqo5N+XQXb8ZBtHj9iZRI/GVYkXU5P7ni80DFbhM8rPnNlKSthNjHdFVUJHSLXb3ua6Gb14Ei9jhiP18sKNf+C+tuuHxIArqGoo+E=
R/FbSphv718seN6p5KOHoVxoA3w1G2NpdGm2Jn8M/21o0K1MHM4wc1YIuT7Pi8DPlMtY+7ZIfgw67kG1IfvKNCJJnrfTrd/9paHv8cKe7WcBE7sOz4BgCbP7BuCYndDBvhoU+zY1aH9Fs3JVocBP7w+0SJgLv+b5HSHy/PHDtxUtDKunq6Pg
Btq92ilaYduj7vwifGd74vSWzJGX9/sDHdu41LRGx/c8SKv/bpHR8azkULTjqZU7d+0tZbiP/u06jAtqo5N+XQXb8ZBtHj9iZRI/GVYkXU5P7ni80DFbhM8rPnNlKSthNjHdFVUJHSLXb3ua6Gb14Ei9jhiP18sKNf+C+tuuHxIArqGoo+E=
Yhxz+76u0GOhrR5JQMEz0vSWzYeF8vsDHdu41LRGx/c8SKj/bpHR8azkULTjqZU7d+0tZbiP/u06jAtqo5N+XQXb8ZBtHj9iZRI/GVYkXU5P7ni80DFbhM8rPnNlKSthNjHdFVUJHSLXb3ua6Gb14Ei9jhiP18sKNf+C+tuuHxIArqGoo+E=
9fLY2b2xzSgW8PpvAh/EYur3UKzBuOXljXOVj66A5lABy5ypyaN2O2jr1V0sdmSIK900XsKor08taxRCJPbTh5kxX9tpFxgxYhfiSl8Is51St80NVQLtgIO4nfQLGyZKEYSnGPwOsE8HvtctKlE1Z0fLvqc5xxVXYTjvSY9YWMh5auAJSuqv6ddwbblWGEsgs3hI+IW6o/8=
gOYe0WdUfNzfyH9cSA6RuCddvfHYjR7lAyr3tbw/wZaY1vjQ/11weqjSRc2RbgxRfNuw0l6JxlEkYkRU85lk8iYdL/PVz2QO7CKzm4E1T7dB41hN2vNSxtecE8EKcx0hPTbtvPucbThDT8bWiQA39FR6cLM/2uchIkUVu5+P7gvRc5XrmZyfBUeMONRhbvBlYh7vlW+U3TXejOt867yY1O2Oo8M=
x3JTUE+RQFfsrQeD1a1foxB7zVqrgwS20wMaYed5HlrKQeQd1LOXFnMg/3T0ivzAxKdhABEx4i8Tw7PUalOkuoWA0k8YF98V3Xye3KTW8wxO7JS0s0iX7M8nJJGZr5iZsk/CQm9wc3XCLy3FJTrtqNNgPXy742YiAZzHUAy2MOfX5vclGin1j9dTXm9J/xV/MeBPwT+gGKBpcoBBulIvQQcoTbFmYIvII+CoMPWCo9c=
x3JTUE+RQFfsrQeD1a1foxB7zVqrgwS20wMaYed5HlrKQeQd1LOXFnMg/3T0ivzAxKdhABEx4i8Tw7PUalOkuoWA0k8YF98V3Xye3KTW8wxO7JS0s0iX7M8nJJGZr5iZsk/CQm9wc3XCLy3FJTrtqNNgPXy742YiAZzHUAy2MOfX5vclGin1j9dTXm9J/xV/MeBPwT+gGKBpcoBBulIvQQcoTbFmYIvII+CoMPWCo9c=
uP8GrfsAkDlAdKs8gTeKeienu0Bop9al6+WNPIx0uNexfv3FzdznQVAXDfZtig1nXVL4mF8OFGHnDWmt3PhoqAN1LWcHcZW5eFPG8UrQM7ZDD8bBdYfJjG0CBz4VjoeFtvhlEj/yQGAQ7eMYv3eGr4U1E31GbWWJ1ZWlfqdzQ4YIuk28OCc2xE8L8xZFo7omOzKnjnDymbSj/Q==
wLzGExErHqLPNsbZn8blMD3aZQhjZXMVtzgFLkBZ25+mYSVJHgCqxy0py0ughWeKy4PsKg7HIJOGyOleXwtwL2QLaJvGSE4syi7xFVF7WpTyiU6Xw63P3XVhP1FSHp3HsdNLLv+AEGmDO/YAKB1Aoe7axBsmNXgfFfOitTFA/49/9H54+7/W2W1hQlwBQye1fUz7h7uj8A==
KhBD2nlIqoV7Fu+vsssdqF9SeMo5/XvJ/fhQFJz1aTc10M4eXaEUGQcsOHShjnBOIn7v9S+0XdUeLOvcq9wY9C1uoyM=
ytQsRBNWwy8gswKC22YnDtApLfPf8Nk7NSXrXwRqVSEQUOPE7CwPvGprYuC/x+9xGRDGPv0zeZpdrLTx3RNnX8r/OUEyz5+/lcU8SKxX8Ch4IMw25zm3SxzYJFHo+3UtebHTuekdFC5766fLTSLJ4CalRWOgrM6txi14QmJ3kPVOczPrtLk3cBmjKay3tE3fYFXr+dTw5/Nh+auU3euNo8Y=
gWkkNE8V9yk3/TrUDsruNvdE6EnXTtczpoJQN9sPkNe7LQHlDVueXajTS1yFWT8WGzMDghUKUvcQtaJz1MesnhrcyOT5sjWSYBH/jBMc6/BU8AOg/dwCpea5zezrmfNTj/pkJz+UETPp+X+jub+Y6VIfAvLP4POFov9t9QUq7dgzMP3MG3Pm0mFMh2AspjCXN7Y3lbq5dX+3gx5fae8VD9Gwj3GfMJhQCaLAeppCLzHneI0BxvALOEMw6ADVkqOn
Zn8RMfNtW3b5tWPztZ7ljUVxiNgxYBbZFUH3u5ySlvhZfV2c46oBNOM0ugl3q6wjPDELUIXrTTzyjOEfjK0v6XC4+5Md8Q8k2TNhoyo=
L4pVaeSgs8IQzeFeVIwvuW9b/HqGSQFca0LKLUWqCsecoh3WgZCPvFByFAQG1MbqtIbGBeeIWY8UZ+4/Zdj/wsSdaJ9Vbl27uDjulYHAL69vNODYK78GOf2hUrzRw9dVjYwLZ0ujAA==
4qIT4l4CdyEgFRYiAsltCiLGjyvn/g3BnugFgNq4alyOe2belMDQQGIdDl/ez+yxvGFy9Ve2uKahSQvV1bzwmOQheUv9dE6yhdUkxW+o2DiZmiDzqhqvGTeArUm26MvQU4iICGVKow8=
yB/1Ro7WQ1tyxVY1VPzKmHoznR/LmZb67PzQdAox3puGk0wlNO3CEe/K+FKJJRvRzaCQTCxtCe8FyM4GbXl0gbd0+CyRlhCXkuZvbZ9sPc0udCuEG0R4LB12ozs=
92JH7Q1A1WRTXWVATX/nogJvtvpKVKQi0ZCG9uT40EhyBS637reseWw5El2nDjguMdGrvWVEMNC0+ZljjUxOupXNBC1f0JjwScJAW1qiL5GnGA0hBhALmANQaCAVcqMH
EgUCdx0/ygPRz5xswqeJDStcmd97ZoU45pCG9uT40EhyBS637reseWw5El2nDjguMdGrvWVEMNC0+ZljjUxOupXNBC1f0JjwScJAW1qiL5GnGA0hBhALmANQaCAVcqMH
+KxBUk6kZ039/vcv0VoGwyp42NU0jFs4DnBgelD2jr9WARoF3NeAk3r7Q6xY8O2L82uxFmAeeLPRpUkODkSptzzba6KoHmWoaL1+wA+PuwIVNxICG5YPWmAmEXCjOQ==
4EhJPyqTcqRfnDx+/1O5xRB7zVqrgwS20wMaYed5HlrKQeQd1LOXFnMg/3T0ivzAxKdhABEx4i8Tw7PUalOkuoWA0k8YF98V3Xye3KTW8wxO7JS0s0iX7M8nJJGZr5iZsk/CQm9wc3XCLy3FJTrtqNNgPXy742YiAZzHUAy2MOfX5vclGin1j9dTXm9J/xV/MeBPwT+gGKBpcoBLulIvQQcoTbFmYIvII+CoMPWCo9c=
eeb/WUXoR9UZWVovUMIhH0VxiNkxYBbZFUH3u5ySlvhZfV2c46oBNOM0ugl3q6wjPDELUIXrTTzyjOEfjK0v6XC4+5Md8Q8k2TNhoyo=
KzZcgX3lnoncb/0ktGLM/hHzvX3RaZ1D0W31OHbi9yEh91UWHUKZ+95T+1roJnWgSHUNWI0XS0o1PwI62+6f0gDuIWijIQ==
3vTkuhYIUTSQLlr/ZXN/ZpdL9hjdVqMgvPd3Yo2GG//n+zp1gj4wLQUga7djBLxTj/3iMaFR3iQV49OtwRz3L2+jJA==
DTHNWJM19AvSDFYlbOoG0tOBghsOheplNQnPPVmP/tJc0XvQFUsd/MKv8R2czd+poNhrE61Rv+SJ0xGjWg==
DgcloyYDnXDn0ITXPAik0c6bGUTEjew5lD9hhT8zAyYIWo3cuAn1JE1rszbFQ/pGO5JnrvCS2RSjXQ==
xpbtrl+5106YMqbBH3xDJzcZ/j0XlriG4a2JuxWc8LgkQfmrvVROksU1pKWviNgYWfqgHug6rTl3YC0pdsjL8JPoCOglaqMv
zgY2XwGTvVgJDdhwpHc2U0RCDCB4FcuBQd/C1SVeIYvuCF2EcjcMQAOKHVsSO24jgl8U6NyooIY7wbNrWICYwQQzUS1deT8pVUVQDn8Te3shqm0gwq1pE/wUSk0CdQRSTr90dSo7H/tIYXMQnRv1XJe+KZ3E3QdJiIjj06UhFwSxo6mj4g==
no1DPZMZxNVXQUvm9/1j1yp42NU0jFs4DnBgelD2jr9WARoF3NeAk3r7Q6xY8O2P8WWxFmAeeLPRpUkODkSptzzba6KoHmWoaLB8wA2PuwIVNxICG5YPWmAmEXCjOQ==
blIEfuwL4HaiZgXgAJh1lCtcmd97ZoU45pCG9uT40EhyBS637reseWw5El2nDjguMdWps2VEMNC0+ZljjUxOupXNBC1f0JjwScJAVliiLZGnGA0hBhALmANQaCAVcqMH
fVrZQvYCjnimgPHqmmPosQJvtvpKVKQi0ZCG9uT40EhyBS637reseWw5El2nDjguMdWps2VEMNC0+ZljjUxOupXNBC1f0JjwScJAVliiLZGnGA0hBhALmANQaCAVcqMH
vvlyIGeEgBEePoTmThWrPHoznR/LmZb67PzQdAox3puGk0wlNO3CEe/K+FKJIRnfzaCQTCxtCe8FyM4GbXl0gbd0+CyRlhCakOZtbZ9sPc0udCuEG0R4LB12ozs=
7SnJuuCX66/Eudkrqp8YxCLGjyvn/g3BnugFgNq4alyOe2belMDQQGIdDl/ez+yxvGFy9Ve2uKahTQnb1bzwmOQheUv9dE6yhdUkxW+o2DiZmiD+qBqtGTeArUm26MvQU4iICGVKow8=
ULZApHagfoxfLxUj2RhyMW9b/HqGSQFca0LKLUWqCsecoh3WgZCPvFByFAQG1MbqtIbGBeeIWY8QZeA/Zdj/wsSdaJ9Vbl27uDjulYHAL69vNO3aK70GOf2hUrzRw9dVjYwLZ0ujAA==
26dBNO9wbY1uiyaO/4e2d9g7T3IHg9ITLLfToeD/kGnZbYzn1pPSgoAFIAUJSM4/Pd6lg/02UAzPmZjkZInhOUxswMyjkYUzV6Vd/TgXDiUahBtSY2vu1WWTwYhtBg8qBZqv4ZYcTUZvJogkUKkrzO8jLkslUbvp1vntDVURLeo35+viqF7l6Gjw/IANTzvCFfeSwhtWj5pg5pGwo/k=
xr7SRVihPJhYGiOw22fZ+t4FkHJIkGoXpLFmFjWV/5iLRUkCE5S3hYRlwqHt6EUzNJvvDW5ETPLWT6t6Z1apS+qRm9A1i718r27RHXyNfynAGAsTjRFfZCkTcaM6
vAv4MGUvzjSYPgAXP893uTYhPAyhOGTmuB4Y2nJpaZrRK7edn7CY0AkiwPaYwi2x5/iNgcZwC7hDsOiA1RKjJw==
vAv4MGUvzjSYPgAXP893uTYhPAyhOGTmuB4Y2nJpaZrRK7edn7CY0AkiwPaYwi2x5/iNgcZwC7hDsOiA1RKjJw==
/3+XHCdiXl81XRHnYybueepLIDvQTl3rgCwy2AsQI2xJ9BFaeALhv0fJzSkCPSrQItKsdCPP44FcaC46WUMYEmIPLU4nVBweqATY/h8q1o1iaiAqYT4QPjTUFw4nSS3QLgHyjxWUGPNIceJABxLFty8KalogiPXnBhUL5ko=
