2yuzPIiXDjDH0C6q50E9KFaqxbT+5oRj+Ze6stFbIx+00f6rovxyydR8wawLwEpgtNTZuznl5D1mfN1CZ9qzhaw/zXW4n569ejzrmiMj3i1Fi9GAbQ4fMiVin6nW1L3+D74YrNAhu1QPm14D5ZmLkfbh/QVVGT3yF5/bKmgWlVCIam8IgsOrWHVPYwtbHr1uQf6Bv6P2
pGYtAL2ew7PKCfUhchnZIc1T7/sBH7NKCn8zW3ks4YK3FVT1XC6kQPvlVDb6tqFHPRM0atQuk8/Jib8z2Y+YufLvQuIvUHNVgo+tZWUa7YiTwL3c+8NmAkE8R/BMljDHl0Z3hVoJ9a+X897PCd8VX3FAz2F/gBiAKdIA5PtyImVHis0RJ0GL6GFMKZC1paPw
VYQN9C8zOtH01A/57KO4NgDMGXeWwH8TBFOMeIzDnxdsI8KUk56zNBLNAwJ4s7RFzIHizMC6NOlIF9Vd/fOJNFPVpZBW3RHhRPLExBMpJAIHDyPj9T8kvgyyMwvhhY/HYfNYXfqDkna3DJNR6sNd0R0m7azbbC2Io99GRumw94R0anCjH6onkULVlSt/P6778WOV+7ls37WnHLhEAd4wEEMO4oFP5h2Fvx1r7AkA2STNmaPU
DJHBLjlbKt+W5Simf7nQWBElJB5eNMTxqeYDIph6EXyxMSboY53VAP6vmLD3YoH7rpM6c/YnWKiQkJRW7ylPi0SorPEQK10tUWErGWFtTO6D+6+rFZIhYI7VHUOovPbtnp3woton+PWmo4uLPAnvsCGzIYxhReVSDOUxGdzhnrO5Cy81pbuio+k=
7l0tE8SSnpGZz/kc7DX4fgUUHjo8Ds1vGtw9SLOjqpBTKXg9VSMrE5xyPVxd+eJYB+xIgGJXfACzKu3bgps+Y9J/JOgsSHDGa6Ej6+hgaAE0E0EtTVkP6aWl4I7vcys78UqdIPKNOVOstNrN8tW0Ej7fZHU62+87+MEDkA27JZxFnRmSsL1ViVhpclMVQ2tFgYO+o/U=
CLhsCb4HrqzsfDfYCRqUKwUUHjo8Ds1vGtw9SLOjqpBTOHAzUywqQZxyPVxd+eJYB+1IgGJXfACzKu3bgps+Y9J/JOgsSHDGa6Ej6+hgaAE0E0EtTVkP6aWl4I7vcys78UqdIPKNOVOstNrN8tW0Ej7fZHU62+87+MEDkA27JZxFnRmSsL1ViVhpclMVQ2tFgYO+o/U=
FjDB8z6VseXEXEQu+kEJ4uW9vhR6xq3kSgYltKBag1+IRJ3M8q26gfQKGz/COGbmZX4Oi67WJExHiUXtTMbkOEtt9G6om6B/TVvU8kRGUzf5gZ/rCScYAQInIvo/uDMtMgcNPTUy7bDjiF1Ea6um+nE0ZyicPrB/Z44XnUrhtdcne36XWfcVZwEIL/nv6Nh4GdogPCvaot23Qq0JN6nLkNHEicjljaPI
2e+3OhqU1EZidwlhRn9rXdSz4uyYTuufWLTSbjQYApSX6eSw/w31AYSSxCRTSaSiQS8gw7WfpN5MUjNrIWUPZ6HTWH06IxKWd2yTsaqj3XFdBu2Mm8yt6OM/RiYpUHcktEpwg98Kp3GCtZXLP18uW7FDldv5zF/V5/y4JME+sLCDLuKhj0adZX99awxJYFmEjbmj9A==
SMTZ/eWggL8G86ZwU3eZgR4F+pqp2gMawOB+BmU0IFSvR+sFcQ0fQwJInb2Rhi5yvImuFhdMV/2QcOU8AsAog56owa5nSyj/jKsQK07IxlxyzllFCbuipJqpVofLrcfNbUFXYarexZcZM/NedwCY2fubHtBwXXhRxrrcCy41cA8NE4rFCYAn3xdUh8lzMlop1wHqjdgDX4eZbeOXtKP/
+Z9RFjm2MGHcL0r77NlMIERWL3lmA81vEt4rWuexqcBTbDV0AW1+QZxyPVxd+eJYB+lIgGJXfACzKu3bgps+Y9J/JOgsSHDGa6Ej6+hgaAE0E0EtTVkP6aWl4I7vcys78UqdIPKNOVOstNrN8tW0Ej7fZHU62+87+MEDkA27JZxFnRmSsL1ViVhpclMVQ2tFgYO+o/U=
FhCInNwGhObMT4znW1RYrpj2orHGTuuUR6TVPD0LTJWdouSw/w31AYSSxCRTSaSiRC8gw7WfpN5MUjNrIWUPZ6HTWH06IxKWd2yTsaqj3XFdBu2Mm8yt6OM/RiYpUHcktEpwg98Kp3GCtZXLP18uW7FDldv5zF/V5/y4JME+sLCDLuKhj0adZX99awxJYFmEjbmj9A==
q52e4X5rI1HHNK2JHijZfSJ6APihBX8KLH8pfQjH9Fk0SgT8YxHEunA2INuFh8SGfIrzs5E9b/8RS9jlirtyzse0U2ma+71pbR7tlKvUzbDT54b+mQgXvATS8BtvkscpMm1VEw8HTkOBW5XDydQ/jdckePxxZtAoM7ZiOT/e/T3PpavUeTg5nL2ho+w=
2U36IgGGhhgmgboEMTdORY8yiTeRp9E601Eg0IwUcw0n1hLhVO+iubNg6XsGYkaVmFml+5szcTBn1dQS38C5Mx37NiUsOC0jpV82gKyLsuKwgWjJRyNylbpyyLfPVlpWpjkpz0UVowmEKQbGD4wvDfiQvaxLwOATRsgp3p8LMK8kCygbBkiOrAouMZURexoUsomOFwOtD121YX/REh7dR3HTi64/gNDpwzu2gGgdgCEu2gSb5jU4n1Xz4jVxQD8Pv/S/+buyklkvYQLdwEPnN7FNuwf8o7c=
Qi4qwK3X6zu8Wg0SJqh2XdSp7uGaD6LXR6OLY3hHXsaV8KWw/w31AYSSxCRTSaSiRi4gw7WfpN5MUjNrIWUPZ6HTWH06IxKWd2yTsaqj3XFdBu2Mm8yt6OM/RiYpUHcktEpwg98Kp3GCtZXLP18uW7FDldv5zF/V5/y4JME+sLCDLuKhj0adZX99awxJYFmEjbmj9A==
z4rG68myGF3xXKUCRL4Xgvja2V2mNRM5iDMEe7DU06ngNXWsS3MW8Ar48IAQ3waiER3NRgZvVEcYrmjoYEfnVxLhy0hzEYeIq8WmBi+MD00YEF3ua8HA0yZISR6/CxDvhIvIW+ZIruyqrlFVcXt61BIJLlfjre8dFeHfEXIevYcRUyvuH4AwqSO7FsBIHaDhTlpkW8Y1GN+1cwJ1UUAfzx903znbsrKZj+HinSBDB3cRzRvHnKPX
sd0OLOFrHQli3Xzn68BKhdgtIfvaxIohOxikTx4jNiNDat/q3TkcrmkuJP+phKVxEQTNHZBqKbxpga6I20w9AZb/IFB/0tm7loMyU65X8Ch4IMw25zm3SxzYJFHo+3UtebHTuekdFC5766fLTSLJ4CalRWOgrM6txi14QmJ3kPVOczPrtLk3cBmjKay5tU3SZFXp+dTx5vNh+6eV3euKo8E=
wdwGvnn0s5T4vcNS2pjO3NXtlD4c5W3LJvzuAd8AuF8SKzIjR2LT+sEh+I4NFtjP5UxhMVXMAW0sko3czRkyGFfEuYESd6zA40p9WzL7jqPiHzToPGgABpsBU2t4wDhB5PNxLX2536n1BXAOn9Pb+4FqjSDi7QmTHNRqTWK15NLu/xR1yvu/eyghkxC9W5XcdX0JkqCdpckoyYLTheO7hdHjjqPF
XWUmLpjChsZvXWXuilL1plI2VOOgj3PgN5F2d4lUvj3bjamzo8TkTnZGm3EWlphtO2re8IEmeuzxu3g0tGaHV7yoZthhsRERLEQQlONJVVv3Te2FuO++TbpsSwqjs779hbuxsG0+fwLlsv85VkQdrs9OONzQ0ZskT0v+k2UJa8G20R01VSndwlfPO7rohjWAyBpP+IKzi6i1H8Ob247dvoHO4Y+jxg==
T4IPV6XVulUc0wImIoKSXRMvgsF8EX7Bd6McCPwRzTTCVwgvMCNFZsnyuxXqnh/i4qf/aAMRt+hbhRbmXwyfLchQDQB7wdCz9ogZ/i+L4I80S7i71khezJpuIfXB++p0Qsl+d/Ot/z1FIY+x4p4NJ2GTG87vgABJU3umoLidMAEemrQ71jUIP+Uz0hXBwG8vrzQvWeuywrm/oRI9kMOX18GNy+eMo8c=
5OPJ6LDGHxdct7yWA1qnOdSz4uyYTuuXWqLAOjkRHMaX763ksViHAYSSxCRTSaSiSy0hw7WfpN5MUjNrIWUPZ6HTWH06IxKWd2yTsaqj3XFdBu2Mm8yt6OM/RiYpUHcktEpwg98Kp3GCtZXLP18uW7FDldv5zF/V5/y4JME+sLCDLuKhj0adZX99awxJYFmEjbmj9A==
d9Bt/uqx4rftGb+xuzmbVn11ehWZHWHPIWqi16PY8QVHV2IV3f2qHmtsizXUAEGhiE6kGzpYBeY7a9T3iLs004KIiuSWXt3NtVt+7N6Zsp/HrcvViXETKXY+eR+doxfmO0BUId+LGtiMfSQZAkp4k6K1/JepY84N1aBb1xNEo7E/8paRs5FuBWRjA09dXYePuKPz
m0edVpZR40bGBTBNlGzjvl5oA203DWdpdGm2Jn8M/21o0K1KHM4wc1YIuT7Pi8DPlMtY+7ZIfgw67kG1IfvKNCJJnrfTrd/9paHv8cKe7WcBE7sOz4BgCbP7BuCYndDBvhoU+zY1aH9Fs3JVocBP7w+0T5kLsuL5HyHy/fDDtxchDaunrKPn
Q2jO/zrDbcIMCoJS0STstvSWyoeL6vsDHdu41LRGx/c8SK3/bpHR8azkULTjqZU7d+0tZbiP/u06jAtqo5N+XQXb8ZBtHj9iZRI/GVYkXU5P7ni80DFbhM8rPnNlKSthNjHdFVUJHSLXb3ua6Gb14Ei6jxiC08sINf+D+9uuHR4BrqGvo+Y=
3Ic3ulbaFV683UFFTMDBi1xoA3w1G2NpdGm2Jn8M/21o0K1MHM4wc1YIuT7Pi8DPlMtY+7ZIfgw67kG1IfvKNCJJnrfTrd/9paHv8cKe7WcBE7sOz4BgCbP7BuCYndDBvhoU+zY1aH9Fs3JVocBP7w+0T5kLsuL5HyHy/fDDtxchDaunrKPn
5ViKFIWfpVaKHba0M3rYjfSWzJGX9/sDHdu41LRGx/c8SKv/bpHR8azkULTjqZU7d+0tZbiP/u06jAtqo5N+XQXb8ZBtHj9iZRI/GVYkXU5P7ni80DFbhM8rPnNlKSthNjHdFVUJHSLXb3ua6Gb14Ei6jxiC08sINf+D+9uuHR4BrqGvo+Y=
rX/WvgIcJCbpSIhplqO65PSWzYeF8vsDHdu41LRGx/c8SKj/bpHR8azkULTjqZU7d+0tZbiP/u06jAtqo5N+XQXb8ZBtHj9iZRI/GVYkXU5P7ni80DFbhM8rPnNlKSthNjHdFVUJHSLXb3ua6Gb14Ei6jxiC08sINf+D+9uuHR4BrqGvo+Y=
UAKZRAitjb/MPRm+gKvsTur3UKzBuOXljXOVj66A5lABy5ypyaN2O2jr1V0sdmSIK900XsKor08taxRCJPbTh5kxX9tpFxgxYhfiSl8Is51St80NVQLtgIO4nfQLGyZKEYSnGPwOsE8HvtctKlE1Z0fLvqc5xxVXYTjvSY9YWMh5auACS+qi7ddybblXGUsgsXRJ+IW9o/g=
yOdMPmz/4+pxw5lkIUCrZiddvfHYjR7lAyr3tbw/wZaY1vjQ/11weqjSRc2RbgxRfNuw0l6JxlEkYkRU85lk8iYdL/PVz2QO7CKzm4E1T7dB41hN2vNSxtecE8EKcx0hPTbtvPucbThDT8bWiQA39FR6cLM/2uchIkUVu5+P7gvRc5XrmZyfBUeMONRhbvBuYx7ikW+W3TXfjet86bCZ1O2Jo8Q=
54IXVBx41BwGbXFAFjgTgRB7zVqrgwS20wMaYed5HlrKQeQd1LOXFnMg/3T0ivzAxKdhABEx4i8Tw7PUalOkuoWA0k8YF98V3Xye3KTW8wxO7JS0s0iX7M8nJJGZr5iZsk/CQm9wc3XCLy3FJTrtqNNgPXy742YiAZzHUAy2MOfX5vclGin1j9dTXm9J/xV/MeBPwT+gGKBpcoBKu1IiRQcqTbFnYYvIIeypMPWFo9A=
54IXVBx41BwGbXFAFjgTgRB7zVqrgwS20wMaYed5HlrKQeQd1LOXFnMg/3T0ivzAxKdhABEx4i8Tw7PUalOkuoWA0k8YF98V3Xye3KTW8wxO7JS0s0iX7M8nJJGZr5iZsk/CQm9wc3XCLy3FJTrtqNNgPXy742YiAZzHUAy2MOfX5vclGin1j9dTXm9J/xV/MeBPwT+gGKBpcoBKu1IiRQcqTbFnYYvIIeypMPWFo9A=
Rlf8NJS+wl7knlgPsv2Wpienu0Bop9al6+WNPIx0uNexfv3FzdznQVAXDfZtig1nXVL4mF8OFGHnDWmt3PhoqAN1LWcHcZW5eFPG8UrQM7ZDD8bBdYfJjG0CBz4VjoeFtvhlEj/yQGAQ7eMYv3eGr4U1E31GbWWJ1ZWlfqdzQ4YIuk28OCE2xEIP8xRFo7snOzKlgnHymbOj+g==
dKZ4iT58cnYdNwJ6SC+9yD3aZQhjZXMVtzgFLkBZ25+mYSVJHgCqxy0py0ughWeKy4PsKg7HIJOGyOleXwtwL2QLaJvGSE4syi7xFVF7WpTyiU6Xw63P3XVhP1FSHp3HsdNLLv+AEGmDO/YAKB1Aoe7axBsmNXgfFfOitTFA/49/9Hh4+7LS2W9hQl0AQye3cU37h7yj9w==
NOaPP+OdC4KZJeQJzCvKzl9SeMo5/XvJ/fhQFJz1aTc10M4eXaEUGQcsOHShjnBEIn7i8S+2XdUfLevcqdAZ9C1poyQ=
7fFaUUM7nAorNBPrzrmgSdApLfPf8Nk7NSXrXwRqVSEQUOPE7CwPvGprYuC/x+9xGRDGPv0zeZpdrLTx3RNnX8r/OUEyz5+/lcU8SKxX8Ch4IMw25zm3SxzYJFHo+3UtebHTuekdFC5766fLTSLJ4CalRWOgrM6txi14QmJ3kPVOczPrtLk3cBmjKay9tE3SZFXp+dTx5vNh+6eV3euKo8E=
/xvY1bA9BxSE2eiMhwsVCfdE6EnXTtczpoJQN9sPkNe7LQHlDVueXajTS1yFWT8WGzMDghUKUvcQtaJz1MesnhrcyOT5sjWSYBH/jBMc6/BU8AOg/dwCpea5zezrmfNTj/pkJz+UETPp+X+jub+Y6VIfAvLP4POFov9t9QUq7dgzMP3MG3Pm0mFMh2AspjCXN7Y3lbq5dX+3gx5fae8VD9Gwj3GfMJhQCaLAcJpCIjXneo0Bx/ELOEE86QDVlaOg
lVbqrC7XgzDdC53uAVkF+iM1xUZVmomSHH3Lmt6b0S3A/FyhHQ+m18Ww0OcF5kCjr6vqhCLX+CttHkE3sxHkbepuc+TLUTnl0H6xMJNQ5HZgo0c3s6OoStZ9PbJNwqgtF3SSqUlcAZeIkOF9PwEnoUJgC9yx91YNgHAYOaAI9GOzGcduHncjSYISHwKPkjigeFhbxA7VYh9Cepg36DtUE+KIKiS23v2NFVverD4ZUt8nrSuVafHzadY+2V+9Izcmm0A04b8LehjsfUTZIspYUwK1XNeJ4+5NNaC7l/PERvDf8jbRkxFOxcRjo4893edP2KOT
VsonaaeasQ4Oo3k+xc/n7F8hMl55dcXCguYfEtE0Q1aPOkCiI4SZQ7e6m7arI43ot9EgJuNtHPyyrLJEkGoYx2OZvpQ5DXMaIh1MBCpNcqSL7a20ItZnaJTVC0Cuv7eoztfzqM9u/LSqoIGTXAnvsCGzIYxkROVSDOUxGdzhnrO5Cy81pbuio+k=
TVCkpne1mBcsp5nNPhzCxOnvkQLpo1JW+D1UKGQlNoCJ1rxBY7anyexi98l+tUY7+FpmQfHnIfnSkZ0/Z8kFMfjbVkmqCIP+A8c2GVX/2YRtChdGNVZ3Tfaw1crfStDokGVzoN8vNmdFfWMlZpV1gdWdtYaHKzPOyHL95FibpkzCh2OspXsLb3v6VVpRiom7o/I=
p3s9VXJAhLxcvXfk3ozRr1al0q/785Ve+Ze6stJdIx+00f7EyZJ0tbMCz61Mhh997sHOv3je7jVhU8kdcvX1i7c9zXW4n569ejzrmiMj3i1Fi9GAbQ4fMiVin6nW1L3+D74YrNAhu1QPm14D5ZmLkfbh/QVVGT3yF5/bKmgWlVCIb24IgsOrWHVPYwtbHr1uQf6Bv6P2
Wtf4X/8Gc6VpUdHqXYwwlPdE6EnXTtczpoJQN9sPkNe7LQHlDVueXajTS1yFWT8WGzMDghUKUvcQtaJz1MesnhrcyOT5sjWSYBH/jBMc6/BU8AOg/dwCpea5zezrmfNTj/pkJz+UETPp+X+jub+Y6VIfAvLP4POFov9t9QUq7dgzMP3MG3Pm0mFMh2AspjCXN7Y3lbq5dX+3gx5fae8VD9Gwj3GfMJhQCaLAcZpCIjXneo0Bx/ELOEE86QDVlaOg
tHLvuWWZ63CyHOH1n8vjgh9RJGtlG4R1EMA7SqatisBebDV5AQIYL/VlNCQtgZhKXqwemD1IaA30E/TKrps+Y9J/JOgsSHDGa6Ej6+hgaAE0E0EtTVkP6aWl4I7vcys78UqdIPKNOVOstNrN8tW0Ej7fZHU62+87+MEDkA27JZxAnBmSsL1ViVhpclMVQ2tFgYO+o/U=
BoCSeiqD30ePBSrsOpqzbBB7w1Kv3QGxzlRObqgAP3Lwadcy55qXF39hsHOxmeXX2aZhCR544isf/fy/al6p1JiHyzwLB9wQwz/Gz/rFuDhip7mNrReCw4kpP5OZr5iZsk/CQm9wc3XCLy3FJTrtqNNgPXy742YiAZzHUAy2MOfX5vclGin1j9dTXm9J/xV/MeBPwT+gGKBpcoBBulIiRQcqTbFnYYvIIeypMPWFo9A=
9cAzXxnJDT1rjjnMB+H/Q9uTgXMGJUWMxlA8sdej/8j0QiFZ/shiu7+NPG8KbqnEuHeLbOu3XIBjTwYfmvW4KEJX+d1NpwJTKVn/Q/mfmImSv4ISj8Dz5WJf7RVFCu2485B9LFtT5rKh7AeAbIYw9/cWt3X6mXUfdyOevynPFW8REA+R3xCYMMkCQJHaYiJVJ9oN4YfRC1iBnGnglbWjwA==
za6BNsob/fE2tULFUnvdudZmBD9Om9geeL3Cp/v7hWbZb4r6kpXTp9RJbkxJGuQtU7q/5YxOLwXO2d63eNb+LUEr+dWyvYUzV6Vd/TgXDiUahBtSY2vu1WWTwYhtBg8qBZqv4ZYcTUZvJogkUKkrzO8jLkslUbvp1vntDVURLeo35+viqF7l6Gj3/oACSzvAFfeTwxtWjZZh5pG3o/4=
03H68cHtOa/sIWmK4UO7Iq/rH6HWo+Lsj2nBga6AokMP5Zz3muYpfEjf6zQ7fxz4U6cmB4r9uBAyfxkFHe/Cq5kxX9tpFxgxYhfiSl8Is51St80NVQLtgIO4nfQLGyZKEYSnGPwOsE8HvtctKlE1Z0fLvqc5xxVXYTjvSY9YWMh5auAJSuqi7ddybblXGUsgsXRJ+IW9o/g=
xLhTekNr2onh1ULa0f22linn+gc8stG+7/iNeMl7op6ycfvzhJ2mCAleLPkD7hcBLCqHkV5NVjP4Una50b9RsRJZLWcHcZW5eFPG8UrQM7ZDD8bBdYfJjG0CBz4VjoeFtvhlEj/yQGAQ7eMYv3eGr4U1E31GbWWJ1ZWlfqdzQ4YIuk28OCM2xEIP8xRFo7snOzKlgnHymbOj+g==
auBm28Rm9VyM1GbeD0LnicyYsMMDR5CReUY5ZX4F1lXoEGMKHl1SYDbcvfmJcrDPLdVMZPVRoCp2vBaYNVhA7cxDrApWK2YDeo+saKT4mGYz0ZsrMDAQIdwDSS1FSefJ3fU4TlcDc5sZ+hWgen2RM/QEIg2qhYzyFs9sdTLLx1vAEdvQdQv9fOjskRI4DT0pgJnKE02Tk2Xpk7aj/Q==
UTprsf3jEgMy8vRA+OU5Ew34bkadtzpqb2luBcBN/hwVOuhxRHgQMJuZr56Wl3v5ulSDHXbyMPDQWPMUBjUaD9q6oIcwW9xjCggCFD7+pX1tm0a8hrlaj8+tw8VhUUt5Tv6hr+UDvxazwNyRN2uiqNS93MlaKlCDqrX0h4GDFl2t4IMnqyTOALdyHuEbMZa1PCM7n4V975+wo/s=
1IjBhSIgVrmZIsBy2OpCODcZ/j0XlriG4a2JuxWc8LgkQfmrvVROksU1pKWviNgYWfqgGeo6oj13Yi0pd8nL8JHkCeglbaMo
39Ba1ZNYxIKu4xQEj5y86zcZ/j0XlriG4amLtRWc8LgkQfmrvVROksU1pKWviNgYWfqgGeo6oj13Yi0pd8nL8JHkCeglbaMo
R3NReCqgy9AUIOqOt1joR9ApLfPf8Nk7NSXrXwRqVSEQUOPE7CwPvGprYuC/x+9xGRDGPv0zeZpdrLTx3RNnX8r/OUEyz5+/lcU8SKxX8Ch4IMw25zm3SxzYJFHo+3UtebHTuekdFC5766fLTSLJ4CalRWOgrM6txi14QmJ3kPVOczPrtLk3cBmjKay8tE3SZFXp+dTx5vNh+6eV3euKo8E=
wI7ZcRYrKWT81+jDiHrvNbw4MyMAZCkOMJwHXdv6z1QTM6c1L7Pc+mHhMxBdm7VcUDxpkgBdRUnICSLT5aPbBfEjbqMl
gW9aSmoPBVYcoBe300wLN+X9GLvNrOXvzHSElo/Jo04J75z3muYpfEjf6zQ7fxz4U6cmB4r9uBAyfxkFHe/Cq5kxX9tpFxgxYhfiSl8Is51St80NVQLtgIO4nfQLGyZKEYSnGPwOsE8HvtctKlE1Z0fLvqc5xxVXYTjvSY9YWMh5auAJSuqi7ddybblXGUsgsXRJ+IW9o/g=
iMI/V5SosZQI+P3zx3GNZkVxiNgxYBbZFUH3u5ySlvhZfV2c46oBNOM0ugl3q6wjPDELUIXrTTz4jOESiK0t6XC5+pMd8wMl2TNmoy0=
5AJixtw0vL5YzHtn2Fy4I29b/HqGSQFca0LKLUWqCsecoh3WgZCPvFByFAQG1MbqtIbGBeeIWY8UZ+4/Zdj/wsSdaJ9Vbl27uDjulYHAL69vNOrYK7ICOf+hUr3Qw9dXgY0LZ0yjBw==
4oeMcaElqHLCq6rB4XpGESLGjyvn/g3BnugFgNq4alyOe2belMDQQGIdDl/ez+yxvGFy9Ve2uKahSQvV1bzwmOQheUv9dE6yhdUkxW+o2DiZmiD5qhqiHTeCrUm36cvQUYSJCGVNowg=
yK6RqwvB5XzczPBoMvzSqHoznR/LmZb67PzQdAox3puGk0wlNO3CEe/K+FKJJRvRzaCQTCxtCe8FyM4GbXl0gbd0+CyRlhCdkuZiaZ9uPc0vdSuEGUh5LB1xozw=
BuNSJPQADnM5Zz0ndq5FhAJvtvpKVKQi0ZCG9uT40EhyBS637reseWw5El2nDjguMdGrvWVEMNC0+ZljjUxOupXNBC1f0JjwScJAUVqiIpWnGg0hBxELmAFcaSAVdaMA
9qljcvXPhZf0d7KfKP1lhitcmd97ZoU45pCG9uT40EhyBS637reseWw5El2nDjguMdGrvWVEMNC0+ZljjUxOupXNBC1f0JjwScJAUVqiIpWnGg0hBxELmAFcaSAVdaMA
j2dmawUSO63Voff6ix9goCp42NU0jFs4DnBgelD2jr9WARoF3NeAk3r7Q6xY8O2L82uxFmAeeLPRpUkODkSptzzba6KoHmWoaLB+wAKLuwAVNxMDG5YNVmEmEXejPg==
568Z6+kuc8H0NaL72mEvvhB7zVqrgwS20wMaYed5HlrKQeQd1LOXFnMg/3T0ivzAxKdhABEx4i8Tw7PUalOkuoWA0k8YF98V3Xye3KTW8wxO7JS0s0iX7M8nJJGZr5iZsk/CQm9wc3XCLy3FJTrtqNNgPXy742YiAZzHUAy2MOfX5vclGin1j9dTXm9J/xV/MeBPwT+gGKBpcoBGulIiRQcqTbFnYYvIIeypMPWFo9A=
rb7HSkzJZoc/vVmHRZc+V0VxiNkxYBbZFUH3u5ySlvhZfV2c46oBNOM0ugl3q6wjPDELUIXrTTz/jOESiK0t6XC5+pMd8wMl2TNmoy0=
944ho2s8aMr+3dFCr/4HLxHzvX3RaZ1D0W31OHbi9yEh91UWHUKZ+95T+1roJnWgSH4NWIoQS0g1PwM72+6d3gHuIW+jJg==
iSoq3zyqnEZCfcRR0/9uJZdL9hjdVqMgvPd3Yo2GG//n+zp1gj4wLQUga7djBLdTj/rlMaNR3iUU49OvzR33L2ijIw==
DzPuoeqpHYcngedRKBSq8NOBghsOheplNQnPPVmP/tJc0XvQFUsd/Mmv8Rqbzd2poNlqE61Ts+WJ0xajXQ==
CMdsjklWknreK+U8/xVLIM6bGUTEjew5lD9hhT8zAyYIWo3cuAL1JEpsszTFQ/tHO5JlovGS2ROjWg==
3nkq75/NfGken4PYWGHgqDcZ/j0XlriG4a2JuxWc8LgkQfmrvVROksU1pKWviNgYWfqgHOk6qj53Yi0pd8nL8JHkCeglbaMo
vOA168fy8Lzf96w85CnWlkRCDCB4FcuBQd/C1SVeIYvuCF2EcjcMQAOKHVsSO24jgl8U6NyooIY7wbNrWICYwQQzUS1deT8pVUVQDn8Te3shqm0gwq1pE/wUSk0CdQRSTr90dSo7H/tIYXMQnRv1XJW/KZrD3QVJiIni06UjGwWxo66j5Q==
j9l3FXS3/6FxYEX8I3KnUCp42NU0jFs4DnBgelD2jr9WARoF3NeAk3r7Q6xY8O2P8WWxFmAeeLPRpUkODkSptzzba6KoHmWoaLJ9wAqIuwAVNxMDG5YNVmEmEXejPg==
f1aYHXJZNGREKC2JaxP/4Stcmd97ZoU45pCG9uT40EhyBS637reseWw5El2nDjguMdWps2VEMNC0+ZljjUxOupXNBC1f0JjwScJAVFmiKpanGg0hBxELmAFcaSAVdaMA
zuda6FLa7vAA8KQ7rxy8OAJvtvpKVKQi0ZCG9uT40EhyBS637reseWw5El2nDjguMdWps2VEMNC0+ZljjUxOupXNBC1f0JjwScJAVFmiKpanGg0hBxELmAFcaSAVdaMA
OQZTRseSh1OGqIBRGvH0IXoznR/LmZb67PzQdAox3puGk0wlNO3CEe/K+FKJIRnfzaCQTCxtCe8FyM4GbXl0gbd0+CyRlhCYkeZqap9uPc0vdSuEGUh5LB1xozw=
M+4SNkjviqbn7T8gRcyBECLGjyvn/g3BnugFgNq4alyOe2belMDQQGIdDl/ez+yxvGFy9Ve2uKahTQnb1bzwmOQheUv9dE6yhdUkxW+o2DiZmiD8qRqqHjeCrUm36cvQUYSJCGVNowg=
Nrwn4t7QttXON6D5IXaV529b/HqGSQFca0LKLUWqCsecoh3WgZCPvFByFAQG1MbqtIbGBeeIWY8QZeA/Zdj/wsSdaJ9Vbl27uDjulYHAL69vNO/bK7oBOf+hUr3Qw9dXgY0LZ0yjBw==
Rt/+deLSI5D+VxYczvXTsNg7T3IHg9ITLLfToeD/kGnZbYzn1pPSgoAFIAUJSM4/Pd6lg/02UAzPmZjkZInhOUxswMyjkYUzV6Vd/TgXDiUahBtSY2vu1WWTwYhtBg8qBZqv4ZYcTUZvJogkUKkrzO8jLkslUbvp1vntDVURLeo35+viqF7l6Gjy/YAKSDvAFfeTwxtWjZZh5pG3o/4=
DK+m45nblBvvacymR2cRzt4FkHJIkGoXpLFmFjWV/5iLRUkCE5S3hYRlwqHt6EUzNJvvDW5ETPLWT6t6Z1apS+qRm9A1i718rG/RGnuNfSnAGQoTjRNTZSkTdqM9
YdyHYhkzmIEMR67UbmVQ2jYhPAyhOGTmuB4Y2nJpaZrRK7edn7CY0AkiwPWZwiq25/qNgcdxC7hBvOmA1RWjIA==
YdyHYhkzmIEMR67UbmVQ2jYhPAyhOGTmuB4Y2nJpaZrRK7edn7CY0AkiwPWZwiq25/qNgcdxC7hBvOmA1RWjIA==
/3+XHCdiXl81XRHnYybueepLIDvQTl3rgCwy2AsQI2xJ9BFaeALhv0fJzSkCPSrQItKsdCPP44FcaC46WUMYEmIPLU4nVBweqATY/h8q1o1iaiAqYT4QPjTUFw4nSS3QLgHyjxWUGPNIceJABxLFty8KalogiPXnBhUL5ko=
