V56e4NHc/LxPD7Pk0NxcOVaqxbT+5oRj+Ze6stFbIx+00f6rovxyydR8wawLwEpgtNTZuznl5D1mfN1CZ9qzhaw/zXW4n569ejzrmiMj3i1Fi9GAbQ4fMiVin6nW1L3+D74YrNAhu1QPm14D5ZmLkfbh/QVVGT3yF5/bKmgWlVCIaG8Ii8arXXVPaglbHr9iQP6Bv6f2
nN30v3yiZhjucJPTme/K7c1T7/sBH7NKCn8zW3ks4YK3FVT1XC6kQPvlVDb6tqFHPRM0atQuk8/Jib8z2Y+YufLvQuIvUHNVgo+tZWUa7YiTwL3c+8NmAkE8R/BMljDHl0Z3hVoJ9a+X897PCd8VX3FAz2F/gBiAKdIA5vtyK2BHj80RLkOL6GNAKJC1pafw
4dIJlt6bwCasmxTF1DLsCwDMGXeWwH8TBFOMeIzDnxdsI8KUk56zNBLNAwJ4s7RFzIHizMC6NOlIF9Vd/fOJNFPVpZBW3RHhRPLExBMpJAIHDyPj9T8kvgyyMwvhhY/HYfNYXfqDkna3DJNR6sNd0R0m7azbbC2Io99GRumw94R0anCjH6onkULVlSt/P6778WOV+7ls37WnHLhEAd4wEkMO64RP4x2Fth9r7AsM2CTNmafU
t7eUrc6brZ+RquTBesFtXBElJB5eNMTxqeYDIph6EXyxMSboY53VAP6vmLD3YoH7rpM6c/YnWKiQkJRW7ylPi0SorPEQK10tUWErGWFtTO6D+6+rFZIhYI7VHUOovPbtnp3woton+PWmo4uLPAnvsCGzIYxjReVbCeU0GdzonLO5CSM0pbuip+k=
ItLuTk+tx2Uom4ipZOvFEgUUHjo8Ds1vGtw9SLOjqpBTKXg9VSMrE5xyPVxd+eJYB+xIgGJXfACzKu3bgps+Y9J/JOgsSHDGa6Ej6+hgaAE0E0EtTVkP6aWl4I7vcys78UqdIPKNOVOstNrN8tW0Ej7fZHU62+87+MEDkA27JZxHnRmbtb1QiVhgcFMVQWdEgYO+p/U=
nYD5TfaGh5PUlUB1ospZDAUUHjo8Ds1vGtw9SLOjqpBTOHAzUywqQZxyPVxd+eJYB+1IgGJXfACzKu3bgps+Y9J/JOgsSHDGa6Ej6+hgaAE0E0EtTVkP6aWl4I7vcys78UqdIPKNOVOstNrN8tW0Ej7fZHU62+87+MEDkA27JZxHnRmbtb1QiVhgcFMVQWdEgYO+p/U=
FREdB/Q8SP8qVw8SXEIgeOW9vhR6xq3kSgYltKBag1+IRJ3M8q26gfQKGz/COGbmZX4Oi67WJExHiUXtTMbkOEtt9G6om6B/TVvU8kRGUzf5gZ/rCScYAQInIvo/uDMtMgcNPTUy7bDjiF1Ea6um+nE0ZyicPrB/Z44XnUrhtdcne36XWfcVZwEIL/nv6Nh4GdogPivaq9i3R60JPqvLkNPIiMjljafI
GEt+cmvXA9JzS0c11lxDx9Sz4uyYTuufWLTSbjQYApSX6eSw/w31AYSSxCRTSaSiQS8gw7WfpN5MUjNrIWUPZ6HTWH06IxKWd2yTsaqj3XFdBu2Mm8yt6OM/RiYpUHcktEpwg98Kp3GCtZXLP18uW7FDldv5zF/V5/y4JME+sLKDLuukj0OdZXZ/awxLbFiEjbmn9A==
zpDHJT+hG+YTmIztUBUR0x4F+pqp2gMazeB+BmU0IFSvR+sFcQ0fQwJInb2Rhi5yvImuFhdMV/2QcOU8AsAog56owa5nSyj/jKsQK07IxlxyzllFCbuipJqpVofLrcfNbUFXYarexZcZM/NedwCY2fubHtBwXXhRxrrcCy41cA8NE4rFCYAn3xdUhclzO18p0gHqhNoDX4WVbOOXtKf/
a+Lhb5oAQg+9JRyVisVIEURWL3lmA81vEt4rWuexqcBTbDV0AW1+QZxyPVxd+eJYB+lIgGJXfACzKu3bgps+Y9J/JOgsSHDGa6Ej6+hgaAE0E0EtTVkP6aWl4I7vcys78UqdIPKNOVOstNrN8tW0Ej7fZHU62+87+MEDkA27JZxHnRmbtb1QiVhgcFMVQWdEgYO+p/U=
fTLgTn6TnyFdqbR6jnAmc5j2orHGTuuUR6TVPD0LTJWdouSw/w31AYSSxCRTSaSiRC8gw7WfpN5MUjNrIWUPZ6HTWH06IxKWd2yTsaqj3XFdBu2Mm8yt6OM/RiYpUHcktEpwg98Kp3GCtZXLP18uW7FDldv5zF/V5/y4JME+sLKDLuukj0OdZXZ/awxLbFiEjbmn9A==
4rpJ0qYfoQxPa7PtGrNwtSJ6APihBX8KLH8pfQjH9Fk0SgT8YxHEunA2INuFh8SGfIrzs5E9b/8RS9jlirtyzse0U2ma+71pbR7tlKvUzbDT54b+mQgXvATS8BtvkscpMm1VEw8HTkOBW5XDydQ/jdckePxxZtAqM7ZrPD/b/T3Gp6vUezQ4nL2hp+w=
jyuoalWMK3ElBb4NnHlUrNSp7uGaD6LXR6OLY3hHXcaV8KWw/w31AYSSxCRTSaSiRi4gw7WfpN5MUjNrIWUPZ6HTWH06IxKWd2yTsaqj3XFdBu2Mm8yt6OM/RiYpUHcktEpwg98Kp3GCtZXLP18uW7FDldv5zF/V5/y4JME+sLKDLuukj0OdZXZ/awxLbFiEjbmn9A==
0VqK6B0lzElww8p/bzjWsfja2V2mNRM5iDMEe7DU06ngNXWsS3MW8Ar48IAQ3waiER3NRgZvVEcYrmjoYEfnVxLhy0hzEYeIq8WmBi+MD00YEF3ua8HA0yZISR6/CxDvhIvIW+ZIruyqrlFVcXt61BIJLlfjre8dFeHfEXIevYcRUyvuH4AwqSO7FsBIHaDhTlpkW8Y1GN+1cwJ1UUAfzx903Tnbu7eZiuHilCJDB3UdzBvHnKfX
pVZsCtYIAxYyYTUAqZLKp9gtIfvaxIohOxikTx4jNiNDat/q3TkcrmkuJP+phKVxEQTNHZBqKbxpga6I20w9AZb/IFB/0tm7loMyU65X8Ch4IMw25zm3SxzYJFHo+3UtebHTuekdFC5766fLTSLJ4CalRWOgrM6txi14QmJ3kPVOczPrtLk3cBmjKay7tU3bYVXs+dT45PNh+auU3euKp8E=
avUnHvB8BFC10QSFhEYuStXtlD4c5W3LJvzuAd8AuF8SKzIjR2LT+sEh+I4NFtjP5UxhMVXMAW0sko3czRkyGFfEuYESd6zA40p9WzL7jqPiHzToPGgABpsBU2t4wDhB5PNxLX2536n1BXAOn9Pb+4FqjSDi7QmTHNRqTWK15NLu/xR1yvu/eyghkxC9W5Xcd30Jm6WdoMkowIDTheG3hNHjjqfF
Dwfmx17EqHM8CdFydhuDxVI2VOOgj3PgN5F2d4lUvj3bjamzo8TkTnZGm3EWlphtO2re8IEmeuzxu3g0tGaHV7yoZthhsRERLEQQlONJVVv3Te2FuO++TbpsSwqjs779hbuxsG0+fwLlsv85VkQdrs9OONzQ0ZskT0v+k2UJa8G20R01VSndwlfPO7rohjWAyBhP+Iu2i621H8qZ247fsoDO4Y+nxg==
foLsa1Z3r9NV6UNc4XYgqhMvgsF8EX7Bd6McCPwRzTTCVwgvMCNFZsnyuxXqnh/i4qf/aAMRt+hbhRbmXwyfLchQDQB7wdCz9ogZ/i+L4I80S7i71khezJpuIfXB++p0Qsl+d/Ot/z1FIY+x4p4NJ2GTG87vgABJU3umoLidMAEemrQ71jUIP+Uz0hXBwG8vrzQtWeu7x7m6oRI0ksOX1c2My+eMp8c=
KvfDUnubkFi8JmMiqnq8+9Sz4uyYTuuXWqLAOjkRHMaX763ksViHAYSSxCRTSaSiSy0hw7WfpN5MUjNrIWUPZ6HTWH06IxKWd2yTsaqj3XFdBu2Mm8yt6OM/RiYpUHcktEpwg98Kp3GCtZXLP18uW7FDldv5zF/V5/y4JME+sLKDLuukj0OdZXZ/awxLbFiEjbmn9A==
Xe7AoVjCbxxdvQa41FBdXH11ehWZHWHPIWqi16PY8QVHV2IV3f2qHmtsizXUAEGhiE6kGzpYBeY7a9T3iLs004KIiuSWXt3NtVt+7N6Zsp/HrcvViXETKXY+eR+doxfmO0BUId+LGtiMfSQZAkp4k6K1/JepY84N1aBb1xNEobE/+5ORtpFuDGZjA01RXIePuKfz
gZ2L53Ti3KFFbNIj1k52Ol5oA203DWdpdGm2Jn8M/21o0K1KHM4wc1YIuT7Pi8DPlMtY+7ZIfgw67kG1IfvKNCJJnrfTrd/9paHv8cKe7WcBE7sOz4BgCbP7BuCYndDBvhoU+zY1aH9Fs3JVocBP7w+0TZkLu+f5GiHy9PLDtxUtDKunrKfn
HpXE5Il5b42K2SHTdYjcL/SWyoeL6vsDHdu41LRGx/c8SK3/bpHR8azkULTjqZU7d+0tZbiP/u06jAtqo5N+XQXb8ZBtHj9iZRI/GVYkXU5P7ni80DFbhM8rPnNlKSthNjHdFVUJHSLXb3ua6Gb14Ei4jxiL1ssNNf+K+duuHxIArqGvp+Y=
aD3/rou4STaaqCipSXsLz1xoA3w1G2NpdGm2Jn8M/21o0K1MHM4wc1YIuT7Pi8DPlMtY+7ZIfgw67kG1IfvKNCJJnrfTrd/9paHv8cKe7WcBE7sOz4BgCbP7BuCYndDBvhoU+zY1aH9Fs3JVocBP7w+0TZkLu+f5GiHy9PLDtxUtDKunrKfn
jfYxlZeYoD29R+Pr7JeTePSWzJGX9/sDHdu41LRGx/c8SKv/bpHR8azkULTjqZU7d+0tZbiP/u06jAtqo5N+XQXb8ZBtHj9iZRI/GVYkXU5P7ni80DFbhM8rPnNlKSthNjHdFVUJHSLXb3ua6Gb14Ei4jxiL1ssNNf+K+duuHxIArqGvp+Y=
AMxGJhfNJq0owtfidx8Xg/SWzYeF8vsDHdu41LRGx/c8SKj/bpHR8azkULTjqZU7d+0tZbiP/u06jAtqo5N+XQXb8ZBtHj9iZRI/GVYkXU5P7ni80DFbhM8rPnNlKSthNjHdFVUJHSLXb3ua6Gb14Ei4jxiL1ssNNf+K+duuHxIArqGvp+Y=
Xs11jx3k6QD2bDYdq5d1S+r3UKzBuOXljXOVj66A5lABy5ypyaN2O2jr1V0sdmSIK900XsKor08taxRCJPbTh5kxX9tpFxgxYhfiSl8Is51St80NVQLtgIO4nfQLGyZKEYSnGPwOsE8HvtctKlE1Z0fLvqc5xxVXYTjvSY9YWMh5auAMS+qr6Nd3bbleG0sgs3hI+IW9p/g=
V6q8HQL8k3m7mmwlfbIDsCddvfHYjR7lAyr3tbw/wZaY1vjQ/11weqjSRc2RbgxRfNuw0l6JxlEkYkRU85lk8iYdL/PVz2QO7CKzm4E1T7dB41hN2vNSxtecE8EKcx0hPTbtvPucbThDT8bWiQA39FR6cLM/2uchIkUVu5+P7gvRc5XrmZyfBUeMONRhbvBgYx7rlG+T3TXWj+t867yY1O2Jp8Q=
OGx7tHSjKaG05GpQRaw4KhB7zVqrgwS20wMaYed5HlrKQeQd1LOXFnMg/3T0ivzAxKdhABEx4i8Tw7PUalOkuoWA0k8YF98V3Xye3KTW8wxO7JS0s0iX7M8nJJGZr5iZsk/CQm9wc3XCLy3FJTrtqNNgPXy742YiAZzHUAy2MOfX5vclGin1j9dTXm9J/xV/MeBPwT+gGKBpcoBEu1IrQAcvTbFuY4vII+CoMPWFp9A=
OGx7tHSjKaG05GpQRaw4KhB7zVqrgwS20wMaYed5HlrKQeQd1LOXFnMg/3T0ivzAxKdhABEx4i8Tw7PUalOkuoWA0k8YF98V3Xye3KTW8wxO7JS0s0iX7M8nJJGZr5iZsk/CQm9wc3XCLy3FJTrtqNNgPXy742YiAZzHUAy2MOfX5vclGin1j9dTXm9J/xV/MeBPwT+gGKBpcoBEu1IrQAcvTbFuY4vII+CoMPWFp9A=
eEKtqPm633eWfeliD/767Cenu0Bop9al6+WNPIx0uNexfv3FzdznQVAXDfZtig1nXVL4mF8OFGHnDWmt3PhoqAN1LWcHcZW5eFPG8UrQM7ZDD8bBdYfJjG0CBz4VjoeFtvhlEj/yQGAQ7eMYv3eGr4U1E31GbWWJ1ZWlfqdzQ4YIuk28OCc3xEsK8xFFo7IlOzKnjnDymbOn+g==
+/1vD1FwZD4GUxSoGOR6jj3aZQhjZXMVtzgFLkBZ25+mYSVJHgCqxy0py0ughWeKy4PsKg7HIJOGyOleXwtwL2QLaJvGSE4syi7xFVF7WpTyiU6Xw63P3XVhP1FSHp3HsdNLLv+AEGmDO/YAKB1Aoe7axBsmNXgfFfOitTFA/49/9H55+7vX2WphQlQCQye1fUz7h7yn9w==
NOQkwvmOh6Jh6AcqBvL7Z19SeMo5/XvJ/fhQFJz1aTc10M4eXaEUGQcsOHShjnBBI37r9C+zXdUWL+vcq9wY9C1ppyQ=
sYD4I01TIvSJ3QGSxl1bn9ApLfPf8Nk7NSXrXwRqVSEQUOPE7CwPvGprYuC/x+9xGRDGPv0zeZpdrLTx3RNnX8r/OUEyz5+/lcU8SKxX8Ch4IMw25zm3SxzYJFHo+3UtebHTuekdFC5766fLTSLJ4CalRWOgrM6txi14QmJ3kPVOczPrtLk3cBmjKay4tU3bYVXs+dT45PNh+auU3euKp8E=
anLsJ3gavghF6pJ+8OGNa/dE6EnXTtczpoJQN9sPkNe7LQHlDVueXajTS1yFWT8WGzMDghUKUvcQtaJz1MesnhrcyOT5sjWSYBH/jBMc6/BU8AOg/dwCpea5zezrmfNTj/pkJz+UETPp+X+jub+Y6VIfAvLP4POFov9t9QUq7dgzMP3MG3Pm0mFMh2AspjCXN7Y3lbq5dX+3gx5fae8VD9Gwj3GfMJhQCaLAeptCKzDnf40BzvMLOEMw6ADVlaeg
FhAxyz9Yqk7QrcjTRZ+jukVxiNgxYBbZFUH3u5ySlvhZfV2c46oBNOM0ugl3q6wjPDELUIXrTTzzjeEbja0o6XCw+JMd8Q8k2TNmpy0=
uyrAo2zcqZW8COr7b2/Pwm9b/HqGSQFca0LKLUWqCsecoh3WgZCPvFByFAQG1MbqtIbGBeeIWY8UZ+4/Zdj/wsSdaJ9Vbl27uDjulYHAL69vNOHZK7sHOfqhUrTSw9dVjYwLZ0ynBw==
XZf5F8Sz/2iI/h9mvM9DKiLGjyvn/g3BnugFgNq4alyOe2belMDQQGIdDl/ez+yxvGFy9Ve2uKahSQvV1bzwmOQheUv9dE6yhdUkxW+o2DiZmiDyqxqrGDeHrUm+68vQU4iICGVNpwg=
feLpvkWFhYVuyxbgyqJ6G3oznR/LmZb67PzQdAox3puGk0wlNO3CEe/K+FKJJRvRzaCQTCxtCe8FyM4GbXl0gbd0+CyRlhCWk+ZrbJ9rPc0mdyuEG0R4LB1xpzw=
C3KF4Yl1YT5dVaoFWV6H8wJvtvpKVKQi0ZCG9uT40EhyBS637reseWw5El2nDjguMdGrvWVEMNC0+ZljjUxOupXNBC1f0JjwScJAWluiK5CnHw0hDhMLmANQaCAVdacA
8gpssRbqj1AZFRbwG6+flCtcmd97ZoU45pCG9uT40EhyBS637reseWw5El2nDjguMdGrvWVEMNC0+ZljjUxOupXNBC1f0JjwScJAWluiK5CnHw0hDhMLmANQaCAVdacA
+SjWDY/lrGE8LEbae+Fl7Cp42NU0jFs4DnBgelD2jr9WARoF3NeAk3r7Q6xY8O2L82uxFmAeeLPRpUkODkSptzzba6KoHmWoaLx/wAuOuwUVNxoBG5YPWmAmEXenPg==
mo22Z151wCJS9HEgJ2UZxhB7zVqrgwS20wMaYed5HlrKQeQd1LOXFnMg/3T0ivzAxKdhABEx4i8Tw7PUalOkuoWA0k8YF98V3Xye3KTW8wxO7JS0s0iX7M8nJJGZr5iZsk/CQm9wc3XCLy3FJTrtqNNgPXy742YiAZzHUAy2MOfX5vclGin1j9dTXm9J/xV/MeBPwT+gGKBpcoBKu1IrQAcvTbFuY4vII+CoMPWFp9A=
TCof4Np5p/CZYgBBo2dhB0VxiNkxYBbZFUH3u5ySlvhZfV2c46oBNOM0ugl3q6wjPDELUIXrTTzzjeEbja0o6XCw+JMd8Q8k2TNmpy0=
y4876nmKpsMd4AAzirJXWcrmgzagdknn82RFyFPR0nlDamTtXZXa9vBV52+gnh42HrCi17cgG4PrfBxx42JJqH1T5SeqjiOESaq7UIWWloEpImLAWSLyUPFdsQOQtxOuug7u082RusPoDWaVPHhaf4gEOailVQRlf2W6d0i79FPCiMpk1l4dTXVbPmyemfIfB60LVclxU6k2PrmfXaNXZntAFKEfi9pYzH1kmUJKuBNitbwX6WMOjRWgm1dTROU2//pTEXaRLowmY8PNkVxHD/insw==
QgF96ZMFwsQHOHR9+KznZjK9RxRvrFaG7XR3n9Pu9lu9kKUG6whEXWDSJq2xqUKZ33lNWaL4Njo6D6kMzzvQlzKORz/DC8yWFehfmq1cs46QjS8iZMxfOsRc522nb6avdYKcbsj/q0mMrz49MFkKIJwzzsR/5GMNsqkp1Wwb/mOS/2TobMiwxqsh4+uo4CgBdJOBLY3ZT+nlJaCOL/PrOzHK3SCyDXlTbDQazTJV9BJ+XyR1+lsvOzhBQ5BNO2WcgxrZmnU9EIkY4DBT1cGnREED/qe1
Ug0jetv3EXryqfwxrqtnemIaPKz68U6+s7uPQiaMhHKxbcWgqfs1rS1JPQjJ7GDzhekFBRC9kMvgRLkp/Uw72hHzz1K5XwKoftAiNNY4EhUDqKLlTty+Sdp45S71HSPgPAv+eW1Y/RFZkaXJ86HcOZ0pZN4GAKlfz5Y9BaElDychE1i9umMS1vcsk3EqY92x3UbtzBsMrShj/0ZmqRB3ZDSKcENfSqcxAvWVC7+fLpsxA5WbeQxfFWc8uGRBfrD2BO7qZA8DnSX2P2vMy6xYRA35p7Q=
6n9aLaGPM0rkXquDW3QGn2IaPKz68U6+s7uPQiaMhHKxbcWgqfs1qy1JPQjP7GDzhekFBRC9kMvgRLkp0Vs70w392FK5XwKoftAiNNY4EhUDqKLlTty+Sdp45S71HSPgPAv+eW1Y/RFZkaXJ86HcOZ0pZN4GAKlfz5Y9BaElDychE1i9umMS1vcsk3EqY92x3UbtzBsMrShj/0ZmqRB3ZDSKcENfSqcxAvWVC7+fLpsxA5WbeQxfFWc8uGRBfrD2BO7qZA8DnSX2P2vMy6xYRA35p7Q=
s7FOtNcDGdYK+X8Geb2aAiQc5e7WOA7n1CvdZh96oTD1rV0HTEuyM4DXuP8Dy22p7BbOLNBukuCfW8hKf1a0twOq996tsJ1B6oJiJhImIjYK7w+uoudKIrZDJm713OEz2/oQ7d5biQbV+wWnVZvHb4QDUW8kHEK+YRVzQG23dUu3/U21uN8e/Xp8a1oj417tRctRwG1On3Iloh9p1hQ9vg/+mOzQ4TuUD1veQ+XZC9H2IX3FVdm9MhffW2poVhWQiKzoyIqGKx11D+rJW94/okC+Af+ntg==
Y8glXr7EFklEFHAMvpESTWIaPKz68U6+s7uPQiaMhHKxbcWgqfs1qy1JPQjP7GDzhekFBRC9kMvgRLkp/Uw7xAzyxVK5XwKoftAiNNY4EhUDqKLlTty+Sdp45S71HSPgPAv+eW1Y/RFZkaXJ86HcOZ0pZN4GAKlfz5Y9BaElDychE1i9umMS1vcsk3EqY92x3UbtzBsMrShj/0ZmqRB3ZDSKcENfSqcxAvWVC7+fLpsxA5WbeQxfFWc8uGRBfrD2BO7qZA8DnSX2P2vMy6xYRA35p7Q=
tZ++6KKDkkEO7OseGCLkoiQc5e7WOA7n1CvdZh96oTD1rV0HTEuyNYDXuP8Fy22p7BbOLNBukuCfW8hKblC2oge+996tsJ1B6oJiJhImIjYK7w+uoudKIrZDJm713OEz2/oQ7d5biQbV+wWnVZvHb4QDUW8kHEK+YRVzQG23dUu3/U21uN8e/Xp8a1oj417tRctRwG1On3Iloh9p1hQ9vg/+mOzQ4TuUD1veQ+XZC9H2IX3FVdm9MhffW2poVhWQiKzoyIqGKx11D+rJW94/okC+Af+ntg==
pUuZS6jKV7qtY6ljZkwzQsrmgzagdknn82RFyFPR0nlDamTtXZXa8OENv3+2lUppGbO3/vFDXMH8JAsx51BOvmhO5SeqjiOESaq7UIWWloEpImLAWSLyUPFdsQOQtxOuug7u082RusPoDWaVPHhaf4gEOailVQRlf2W6d0i79FPCiMpk1l4dTXVbPmyemfIfB60LVclxU6k2PrmfXaNXZntAFKEfi9pYzH1kmUJKuBNitbwX6WMOjRWgm1dTROU2//pTEXaRLowmY8PNkVxHD/insw==
2xHn+iF05rT3YbnwiL6Vhcrmgzagdknn82RFyFPR0nlDamTtXZXa8OENv3+2lUppGbO3/vFDXMH8JAsx7kNEo2hM5SeqjiOESaq7UIWWloEpImLAWSLyUPFdsQOQtxOuug7u082RusPoDWaVPHhaf4gEOailVQRlf2W6d0i79FPCiMpk1l4dTXVbPmyemfIfB60LVclxU6k2PrmfXaNXZntAFKEfi9pYzH1kmUJKuBNitbwX6WMOjRWgm1dTROU2//pTEXaRLowmY8PNkVxHD/insw==
idYOai3rr9TjUCGQ3GCNNNiGT7MnwVFqAcMi4usdWCeVkUtCgC2/GUWwRJ3C8/oHmV7R6n7Ih7ppOpaKrfpesJH8bsviOBX4D3MYRmHAg/qRtKe+ZJUjImjUqwrQtNsNe0fSf6H6UK6ER38ZOEdinczxntAoq0JE83zXfSYBVXWwc0qzxkeoqCAw5JZfCb8LlIg8MQCLjS2BwTvZ8U2cbnPbH2tlMpFgfrUtg9hcxm1O/WBiyseo9XbDm8us6b8wEdPRzFeilVq5RcRZbMjsM+kps3S1G/KnuQ==
p5WQUR2gMjxJi/rAnvOoPTcfyq8TXjQvgJS/DPpExGG3Y1Xayd5IFEic3wFKmj8hV+R4vPEm0O+09mp8vxv9fUbnqxT79DjcPWGnLA==
H2FuzlIWmcd1WFpuphbjI2D+JZ0N5vJU64MzMb+bvRBoAEbxmoOFA1cT4NoxT49MrZhWVX5dMZefvIvCaX+yjMMTJkXJgOdf11RATrM6n6kSASoEGgOfBVVsIxd0pz8=
9f02MfOxDgdoNOgnWxL7NvRJ3S56sghNeUJThXQDTzTelyvUoVl3dljbdIjmJ4FpLXzH9ouPmfbEvcislkR6DUJX62zpz3Vj57pvC1wdaScXXDOSAX9JU39prvURQN9P33SYvhu69xnK4SIUYkNH9d3MW0dcpxc=
q+YT5uj05j4eVwDr0jYEU8vXlHdXyfbnZA9T76+VaPp/SHfXBNC+i0khlYL5BigMeITfCnWGRflnvLjkQf6wdwRu6uQPg52l9r9rTMssWMQNeac0
IC7xVQDPy6NnDkulwWG+gDcFzK8PRjUvgJS/DPpExGG3Y1Xayd5IFEic3wFKmj8hV+R4vPEm0Om09mp8vxv9fUbnqxT79DjcPWGnLA==
kOb1KtmBzuklYSDrKc1dP8vXlG1Ryer/ZQ9T76+VaPp/SG3RBMymikkhlYL5BigMeITfCnWGRflnvLjkQf6wcQRu6uQPg52l9r9rTMssWMQNeac0
i6E0XjR6jExcChkMPhX0G2I2x1tY2P/IsriUtQ/Ptb4hQvig0BBfhcImr7WviNgYWfqgGOk6qTh3Zy0pfsvL8JPoCOglbaco
wbM1ShKUcavOjtg0GzffSlMnhJgqCV1jioTwQeAR6lD5eVXayd5IFEic3xJFniUhV+R4vPEm0Oyx9ml8vxv9fUbnqxT79DjcPWGnLA==
0UhGFSlHhK1T8yTQUtfjuWM2x1tY2P/IsriUtQ/Ptb4hQvig0BBfhcImr7WviNgYWfqgHuk6qTh3Zy0pfsvL8JPoCOglbaco
/GOmOuH7c5bScidrrfv4l1MnhJgqCV1jioTwQeAQ6lD5eVXayd5IFEic3xJFniUhV+R4vPEm0Oqx9ml8vxv9fUbnqxT79DjcPWGnLA==
/Je4rkVVzhYcCf/sg3jfGuLzo8be2KvXTirJhc3cz0Xz0hh8TCRIrYzL0FAXJRBcZ6fd3tS7gsdbhet/YccJ0FpzEGOErdmxTarZZg81vk4XBHjcMcZQTHDWaVx/u32dhoer9LuUuHx9QacM
PhEEjhxL5viryx05/o5hLeLzo8be2KvXTyrJhc3cz0Xz0hh8TCRIrYzL0FAXJRBcZ6fd3tS7gsdbhet/YccJ0VpzEGOErdmxTarZZg81vk4XBHjcMcZQSHDWaVx/u32dhoer9LuUuHx9QacM
8xKMAHDSskSteeVUZOkr0OZ9eH0/wgbGkoSXmOBrAhDJ4ZDqOddCnl4H08nCczRRGYjXpfPrjY+8nQJOW+oa/N8CdBBFj2p6AE1oT/HnOfCZuPPnBihzrshSvUTYMeRsyaKjCSXbwk17Gpe20GpJW6cS
Kl1ZzLIb8Y/ha48ZhVNfPpRQ2CsEzGoIv7ImFhXGponAVV0OIMC9n4ojlP3tgXB9bazcSDpORuXEQ705N02GWuORm9A1i718rW3RGX2NeCnAEAgTjRFfZCkTdqc9
1XNgKn9UQ9EG9Pb3/K47DTJh15UicBDODkS4nd2Il/BMYRyN8+MFNPFmuz9gqLkbPDELUIXrTTz6i+EZja0o6XCw+JMd8Q8k2TNmpy0=
zZ4j5J7E+yJvxBxfG8pWtBMytxRDjJjIsriUtQ/Ptb4hQvig0BBfhcImr7WviNgYWfqgGO06qTh3Zy0pfsvL8JPoCOglbaco
A2/fxtcM7PZOyhRBBpLMtV0soeNg5WsDOGoWHnzP45EFDHWUgGqM3p/HBmBn72O2iMotDPgy0RRJWpMBBRNS1bsCh/4w4jljpyo=
4/QeGfQLNVC9Use6EuBUkA0ZNZoQXZKAOzz7V0JI1ZgGuoKFqYDHHzfU447TOb/p8oGKxHoDv0W17IPXFKdf
4TYxc6N1jSYN4jTuUDFVtUIw+sV5QbnpEcppazMsPY0FO2bl92wn//bIYTBaas593WDTBzvk36YHeWuBDvEGXO6jC/35PN8/YKcr
5Sk/pk8XTMgi1dfY+SM3pDEA/8FnLQPFDkK4p92R2/pEaVKH86IBNOEzsAgn/JwyODELUIXrTTz5iuEZja0o6XCw+JMd8Q8k2TNmpy0=
sB/yHugiV+wQ34+x8UMa113jciGnl64XbCeC8bFQfgT1wBmjv4pTqFl1fMLhEQxgrtrftkRd/cj+2go18UC/Dz/0Pf47uRdZqmGC1EJDZzU9TDsHfKc3
yOF2BptbAf85grtSPtt3F7LEdwX+735a3V3PTamHX0z0Bl0JD5z+we57C1oKBIzr2xzzntZGF75HizhaacWqgbbKsFc9LAqpfue7euhGtUDI28w4iPYL7bVfStnbzl9ygA5hT6cG
KJMvmThs/o07+fbjqZfWB7LEdwX+735a3V3PTamHX0z0Bl0JD5z+we57C1oKBIzr2xzzntZGF75HizhaacWqgbbKsFc9LAqpfue7euhGtUDI1cw4iPYL7bVfStnbzl9ygA5hT6cG
Ejb3TPRGZJ2fYFjrkbGMp2kAxr8OXA98z4/xDOMIz2n0JFnfzsdOWCy5/UYevxYlV+R4vPEm0O6z9mh8vxv9fUbnqxT79DjcPWGnLA==
RenKZYBAAB8ZMQ5ap3LcVN3KwAoBhOYxZiKuHRfczPJI0XvQFUsd/Myr8R+dzdipoNBoE61Rv+SJ0xanXQ==
cXwwEsg9ORJHyas0OMVsqQZ077XPFOFqzVrLX/Qwse5aXbzhyooanaN0YKKUia+w4TPhjCHGJV5JZXQZHGjcs/mJ4zTlO2KnKQ==
QlmVxvCFALUL+Hpoas0Fnzqsv16w6SDu6N1REIoqHh1N4CNny6Qkwxd9e6E+sbb8XiObXan8j98Qp1s=
EvYNOH81scuC2Un3SILWXbIzOjkHZyldJYsQQIiqwhFDEpYdL+z00mDhMxBdm7VcUD1pnAVdQEnIACDT5aHXBPEjbqcl
970l1jwcMFGJVtoFomDOhRyf0mhunc0ezMn9Nv7v1nX3VPgMUfaQNtMGbIzfy72t5lcrpFuk+IzdEadc
3AniryGZktBbYG4VZhyr4LIzOjkHZyldJYsQQIiqwhFeEpYdL+z00mDhMxBdm7VcUTxpnAVdQEnIACDT5aHXBPEjbqcl
v7Ov8n5nzORhKCchmmGd8AZ077XPFOFqzVrLX/Qwse5aXbzhyooanaN0YKKUia+w4TPhjCDCJVxJZXQZHGjcs/mJ4zTlO2KnKQ==
x+nqTHheO7yb7q8UZwhOy1Uz3ZdwJRGLCkWjp93Cm70OJluB9uQcMr0Cnh0n/JwyODELUIXrTTz7juETja0o6XCw+JMd8Q8k2TNmpy0=
vXKzfzu8uQXTTBOfOCrITlUz3ZdwJRGLCkWjp93Cm70OJluB9uQcMr0Cnh0n/JwyODELUIXrTTzzjuETja0o6XCw+JMd8Q8k2TNmpy0=
x8Lp1wj9kgxgsB/SWf9UI1dVdNIZUdTQJjqnZmxd1ZgGuoKFqYDHHzfU44rTOL7p8oGKxHoDv0W17IPXFKdf
Ki4DQ7dgzqZsVaYRyabrjsDizIrR9VSeyUFCtaY++PO9iEJdbtNT/kiC3XQYqkecyNMDmWXrIh37yrfGEPopa6ci
Mh9P0D23FbpOWzoX1lnqDFo9xqx7sXoBL2oWHnzP45EFDHWUgGqM3p/HBmBn72O2iMotDPg21BROW5MBBRNS1bsCh/4w4jljpyo=
NIqhLm+MwXDjm7uKv3IbGCsutuNg5WsBL2oWHnzP45EFDHWUgGqM3p/HBmBn72O2iMotDPg21BROW5MBBRNS1bsCh/4w4jljpyo=
IV16sEZVA8R4vPF4UY2q2Vo9xqx7sXsBL2oWHnzP45EFDHWUgGqM3p/HBmBn72O2iMotDPg00BROW5MBBRNS1bsCh/4w4jljpyo=
iEmrI1fkmcmXFKzEFoI2CCgutuNg5WsBL2oWHnzP45EFDHWUgGqM3p/HBmBn72O2iMotDPg00BROW5MBBRNS1bsCh/4w4jljpyo=
k1CS8rzegU4nM43WF5qmxVt8fzheZGggSeTcvUYCILX+tOBdIKKGNREzIsWkrE0hme/TMQV9yOu9kHIVjlvDRgh6zXw45LQETEtzUUXjMmU7cidOcDIZc6c6
WIlD1t3by8Zrk3dwXOdMgqTgGKH6qiqdk1RQYiQpHzBxk7FMcOU1XFiFJNlMiEwziWmT9JXbEqdZ
KnZqsqdKrUHh4HzMInBD4fZC5VXFRoVx0ehYf8YUhpK9PAX3EXeGQZSFWWekEGFFMRYuqg9HBrZZoKBT2p3puArw5Im+7m/OcRXvyRgB06tZ/iyx8MoYveez+aDN3/BRgtByNzOBFzbp+X+jub+Y6VIfAvLP4POFov9t9QUq7dgzMP3MG3Pm0mFMh2AspjCXN7Y3lbq5dX+3gx5fae8VD9Gwj3GfMJhQCaLAc51CIzHnf40BzvMLOEMw6ADVlaeg
w8O6AXrtjQl6AA8tDT5CaGQYIa6GZ1MXGH9T0ecO2dgOzS0te+LEkGL2ELcdFjxwd9k24LpHi5vj2eqeDOtiuL+EtatXe7SnczHNcKQzjDxoV4NtoXKBGbBrtv5aFS+XBzzth4fRVdl4s4ZRyrBzVkMvBmH1Z4msbSJH3pUuR6W2GCVyv1IAgBCNI7g/l0bPhRVT3cYNpanVtWUeJ9MDpgjajVy4gfCkQ+uzscXD8sU7Emcu8BLZk6fa
yEvW7j96N4mHRPV7kQfGcmQYIa6GZ1MXGH9T0ecO2dgOzS0te+LEkGL2ELcdFjxwd9k24LpHi5vj2eqeDOtiuL+EtatXe7SnczHNcKQzjDxoV4NtoXKBGbBrtv5aFS+XBzzth4fRVdl4s4ZRyrBzVkMvBmH1Z4msbSJH3pUuR6W2GCVyv1IAgBCNI7g/l0bPhRVT3cYNpanVtWUeJ9MDpgjajVy4gfWkQuuzscXD8sU7Emcu8BLZk6fa
MTXqZJZcBZWM8FZupZt9UmQYIa6GZ1MXGH9T0ecO2dgOzS0te+LEkGL2ELcdFjxwd9k24LpHi5vj2eqeDOtiuL+EtatXe7SnczHNcKQzjDxoV4NtoXKBGbBrtv5aFS+XBzzth4fRVdl4s4ZRyrBzVkMvBmH1Z4msbSJH3pUuR6W2GCVyv1IAgBCNI7g/l0bPhRVT3cYNpanVtWUeJ9MDpgjajVy4g/ekS+6zvsXD8sU7Emcu8BLZk6fa
XEMUzRCboGw+iLiZtNbm5/ZC5VXFRoVx0ehYf8YUhpK9PAX3EXeGQZSFWWekEGFFMRYuqg9HBrZZoKBT2p3puArw5Im+7m/OcRXvyRgB06tZ/iyx8MoYveez+aDN3/BRgtByNzOBFzbp+X+jub+Y6VIfAvLP4POFov9t9QUq7dgzMP3MG3Pm0mFMh2AspjCXN7Y3lbq5dX+3gx5fae8VD9Gwj3GfMJhQCaLAdJtCKjTncI0BzvMLOEMw6ADVlaeg
hwjIvYEa7yLN/bUr0FoStGQYIa6GZ1MXGH9T0ecO2dgOzS0te+LEkGL2ELcdFjxwd9k24LpHi5vj2eqeDOtiuL+EtatXe7SnczHNcKQzjDxoV4NtoXKBGbBrtv5aFS+XBzzth4fRVdl4s4ZRyrBzVkMvBmH1Z4msbSJH3pUuR6W2GCVyv1IAgBCNI7g/l0bPhRVT3cYNpanVtWUeJ9MDpgjajVy4hvakSu6zvsXD8sU7Emcu8BLZk6fa
bE1Nh+Zd0RbMp0+6gu5NXGQYIa6GZ1MXGH9T0ecO2dgOzS0te+LEkGL2ELcdFjxwd9k24LpHi5vj2eqeDOtiuL+EtatXe7SnczHNcKQzjDxoV4NtoXKBGbBrtv5aFS+XBzzth4fRVdl4s4ZRyrBzVkMvBmH1Z4msbSJH3pUuR6W2GCVyv1IAgBCNI7g/l0bPhRVT3cYNpanVtWUeJ9MDpgjajVy4gvGkSu6zvsXD8sU7Emcu8BLZk6fa
ktqPSzXD5gPTIOn3f8IZXmQYIa6GZ1MXGH9T0ecO2dgOzS0te+LEkGL2ELcdFjxwd9k24LpHi5vj2eqeDOtiuL+EtatXe7SnczHNcKQzjDxoV4NtoXKBGbBrtv5aFS+XBzzth4fRVdl4s4ZRyrBzVkMvBmH1Z4msbSJH3pUuR6W2GCVyv1IAgBCNI7g/l0bPhRVT3cYNpanVtWUeJ9MDpgjajVy4hfGkSu6zvsXD8sU7Emcu8BLZk6fa
5TTvYDX9PUF81gpFnMpXK2QYIa6GZ1MXGH9T0ecO2dgOzS0te+LEkGL2ELcdFjxwd9k24LpHi5vj2eqeDOtiuL+EtatXe7SnczHNcKQzjDxoV4NtoXKBGbBrtv5aFS+XBzzth4fRVdl4s4ZRyrBzVkMvBmH1Z4msbSJH3pUuR6W2GCVyv1IAgBCNI7g/l0bPhRVT3cYNpanVtWUeJ9MDpgjajVy4iPGkSu6zvsXD8sU7Emcu8BLZk6fa
qWkQ8m/PjrHNfJI1TncxAmQYIa6GZ1MXGH9T0ecO2dgOzS0te+LEkGL2ELcdFjxwd9k24LpHi5vj2eqeDOtiuL+EtatXe7SnczHNcKQzjDxoV4NtoXKBGbBrtv5aFS+XBzzth4fRVdl4s4ZRyrBzVkMvBmH1Z4msbSJH3pUuR6W2GCVyv1IAgBCNI7g/l0bPhRVT3cYNpanVtWUeJ9MDpgjajVy4ifGkSu6zvsXD8sU7Emcu8BLZk6fa
qWkQ8m/PjrHNfJI1TncxAmQYIa6GZ1MXGH9T0ecO2dgOzS0te+LEkGL2ELcdFjxwd9k24LpHi5vj2eqeDOtiuL+EtatXe7SnczHNcKQzjDxoV4NtoXKBGbBrtv5aFS+XBzzth4fRVdl4s4ZRyrBzVkMvBmH1Z4msbSJH3pUuR6W2GCVyv1IAgBCNI7g/l0bPhRVT3cYNpanVtWUeJ9MDpgjajVy4ifGkSu6zvsXD8sU7Emcu8BLZk6fa
aPXbcKWUimfnE8Cnph7Qfd/fDFuF3YgLvXAytQ47AyYIWo3cuAT1JElusz7FQ/JFO5JnrvCS2ROnWg==
Yv+7GvsL3Uxi7fbwrvMqYgZ077XPFOFqzVrLX/Qwse5aXbzhyooanaN0YKKUia+w4TPhjC7GJVlNZXsZHGjcs/mJ4zTlO2KnKQ==
s8hOnKIbBtvKK00TzgR4vcDizIrR9VSeyUFCtaY++PO9iEJdbtNT/kiC3XQYq0ecydYDlmXrIh37yrfGEPopa6ci
hPm0pXSVbNoQpkJWV/wsgAD9423LJoRegSH8Omnl6iE2qnB3PQzKyf5H+1roJnWgSHsJWIkSS0I1Pwo52+6f0gDuIW+nJg==
j0H18tr8MCPgYddonHOVdYZf5xrUBaB6tfF4eJKKE97Q3Wkgsgo2LQUga7djBLBTj/jnMalR3iwW49OtwRz3L2inIw==
5UpbSZSluLjGBxZquP8uNMDizIrR9VSeyUFCtaY++PO9iEJdbtNT/kiC3XQYqEScyNYDlmXrIh37yrfGEPopa6ci
MtNU1hmkA7cKKr2KypKodzYFzK8PRjUvgJS/DPpExGG3Y1Xayd5IFEic3wFKmj8hV+R4vPEm0Om19mx4vxT9fUbnqxT79DjcPWGnLA==
7KAn3LYnjLhCnd05u9Qn/l2Hx+QqSxyxrGz9dUQdOiLtWtV79N1BN0/8uyJ5f7Hj98l25TkAd79nFJZvwzyryc3BWqSKgy/lBSzTN2SnLw==
0E45Y7LI0qb2FvehxPOoC19Cv01iAHqF0ia31j4ss6NK3zlRnU/a+6dvDE0ZlO+5g/e1k1xBOhIrtiIgH97MTDXT0qbg0dDTgX+Iex4kS3t2tMsyKI4FGKhgWLAMeptaVYf6kZsGr6qgdnFHpw4=
0UlGYdDzBV6VzlAj0xPsfXjo0kzs5SkVPZ3khAo5CADRmJFvtmtQPanJjM0AdHgonrbqdVzCLr6zxRrKT+k/MJHTUczSohVcPUVLWezIbDNpKTN0NRtypzk=
5I3Xd/SVGKb9UppaX50FKiw0ENtEXdHXPzzrAkl/g80vnpeFqYDHHzfU5I7TPLvp/YGKxHoDv0W17IPXFKdf
UmeSCwio2NgBCFvGFpLUg+Z9eH0/wgbGkoSXmOBrAhDJ4ZDqOddDnl4H08nCczRRGYjXpfPrjY+8nQJOW+oa/N8CdBBFj2p6AE1oT/HnOfCZuPPnBihzrshSvUTYMOVsw6ajBiXbwk17Gpe20GpJW6cS
iW7WzEdyD0upUVxurpOIqNxD8Q/SQKNtoP1qY5K7G6Cg6CxugyQjLQUga7djBLRRj/PnMalR3iwW49OtwRz3L2inIw==
jf6pjg7GWGxx9uu+TXxAgHweh6Fu5SomXyRNF2eOrsMFG2mNty6Wi4jFHHRg/mO2iMotDPgx1xRDXpMOBRNS1bsCh/4w4jljpyo=
Cwy839JFC8m+PzFxW0ht+FQKcIDdzP7IYflZI0Sdjht+K4coJGio5h+0T9VhwA9vz7QKGUuzI3lVITJ0MsP3le0M6ydspyc=
ODPDxW14ndpRDRlRVc15zADSkbxnAxWg6GbiIBIGOTj3Vqd4vN1WK1bL/zgsaKD259Rn5TkAd79nFJJpwzOryc3BWqSKgy/lBSzTN2SnLw==
fUbip6yrXqfuym8pjfK3Un80mtQ+kUwvSGtGfUr05vtSARoXy9zaiXa1QL9Y9+KR7mntFyUPYann6j4fCFG0sDDaa6KoHmWoaLd/wAOKuwoVNxoBG5YPWmAmEXenPg==
H6FJQZHM2LNzVqO6ZJR3P3Me0b5aCk5phs34RaZPxmPxMVXN1cd/UFLJyANQjjgwV+R4vPEm0Ouz9mN4vxT9fUbnqxT79DjcPWGnLA==
hAIYdH9NCeSXGvc2PCVAH380mtQ+kUwvSGtGfUr05vtSARoXy9zaiXa1QL9Y9+KR7mntFyUPYann6j4fCFG0sDDaa6KoHmWoaLF/wAOKuwoVNxoBG5YPWmAmEXenPg==
7vkykmBdzXbMzgcpRPbIQ3Me0b5aCk5phs34RaZPxmPxMVXN1cd/UFLJyANQjjgwV+R4vPEm0Omz9mN4vxT9fUbnqxT79DjcPWGnLA==
1deL8rSe/E9tKOF5v6ZQZX80mtQ+kUwvSGtGfUr05vtSARoXy9zaiXa1QL9Y9+KR7mntFyUPYann6j4fCFG0sDDaa6KoHmWoaLN/wAOKuwoVNxoBG5YPWmAmEXenPg==
NG/2g4EsKyCbjGlqKQzuFuVamc91CioDny48KShNO91IMVer4nFRFjkQWAoVYzTfseD4kYugIQL8GJqotJQ8cu5nbo3Ev/yD1TwOKAJyTZxN8StQpSvtvF9MwRNpbUdpkPCYk/2xr6R5c0anDQ==
akaaT6GS5+3Cn6X/SCG5VeVamc91CioDny48KShNO91IMVer4nFRFjkQWAoVYzTfseD4kYugIQL8GJqotJQ8cu5nbo3Ev/yD1TwOKAJyTZxN8StQpSvtvF5MwRNpbUdpkPCYk/2xr6R5c0anDQ==
7ev/fLnPApnA5A1T6WDEaqiOtx4MNoOOxn4y3J/6wmSkSIrogopQG1B9+sPCe2tAsOg8DnNk842VoBtX00RiMH/z1xH5ka6MpmNDzRFcxw94pzM=
DujIj2+wpLJ7dGXjgUDsl3Me0b5aCk5phs34RaZPxmPxMVXN1cd/UFLJyANQjjgwV+R4vPEm0Oe09mN4vxT9fUbnqxT79DjcPWGnLA==
/sdxbLazIqihXybmYG2htn80mtQ+kUwvSGtGfUr05vtSARoXy9zaiXa1QL9Y9+KR7mntFyUPYann6j4fCFG0sDDaa6KoHmWoaL14wAOKuwoVNxoBG5YPWmAmEXenPg==
xdCeGdFCmRuCZLo8G7XgyXMe0b5aCk5phs34RaZPxmPxMVXN1cd/UFLJyANQjjgwV+R4vPEm0O2x9mJ4vxT9fUbnqxT79DjcPWGnLA==
D/AUwpCPVXB/Ix/pEg2P+H80mtQ+kUwvSGtGfUr05vtSARoXy9zaiXa1QL9Y9+KR7mntFyUPYann6j4fCFG0sDDaa6KoHmWoaLd9wAKKuwoVNxoBG5YPWmAmEXenPg==
ZUYTR+l8l1lugGgd9N89hDJh15UicRDODkS4nd2Il/BMYRyN8+MFNPFmuz9gqLkbPDELUIXrTTz7juESia0n6XCw+JMd8Q8k2TNmpy0=
yqBJs0nNVheW/ddWof2RExMytxRDjJjIsriUtQ/Ptb4hQvig0BBfhcImr7WviNgYWfqgGug6ojx3aC0pfsvL8JPoCOglbaco
Cc/4ZA9bD1oShzUprhSSGF0soeNg5WsDOGoWHnzP45EFDHWUgGqM3p/HBmBn72O2iMotDPgw1BRCXpMOBRNS1bsCh/4w4jljpyo=
C5yXIwQ8d6GvrmKFypS1kUQNbcXexrHPLfJGbViXmUZjHNNnekjtqC6aWtVhwA9vz7QKGkuyI3lVITJ0MsP3le0M6ydspyc=
PC0OcujSmNLWj/X3DCjnVEIw+sV5QbnpEcppazMsPY0FO2bl92wn//bIYTBaas593WDTBzvk3qIHcm+BAfEGXO6jC/35PN8/YKcr
7y4G18v6TmESvCqmdxbRT0s0JipVZXloUeXtu1QXFbX8vudVPaTfPBZ6b4K2twtvj/yUIEAq+cWokHIVjlvDRgh6zXw46bQEQk5zXkXjMmU7cidOcDIZc6c6
+5zwEWjQ8/iYTwdpym0YW0QNbcXexrHPLfJGbViXmUZjHNNnekjtqC6aWtVhwA9vz7QAGUuyI3lVITJ0MsP3le0M6ydspyc=
XVdZA+XlbCglImhBS8e18UIw+sV5QbnpEcppazMsPY0FO2bl92wn//bIYTBaas593WDTBzvk1KEHcm+BAfEGXO6jC/35PN8/YKcr
ScieP1PAswDDsBEUj2B7XjEA/8FnLQPFDkK4p92R2/pEaVKH86IBNOEzsAgn/JwyODELUIXrTTzyjeESia0n6XCw+JMd8Q8k2TNmpy0=
2nq1uIbvff74F8sOTjnVA8DizIrR9VSeyUFCtaY++PO9iEJdbtNT/kiC3XQYqEScy9cDlmXrIh37yrfGEPopa6ci
DlpYKxpcXCG1gMAJbslYll8Nc8Yx52yIt+MTBZn3XnhCwNINQLoAGQcsOHShjnBOI37q8S+8XdUWL+vcq9wY9C1ppyQ=
RG3qA5KMlaQta0Dvlnf6Mg7qZuQJJGiruCtA8tHkY7LoKlV06HnXcLnjSSyddK3axBWDefQ4BPPBucsU/StqpyE=
/eMugYL7x95Bpm+j7guVVTg1MFzyP3Ph8RsujDo8UonINpCNn7CY0AkiwPWawiq15/CNgc5zC7hDsOiA1RWnIA==
i+eyNqgaUDAwEHcb+SbWcnjo0kzs5SkVPZ3khAo5CADRmJFvtmtQPanJjM0AdHgonrbqdVjLObmzxRrKT+k/MJHTUczWohVaPEVLWezIbDNpKTN0NRtypzk=
g8J8sT5yc8nkP4tYJlVfkAVX7bNcOi6Xr9F37h+uFKbh+Uxyqa0aeRaSYH89BNrx3h8LEihuxXgohp3QCZvbOtVnuvGbJu8KINYxZ6cu
/4JrUHA6oW+2tI6Ix6UoKmQYIa6GZ1MXGH9T0ecO2dgOzS0te+LEkGL2ELcdFjxwd9k24LpHi5vj2eqeDOtiuL+EtatXe7SnczHNcKQzjDxoV4NtoXKBGbBrtv5aFS+XBzzth4fRVdl4s4ZRyrBzVkMvBmH1Z4msbSJH3pUuR6W2GCVyv1IAgBCNI7g/l0bPhRVT3cYNpanVtWUeJ9MDpgjajVy4iPSkSe+zvsXD8sU7Emcu8BLZk6fa
35+H3RK1MJl4iwPZrnmQYsDizIrR9VSeyUFCtaY++PO9iEJdbtNT/kiC3XQYoEGcydcDlmXrIh37yrfGEPopa6ci
gy94WPzzLxVqhUiJDCkKqQjW4oRdNj/Vx24apspFMVBIHDmPmMD5Y1az3tSkPX3apivmSf9AGECpkgCjeLIopcfAzVGug4so4wAo0DVlpzA=
aWecU8CkujiokJtOkPUxPkgS6aRPO2vE8sBu51GuFKbh+Uxyqa0aeRaSYH89BNrx3h8LEihuxXgogZzQCJvbOtVnuvGbJu8KINYxZ6cu
7wNzy7Xit0A4Qa1hSxwnXXH210Xi8XpIfNyz2mlrKTfk3Y028zQCYanqt80SHk9hwrzgYhHqCp2zlDDiROk/MJHTUczToxVYPEVLWezIbDNpKTN0NRtypzk=
T9W0EGlALvuW7HBJIikh3NozfZdURX2ydnNGwU/4WGi5imBjDUqoTZcY7Vmeu0uAc5jImMUdp1g=
9lJEiK3q94fyOVnBPhUATz4U+RJa3rqcqLiLoQaGtrMnV73ntDV9wpYDhrGviNgYWfqgHuo6rz13aC0pfsvL8JPoCOglbaco
Ap+nQFrO/G8vsFAY5NIxo13jciGnl64XbCeC8bFQfgT1wBmjv4pTqFl1fMLhEQxgrtrftkRd/cj+2go18UC/Dz/0Pfg7vxJZpWGC1EJDZzU9TDsHfKc3
zzhQZCibfGfkTbfXO/Abr+YoJypVIXMbPNIDQc60xFJVEpYdL+z00mDhMxBdm7VcVTxpnwBdT0nIACDT5aHXBPEjbqcl
uaMq8f4Aww8FS9XXJIm0cV3jciGnl64XbCeC8bFQfgT1wBmjv4pTqFl1fMLhEQxgrtrftkRd/cj+2go18UC/Dz/0P/g7vxJZpWGC1EJDZzU9TDsHfKc3
SkpLSYosVu4wKDl2X1Cp3PZC5VXFRoVx0ehYf8YUhpK9PAX3EXeGQZSFWWekEGFFMRYuqg9HBrZZoKBT2p3puArw5Im+7m/OcRXvyRgB06tZ/iyx8MoYveez+aDN3/BRgtByNzOBFzbp+X+jub+Y6VIfAvLP4POFov9t9QUq7dgzMP3MG3Pm0mFMh2AspjCXN7Y3lbq5dX+3gx5fae8VD9Gwj3GfMJhQCaLAdZlCLjXncI0BzvMLOEMw6ADVlaeg
pycKreBj+GNC4PndoYFOHWQYIa6GZ1MXGH9T0ecO2dgOzS0te+LEkGL2ELcdFjxwd9k24LpHi5vj2eqeDOtiuL+EtatXe7SnczHNcKQzjDxoV4NtoXKBGbBrtv5aFS+XBzzth4fRVdl4s4ZRyrBzVkMvBmH1Z4msbSJH3pUuR6W2GCVyv1IAgBCNI7g/l0bPhRVT3cYNpanVtWUeJ9MDpgjajVy4gfekTu+zvsXD8sU7Emcu8BLZk6fa
VPLHlodx/IhObeIOQkvEydnDq/7WfBSya+TV+XBDvg4zZjRHuudPciPSZ4I46WOy6+9QjGc22g0YY1hoAYhu3DM3HT/cq/YiNOOAf98wpuLHEL4Zyg3PJ7oQClSBvnDxPK+FR1DbPCMqCGLUnn4FvQ2bZvwmOTpP763jBQHR6zlu/sFvRYMf1tPA/NHX68Jo9L08CTqq8MNKtZRHIQP2Hc3go2dLpK3Al37+obGxNvzeIxtdKfwP35Cn2w==
ah1Dy6WNWLWsfLOjWVs9NtnDq/7WfBSya+TV+XBDvg4zZjRHuudPciPSZ4I46WOy6+9QjGc22g0YY1hoAYhu3DM3HT/cq/YiNOOAf98wpuLHEL4Zyg3PJ7oQClSBvnDxPK+FR1DbPCMqCGLUnn4FvQ2bZvwmOTpP763jBQHR6zlu/sFvRYMf1tPA/NHX68Jo9L08CTqq8MNKtZRHIQP2Hc3go2dLpK7Al37+obGxNvzeIxtdKfwP35Cn2w==
SVA9uPW5KBwbzTyNypB0X/ZC5VXFRoVx0ehYf8YUhpK9PAX3EXeGQZSFWWekEGFFMRYuqg9HBrZZoKBT2p3puArw5Im+7m/OcRXvyRgB06tZ/iyx8MoYveez+aDN3/BRgtByNzOBFzbp+X+jub+Y6VIfAvLP4POFov9t9QUq7dgzMP3MG3Pm0mFMh2AspjCXN7Y3lbq5dX+3gx5fae8VD9Gwj3GfMJhQCaLAcphCLTXncI0BzvMLOEMw6ADVlaeg
EVnmfiSqH8ZmLAgYgToWz2QYIa6GZ1MXGH9T0ecO2dgOzS0te+LEkGL2ELcdFjxwd9k24LpHi5vj2eqeDOtiuL+EtatXe7SnczHNcKQzjDxoV4NtoXKBGbBrtv5aFS+XBzzth4fRVdl4s4ZRyrBzVkMvBmH1Z4msbSJH3pUuR6W2GCVyv1IAgBCNI7g/l0bPhRVT3cYNpanVtWUeJ9MDpgjajVy4gvakTe+zvsXD8sU7Emcu8BLZk6fa
DYH7RZRBdhvKOuDvUFW2RgZ077XPFOFqzVrLX/Qwse5aXbzhyooanaN0YKKUia+w4TPhjCPCJV1MZXsZHGjcs/mJ4zTlO2KnKQ==
Lkp7s+fao9G+hnqUE9MMSx9DfJaSh/fWabUMIlGRnAB+Go9WVF3tqC6aWtVhwA9vz7QPG0u8InlVITJ0MsP3le0M6ydspyc=
aX/TBUFjQ3QCcD4TfEzoLh+p4GHXJoRegSH8Omnl6iE2qnB3PQzKyf5H+1roJnWgSHoNWIwTS0I1Pwo52+6f0gDuIW+nJg==
9/yq7hOKGdw2vj2yEnj8SsDizIrR9VSeyUFCtaY++PO9iEJdbtNT/kiC3XQYrkSczNcDlmXrIh37yrfGEPopa6ci
7aMwhe2CKqFF6R1E3GbTPR9DeIaVi/fWabUMIlGRnAB+Go9WVF3tqC6aWtVhwA9vz7QLH0u8InlVITJ0MsP3le0M6ydspyc=
FsUJ47NvmkT/bcceg5vR0zUFzK8PRjUvgJS/DPpExGG3Y1Xayd5IFEic3wFKmj8hV+R4vPEm0Oa19mJ5vxT9fUbnqxT79DjcPWGnLA==
ZEJNn8pz89xZ+r6xCEwSiAJvZjN1Jl9dFOPNu1IZAbWjseNXIKyLYA0/ON6+jE07hfzVJEA6rM6fxCk0vV/DRgh6zXw46LEEQk9zXkXjMmU7cidOcDIZc6c6
CkEBo2wK+cJFB5FZxxeckxGveu9IaWXo8iZWxtHkYajuKkls6XnXcLnjSSydd63ZxxWDefQ4BPPBucsU/StqpyE=
ljKfpYwhxtFPtMJwQmY2jlUt2Y9rLRDODhGyvYjVm/tDYF/Is+4SNrV87Shisq0cLTELUIXrTTz/jeEZi60n6XCw+JMd8Q8k2TNmpy0=
pRuQVMsORmd/Ns+eS7YSHCYdkrdnsTsrX2kFHHjI494DR3iDgi6WiIjFHHRg/mO2iMotDPgy1hRJXJMOBRNS1bsCh/4w4jljpyo=
BRAAGnfqDV+uEg3gTix6QR9DKJWUz/SPZ/xJZVmb0gpwHocoJ2io5h+0T9VhwA9vz7QLH0u5IXlVITJ0MsP3le0M6ydspyc=
wejCYcAUdAj5rL2y2wWfgB/942efJd1QyGS7MmOr4C8yog4ECEmE+NBS+1roJnWgSH4JWIkQS0I1Pwo52+6f0gDuIW+nJg==
Ut8KF5eKaxrFDxXhqvo2oYtd9hrJStFz6P19f4uMX7r1/z91my4jLQUga7djBLNTj/jlMalR3iwW49OtwRz3L2inIw==
VR0l1/IM4PvptdXu6oJIvAyl0O754551rZXul/V9EzGm0uzK1YNko6lkmcc6n1kn5snLvTPa5CMgX+wZb8f6kKdrwkyFtaz/XQau23o6rhdkqPDhagsfcGM0rpSM0rHbUPkUs5Az+UgJ3RVX5Z/NmLX94EYdEjnrHuPbKmgWlVCIaWgIiMCrUnVPaglbHr9iQP6Bv6f2
3/+1bggE9hLerbQdtOxZxlMpE77IHn2JzJCG9UJIeir/F5fG5leX9SsIQzaPdIGS7fCY6j0NHWi2XRfmoQQGYIm2fKHj1mcp7EI3af4Vhhv4eqbhcUfh2dJxXV/nKcVR+DsWKSrow54D53a51V+ZpG0qV+a19jdt9tCVKl8qkAiQBbNAX0/2h0Vdo4XmNbWh1b11JgeL8+7Ikj2E2H1gLMhkI8Ylm0INe9oX9tAqyZun0g==
e2ZLFg9ZvxZEek9BLNMR5NBMKShvm2QX8ZQaI/CPuj2tAvYxElOd8aVz7T8NbW0iccmcq//euLVFTW2oz9l7Nuonl6HutLdlWiJsWCTYh7zaZTb37tp0X1zrIMteyNZ8Ag6JJbk7MgRq6QZn+633LT0Bp8E6XnX3yfODfmcAiDnL285wAN3oMXZ6jCveNQAv3VM6JZkA139HlLSuYzhJCS1BumRqg88l5awz94Snzw==
vTK225TBsGoG1MeNQmp00P/fxHS+IgUe63kEerLXrqepdHKzSA9CrQWirsFak1WhXRPFDxVtdRJZqWT7Nx7wRR3txTg3WcOmgsfPESb0fzViAgSoPNifzDJFDiemGjzvhIvIW+ZIruyqrlFVcXt61BIJLlfjre8dFeHfEXIevYcRUyvuH4AwqSO7FsBIHaDhTlpkW8Y1GN+1cwJ1UUAfzx903D7buLGZheHilCJDB3UdzBvHnKfX
VHzwe5Cn/+7l1x4cHBv6seMQMGOPs+LYDuLsRfNpdKpm+4dMXG8m7yyxK5qA3bTjW71TK8sTG217DleRauc5bh5ZM9XrJFm5rXqs/+FNyISxaaw6SnRyGNEQfP3Ae2hq0rMqM2aHiKjAcAQW/8mfC/RInLGgy20tYYGbWVGN/G5TG7/rhXJxYF51jQO4nKZtbr2A4iqHiPVWA/tLzCmfMPGTMUzy4rVY34Wr2cyIzDMJaRP0FduSp9k=
s3ghatUzKU7l6UGXbN2TDQjvEi3kGCdnOSsv7MQfrm+kAbN66A0Mo4PNuwvzAxNtcx5vsYKX4S6miVs1c5TROSUKNF9JnbBE6VmEWrJkehjZAAQd6EuwKirjgpP+dwAoSMCcdheZJ8usuPSRmNtlLWmRo3k5faSu60tXix3C+eDWhRWjEMxeLbaNqAJSl4D1XhMDK+QZx/CJQ5nsapI92Fc1MzmkWHRz0Rn71C3LmqfR
vBB0MQov2JgxHtQKHF4CBRggGbmYCniS1YbVslhTbT//F5fG5leX9SsIQzaPdIGS7fCY6j0NHWi2XRfmoQQGYIm2fKHj1mcp7EI3af4Vhhv4eqbhcUfh2dJxXV/nKcVR+DsWKSrow54D53a51V+ZpG0qV+a19jdt9tCVKl8qkAiQBbNAX0/2h0Vdo4XmNbWh1b11JgeL8+7Ikj2E2H1gLMhkI8Ylm0INe9oX9tAqyZun0g==
ULYvK4hHKKYnhwwLLXzpOgjvDyHiCjxuCSsv7MQfrm+kAbN66A0Mo4PNuwvzAxNtcx5vsYKX4S6miVs1c5TROSUKNF9JnbBE6VmEWrJkehjZAAQd6EuwKirjgpP+dwAoSMCcdheZJ8usuPSRmNtlLWmRo3k5faSu60tXix3C+eDWhRWjEMxeLbaNqAJSl4D1XhMDK+QZx/CJQ5nsapI92Fc1MzmkWHRz0Rn71C3LmqfR
36yTIGP7o+KV9HdPCJYB8caI/K6IN0nxKqHMpD4P7Q46ejAP/aQGSwTPDpUx8nqppvNJiWkj0RcZbXkKTZlQ0yt+DC3JvfEAe5mPXvYXm7maVONdlnKQMLBYE1SmtXrPOrqAR1DbPCMqCGLUnn4FvQ2bZvwmOTpP763jBQHR6zlu/sFvRYMf1tPA/NHX68Jo9L08CTqq8MNKtZRHIQP2Hc3go2dLpKjGl3j9obGxNvzeIxtdKfwP35Cn2w==
sCxDGEmwlQOB4RcHzKUahmkzfnLNedGgWojfAb2TcxyI12ovYEl/SrT1aIOn1Ucb/wsXbXcWY6F+j8UOwnEHBb/cFXnhwnivFSUUJA3BOMo+7P6YXYiIjVTT1MqOW17jMj9E6AwI0EbL4cPriKCIgZTTYS1tma9pRWWAjg8zi7tRCr0gks3Z08x0+s3SFRSS3h8Eddqbj7tYgSOQLfvFHCZa+ZiTff8J+KAQU/UBB8Qhw56n1Q==
pRW3gCqVnBSNb1+DjwWHwGg6Y2XLepiyCobDC7jSR1KEzWI6YEl/SrT1aIOn1Ucb/wsXbXcWY6F+j8UOwnEHBb/cFXnhwnivFSUUJA3BOMo+7P6YXYiIjVTT1MqOW17jMj9E6AwI0EbL4cPriKCIgZTTYS1tma9pRWWAjg8zi7tRCr0gks3Z08x0+s3SFRSS3h8Eddqbj7tYgSOQLfvFHCZa+ZiTff8J+KAQU/UBB8Qhw56n1Q==
SmteirlqThI4zv1/NPvAw1ERc8gl73rb7OgTBIOgaT0OkclOUb8eDAcsOHShjnBDJH7o8i+8XdUWL+vcq9wY9C1ppyQ=
COD2Gp8EM4NklUC3DEby8tOBghsOheplNQnPPVmP/tJc0XvQFUsd/M6q8RibzdepoNBoE61Rv+SJ0xanXQ==
pZvFnmOgqLDNUIffhyvSFM6bGUTEjew5lD9hhT8zAyYIWo3cuAXwJEhssz7FQ/JFO5JnrvCS2ROnWg==
7TJJL+cmc4MbBt/OmdTEtgyl0O754551rZXul/V9EzGm0uzK1YNko6lkmcc6n1kn5snLvTPa5CMgX+wZb8f6kKdrwkyFtaz/XQau23o6rhdkqPDhagsfcGM0rpSM0rHbUPkUs5Az+UgJ3RVX5Z/NmLX94EYdEjnrHuPbKmgWlVCIbGwIj8CrUnVPaglbHr9iQP6Bv6f2
gOqZiqX64lelxMYjThYWx1MpE77IHn2JzJCG9UJIeir/F5fG5leX9SsIQzaPdIGS7fCY6j0NHWi2XRfmoQQGYIm2fKHj1mcp7EI3af4Vhhv4eqbhcUfh2dJxXV/nKcVR+DsWKSrow54D53a51V+ZpG0qV+a19jdt9tCVKl8qkAiQBbNAX0/2h0Vdo4XmNbWh1b11JgeL8+7Ikj2E2HhkLM9kI8Ylm0INe9oX9tAqyZun0g==
UgyadZ0zeNIYNFJCg4Dmq9BMKShvm2QX8ZQaI/CPuj2tAvYxElOd8aVz7T8NbW0iccmcq//euLVFTW2oz9l7Nuonl6HutLdlWiJsWCTYh7zaZTb37tp0X1zrIMteyNZ8Ag6JJbk7MgRq6QZn+633LT0Bp8E6XnX3yfODfmcAiDnL285wAN3oMXZ6jCveNQAv3VM6JZkA139HlLGqYz9JCS1BumRqg88l5awz94Snzw==
mMinrAb+Omfcfn2GYhZMR//fxHS+IgUe63kEerLXrqepdHKzSA9CrQWirsFak1WhXRPFDxVtdRJZqWT7Nx7wRR3txTg3WcOmgsfPESb0fzViAgSoPNifzDJFDiemGjzvhIvIW+ZIruyqrlFVcXt61BIJLlfjre8dFeHfEXIevYcRUyvuH4AwqSO7FsBIHaDhTlpkW8Y1GN+1cwJ1UUAfzx902Trbv7GZheHilCJDB3UdzBvHnKfX
xHFbBpyVx+e5ay7w2TLFOuMQMGOPs+LYDuLsRfNpdKpm+4dMXG8m7yyxK5qA3bTjW71TK8sTG217DleRauc5bh5ZM9XrJFm5rXqs/+FNyISxaaw6SnRyGNEQfP3Ae2hq0rMqM2aHiKjAcAQW/8mfC/RInLGgy20tYYGbWVGN/G5TG7/rhXJxYF51jQO4nKZtbr2A4iqHiPVWA/tLzCmfMPGTMUz35rVf34Wr2cyIzDMJaRP0FduSp9k=
fAe2+fqLlAceW2Tzn3rprAjvEi3kGCdnOSsv7MQfrm+kAbN66A0Mo4PNuwvzAxNtcx5vsYKX4S6miVs1c5TROSUKNF9JnbBE6VmEWrJkehjZAAQd6EuwKirjgpP+dwAoSMCcdheZJ8usuPSRmNtlLWmRo3k5faSu60tXix3C+eDWhRWjEMxeLbaNqAJSl4D1XhMDK+QZx/CJQ5nsb5Y931c1MzmkWHRz0Rn71C3LmqfR
vjOZ4Ug5S8Zr85u/TJgZsBggGbmYCniS1YbVslhTbT//F5fG5leX9SsIQzaPdIGS7fCY6j0NHWi2XRfmoQQGYIm2fKHj1mcp7EI3af4Vhhv4eqbhcUfh2dJxXV/nKcVR+DsWKSrow54D53a51V+ZpG0qV+a19jdt9tCVKl8qkAiQBbNAX0/2h0Vdo4XmNbWh1b11JgeL8+7Ikj2E2HhkLM9kI8Ylm0INe9oX9tAqyZun0g==
ylErvAJQOK7SQaDXBUOrhQjvDyHiCjxuCSsv7MQfrm+kAbN66A0Mo4PNuwvzAxNtcx5vsYKX4S6miVs1c5TROSUKNF9JnbBE6VmEWrJkehjZAAQd6EuwKirjgpP+dwAoSMCcdheZJ8usuPSRmNtlLWmRo3k5faSu60tXix3C+eDWhRWjEMxeLbaNqAJSl4D1XhMDK+QZx/CJQ5nsb5Y931c1MzmkWHRz0Rn71C3LmqfR
np8HlOjcEfUH7tb6sz4UlcaI/K6IN0nxKqHMpD4P7Q46ejAP/aQGSwTPDpUx8nqppvNJiWkj0RcZbXkKTZlQ0yt+DC3JvfEAe5mPXvYXm7maVONdlnKQMLBYE1SmtXrPOrqAR1DbPCMqCGLUnn4FvQ2bZvwmOTpP763jBQHR6zlu/sFvRYMf1tPA/NHX68Jo9L08CTqq8MNKtZRHIQP2Hc3go2dLpK3Cl3/9obGxNvzeIxtdKfwP35Cn2w==
vhoA6pLjJPC5M9IJTODLHGkzfnLNedGgWojfAb2TcxyI12ovYEl/SrT1aIOn1Ucb/wsXbXcWY6F+j8UOwnEHBb/cFXnhwnivFSUUJA3BOMo+7P6YXYiIjVTT1MqOW17jMj9E6AwI0EbL4cPriKCIgZTTYS1tma9pRWWAjg8zi7tRCr0gks3Z08x0+s3SFRSS3h8Eddqbj7tYgSOQLfvFHCNe+Z+Tff8J+KAQU/UBB8Qhw56n1Q==
Np3wJOLlrm9kUzAliIrn8Gg6Y2XLepiyCobDC7jSR1KEzWI6YEl/SrT1aIOn1Ucb/wsXbXcWY6F+j8UOwnEHBb/cFXnhwnivFSUUJA3BOMo+7P6YXYiIjVTT1MqOW17jMj9E6AwI0EbL4cPriKCIgZTTYS1tma9pRWWAjg8zi7tRCr0gks3Z08x0+s3SFRSS3h8Eddqbj7tYgSOQLfvFHCNe+Z+Tff8J+KAQU/UBB8Qhw56n1Q==
q9DVsLzR+ztnpcOEl/d6VNOBghsOheplNQnPPVmP/tJc0XvQFUsd/Muu8R+bzdepoNBoE61Rv+SJ0xanXQ==
H3JwZ8CWF/MQjvdrnWeCas6bGUTEjew5lD9hhT8zAyYIWo3cuAD0JE9ssz7FQ/JFO5JnrvCS2ROnWg==
Ek8ifkrsQ4zsi4Nx5ZJWjFERc8gl73rb7OgTBIOgaT0OkclOUb8eDAcsOHShjnBGIH7v8i+8XdUWL+vcq9wY9C1ppyQ=
ScCWTgwXuGH38saKPc3iWxHzvX3RaZ1D0W31OHbi9yEh91UWHUKZ+95T+1roJnWgSH0MWI8QS0I1Pwo52+6f0gDuIW+nJg==
5eD34t0yD5F59EQmRnsrVpdL9hjdVqMgvPd3Yo2GG//n+zp1gj4wLQUga7djBLRSj//lMalR3iwW49OtwRz3L2inIw==
f+8xw9lCENkKMw3STnBjr9OBghsOheplNQnPPVmP/tJc0XvQFUsd/Mqu8R+bzdepoNBoE61Rv+SJ0xanXQ==
cYDvSMmxHB4UjMciuU75Ws6bGUTEjew5lD9hhT8zAyYIWo3cuAH0JE9ssz7FQ/JFO5JnrvCS2ROnWg==
eH23yQSueB48sHyFHPlD8jcZ/j0XlriG4a2JuxWc8LgkQfmrvVROksU1pKWviNgYWfqgHOg6rz53aC0pfsvL8JPoCOglbaco
E/TYHXApGlVO/oM0nO38uERCDCB4FcuBQd/C1SVeIYvuCF2EcjcMQAOKHVsSO24jgl8U6NyooIY7wbNrWICYwQQzUS1deT8pVUVQDn8Te3shqm0gwq1pE/wUSk0CdQRSTr90dSo7H/tIYXMQnRv1XJW+KZ/D3Q9JiIDg06UhFwSxo66n5Q==
BTk72je6zLxgsw1F9NIetip42NU0jFs4DnBgelD2jr9WARoF3NeAk3r7Q6xY8O2P8WWxFmAeeLPRpUkODkSptzzba6KoHmWoaLJ8wA+IuwoVNxoBG5YPWmAmEXenPg==
nZ2frdxy9m3b8dYmpGfO/Ctcmd97ZoU45pCG9uT40EhyBS637reseWw5El2nDjguMdWps2VEMNC0+ZljjUxOupXNBC1f0JjwScJAVFiiL5anEA0hDhMLmANQaCAVdacA
g1H88NNy11gV0iuYWHcUaQJvtvpKVKQi0ZCG9uT40EhyBS637reseWw5El2nDjguMdWps2VEMNC0+ZljjUxOupXNBC1f0JjwScJAVFiiL5anEA0hDhMLmANQaCAVdacA
W2YUoEpYkYJ8VwhqtnleKnoznR/LmZb67PzQdAox3puGk0wlNO3CEe/K+FKJIRnfzaCQTCxtCe8FyM4GbXl0gbd0+CyRlhCYkOZvap9kPc0mdyuEG0R4LB1xpzw=
NqJpCdI4rEL+4N9A1iul4SLGjyvn/g3BnugFgNq4alyOe2belMDQQGIdDl/ez+yxvGFy9Ve2uKahTQnb1bzwmOQheUv9dE6yhdUkxW+o2DiZmiD8qBqvHjeIrUm+68vQU4iICGVNpwg=
kjs30GAfz/BE19vO6kOMJm9b/HqGSQFca0LKLUWqCsecoh3WgZCPvFByFAQG1MbqtIbGBeeIWY8QZeA/Zdj/wsSdaJ9Vbl27uDjulYHAL69vNO/aK78BOfWhUrTSw9dVjYwLZ0ynBw==
cOHJ6f2mmgZrrmnWwuPJyNg7T3IHg9ITLLfToeD/kGnZbYzn1pPSgoAFIAUJSM4/Pd6lg/02UAzPmZjkZInhOUxswMyjkYUzV6Vd/TgXDiUahBtSY2vu1WWTwYhtBg8qBZqv4ZYcTUZvJogkUKkrzO8jLkslUbvp1vntDVURLeo35+viqF7l6Gjy/IAPSDvKFfeawRtWj5pg5pG3p/4=
5Iq8ehkHqllXiKlKlSULEt4FkHJIkGoXpLFmFjWV/5iLRUkCE5S3hYRlwqHt6EUzNJvvDW5ETPLWT6t6Z1apS+qRm9A1i718rW7RH3uNdynAEAgTjRFfZCkTdqc9
2Mgxev3PKr3/aN+egjvU6jYhPAyhOGTmuB4Y2nJpaZrRK7edn7CY0AkiwPSYwi+25/CNgc5zC7hDsOiA1RWnIA==
2Mgxev3PKr3/aN+egjvU6jYhPAyhOGTmuB4Y2nJpaZrRK7edn7CY0AkiwPSYwi+25/CNgc5zC7hDsOiA1RWnIA==
/3+XHCdiXl81XRHnYybueepLIDvQTl3rgCwy2AsQI2xJ9BFaeALhv0fJzSkCPSrQItKsdCPP44FcaC46WUMYEmIPLU4nVBweqATY/h8q1o1iaiAqYT4QPjTUFw4nSS3QLgHyjxWUGPNIceJABxLFty8KalogiPXnBhUL5ko=
