+3mQ+HFQpMxS6ruVxr0mjFaqxbT+5oRj+Ze6stFbIx+00f6rovxyydR8wawLwEpgtNTZuznl5D1mfN1CZ9qzhaw/zXW4n569ejzrmiMj3i1Fi9GAbQ4fMiVin6nW1L3+D74YrNAhu1QPm14D5ZmLkfbh/QVVGT3yF5/bKmgWlVCIbG0IjcOrWHVPYwtbHr1uQf6Bv6P2
PIKGo4ylaSU7f9QvpsdDLc1T7/sBH7NKCn8zW3ks4YK3FVT1XC6kQPvlVDb6tqFHPRM0atQuk8/Jib8z2Y+YufLvQuIvUHNVgo+tZWUa7YiTwL3c+8NmAkE8R/BMljDHl0Z3hVoJ9a+X897PCd8VX3FAz2F/gBiAKdIA4vlyLWVHis0RJ0GL6GFMKZC1paPw
5mTAIhewiHKym/DRMHVz5ADMGXeWwH8TBFOMeIzDnxdsI8KUk56zNBLNAwJ4s7RFzIHizMC6NOlIF9Vd/fOJNFPVpZBW3RHhRPLExBMpJAIHDyPj9T8kvgyyMwvhhY/HYfNYXfqDkna3DJNR6sNd0R0m7azbbC2Io99GRumw94R0anCjH6onkULVlSt/P6778WOV+7ls37WnHLhEAd4wFkEO7YFP5h2Fvx1r7AkA2STNmaPU
nLavAMzrsbkY3Sf87GwNGRElJB5eNMTxqeYDIph6EXyxMSboY53VAP6vmLD3YoH7rpM6c/YnWKiQkJRW7ylPi0SorPEQK10tUWErGWFtTO6D+6+rFZIhYI7VHUOovPbtnp3woton+PWmo4uLPAnvsCGzIYxnR+VdDOUxGdzhnrO5Cy81pbuio+k=
QmaT8+kwNsEte8A9FKm3FQUUHjo8Ds1vGtw9SLOjqpBTKXg9VSMrE5xyPVxd+eJYB+xIgGJXfACzKu3bgps+Y9J/JOgsSHDGa6Ej6+hgaAE0E0EtTVkP6aWl4I7vcys78UqdIPKNOVOstNrN8tW0Ej7fZHU62+87+MEDkA27JZxDnxmdsL1ViVhpclMVQ2tFgYO+o/U=
FqZhg+AvqCbphxRkslF0uAUUHjo8Ds1vGtw9SLOjqpBTOHAzUywqQZxyPVxd+eJYB+1IgGJXfACzKu3bgps+Y9J/JOgsSHDGa6Ej6+hgaAE0E0EtTVkP6aWl4I7vcys78UqdIPKNOVOstNrN8tW0Ej7fZHU62+87+MEDkA27JZxDnxmdsL1ViVhpclMVQ2tFgYO+o/U=
C6WIT5nuz19kX4OvwMbe3uW9vhR6xq3kSgYltKBag1+IRJ3M8q26gfQKGz/COGbmZX4Oi67WJExHiUXtTMbkOEtt9G6om6B/TVvU8kRGUzf5gZ/rCScYAQInIvo/uDMtMgcNPTUy7bDjiF1Ea6um+nE0ZyicPrB/Z44XnUrhtdcne36XWfcVZwEIL/nv6Nh4GdogOinard23Qq0JN6nLkNHEicjljaPI
EGanZQYGFeqGxZEPyMNljdSz4uyYTuufWLTSbjQYApSX6eSw/w31AYSSxCRTSaSiQS8gw7WfpN5MUjNrIWUPZ6HTWH06IxKWd2yTsaqj3XFdBu2Mm8yt6OM/RiYpUHcktEpwg98Kp3GCtZXLP18uW7FDldv5zF/V5/y4JME+sLaBLu2hj0adZX99awxJYFmEjbmj9A==
M9oNTdhbR7fqJtYkpY0TZx4F+pqp2gMawOB+BmU0IFSvR+sFcQ0fQwJInb2Rhi5yvImuFhdMV/2QcOU8AsAog56owa5nSyj/jKsQK07IxlxyzllFCbuipJqpVofLrcfNbUFXYarexZcZM/NedwCY2fubHtBwXXhRxrrcCy41cA8NE4rFCYAn3xdUgctzPVop1wHqjdgDX4eZbeOXtKP/
VO32HiJLcbSgz3M6YYTzckRWL3lmA81vEt4rWuexqcBTbDV0AW1+QZxyPVxd+eJYB+lIgGJXfACzKu3bgps+Y9J/JOgsSHDGa6Ej6+hgaAE0E0EtTVkP6aWl4I7vcys78UqdIPKNOVOstNrN8tW0Ej7fZHU62+87+MEDkA27JZxDnxmdsL1ViVhpclMVQ2tFgYO+o/U=
zkuv31Hn8hFl54G/eUkdx5j2orHGTuuUR6TVPD0LTJWdouSw/w31AYSSxCRTSaSiRC8gw7WfpN5MUjNrIWUPZ6HTWH06IxKWd2yTsaqj3XFdBu2Mm8yt6OM/RiYpUHcktEpwg98Kp3GCtZXLP18uW7FDldv5zF/V5/y4JME+sLaBLu2hj0adZX99awxJYFmEjbmj9A==
cNI6EOz5pRdy8vUrojCHvyJ6APihBX8KLH8pfQjH9Fk0SgT8YxHEunA2INuFh8SGfIrzs5E9b/8RS9jlirtyzse0U2ma+71pbR7tlKvUzbDT54b+mQgXvATS8BtvkscpMm1VEw8HTkOBW5XDydQ/jdckePxxZtAuMbZtOT/e/T3PpavUeTg5nL2ho+w=
vYnFUtlYN7QIgQ2DPYAs1tSp7uGaD6LXR6OLY3hHXcaV8KWw/w31AYSSxCRTSaSiRi4gw7WfpN5MUjNrIWUPZ6HTWH06IxKWd2yTsaqj3XFdBu2Mm8yt6OM/RiYpUHcktEpwg98Kp3GCtZXLP18uW7FDldv5zF/V5/y4JME+sLaBLu2hj0adZX99awxJYFmEjbmj9A==
Kf1Czx3RxOC5eznp/8X+lfja2V2mNRM5iDMEe7DU06ngNXWsS3MW8Ar48IAQ3waiER3NRgZvVEcYrmjoYEfnVxLhy0hzEYeIq8WmBi+MD00YEF3ua8HA0yZISR6/CxDvhIvIW+ZIruyqrlFVcXt61BIJLlfjre8dFeHfEXIevYcRUyvuH4AwqSO7FsBIHaDhTlpkW8Y1GN+1cwJ1UUAfzx902TvbvbKZj+HinSBDB3cRzRvHnKPX
OLmNf0hG2EaECpWrKuuM59gtIfvaxIohOxikTx4jNiNDat/q3TkcrmkuJP+phKVxEQTNHZBqKbxpga6I20w9AZb/IFB/0tm7loMyU65X8Ch4IMw25zm3SxzYJFHo+3UtebHTuekdFC5766fLTSLJ4CalRWOgrM6txi14QmJ3kPVOczPrtLk3cBmjKay/t03dZFXp+dTx5vNh+6eV3euKo8E=
ohF5ZXY9z4rIkn8Cmus51tXtlD4c5W3LJvzuAd8AuF8SKzIjR2LT+sEh+I4NFtjP5UxhMVXMAW0sko3czRkyGFfEuYESd6zA40p9WzL7jqPiHzToPGgABpsBU2t4wDhB5PNxLX2536n1BXAOn9Pb+4FqjSDi7QmTHNRqTWK15NLu/xR1yvu/eyghkxC9W5Xcc38JnaCdpckoyYLTheO7hdHjjqPF
dczKaHg9XgVFjxkFl7HYuVI2VOOgj3PgN5F2d4lUvj3bjamzo8TkTnZGm3EWlphtO2re8IEmeuzxu3g0tGaHV7yoZthhsRERLEQQlONJVVv3Te2FuO++TbpsSwqjs779hbuxsG0+fwLlsv85VkQdrs9OONzQ0ZskT0v+k2UJa8G20R01VSndwlfPO7rohjWAyBxN+I2zi6i1H8Ob247dvoHO4Y+jxg==
jG15kAGkJS4HjyTagVpF+RMvgsF8EX7Bd6McCPwRzTTCVwgvMCNFZsnyuxXqnh/i4qf/aAMRt+hbhRbmXwyfLchQDQB7wdCz9ogZ/i+L4I80S7i71khezJpuIfXB++p0Qsl+d/Ot/z1FIY+x4p4NJ2GTG87vgABJU3umoLidMAEemrQ71jUIP+Uz0hXBwG8vrzQpW+u9wrm/oRI9kMOX18GNy+eMo8c=
+YAQsmx0qNasVekwwo0NvNSz4uyYTuuXWqLAOjkRHMaX763ksViHAYSSxCRTSaSiSy0hw7WfpN5MUjNrIWUPZ6HTWH06IxKWd2yTsaqj3XFdBu2Mm8yt6OM/RiYpUHcktEpwg98Kp3GCtZXLP18uW7FDldv5zF/V5/y4JME+sLaBLu2hj0adZX99awxJYFmEjbmj9A==
wYkMXJXdHcErPkzTh2DEen11ehWZHWHPIWqi16PY8QVHV2IV3f2qHmtsizXUAEGhiE6kGzpYBeY7a9T3iLs004KIiuSWXt3NtVt+7N6Zsp/HrcvViXETKXY+eR+doxfmO0BUId+LGtiMfSQZAkp4k6K1/JepY84N1aBb1xNEpbM//ZaRs5FuBWRjA09dXYePuKPz
z2WklcL0U8KpGp5t7UKUl15oA203DWdpdGm2Jn8M/21o0K1KHM4wc1YIuT7Pi8DPlMtY+7ZIfgw67kG1IfvKNCJJnrfTrd/9paHv8cKe7WcBE7sOz4BgCbP7BuCYndDBvhoU+zY1aH9Fs3JVocBP7w+0SZsLveL5HyHy/fDDtxchDaunrKPn
CS3xZC5gjnEJfZ6X3dEcNvSWyoeL6vsDHdu41LRGx/c8SK3/bpHR8azkULTjqZU7d+0tZbiP/u06jAtqo5N+XQXb8ZBtHj9iZRI/GVYkXU5P7ni80DFbhM8rPnNlKSthNjHdFVUJHSLXb3ua6Gb14Ei8jRiN08sINf+D+9uuHR4BrqGvo+Y=
EFnOF1ieHJZBKKIgJxU0Z1xoA3w1G2NpdGm2Jn8M/21o0K1MHM4wc1YIuT7Pi8DPlMtY+7ZIfgw67kG1IfvKNCJJnrfTrd/9paHv8cKe7WcBE7sOz4BgCbP7BuCYndDBvhoU+zY1aH9Fs3JVocBP7w+0SZsLveL5HyHy/fDDtxchDaunrKPn
AHfKPV7lzxl9ckGRRhEIh/SWzJGX9/sDHdu41LRGx/c8SKv/bpHR8azkULTjqZU7d+0tZbiP/u06jAtqo5N+XQXb8ZBtHj9iZRI/GVYkXU5P7ni80DFbhM8rPnNlKSthNjHdFVUJHSLXb3ua6Gb14Ei8jRiN08sINf+D+9uuHR4BrqGvo+Y=
zeIa3yrgrrCwe3o3SLwML/SWzYeF8vsDHdu41LRGx/c8SKj/bpHR8azkULTjqZU7d+0tZbiP/u06jAtqo5N+XQXb8ZBtHj9iZRI/GVYkXU5P7ni80DFbhM8rPnNlKSthNjHdFVUJHSLXb3ua6Gb14Ei8jRiN08sINf+D+9uuHR4BrqGvo+Y=
cEdmfFKQoDg6ZakRM0JxWur3UKzBuOXljXOVj66A5lABy5ypyaN2O2jr1V0sdmSIK900XsKor08taxRCJPbTh5kxX9tpFxgxYhfiSl8Is51St80NVQLtgIO4nfQLGyZKEYSnGPwOsE8HvtctKlE1Z0fLvqc5xxVXYTjvSY9YWMh5auALSeqt7ddybblXGUsgsXRJ+IW9o/g=
dRtlo7eLsEzd6Nro8yRdYyddvfHYjR7lAyr3tbw/wZaY1vjQ/11weqjSRc2RbgxRfNuw0l6JxlEkYkRU85lk8iYdL/PVz2QO7CKzm4E1T7dB41hN2vNSxtecE8EKcx0hPTbtvPucbThDT8bWiQA39FR6cLM/2uchIkUVu5+P7gvRc5XrmZyfBUeMONRhbvBnYR7tkW+W3TXfjet86bCZ1O2Jo8Q=
86P9Dhcwo1GbKxUO2BhP5RB7zVqrgwS20wMaYed5HlrKQeQd1LOXFnMg/3T0ivzAxKdhABEx4i8Tw7PUalOkuoWA0k8YF98V3Xye3KTW8wxO7JS0s0iX7M8nJJGZr5iZsk/CQm9wc3XCLy3FJTrtqNNgPXy742YiAZzHUAy2MOfX5vclGin1j9dTXm9J/xV/MeBPwT+gGKBpcoBDuVItRQcqTbFnYYvIIeypMPWFo9A=
86P9Dhcwo1GbKxUO2BhP5RB7zVqrgwS20wMaYed5HlrKQeQd1LOXFnMg/3T0ivzAxKdhABEx4i8Tw7PUalOkuoWA0k8YF98V3Xye3KTW8wxO7JS0s0iX7M8nJJGZr5iZsk/CQm9wc3XCLy3FJTrtqNNgPXy742YiAZzHUAy2MOfX5vclGin1j9dTXm9J/xV/MeBPwT+gGKBpcoBDuVItRQcqTbFnYYvIIeypMPWFo9A=
1bemLj2jVe+jCKBr3g8lEyenu0Bop9al6+WNPIx0uNexfv3FzdznQVAXDfZtig1nXVL4mF8OFGHnDWmt3PhoqAN1LWcHcZW5eFPG8UrQM7ZDD8bBdYfJjG0CBz4VjoeFtvhlEj/yQGAQ7eMYv3eGr4U1E31GbWWJ1ZWlfqdzQ4YIuk28OCU1xE0P8xRFo7snOzKlgnHymbOj+g==
rgetHR9kcda6/Mk4x2j0fj3aZQhjZXMVtzgFLkBZ25+mYSVJHgCqxy0py0ughWeKy4PsKg7HIJOGyOleXwtwL2QLaJvGSE4syi7xFVF7WpTyiU6Xw63P3XVhP1FSHp3HsdNLLv+AEGmDO/YAKB1Aoe7axBsmNXgfFfOitTFA/49/9Hx7+73S2W9hQl0AQye3cU37h7yj9w==
egPi7rlnApYBAdVvgM81FF9SeMo5/XvJ/fhQFJz1aTc10M4eXaEUGQcsOHShjnBAIX7t8S+2XdUfLevcqdAZ9C1poyQ=
eZwOcuZnWumyXFHt/3hPCNApLfPf8Nk7NSXrXwRqVSEQUOPE7CwPvGprYuC/x+9xGRDGPv0zeZpdrLTx3RNnX8r/OUEyz5+/lcU8SKxX8Ch4IMw25zm3SxzYJFHo+3UtebHTuekdFC5766fLTSLJ4CalRWOgrM6txi14QmJ3kPVOczPrtLk3cBmjKay5t03dZFXp+dTx5vNh+6eV3euKo8E=
UwI67NA9P38aNjp/KrdAWPdE6EnXTtczpoJQN9sPkNe7LQHlDVueXajTS1yFWT8WGzMDghUKUvcQtaJz1MesnhrcyOT5sjWSYBH/jBMc6/BU8AOg/dwCpea5zezrmfNTj/pkJz+UETPp+X+jub+Y6VIfAvLP4POFov9t9QUq7dgzMP3MG3Pm0mFMh2AspjCXN7Y3lbq5dX+3gx5fae8VD9Gwj3GfMJhQCaLAdJlCLTXneo0Bx/ELOEE86QDVlaOg
HKMCzlbcQ9HHwj/oz1OiwEVxiNgxYBbZFUH3u5ySlvhZfV2c46oBNOM0ugl3q6wjPDELUIXrTTz9j+EdiK0t6XC5+pMd8wMl2TNmoy0=
UjxN6tK80OaP1ezid/v3Nm9b/HqGSQFca0LKLUWqCsecoh3WgZCPvFByFAQG1MbqtIbGBeeIWY8UZ+4/Zdj/wsSdaJ9Vbl27uDjulYHAL69vNO/bK70COf+hUr3Qw9dXgY0LZ0yjBw==
/Z7Qs/ks8Z+NFitoKHVKUyLGjyvn/g3BnugFgNq4alyOe2belMDQQGIdDl/ez+yxvGFy9Ve2uKahSQvV1bzwmOQheUv9dE6yhdUkxW+o2DiZmiD8qRqtHTeCrUm36cvQUYSJCGVNowg=
u4Bs29oaLGf/uom4xpd6knoznR/LmZb67PzQdAox3puGk0wlNO3CEe/K+FKJJRvRzaCQTCxtCe8FyM4GbXl0gbd0+CyRlhCYkeZtaZ9uPc0vdSuEGUh5LB1xozw=
Vpa1+KPr3MNlW13+oNL/kAJvtvpKVKQi0ZCG9uT40EhyBS637reseWw5El2nDjguMdGrvWVEMNC0+ZljjUxOupXNBC1f0JjwScJAVFmiLZWnGg0hBxELmAFcaSAVdaMA
38nHBKocqne+sf3uhbYZxytcmd97ZoU45pCG9uT40EhyBS637reseWw5El2nDjguMdGrvWVEMNC0+ZljjUxOupXNBC1f0JjwScJAVFmiLZWnGg0hBxELmAFcaSAVdaMA
n9T8Ho25Sh9Xfm713v/A9Cp42NU0jFs4DnBgelD2jr9WARoF3NeAk3r7Q6xY8O2L82uxFmAeeLPRpUkODkSptzzba6KoHmWoaLN9wA2LuwAVNxMDG5YNVmEmEXejPg==
6lQRGKnEwbK1mNzoYttA4RB7zVqrgwS20wMaYed5HlrKQeQd1LOXFnMg/3T0ivzAxKdhABEx4i8Tw7PUalOkuoWA0k8YF98V3Xye3KTW8wxO7JS0s0iX7M8nJJGZr5iZsk/CQm9wc3XCLy3FJTrtqNNgPXy742YiAZzHUAy2MOfX5vclGin1j9dTXm9J/xV/MeBPwT+gGKBpcoBFuVItRQcqTbFnYYvIIeypMPWFo9A=
86AOctZHCwGP2biZH7k8t0VxiNkxYBbZFUH3u5ySlvhZfV2c46oBNOM0ugl3q6wjPDELUIXrTTz8j+EdiK0t6XC5+pMd8wMl2TNmoy0=
3uzN4AX2XvgFm63R6V/4LNOBghsOheplNQnPPVmP/tJc0XvQFUsd/Myu8RyYzd2poNlqE61Ts+WJ0xajXQ==
nn6FvYguGIW+xVIAYhK/H86bGUTEjew5lD9hhT8zAyYIWo3cuAf0JExvszTFQ/tHO5JlovGS2ROjWg==
TQ6vEV4pcpOmNhlLqZcWYPi1aVA2+YGm1Meakml6kAZ7pir73DoIlcIT5/4gNGaKbicCKHsL2kzDNRhGLJlP2LxCL6wMWImOvqrW5dPXrSgDJDdDEByoepyAPvN7LbRDED1qLyMpfH75/e/jqEqa/R1gE4d75B4gx3wuAcvxxtWso8t/NT2fv6Cj6w==
r5jPBgJhQXEnCzkiMbw25VMpE77IHn2JzJCG9UJIeir/F5fG5leX9SsIQzaPdIGS7fCY6j0NHWi2XRfmoQQGYIm2fKHj1mcp7EI3af4Vhhv4eqbhcUfh2dJxXV/nKcVR+DsWKSrow54D53a51V+ZpG0qV+a19jdt9tCVKl8qkAiQBbNAX0/2h0Vdo4XmNbWh1b11JgeL8+7Ikj2E2HtmLMxnI8wlm0sPe9oV+tEqyZuj0g==
ZFSmVfvo0l117z3K1przEdBMKShvm2QX8ZQaI/CPuj2tAvYxElOd8aVz7T8NbW0iccmcq//euLVFTW2oz9l7Nuonl6HutLdlWiJsWCTYh7zaZTb37tp0X1zrIMteyNZ8Ag6JJbk7MgRq6QZn+633LT0Bp8E6XnX3yfODfmcAiDnL285wAN3oMXZ6jCveNQAv3VM6JZkA139HlLKoYzxKCSdBum1og88n6a0z94Sjzw==
5ug4sRxDSQ75SKivaTjYxf/fxHS+IgUe63kEerLXrqepdHKzSA9CrQWirsFak1WhXRPFDxVtdRJZqWT7Nx7wRR3txTg3WcOmgsfPESb0fzViAgSoPNifzDJFDiemGjzvhIvIW+ZIruyqrlFVcXt61BIJLlfjre8dFeHfEXIevYcRUyvuH4AwqSO7FsBIHaDhTlpkW8Y1GN+1cwJ1UUAfzx902jjbvLKZj+HinSBDB3cRzRvHnKPX
B2DNPGdqs9P5NxohGj/OfOMQMGOPs+LYDuLsRfNpdKpm+4dMXG8m7yyxK5qA3bTjW71TK8sTG217DleRauc5bh5ZM9XrJFm5rXqs/+FNyISxaaw6SnRyGNEQfP3Ae2hq0rMqM2aHiKjAcAQW/8mfC/RInLGgy20tYYGbWVGN/G5TG7/rhXJxYF51jQO4nKZtbr2A4iqHiPVWA/tLzCmfMPGTMUz05LVc3IWh2cyBzjMJax/1FduSo9k=
A0+KASu/uJCyA6JH+kVKdAjvEi3kGCdnOSsv7MQfrm+kAbN66A0Mo4PNuwvzAxNtcx5vsYKX4S6miVs1c5TROSUKNF9JnbBE6VmEWrJkehjZAAQd6EuwKirjgpP+dwAoSMCcdheZJ8usuPSRmNtlLWmRo3k5faSu60tXix3C+eDWhRWjEMxeLbaNqAJSl4D1XhMDK+QZx/CJQ5nsbJQ93FQ1OTmkUXZz0Rv31S3LmqPR
VQkU+yJCh5n+upJmpVmeChggGbmYCniS1YbVslhTbT//F5fG5leX9SsIQzaPdIGS7fCY6j0NHWi2XRfmoQQGYIm2fKHj1mcp7EI3af4Vhhv4eqbhcUfh2dJxXV/nKcVR+DsWKSrow54D53a51V+ZpG0qV+a19jdt9tCVKl8qkAiQBbNAX0/2h0Vdo4XmNbWh1b11JgeL8+7Ikj2E2HtmLMxnI8wlm0sPe9oV+tEqyZuj0g==
cn7YzDECUPI+RhGd85k9xwjvDyHiCjxuCSsv7MQfrm+kAbN66A0Mo4PNuwvzAxNtcx5vsYKX4S6miVs1c5TROSUKNF9JnbBE6VmEWrJkehjZAAQd6EuwKirjgpP+dwAoSMCcdheZJ8usuPSRmNtlLWmRo3k5faSu60tXix3C+eDWhRWjEMxeLbaNqAJSl4D1XhMDK+QZx/CJQ5nsbJQ93FQ1OTmkUXZz0Rv31S3LmqPR
eNkiuwb6nB6Cv/ami+iqJMaI/K6IN0nxKqHMpD4P7Q46ejAP/aQGSwTPDpUx8nqppvNJiWkj0RcZbXkKTZlQ0yt+DC3JvfEAe5mPXvYXm7maVONdlnKQMLBYE1SmtXrPOrqAR1DbPCMqCGLUnn4FvQ2bZvwmOTpP763jBQHR6zlu/sFvRYMf1tPA/NHX68Jo9L08CTqq8MNKtZRHIQP2Hc3go2dLpK7Al3z+obuxNvXcIxtfJf0P35Cj2w==
Os9AHh0ig+rp6G4GqlCsFGkzfnLNedGgWojfAb2TcxyI12ovYEl/SrT1aIOn1Ucb/wsXbXcWY6F+j8UOwnEHBb/cFXnhwnivFSUUJA3BOMo+7P6YXYiIjVTT1MqOW17jMj9E6AwI0EbL4cPriKCIgZTTYS1tma9pRWWAjg8zi7tRCr0gks3Z08x0+s3SFRSS3h8Eddqbj7tYgSOQLfvFHCBc+ZyQffUJ+KkSU/UDC8Uhw56j1Q==
F+fTiFOTkHS6QJ+ZdYcE62g6Y2XLepiyCobDC7jSR1KEzWI6YEl/SrT1aIOn1Ucb/wsXbXcWY6F+j8UOwnEHBb/cFXnhwnivFSUUJA3BOMo+7P6YXYiIjVTT1MqOW17jMj9E6AwI0EbL4cPriKCIgZTTYS1tma9pRWWAjg8zi7tRCr0gks3Z08x0+s3SFRSS3h8Eddqbj7tYgSOQLfvFHCBc+ZyQffUJ+KkSU/UDC8Uhw56j1Q==
H52RFCYiYtIkK113+5Qi+1ERc8gl73rb7OgTBIOgaT0OkclOUb8eDAcsOHShjnBFIn7s8S+2XdUfLevcqdAZ9C1poyQ=
qjf9jTi2yyQG+hiwlwxQIdOBghsOheplNQnPPVmP/tJc0XvQFUsd/Mis8RyYzd2poNlqE61Ts+WJ0xajXQ==
oyjqcsUW2vCEkHkrDI5/IM6bGUTEjew5lD9hhT8zAyYIWo3cuAP2JExvszTFQ/tHO5JlovGS2ROjWg==
CqDlZV+vEX8IoFSrCeTpc/i1aVA2+YGm1Meakml6kAZ7pir73DoIlcIT5/4gNGaKbicCKHsL2kzDNRhGLJlP2LxCL6wMWImOvqrW5dPXrSgDJDdDEByoepyAPvN7LbRDED1qLyMpfH75/e/jqEqa/R1gE4d75BUgx3wuAcvxxtWso8t/NT2fv6Cj6w==
By53RgjBEj2vGD6gJ7InAFMpE77IHn2JzJCG9UJIeir/F5fG5leX9SsIQzaPdIGS7fCY6j0NHWi2XRfmoQQGYIm2fKHj1mcp7EI3af4Vhhv4eqbhcUfh2dJxXV/nKcVR+DsWKSrow54D53a51V+ZpG0qV+a19jdt9tCVKl8qkAiQBbNAX0/2h0Vdo4XmNbWh1b11JgeL8+7Ikj2E2HBmLMxnI8wlm0sPe9oV+tEqyZuj0g==
gb0HU6rom1tivJRxMlrT5dBMKShvm2QX8ZQaI/CPuj2tAvYxElOd8aVz7T8NbW0iccmcq//euLVFTW2oz9l7Nuonl6HutLdlWiJsWCTYh7zaZTb37tp0X1zrIMteyNZ8Ag6JJbk7MgRq6QZn+633LT0Bp8E6XnX3yfODfmcAiDnL285wAN3oMXZ6jCveNQAv3VM6JZkA139HlLmoYzxKCSdBum1og88n6a0z94Sjzw==
kStBJZErphDT9olPijNLc//fxHS+IgUe63kEerLXrqepdHKzSA9CrQWirsFak1WhXRPFDxVtdRJZqWT7Nx7wRR3txTg3WcOmgsfPESb0fzViAgSoPNifzDJFDiemGjzvhIvIW+ZIruyqrlFVcXt61BIJLlfjre8dFeHfEXIevYcRUyvuH4AwqSO7FsBIHaDhTlpkW8Y1GN+1cwJ1UUAfzx900TjbvLKZj+HinSBDB3cRzRvHnKPX
D2isvUD8LCv+kz41wRecSOMQMGOPs+LYDuLsRfNpdKpm+4dMXG8m7yyxK5qA3bTjW71TK8sTG217DleRauc5bh5ZM9XrJFm5rXqs/+FNyISxaaw6SnRyGNEQfP3Ae2hq0rMqM2aHiKjAcAQW/8mfC/RInLGgy20tYYGbWVGN/G5TG7/rhXJxYF51jQO4nKZtbr2A4iqHiPVWA/tLzCmfMPGTMUz/5LVc3IWh2cyBzjMJax/1FduSo9k=
04JMOgpnMXYkMdKEcu7JfgjvEi3kGCdnOSsv7MQfrm+kAbN66A0Mo4PNuwvzAxNtcx5vsYKX4S6miVs1c5TROSUKNF9JnbBE6VmEWrJkehjZAAQd6EuwKirjgpP+dwAoSMCcdheZJ8usuPSRmNtlLWmRo3k5faSu60tXix3C+eDWhRWjEMxeLbaNqAJSl4D1XhMDK+QZx/CJQ5nsZ5Q93FQ1OTmkUXZz0Rv31S3LmqPR
2O82vEceh9BXLZjwjOjGEhggGbmYCniS1YbVslhTbT//F5fG5leX9SsIQzaPdIGS7fCY6j0NHWi2XRfmoQQGYIm2fKHj1mcp7EI3af4Vhhv4eqbhcUfh2dJxXV/nKcVR+DsWKSrow54D53a51V+ZpG0qV+a19jdt9tCVKl8qkAiQBbNAX0/2h0Vdo4XmNbWh1b11JgeL8+7Ikj2E2HBmLMxnI8wlm0sPe9oV+tEqyZuj0g==
ElFxd3FOT974VSI0TMuRmwjvDyHiCjxuCSsv7MQfrm+kAbN66A0Mo4PNuwvzAxNtcx5vsYKX4S6miVs1c5TROSUKNF9JnbBE6VmEWrJkehjZAAQd6EuwKirjgpP+dwAoSMCcdheZJ8usuPSRmNtlLWmRo3k5faSu60tXix3C+eDWhRWjEMxeLbaNqAJSl4D1XhMDK+QZx/CJQ5nsZ5Q93FQ1OTmkUXZz0Rv31S3LmqPR
5d+eI11KYS8q0bDhTHi778aI/K6IN0nxKqHMpD4P7Q46ejAP/aQGSwTPDpUx8nqppvNJiWkj0RcZbXkKTZlQ0yt+DC3JvfEAe5mPXvYXm7maVONdlnKQMLBYE1SmtXrPOrqAR1DbPCMqCGLUnn4FvQ2bZvwmOTpP763jBQHR6zlu/sFvRYMf1tPA/NHX68Jo9L08CTqq8MNKtZRHIQP2Hc3go2dLpKXAl3z+obuxNvXcIxtfJf0P35Cj2w==
XE7ZxQmuUL1PayyfiYVXRmkzfnLNedGgWojfAb2TcxyI12ovYEl/SrT1aIOn1Ucb/wsXbXcWY6F+j8UOwnEHBb/cFXnhwnivFSUUJA3BOMo+7P6YXYiIjVTT1MqOW17jMj9E6AwI0EbL4cPriKCIgZTTYS1tma9pRWWAjg8zi7tRCr0gks3Z08x0+s3SFRSS3h8Eddqbj7tYgSOQLfvFHCtc+ZyQffUJ+KkSU/UDC8Uhw56j1Q==
Ib/oSWgHbU0KZ5x3E0lqnGg6Y2XLepiyCobDC7jSR1KEzWI6YEl/SrT1aIOn1Ucb/wsXbXcWY6F+j8UOwnEHBb/cFXnhwnivFSUUJA3BOMo+7P6YXYiIjVTT1MqOW17jMj9E6AwI0EbL4cPriKCIgZTTYS1tma9pRWWAjg8zi7tRCr0gks3Z08x0+s3SFRSS3h8Eddqbj7tYgSOQLfvFHCpc+ZyQffUJ+KkSU/UDC8Uhw56j1Q==
IO66bLVMtElLp8bZV/IxZdOBghsOheplNQnPPVmP/tJc0XvQFUsd/MKs8RyYzd2poNlqE61Ts+WJ0xajXQ==
BXuazdgAJ51jJ4iOzV47fc6bGUTEjew5lD9hhT8zAyYIWo3cuAn2JExvszTFQ/tHO5JlovGS2ROjWg==
QV5zkDhq/Sq2b66DxD35ZFERc8gl73rb7OgTBIOgaT0OkclOUb8eDAcsOHShjnBPIn7s8S+2XdUfLevcqdAZ9C1poyQ=
nvQlW8npjVdID9GLn32P5F8hMl55dcXCguYfEtE0Q1aPOkCiI4SZQ7e6m7arI43ot9EgJuNtHPyyrLJEkGoYx2OZvpQ5DXMaIh1MBCpNcqSL7a20ItZnaJTVC0Cuv7eoztfzqM9u/LSqoIGTXAnvsCGzIYxiQ+VcDOUxGdzhnrO5Cy81pbuio+k=
ls7PzhXh+FPhFbmEXnsQXOnvkQLpo1JW+D1UKGQlNoCJ1rxBY7anyexi98l+tUY7+FpmQfHnIfnSkZ0/Z8kFMfjbVkmqCIP+A8c2GVX/2YRtChdGNVZ3Tfaw1crfStDokGVzoN8vNmdFfWMlZpV1gdWdtYaHKzPOyHL95FidoUzMh2OspXsLb3v6VVpRiom7o/I=
WoHelueOF884FodmnwmWrFal0q/785Ve+Ze6stJdIx+00f7EyZJ0tbMCz61Mhh997sHOv3je7jVhU8kdcvX1i7c9zXW4n569ejzrmiMj3i1Fi9GAbQ4fMiVin6nW1L3+D74YrNAhu1QPm14D5ZmLkfbh/QVVGT3yF5/bKmgWlVCIaWkIjMOrWHVPYwtbHr1uQf6Bv6P2
V3wIHFWzZlPvIHVvSkwSL/dE6EnXTtczpoJQN9sPkNe7LQHlDVueXajTS1yFWT8WGzMDghUKUvcQtaJz1MesnhrcyOT5sjWSYBH/jBMc6/BU8AOg/dwCpea5zezrmfNTj/pkJz+UETPp+X+jub+Y6VIfAvLP4POFov9t9QUq7dgzMP3MG3Pm0mFMh2AspjCXN7Y3lbq5dX+3gx5fae8VD9Gwj3GfMJhQCaLAd51CLDXneo0Bx/ELOEE86QDVlaOg
ejhMnW0Ul9Ca+pzaFO85YR9RJGtlG4R1EMA7SqatisBebDV5AQIYL/VlNCQtgZhKXqwemD1IaA30E/TKrps+Y9J/JOgsSHDGa6Ej6+hgaAE0E0EtTVkP6aWl4I7vcys78UqdIPKNOVOstNrN8tW0Ej7fZHU62+87+MEDkA27JZxGmxmcsL1ViVhpclMVQ2tFgYO+o/U=
bEOiLmIHBS5vb68yEonyHhB7w1Kv3QGxzlRObqgAP3Lwadcy55qXF39hsHOxmeXX2aZhCR544isf/fy/al6p1JiHyzwLB9wQwz/Gz/rFuDhip7mNrReCw4kpP5OZr5iZsk/CQm9wc3XCLy3FJTrtqNNgPXy742YiAZzHUAy2MOfX5vclGin1j9dTXm9J/xV/MeBPwT+gGKBpcoBHvVIsRQcqTbFnYYvIIeypMPWFo9A=
lqWwC+9i4YsNSNsdEIUb59uTgXMGJUWMxlA8sdej/8j0QiFZ/shiu7+NPG8KbqnEuHeLbOu3XIBjTwYfmvW4KEJX+d1NpwJTKVn/Q/mfmImSv4ISj8Dz5WJf7RVFCu2485B9LFtT5rKh7AeAbIYw9/cWt3X6mXUfdyOevynPFW8REA+R3xCYMMkCQJfdYixVJ9oN4YfRC1iBnGnglbWjwA==
LWBXQ8DEd8hRSdA301+2ztZmBD9Om9geeL3Cp/v7hWbZb4r6kpXTp9RJbkxJGuQtU7q/5YxOLwXO2d63eNb+LUEr+dWyvYUzV6Vd/TgXDiUahBtSY2vu1WWTwYhtBg8qBZqv4ZYcTUZvJogkUKkrzO8jLkslUbvp1vntDVURLeo35+viqF7l6Gjy+YAMSzvAFfeTwxtWjZZh5pG3o/4=
2W0B+ni4WtbPTmi1AW5LIK/rH6HWo+Lsj2nBga6AokMP5Zz3muYpfEjf6zQ7fxz4U6cmB4r9uBAyfxkFHe/Cq5kxX9tpFxgxYhfiSl8Is51St80NVQLtgIO4nfQLGyZKEYSnGPwOsE8HvtctKlE1Z0fLvqc5xxVXYTjvSY9YWMh5auAMTeqs7ddybblXGUsgsXRJ+IW9o/g=
IZcz43BW1mNQ+DhOEhgplCnn+gc8stG+7/iNeMl7op6ycfvzhJ2mCAleLPkD7hcBLCqHkV5NVjP4Una50b9RsRJZLWcHcZW5eFPG8UrQM7ZDD8bBdYfJjG0CBz4VjoeFtvhlEj/yQGAQ7eMYv3eGr4U1E31GbWWJ1ZWlfqdzQ4YIuk28OCYxxEwP8xRFo7snOzKlgnHymbOj+g==
5bDFmroDxwR8pgN3thPzP8yYsMMDR5CReUY5ZX4F1lXoEGMKHl1SYDbcvfmJcrDPLdVMZPVRoCp2vBaYNVhA7cxDrApWK2YDeo+saKT4mGYz0ZsrMDAQIdwDSS1FSefJ3fU4TlcDc5sZ+hWgen2RM/QEIg2qhYzyFs9sdTLLx1vAEdvQdQv9fO3rkRw4DT0pgJnKE02Tk2Xpk7aj/Q==
byI1Nzl+zZwFb9qHWZEapg34bkadtzpqb2luBcBN/hwVOuhxRHgQMJuZr56Wl3v5ulSDHXbyMPDQWPMUBjUaD9q6oIcwW9xjCggCFD7+pX1tm0a8hrlaj8+tw8VhUUt5Tv6hr+UDvxazwNyRN2uiqNS93MlaKlCDqrX0h4GDFl2t4IMnqyTLB7d8HuEbMZa1PCM7n4V975+wo/s=
umCRAhIdkrrkq8Zn86sLaDcZ/j0XlriG4a2JuxWc8LgkQfmrvVROksU1pKWviNgYWfqgHO06rD13Yi0pd8nL8JHkCeglbaMo
biKp8R/3uZeYlaZkFg+mGzcZ/j0XlriG4amLtRWc8LgkQfmrvVROksU1pKWviNgYWfqgHO06rD13Yi0pd8nL8JHkCeglbaMo
+WScV4f+Cz9EDLjKS1M+s9ApLfPf8Nk7NSXrXwRqVSEQUOPE7CwPvGprYuC/x+9xGRDGPv0zeZpdrLTx3RNnX8r/OUEyz5+/lcU8SKxX8Ch4IMw25zm3SxzYJFHo+3UtebHTuekdFC5766fLTSLJ4CalRWOgrM6txi14QmJ3kPVOczPrtLk3cBmjKay5s03cZFXp+dTx5vNh+6eV3euKo8E=
s8TIrghbMIjb2KFO64x0Ybw4MyMAZCkOMJwHXdv6z1QTM6c1L7Pc+mHhMxBdm7VcVTtpnABdRUnICSLT5aPbBfEjbqMl
r/niGERlktX8qA3HyYstYOX9GLvNrOXvzHSElo/Jo04J75z3muYpfEjf6zQ7fxz4U6cmB4r9uBAyfxkFHe/Cq5kxX9tpFxgxYhfiSl8Is51St80NVQLtgIO4nfQLGyZKEYSnGPwOsE8HvtctKlE1Z0fLvqc5xxVXYTjvSY9YWMh5auAMTeqs7ddybblXGUsgsXRJ+IW9o/g=
31evK4RCJkQ1997mD8qg09OBghsOheplNQnPPVmP/tJc0XvQFUsd/M2r8RyYzd2poNlqE61Ts+WJ0xajXQ==
PB7SLDCsPAIaWg4fCa0hmc6bGUTEjew5lD9hhT8zAyYIWo3cuAbxJExvszTFQ/tHO5JlovGS2ROjWg==
MNQTsI8+GQPW2fQxGtrgEhHzvX3RaZ1D0W31OHbi9yEh91UWHUKZ+95T+1roJnWgSHwNWIMTS0g1PwM72+6d3gHuIW+jJg==
IByx1xq9fboc3E/mvb8iSpdL9hjdVqMgvPd3Yo2GG//n+zp1gj4wLQUga7djBLVTj/PmMaNR3iUU49OvzR33L2ijIw==
ghqIXo0+r3AplXX76Nq01tOBghsOheplNQnPPVmP/tJc0XvQFUsd/Muv8ROYzd2poNlqE61Ts+WJ0xajXQ==
b54hJl7kNIIgCD4a1XYPf86bGUTEjew5lD9hhT8zAyYIWo3cuAD1JENvszTFQ/tHO5JlovGS2ROjWg==
2DDs5vgh3n8oGonsjGoffTcZ/j0XlriG4a2JuxWc8LgkQfmrvVROksU1pKWviNgYWfqgH+k6oz13Yi0pd8nL8JHkCeglbaMo
ZNjuzC+WRwes3AM674RHtERCDCB4FcuBQd/C1SVeIYvuCF2EcjcMQAOKHVsSO24jgl8U6NyooIY7wbNrWICYwQQzUS1deT8pVUVQDn8Te3shqm0gwq1pE/wUSk0CdQRSTr90dSo7H/tIYXMQnRv1XJa/KZPA3QVJiIni06UjGwWxo66j5Q==
VKQzF73gknCiDG2j74jApCp42NU0jFs4DnBgelD2jr9WARoF3NeAk3r7Q6xY8O2P8WWxFmAeeLPRpUkODkSptzzba6KoHmWoaLF9wAOLuwAVNxMDG5YNVmEmEXejPg==
pCFwLCPJEKuMEt1Qf1MHdytcmd97ZoU45pCG9uT40EhyBS637reseWw5El2nDjguMdWps2VEMNC0+ZljjUxOupXNBC1f0JjwScJAV1miI5WnGg0hBxELmAFcaSAVdaMA
l9p7x//LqwNSxZAIrapR2gJvtvpKVKQi0ZCG9uT40EhyBS637reseWw5El2nDjguMdWps2VEMNC0+ZljjUxOupXNBC1f0JjwScJAV1miI5WnGg0hBxELmAFcaSAVdaMA
pOMOIQ51rx5RKDBFtoXjqXoznR/LmZb67PzQdAox3puGk0wlNO3CEe/K+FKJIRnfzaCQTCxtCe8FyM4GbXl0gbd0+CyRlhCbkeZjaZ9uPc0vdSuEGUh5LB1xozw=
0tk/HycL6i16WfE9kwQDJyLGjyvn/g3BnugFgNq4alyOe2belMDQQGIdDl/ez+yxvGFy9Ve2uKahTQnb1bzwmOQheUv9dE6yhdUkxW+o2DiZmiD/qRqjHTeCrUm36cvQUYSJCGVNowg=
AzS3GKVDir761A2Qbu7jMW9b/HqGSQFca0LKLUWqCsecoh3WgZCPvFByFAQG1MbqtIbGBeeIWY8QZeA/Zdj/wsSdaJ9Vbl27uDjulYHAL69vNOzbK7MCOf+hUr3Qw9dXgY0LZ0yjBw==
J5GS4ggRTGLQcnz0qVxxUNg7T3IHg9ITLLfToeD/kGnZbYzn1pPSgoAFIAUJSM4/Pd6lg/02UAzPmZjkZInhOUxswMyjkYUzV6Vd/TgXDiUahBtSY2vu1WWTwYhtBg8qBZqv4ZYcTUZvJogkUKkrzO8jLkslUbvp1vntDVURLeo35+viqF7l6Gjx/YADSzvAFfeTwxtWjZZh5pG3o/4=
uji1LkzNyT2FaZd5GBv5H94FkHJIkGoXpLFmFjWV/5iLRUkCE5S3hYRlwqHt6EUzNJvvDW5ETPLWT6t6Z1apS+qRm9A1i718rm/RE3iNfSnAGQoTjRNTZSkTdqM9
POJJILZzs/oS4XnwwcrEJDYhPAyhOGTmuB4Y2nJpaZrRK7edn7CY0AkiwPeZwiO15/qNgcdxC7hBvOmA1RWjIA==
POJJILZzs/oS4XnwwcrEJDYhPAyhOGTmuB4Y2nJpaZrRK7edn7CY0AkiwPeZwiO15/qNgcdxC7hBvOmA1RWjIA==
/3+XHCdiXl81XRHnYybueepLIDvQTl3rgCwy2AsQI2xJ9BFaeALhv0fJzSkCPSrQItKsdCPP44FcaC46WUMYEmIPLU4nVBweqATY/h8q1o1iaiAqYT4QPjTUFw4nSS3QLgHyjxWUGPNIceJABxLFty8KalogiPXnBhUL5ko=
