azwW+W51bLhMYlwmeg0djx9GJHh2F5kmV8k8R6ClqaxTYTUbZwMXW5VoKTtrx8hMXLka0SVraQ/0AseVito+cds1fuk2U2fxYc8g4YRkZxs9HUI4SiUR6q/J5PGldSkq8lKEPerVZU6rtt/G/ZD0Hi7Fbjlw0+08v84Zngu5J45TnRaRubVdiEl5d1MVQWdEgYO+o/U=
Dl1Fu+Jvj468hQfbZPdNDs4Me7+Z0MimvsbO0byG3m/snW/7iqMuVUfDxkEXxic7rvvcTpDDtN16d9JDZMnsp7W5I4uaMX7AxXOvqdi40JGDgg1tHiEfMWtiIKZeHfChd0apsuXWh7TW9vzxNHkqZz/UHWpjDrE9pQbB6YwxY0GPwAs9TYPvZUUsk7eko+8=
mN/hpzPLhVnh9oPv0NnBAnz2i6wX3pP5OBPeACfmhs6+Q+gNPC6vZESQjOrQO8M/R2tMUz+5hJGEJMKddRaQ0rJDRoFRaW7TRgOi/bPzsnnuQ1kDWsuo5hxj+PVuJ4bb+Inwv2Hpt2NWUXIocQMbUeS47Gk38rmFEkHT2f8y9L5CXWw5Ixa9mql2CxyixgjJSPnWX0vk6cLvrn0VsdYVcRDxf1nbEJ9VAWPjDfHcJ8+Yo9M=
FGVN1rT1HGcxH/eg3Lvzv/qWmuTT9mkpU7qcfoHrixGDigcd87eiQVU7R1/EYVsbeycDmQFdGTtZUJUQkZs5Yfbol1R7EfiX3/berseP2ZC31vZLxAetR3+yinqIxL74otvy5wPdWQ1JaqheINLWXts4skpr9aH0/yos+OeMy7ATKAiopa2j6A==
4dEeJWl1m1jh1B7hmFPBdJjw07PMFvHARb/JKCwcAJbS56n5q0OgU4mfqy1bTtexWyoj3e2ft5MMVTtnYyMTdemJWWchNCWcGW+Z3a6sx3hTBfiL59Ku4o87OWwvUmYnrFNtm4dWunaAsJ7Eeh8iS6tJ2ZHxzliS6Oa2IsM8oqaDIeGoh06cdG94awxLbFiEjbmj9A==
TakKOx8ycubPKJixJHRs/5jw07PMFvHARb/JKCwcAJbS9qH3rUyhAYmfqy1bTtexWysj3e2ft5MMVTtnYyMTdemJWWchNCWcGW+Z3a6sx3hTBfiL59Ku4o87OWwvUmYnrFNtm4dWunaAsJ7Eeh8iS6tJ2ZHxzliS6Oa2IsM8oqaDIeGoh06cdG94awxLbFiEjbmj9A==
p87fFn/TYt+BTwusGoGh9Upsm8k0MnPJcaIVEOoT2BPEWFZyRVMAKt+951Oy3wXi6a/rKRNU86kU6RbrUmOWJc8jHhF9w87r9ptUviiD7M1yV6rzjElE141ZK5vC8YZwTdN3efC4+EFbIoXd5uFHIWOCGNb2nRgRD2ahor2WP0RelqQh3HlCN+c0lRrbzmktrSY5WeSxy7G3oAMtlcOX1c2My+eMo8c=
o9qVI/KOvoPCq+XNaT9EQj95bBOHbXvHNGeljpyd+xJWXydBmJmqE2YDgj3Tc1K5iEO6QzpLSKY8Y9i1zqcmm9iJkP+BadejtlES6NGDu5HEuMypl3IZRXJBMxmfshT+Il1MeYOWHdqJditcQkZoiaj5tp+rZIkCz65d1RFWtbEw8Z+Zu5B/FWFjA01RXIePuKPz
taup3N/ubskoFfyXaL+qu5t8EzlJiNpXYOKd+KK3zj7ZMor8n4fOjoJEIgkKSM4APdOl4Zs3X3ivk4fgY5e5OV8hgMurncd1S7cVpzkNFTItjnVRaQfq2n+az4t4AXM0BpDD5elWS0R+JZA9TbFzkPIkLE4uXv6p2un3BxlbJegwoOT4pljn6nrk/48BQjPIFOaDxhtWj5pg5pG3o/4=
jm0oKo3povseNj7HvW+bi9my4vCWG/HATb3fOngOA8bSouSw/w31AYmfqy1bTtexWy8j3e2ft5MMVTtnYyMTdemJWWchNCWcGW+Z3a6sx3hTBfiL59Ku4o87OWwvUmYnrFNtm4dWunaAsJ7Eeh8iS6tJ2ZHxzliS6Oa2IsM8oqaDIeGoh06cdG94awxLbFiEjbmj9A==
3UyAgXh9UHi/FRAj0Hsy53M8LE7ZbXvMK3ei3JWOtRNcFCdBmJmqE2YDgj3Tc1K5jUO6QzpLSKY8Y9i1zqcmm9iJkP+BadejtlES6NGDu5HEuMypl3IZRXJBMxmfshT+Il1MeYOWHdqJditcQkZoiaj5tp+rZIkCz65d1RFWtbEw8Z+Zu5B/FWFjA01RXIePuKPz
Pb5WSiZjrymPPGlvc3GzhLaxfxARuJ6E5dGShGdro0Muw0rN+1NKyZFCorMia2DWdCMQZSYHngugCShveYl/8/4RWtg5Y6Oh3LjUmY+S8XU6AXtJN1LsbprdNOk7NvUKQTZjLGpmcHmw+a7vs0Sh8gduFYV59g0hyHEnCcPw18Wpo8t9OTyfv6Cj6w==
VRXRZjheQmuJOm/ef/aIxcW7H0zXCramFOBWcTI2GCDfVPdfrHdUvLK0BB53ypx28y0qLVyDTU2CJGnNSdcwTOvV5Fun8W0Zf/HI8nDR3M39OAk+R8U2D+K9NqnP1ZWZuYdrtetWt2nrdiKFXUfXi7zN+39Tu3Ot2dHZPxHsRQQpd1lFHrSnoONd+NNXCs76P6P5dB/KBv+cC+3Dt47a7rCoXlzKB0KTGxHZyUEWOIpYfnY686TCfrN5YfC3lvzsX2CrlPt0OFw94aOs
/P/ev6bU+1ZtR30ZTJUi4D9jYB6FLDKPK3D8g9DCp0BURmZBmJmqE2YDgj3Tc1K5j0K6QzpLSKY8Y9i1zqcmm9iJkP+BadejtlES6NGDu5HEuMypl3IZRXJBMxmfshT+Il1MeYOWHdqJditcQkZoiaj5tp+rZIkCz65d1RFWtbEw8Z+Zu5B/FWFjA01RXIePuKPz
0LRSTbABs39fISC0Pe9nF2y9kuzZooEFO6IPKnUzMo/IoT3zjtyGojd5IdtIZXeHlEeGwOnEwoU243FJlmX+kno1fKSANx8yEqeViVufL+AP61fKYr5pQf+58GNr9fdtK4/Fz7nlRQrNlkW5Ka8aQt9in6N4KSPMpggzTam+e1yeHcDVzdmjqJI8HCbu9o4xepEnLxlz9ZCQOJRQZjDX8hrcL+eBqmPw9P6zLlv+fwLAHsGfo9Y=
qqfCUiqreHLeoARVIGUbEdKRgmwZCUSN0CM/s8ejz57vRm9R9o48+uq1ci1MbuCBk1CqafGzS/kTMmdVw66iaAVD59c0uRtzax/jUbHFmZOJqLUY4cP5iWZQ9xxLCfi/j45+JjdXmfin7haDdJ8t769KqnL4nH4QMmOSrzPFWSUZEgjW0AqWNssAUoLbbSFcL9IM8JfUC1iDkGjglbWjwA==
vAPQj3ymtYms4I0xbqLeYnsA44Oa3VK4QVWkqbgPz4e/n8+a50p/Re6SHJ7CWUJZdJKgxVuc+j0pbytd+54X4TsSIuyNz3dDrCW7l8NzU6UJuVlXweRlzLmfGa0OfAcoMzX4u4eCbjIvS7mcjwIm90xjbatnhvomIEAetNrP4hvLedmhkZ6YQkiWNtJjbOJ2YxHhmGee3CTPiOt867yY1O2Jo8Q=
TQ/Z34jX4uY3EpdEh6juZsXpnBU86G7GJdfaHNAyhFMCMRhPG2XJ+8ho7ZQXWMLO7AolMFTJD05An4CzxBE1a0TVtYINL6zTrgp6Uz65yL/wV27pJnMXMZFvUGEUxDdb7f1yOHrFwar/aXRx1dXZ6oJylD36tVWOG9ZvRm3wpN7+5R45gPO9fG8uiR67WZfOY30GkamVrcg52YfTheG3hNHjjqPF
cAc+iq/fuGLOIIeADaUvsksrWu6Jrn7jOpJdQ5RbjAHXnbOZz5jjVHdP0mQMjNZ3OmOYtIAnf+LS13U522+PUM+7d9RirkkRPwlQk+tFFx3rX6XfufWlWo1mJQmp37ryn7K/s3g5AxzmuJM9KQ4brN5NIMXNycN4Ukz8lm4GLoG6wQc/GWPVwFCINKDmgDeC2gxP94G6g6C0DtOe247fsoDO4Y+jxg==
9LoqjcTyLdevZRPJqyL6+z95bBOHbXvPNnG32pGU5UBWWW4V1szYE2YDgj3Tc1K5gkG7QzpLSKY8Y9i1zqcmm9iJkP+BadejtlES6NGDu5HEuMypl3IZRXJBMxmfshT+Il1MeYOWHdqJditcQkZoiaj5tp+rZIkCz65d1RFWtbEw8Z+Zu5B/FWFjA01RXIePuKPz
nD/nvqsL1uLE2/dMU1At7bb6gAu7lBxS8yxXHhcocsXQlZZzSLu9zfsbh7Qf/x9p5RUhVe/tWOfLsd95e9tNa/nBTV6dAu39CasyFk/214d4DWtYNlwbSYn608jOScjxjX0r/MIoNGJOciZlaoVvi5nXvYSAbDzUxnT/5kqIp0PBjmukpGobanv6V1ZQiom7o/I=
kxvwgFWj14pE1duc3JcJKeaMhJGU248DHdu12dtPz/BPW7f+ZYGJ8b+pELPrpdd9a/9lP7mV5foNhmVpqf96Uh/S/5N4GUN8ZhhTHSluW0xe7WClzSkD2NIsPHZuJm4hOiHHHxlDFSDQKHSA5mD34lqsjxeB2sMANO6T/tuuHxIArqGvo+Y=
+m7tJcK+mFzX672K/Fwm1QMWESd+Ja6BTN+gsyRRVevkFV6FYm8MU07KGlMeeSg/kBdO6cazt7Exr7BhNISX2w09UjhaBSEqXylUcTUVeWoisnQ92vU1DvsWT0YNMEReXqV+OWAzHfwPbmkemxn3ToO9JpHJ1Q1ImZnn06UhFwSxo66j5Q==
WQ15QJ+FUpF13PIGyt8n/+SMhICWzYsDHdu12dtPz/BPW7f4ZYGJ8b+pELPrpdd9a/9lP7mV5foNhmVpqf96Uh/S/5N4GUN8ZhhTHSluW0xe7WClzSkD2NIsPHZuJm4hOiHHHxlDFSDQKHSA5mD34lqsjxeB2sMANO6T/tuuHxIArqGvo+Y=
5Y/OfvxVdrzP1qMNb5fqWAMWFzFiOK6BTN+gsyRRVevkFViFYm8MU07KGlMeeSg/kBdO6cazt7Exr7BhNISX2w09UjhaBSEqXylUcTUVeWoisnQ92vU1DvsWT0YNMEReXqV+OWAzHfwPbmkemxn3ToO9JpHJ1Q1ImZnn06UhFwSxo66j5Q==
tnOH9eDWsMSo9SQpwu51BQMWFidwPa6BTN+gsyRRVevkFVuFYm8MU07KGlMeeSg/kBdO6cazt7Exr7BhNISX2w09UjhaBSEqXylUcTUVeWoisnQ92vU1DvsWT0YNMEReXqV+OWAzHfwPbmkemxn3ToO9JpHJ1Q1ImZnn06UhFwSxo66j5Q==
lmc+GSNbuwyChnSyk+FNrnaba0Imdm8e9jQZMw5XlYS9amlbBBGxzgt7lkvC42aFv+PuMQfAMcuG26QeWAN8bSIXetOcSVQ33Rn7e1JxNpD9k0eZwLjIoWtiNT1WYdfBs8JINuadCDHfJvECLRZP5K7W1AEseTIXF/TluitO+Y195ml49LHb0WdgU00FQye1fUz7h7yj9w==
2Ycai8mGzC21Ro+1W7hB4OUtZ1gHjXKlxWdoLaRHBjwjLEZ/0O7QUhTxIj3J+4XnTV1jMykNibP2gzJdY7OCmf9BRWNqC/hGjONIFR7nVrvIiYCfsakHwybR4kihw2tx9Lj8SUcyaeWCwaN5T3IknjJdXFnz1s16GfabvPIGOKlY+ca/e6Q5Yn8uzXVBlkWQIPGPeYvQL/Xx43PtoZzX74ijww==
3a8U+2p3P/auacujscYSeI1ZJSxj31pC5NoHNLGFyF/ZbZxRNnLU8uc07CJbfE5jJ9jVpOneuaNHWm6+z9l7N/4oiaHuurVgQXpsS2mGlZD9JBzw14VQHlz5KYEEycxnFTmDS7oxXgBl8w9p+LjwUSMCra0+IT/xy+KAZn4dkGGXxslyBdbndDZ2nDHUeUon31R9KoMO0X1FhqGobDFDAS9Aq31tg88l5awz94Sjzw==
3a8U+2p3P/auacujscYSeI1ZJSxj31pC5NoHNLGFyF/ZbZxRNnLU8uc07CJbfE5jJ9jVpOneuaNHWm6+z9l7N/4oiaHuurVgQXpsS2mGlZD9JBzw14VQHlz5KYEEycxnFTmDS7oxXgBl8w9p+LjwUSMCra0+IT/xy+KAZn4dkGGXxslyBdbndDZ2nDHUeUon31R9KoMO0X1FhqGobDFDAS9Aq31tg88l5awz94Sjzw==
LyiHYWO1A+cZ/4rOaeJ1xzI1PeJlXyNlbwD8RQYuGm78hFtKTlg4/ZmcZHgomuH8IVF2qLN3wwf3l8hjasIWc9KxzK8UjzKp+quzoRXn/AG4DHMryQVOOEY95dq7odgReV1deiaqSH2mbbGeH96DZgE4YG6aXeK5/EtZzCtmZT7XUZPeByDaUfXNCVi9USszKalzdPWbsqP5
ODmUp5RC7x4hNXxny0wnKljgju6s7oV3+ZW8r5ZbIjrulbKFjcZSnbRr2KQ09mcH/JiG7meYqSF/WbADa9W3zasvhS+5hYWqTTaFmSlP2iJfgt+DeAljLCZo862pnrv8Hr0Atc054wgSnFwG7pbO0frx5w8ZUzXwENjUMGYQl1KafGoHgcqjUHRecw5bHr9iQP6Bv6P2
q4VNQJI78oS9QwPtZ5skEJkV9ADVUfEypus+c5GcX/Xcuj1qnzkSXh8ubbVhFqVbgPHvOatQzzUR49OtwRz3L2ijIw==
JyrFfBDibrkfpx01vxzVO9qVjmQcPReX3h5wo93qrJy8fFN/x5sv6OnwNDJaLaqBm0ShSpzqG98nH30sxfH4NllD/sZ5pF13aFntSrPFmZOJqLUY4cP5iWZQ9xxLCfi/j45+JjdXmfin7haDdJ8t769KqnL4nH4QMmOSrzPFWSUZEgjW0AqWNssAUoLRbSFcL9IM8JfUC1iDkGjglbWjwA==
ad5PP70aOAC9M+jDgNMoAu9G837/Zok4M5eOMbM5DmC2n3mD1RfQOQ+axhnDtZmDuI8L3sfbYYM0McE1SyEObSmzbJBRTX5O5JgyNuaGBC0fSGieO2FYgEqvD6sW2YXfLCL8c0tJxtFqN2KjNMk8B8V5M+sqsS7gNTM/Sei44HETwv1NTqGvUXuiUAaOHaBBxwa5kpVWV9TmNmxRxHlax6+ULYozjkEdtcZxg1wxM+F/gBvd/QM/RTXsA9eUo98=
/trAB+TtGP4XlM8q3cXzg0P1rPIz0cj02FU6uWg8XHVvay+lXnxyr6FR7Fs4PAMvGh2HLMaIDNQPf8yVu95FZ7fWY/F3XZuq7dmE5LtBx/Q0JqFQ+Mj2pdpJMAto1qSkGKre3TT96ZVlDBusV/YiPOmODNob9SQBx6YjQ6gcgo+33fwvap71OcoE03LDuELqFweDucE9GVuZcBUw0Xs5gbbIF3S7cfj3H9Zejodv2XD39nZrBGetJ7+SClrIJL4Y4vtyx8O9WW2JSih+YDLWvpsYMmqglaGUPwqs2Kdsy1BTCIiIZc2jiA==
lH4oMAQzwUtzrtO7ACS+p+k4tYLaNLi6SXmHlC60sIzcxxyqp+6el9ECwM19eXduizzK8j5rjYvtXyZNVtbA6OHtyOXX/IPy/FrnWQuZqXBkh2otbztuA1lDoi4demlLulhE2KY4p0r6BDSvAWJzqJRGQyYbds/64EZRV6Me
FO7K2LOi/T6TOn/LL6bmD2USiCNr0dhnjd/qn5+p8TRIJd3XLq5DWogZYcGKJIlV4Njvl4+1dyp7TSQPjP+6KXIbK8G9NwTB4HxbCzEVRjhOLR36k9GA0YGN9Rq+GsD9Lh0pPvcOOyZZCIiOok3qufRbYaxDVr3+bwH7fp/eUtF9fZG4FQFTc/FZW1SNi7qj8Q==
14R/00XJ3IGdyi3xWS8hFR9JM2NzAogbV8k8R6OjqaxTYTV0DG0RJ/IWJzosgZ1RBqwN1WRQYwfzLdPKn/V4f8A3fuk2U2fxYc8g4YRkZxs9HUI4SiUR6q/J5PGldSkq8lKEPerVZU6rtt/G/ZD0Hi7Fbjlw0+08v84Zngu5J45TlhaRubVdiEl5d1MVQWdEgYO+o/U=
Es+cmCOkYIEfqo9mJoI4p+9G837/Zok4M5eOMbM5DmC2n3mD1RfQOQ+axhnDtZmDuI8L3sfbYYM0McE1SyEObSmzbJBRTX5O5JgyNuaGBC0fSGieO2FYgEqvD6sW2YXfLCL8c0tJxtFqN2KjNMk8B8V5M+sqsS7gNTM/Sei44HETwv1NTqGvUXuiUAaOHaBBxwa5kpVWV9TmNmxRxHlax6+ULYozjkEdtcZxglwxM+F/gBvd/QM/RTXsA9eUo98=
mqzBmsJNUgLDe6Uko182yIK16eKVA7jaT6PPKjkSIMbfouS9/2KTb+CIolUrNq2jAmp1xbKAo55LbCJ2TyMTdemJWWchNCWcGW+Z3a6sx3hTBfiL59Ku4o87OWwvUmYnrFNtm4dWunaAsJ7Eeh8iS6tJ2ZHxzliS6Oa2IsM8oqaIIeGoh06cdG94awxLbFiEjbmj9A==
hUv8fW7HwpdRqwv9yenEVI1ZKyRngV9F+Y1TO/786XfjRa9+BVvU8+t1oyUeb1d0OtnVreaXuadLZCHVz9R2WeMvkNL9qrZlXzk0WDeV3qTRbzHJydpFMRr3MoMEycxnFTmDS7oxXgBl8w9p+LjwUSMCra0+IT/xy+KAZn4dkGGXxslyBdbndDZ2nDHUeUon31R9KoMO0X1FhqGibDFDAS9Aq31tg88l5awz94Sjzw==
LB5ikeiKNHnZ5kXZCr/6mhgP6Y+01BZYgvQ/VyhlfRvnDaUNdhcJRxsk0fXf1GY50+/Acg0qJoXveeR4R5UuhIGvgalZWjWRyrcCYxTJ3Edl+VMrCrHOoJWzX4nIuMCxc0JdDa6hj5EbIvBGbh2AgaeGGdJ1VncUhrbMESR5OgcPFM3KE44h3RVGkcJ8MVMh3wD7nd0DX4WVbOOXtKP/
mjtM1oKJqlPzlgHx06cp3cyYsMwfVZq4eVk7Y3sS4BuvGWQHG1NxDDvRvfSEHbnHKqZfevRRpTEuvAXVbEBL58t9iwpnRSAfaMf2ab7jj1E5v5ghXDQfO9UNSjhCNfnK15k8MR0FcYoa4gy9YiXNLvMGJwalwMz+BtVmOXjDxVyHHsHecwn/bvvmnhExBTUokYnPE02Rn2Tpk7aj/Q==
smn10WS4tK+NqyS0gnYi7BFSWMWSm/eGOvBCaljYnw14D8J2NX6o9QS6dbZ7zgltzaYZEkSxK3FXICNtNcP3le0M6ydsoyc=
pAsGC7OT/MbuQj4uHh9D/BJSWMWSm/eGOvBCaljYnw14D8J2NX6o9QS6dbZ7zgltzaYZEkSxK3FXICNtNcP3le0M6ydsoyc=
Aj9kJvnil/joDOYBKNXVwxFRWMWSm/eGOvBCaljYnw14D8J2NX6o9QS6dbZ7zgltzaYZEkSxK3FXICNtNcP3le0M6ydsoyc=
j1mQlH1pL2YqzY4R3cio6RJRWMWSm/eGOvBCaljYnw14D8J2NX6o9QS6dbZ7zgltzaYZEkSxK3FXICNtNcP3le0M6ydsoyc=
q+tJ1yz72KheGTnzwb1cLRNSWMWSm/eGOvBCaljYnw14D8J2NX6o9QS6dbZ7zgltzaYZEkSxK3FXICNtNcP3le0M6ydsoyc=
nENiZjNDr1JpewgfhaLcghRSWMWSm/eGOvBCaljYnw14D8J2NX6o9QS6dbZ7zgltzaYZEkSxK3FXICNtNcP3le0M6ydsoyc=
YxuojOankjhROfFh6IjC5hNRWMWSm/eGOvBCaljYnw14D8J2NX6o9QS6dbZ7zgltzaYZEkSxK3FXICNtNcP3le0M6ydsoyc=
p/FRCd2UOLxCyWJ5gcpi1BRRWMWSm/eGOvBCaljYnw14D8J2NX6o9QS6dbZ7zgltzaYZEkSxK3FXICNtNcP3le0M6ydsoyc=
4lsgvfbTNm21u6COpucloRE0W8WSm/eGOvBCaljYnw14D8J2NX6o9QS6dbZ7zgltzaYZEkSxK3FXICNtNcP3le0M6ydsoyc=
o8BRrNa1kA0S0SnG8C6NZH9+ycktmnpqTnBqfUz3yalDERI1mcvLkHDFQ/lLvqTF5GekC2Aed6/Dr2AOHlGnqz7gCLimGGeqeqR0zwGCswgUJgMGG5YPWmAmEXejPg==
DGhEuulXBr19Q+npfRglDhI0W8WSm/eGOvBCaljYnw14D8J2NX6o9QS6dbZ7zgltzaYZEkSxK3FXICNtNcP3le0M6ydsoyc=
M7NeZOo4y56GaXZPXrheGA6Ps2HLJtQNxG+0MyDm5ycj51AWHkmX495omEDmIHeiWmwEV4EaQ0A0LhM+2+6f0gDuIW+jJg==
4duUpLp1sTplXHtkG038Ow2Ps2HLJtQNxG+0MyDm5ycj51AWHkmX495omEDmIHeiWmwEV4EaQ0A0LhM+2+6f0gDuIW+jJg==
5NtYvBL1K1ux4T9MnFdM7AyPs2HLJtQNxG+0MyDm5ycj51AWHkmX495omEDmIHeiWmwEV4EaQ0A0LhM+2+6f0gDuIW+jJg==
kCO4iKXTXhj+f1dd1MwnfhYp2In1Wfx7mVqUSOw2tqhRUba3jKp7vuYpSoK76rW+5zHjnjfOKlFFbXkYDXHbs/mJ4zTlO2KjKQ==
IzoZHneK+p5tyjIY6psmmxYq2In1Wfx7mVqUSOw2tqhRUba3jKp7vuYpSoK76rW+5zHjnjfOKlFFbXkYDXHbs/mJ4zTlO2KjKQ==
pglutYQdP+KbfhSJa9+anxM0W8WSm/eGOvBCaljYnw14D8J2NX6o9QS6dbZ7zgltzaYZEkSxK3FXICNtNcP3le0M6ydsoyc=
s6rNWC+92NnHOGynPR9AIRQ0W8WSm/eGOvBCaljYnw14D8J2NX6o9QS6dbZ7zgltzaYZEkSxK3FXICNtNcP3le0M6ydsoyc=
3SVv5Apj4r0bk4LFV/kyuzOHJE8xbWgX9C5NPQ5X0ZezRGkFV1TuiStPqCLV6h71x5n8aE+VJpSZz6lZYRptQSIXetOcSVQ33Rn7e1JxNpD9k0eZwLjIoWtiNT1WYdfBs8JINuadCDHfJvECLRZP5K7W1AEseTIXF/TluitO+Y195mly9LHb0WdgU00FQye1fUz7h7yj9w==
wA2AVB17YWfAi8XnQQHDxjx1fKUxSiR+ax38AUMhACf/i118Bxl5tMDVRXdG/vuaUCkJobI0gVXoyNd3Z4UvasOdzK8UjzKp+quzoRXn/AG4DHMryQVOOEY95dq7odgReV1deiaqSH2mbbGeH96DZgE4YG6aXeK5/EtZzCtmZT7XUZPeBy7aUfXNCVi9USszKalzdPWbsqP5
YTfbaTJeq89UYOS89PFRV3PZcpPcAC+RnLr85JZlojKf649i6fqArk8qZDVvCjOHMMDiHfvejcsSYnXNouiDdpskYj6fy7MdeQHZ77FchXTJJ9mVfkTnEEMN+IP3uo4KX3N5JP+6xk882+0TFz4anlD43oyq9wIju0HZmeGmeHo4rvZqE9QCzhipYSAXJjycvzArRJuEeOydsaP8
H5Lrv1UBrieMGdTHdEqa/Cnu+wc8sd2YrO6Mc6o8q5m/dPXQ6JCrCARTQ/AL6WQSMiuHlEUVViC1C26y27hvlhJoQyEbY93jeUnd5n3aXbVJY8LOb47Hj3gFeyAWhOuBybJjEC7xWHkN9btEonCEqo46Vj1KfX+Dmd+tfKA0TJwGvE++KjA8y0EG+xxEsqsiOzKnjnDymbOj+g==
UzHjWOpO3sNQERgfwFX1Z46aXAzNnbgjjQMoy34rcDwGXI/eqhD8K0FmuzzEUutCO5JnrvCS2ROjWg==
EgFx1CYOp6OtigKUZRAfsU4/TIQ15GjG/fgfGdCjZTsMmc09FOlGHXQ2NnKjjGJWKHHh+Ce+XMQPKOvcq9wY9C1poyQ=
Hr9sNYUsEv4cbYnMA3zSuF+revsJcG+gv2IUyZKqOq3YfgYy7ArNfr/hSz6PfqLRzR2BeOUhA/PBucsU/StqoyE=
Sc+/YaHTEfU8zxvfFeET6/cyPi0UdjsZdZEFRN76iFkeIr4tXPaKonCSKR5bmbdOQzZmkQlVTUjZGSfT5aHXBPEjbqMl
8sQW0O0adnv85YtrLc2oKxnWk7cqFB21piOgZFUBPjruFaRyoNlOKBHxvHZ0bZaiqIpiliMOcb1lBoFizDGjwc/AS72Ngy/lBSzTN2SjLw==
82hICqkeBCtjtIKm0F/w91nW+stdcyzKw3MX85UEMRFUAzmPmMnxaU701Z+UFU2pvFWWWYxaFkarkBKycL0hrM/CzEC3hIso4wAo0DVlozA=
kuJV5eWPGMjyY3fPYcGpjmAgeV/4OXH57kQVz3RlTbmcZdaJ7KqW1gsg0uKQzSG87/KMkNd0C7hDsOiA1RWjIA==
Hr9sNYUsEv4cbYnMA3zSuF+revsJcG+gv2IUyZKqOq3YfgYy7ArNfr/hSz6PfqLRzR2BeOUhA/PBucsU/StqoyE=
Fv50+ap+j+XhJ4UjpnL4KHWK4+svOPSFXQkwpw2HoF/uv9iYpvgnCvrEtO8BovPolIbDZhu2T7rghtEXo14=
0NawIKf5eHvOw7cI+9C4zhQ3vrrAWedh0FqNBOY+vuZbUfepiroyrdBuHtKE+rW+5zHjnjfOKlFFbXkYDXHbs/mJ4zTlO2KjKQ==
CjLsN4ySLco1sKhtNc6s6jOrhhevqGwcNoHnyz1rIzH+24py4SpDLKD8t8BWXk5my7GnaVraIq3Ajk6SVJolPpfRU97HrhpRNU1JWP3RazNpKTN0NRtyozk=
qb0vzqgS6zoPRHUcX8BbdSZnywPLuM61/PzcdEc0n4yViFkjee3OCLzQvBWGOETX0LXeRiMwBeM8gc0lJDEmhcRu9iqTlAKOmOlhYJdmPNw/cCuEG0R4LB1xozw=
3OLUJH2ViwbRziUfWZZFm20YjrAv/iViXGNKEjzJ5NcOAH/KjW3Y043zSDs++xCshswvDuog3BtBVpsMBAJL0rsCh/4w4jljoyo=
7UJrK49N4jBGEjSbje5q6Vuz9i6cL5JejGW8O27s52Y94UBfDX/Qt45XiEDmIHeiWmwEV4EaQ0A0LhM+2+6f0gDuIW+jJg==
Fv50+ap+j+XhJ4UjpnL4KHWK4+svOPSFXQkwpw2HoF/uv9iYpvgnCvrEtO8BovPolIbDZhu2T7rghtEXo14=
rUOGirtFd8cDhWmRowP+qhU3vrrAWedh0FqNBOY+vuZbUfepiroyrdBuHtKE+rW+5zHjnjfOKlFFbXkYDXHbs/mJ4zTlO2KjKQ==
CjLsN4ySLco1sKhtNc6s6jOrhhevqGwcNoHnyz1rIzH+24py4SpDLKD8t8BWXk5my7GnaVraIq3Ajk6SVJolPpfRU97HrhpRNU1JWP3RazNpKTN0NRtyozk=
qb0vzqgS6zoPRHUcX8BbdSZnywPLuM61/PzcdEc0n4yViFkjee3OCLzQvBWGOETX0LXeRiMwBeM8gc0lJDEmhcRu9iqTlAKOmOlhYJdmPNw/cCuEG0R4LB1xozw=
7UJrK49N4jBGEjSbje5q6Vuz9i6cL5JejGW8O27s52Y94UBfDX/Qt45XiEDmIHeiWmwEV4EaQ0A0LhM+2+6f0gDuIW+jJg==
Fv50+ap+j+XhJ4UjpnL4KHWK4+svOPSFXQkwpw2HoF/uv9iYpvgnCvrEtO8BovPolIbDZhu2T7rghtEXo14=
rUOGirtFd8cDhWmRowP+qhU3vrrAWedh0FqNBOY+vuZbUfepiroyrdBuHtKE+rW+5zHjnjfOKlFFbXkYDXHbs/mJ4zTlO2KjKQ==
3OLUJH2ViwbRziUfWZZFm20YjrAv/iViXGNKEjzJ5NcOAH/KjW3Y043zSDs++xCshswvDuog3BtBVpsMBAJL0rsCh/4w4jljoyo=
e3QiUBxF0NeX/SpD7EopQeokf2xcZDNQMpYCRse5g1keIr4tXPaKonCSKR5bmbdOQzZmkQlVTUjZGSfT5aHXBPEjbqMl
q6nEZcdnXUv6xVR/WFIJmRI3vrrAWedh0FqNBOY+vuZbUfepiroyrdBuHtKE+rW+5zHjnjfOKlFFbXkYDXHbs/mJ4zTlO2KjKQ==
CjLsN4ySLco1sKhtNc6s6jOrhhevqGwcNoHnyz1rIzH+24py4SpDLKD8t8BWXk5my7GnaVraIq3Ajk6SVJolPpfRU97HrhpRNU1JWP3RazNpKTN0NRtyozk=
PNt+CbJm4FxuemFgaFqFVyZkywPLuM61/PzcdEc0n4yViFkjee3OCLzQvBWGOETX0LXeRiMwBeM8gc0lJDEmhcRu9iqTlAKOmOlhYJdmPNw/cCuEG0R4LB1xozw=
3OLUJH2ViwbRziUfWZZFm20YjrAv/iViXGNKEjzJ5NcOAH/KjW3Y043zSDs++xCshswvDuog3BtBVpsMBAJL0rsCh/4w4jljoyo=
e3QiUBxF0NeX/SpD7EopQeokf2xcZDNQMpYCRse5g1keIr4tXPaKonCSKR5bmbdOQzZmkQlVTUjZGSfT5aHXBPEjbqMl
y9r7KEISU7aNtDP2ecc5txM3vrrAWedh0FqNBOY+vuZbUfepiroyrdBuHtKE+rW+5zHjnjfOKlFFbXkYDXHbs/mJ4zTlO2KjKQ==
CjLsN4ySLco1sKhtNc6s6jOrhhevqGwcNoHnyz1rIzH+24py4SpDLKD8t8BWXk5my7GnaVraIq3Ajk6SVJolPpfRU97HrhpRNU1JWP3RazNpKTN0NRtyozk=
PNt+CbJm4FxuemFgaFqFVyZkywPLuM61/PzcdEc0n4yViFkjee3OCLzQvBWGOETX0LXeRiMwBeM8gc0lJDEmhcRu9iqTlAKOmOlhYJdmPNw/cCuEG0R4LB1xozw=
3OLUJH2ViwbRziUfWZZFm20YjrAv/iViXGNKEjzJ5NcOAH/KjW3Y043zSDs++xCshswvDuog3BtBVpsMBAJL0rsCh/4w4jljoyo=
VC4bcz6BhV6kpATw2Ip0ZI6aXAzNnbgjjQMoy30rcDwGXI/eqhD8K0FmuzzEUutCO5JnrvCS2ROjWg==
pfuGCZRANhV92oYbaF8O2U0/TIQ15GjG/fgfGdCjZTsMmc09FOlFHXQ2NnKjjGJWKHHh+Ce+XMQPKOvcq9wY9C1poyQ=
jr2UpaCoNbIjri1zaig9C1+revsJcG+gv2IUyZKqOq3YfgYx7ArNfr/hSz6PfqLRzR2BeOUhA/PBucsU/StqoyE=
Rbf3RQxAL9RgZKxD2wBUGvcyPi0UdjsZdZEFRN76iFkeIr4tXPaKoXCSKR5bmbdOQzZmkQlVTUjZGSfT5aHXBPEjbqMl
3v4SBIAm5T6hB6HZs7zQYxnWk7cqFB21piOgZFUBPjruFaRyoNlOKBHxvHZ0bZaiqIliliMOcb1lBoFizDGjwc/AS72Ngy/lBSzTN2SjLw==
G9pyL3IuvJVA2Omryys3hVnW+stdcyzKw3MX85UEMRFUAzmPmMnxaU701Z+UFU2pvFWVWYxaFkarkBKycL0hrM/CzEC3hIso4wAo0DVlozA=
ifckZHYGtYI38G0Tb7xz+mAgeV/4OXH57kQVz3RlTbmcZdWJ7KqW1gsg0uKQzSG87/KMkNd0C7hDsOiA1RWjIA==
qA85HJEIVd5S+Nr4hl4WqF+revsJfW+gv2IUyZKqOq3YfgYx7ArNfr/hSz6PfqLRzR2BeOUhA/PBucsU/StqoyE=
jr2UpaCoNbIjri1zaig9C1+revsJcG+gv2IUyZKqOq3YfgYx7ArNfr/hSz6PfqLRzR2BeOUhA/PBucsU/StqoyE=
octTWv0zdgLzYtQmGJAEwXWK4+svOPSFXQkwpw2HoF/tv9iYpvgnCvrEtO8BovPolIbDZhu2T7rghtEXo14=
UnrqVf1h8+z3iEr/Rcl2UhQ3vrrAWedh0FqNBOY+vuZbUfepiroyrdBuHtGE+rW+5zHjnjfOKlFFbXkYDXHbs/mJ4zTlO2KjKQ==
7lybeQHPhi/gnyp3YOunWzOrhhevqGwcNoHnyz1rIzH+24py4SpDLKD8t8BWXk5my7GnaVraIq3Ajk6RVJolPpfRU97HrhpRNU1JWP3RazNpKTN0NRtyozk=
cyPRnAOiLlGMmVzZj1eJnZxRyX1FjHlEo7ItGjWHttvRU0cRGoOmgt1ih+zktEtwOobqBm9JC/nGUqYtRAbSAfjigd4zib9uu2beEXGFdSjRCQ8TjRFfZCkTdqM9
zc/dIdkQCL8ushkjbczzT+okf2xcZDNQMpYCRse5g1keIr4tXPaKoXCSKR5bmbdOQzZmkQlVTUjZGSfT5aHXBPEjbqMl
SqNh6szFaYyc1mRdMSx4IhU3vrrAWedh0FqNBOY+vuZbUfepiroyrdBuHtGE+rW+5zHjnjfOKlFFbXkYDXHbs/mJ4zTlO2KjKQ==
7lybeQHPhi/gnyp3YOunWzOrhhevqGwcNoHnyz1rIzH+24py4SpDLKD8t8BWXk5my7GnaVraIq3Ajk6RVJolPpfRU97HrhpRNU1JWP3RazNpKTN0NRtyozk=
cyPRnAOiLlGMmVzZj1eJnZxRyX1FjHlEo7ItGjWHttvRU0cRGoOmgt1ih+zktEtwOobqBm9JC/nGUqYtRAbSAfjigd4zib9uu2beEXGFdSjRCQ8TjRFfZCkTdqM9
prcB973Knixl228Yo35F220YjrAv/iViXGNKEjzJ5NcOAH/KjW3Y043zSDs9+xCshswvDuog3BtBVpsMBAJL0rsCh/4w4jljoyo=
zc/dIdkQCL8ushkjbczzT+okf2xcZDNQMpYCRse5g1keIr4tXPaKoXCSKR5bmbdOQzZmkQlVTUjZGSfT5aHXBPEjbqMl
UnrqVf1h8+z3iEr/Rcl2UhQ3vrrAWedh0FqNBOY+vuZbUfepiroyrdBuHtGE+rW+5zHjnjfOKlFFbXkYDXHbs/mJ4zTlO2KjKQ==
prcB973Knixl228Yo35F220YjrAv/iViXGNKEjzJ5NcOAH/KjW3Y043zSDs9+xCshswvDuog3BtBVpsMBAJL0rsCh/4w4jljoyo=
zc/dIdkQCL8ushkjbczzT+okf2xcZDNQMpYCRse5g1keIr4tXPaKoXCSKR5bmbdOQzZmkQlVTUjZGSfT5aHXBPEjbqMl
D0MTqlljT47TnTAuCPlu0hI3vrrAWedh0FqNBOY+vuZbUfepiroyrdBuHtGE+rW+5zHjnjfOKlFFbXkYDXHbs/mJ4zTlO2KjKQ==
7lybeQHPhi/gnyp3YOunWzOrhhevqGwcNoHnyz1rIzH+24py4SpDLKD8t8BWXk5my7GnaVraIq3Ajk6RVJolPpfRU97HrhpRNU1JWP3RazNpKTN0NRtyozk=
eaH1PkRne41xgn12YEv7g5xSyX1FjHlEo7ItGjWHttvRU0cRGoOmgt1ih+zktEtwOobqBm9JC/nGUqYtRAbSAfjigd4zib9uu2beEXGFdSjRCQ8TjRFfZCkTdqM9
prcB973Knixl228Yo35F220YjrAv/iViXGNKEjzJ5NcOAH/KjW3Y043zSDs9+xCshswvDuog3BtBVpsMBAJL0rsCh/4w4jljoyo=
zc/dIdkQCL8ushkjbczzT+okf2xcZDNQMpYCRse5g1keIr4tXPaKoXCSKR5bmbdOQzZmkQlVTUjZGSfT5aHXBPEjbqMl
288tnrciJdB5KwnTsl22mBM3vrrAWedh0FqNBOY+vuZbUfepiroyrdBuHtGE+rW+5zHjnjfOKlFFbXkYDXHbs/mJ4zTlO2KjKQ==
7lybeQHPhi/gnyp3YOunWzOrhhevqGwcNoHnyz1rIzH+24py4SpDLKD8t8BWXk5my7GnaVraIq3Ajk6RVJolPpfRU97HrhpRNU1JWP3RazNpKTN0NRtyozk=
eaH1PkRne41xgn12YEv7g5xSyX1FjHlEo7ItGjWHttvRU0cRGoOmgt1ih+zktEtwOobqBm9JC/nGUqYtRAbSAfjigd4zib9uu2beEXGFdSjRCQ8TjRFfZCkTdqM9
prcB973Knixl228Yo35F220YjrAv/iViXGNKEjzJ5NcOAH/KjW3Y043zSDs9+xCshswvDuog3BtBVpsMBAJL0rsCh/4w4jljoyo=
zQV3rx7yLDKUNR1rMZ5N61uz9i6cL5JejGW8O27s52Y94UBfDX/Qt41XiEDmIHeiWmwEV4EaQ0A0LhM+2+6f0gDuIW+jJg==
e3QiUBxF0NeX/SpD7EopQeokf2xcZDNQMpYCRse5g1keIr4tXPaKonCSKR5bmbdOQzZmkQlVTUjZGSfT5aHXBPEjbqMl
gGfcv76QhklOmtXBbRzRahc3vrrAWedh0FqNBOY+vuZbUfepiroyrdBuHtKE+rW+5zHjnjfOKlFFbXkYDXHbs/mJ4zTlO2KjKQ==
uviph97d7m3+cb/qTyyA2enG/fPjo9x3QySP+K1keQeR0b7cZJz80c5klGOoGT4ii8y1d6QNTaGsrbZxfAJWjvso8trAJaEkX7ps6MdcS2AzOEg4BX2jOA==
7UJrK49N4jBGEjSbje5q6Vuz9i6cL5JejGW8O27s52Y94UBfDX/Qt45XiEDmIHeiWmwEV4EaQ0A0LhM+2+6f0gDuIW+jJg==
octTWv0zdgLzYtQmGJAEwXWK4+svOPSFXQkwpw2HoF/tv9iYpvgnCvrEtO8BovPolIbDZhu2T7rghtEXo14=
RyL921ZUwxcl3uA2wCeDEBc3vrrAWedh0FqNBOY+vuZbUfepiroyrdBuHtGE+rW+5zHjnjfOKlFFbXkYDXHbs/mJ4zTlO2KjKQ==
cpCNbS6xT+TaO0XO6xhX5unG/fPjo9x3QySP+K1keQeR0b7cZJz80c5klGOoGT4ii8y1d6QNTaGsrbVxfAJWjvso8trAJaEkX7ps6MdcS2AzOEg4BX2jOA==
zQV3rx7yLDKUNR1rMZ5N61uz9i6cL5JejGW8O27s52Y94UBfDX/Qt41XiEDmIHeiWmwEV4EaQ0A0LhM+2+6f0gDuIW+jJg==
+FXx42Uqp1P12hmJ+LzT6er3T7+rix+v3Dw0GVJbBT53kbNeZ+46UVWNKdhdkUsziWmT9JXbEqNZ
GORIt25cfMihQtga0kjgRs6QnIactxON00hE+uZk2caPxyo5FaUh5EaE33YKuEyTwd4LlGT6Oxr7yrfGEPopa6Mi
2ewnao02+MO/u+04hO8X2YmPygYPiaMyNwObL1i0qIk+o2HeE0kf7tum/hGRxdWosclvE61Rv+SJ0xajXQ==
itEcLgSKadq5sHEaDBYInig/xqZi8CU2DCVEWzKH6tgGAXOBzXzJzo/POiE1nRGshswvDuog3BtBVpsMBAJL0rsCh/4w4jljoyo=
rqlY/ksT5shuuxzxG28i8k9HL8U2qX3G4KtTWJfpazYXk5JfZvNNe3U2NnKjjGJWKHHh+Ce+XMQPKOvcq9wY9C1poyQ=
suELw45PjtVg9g1CP/dc0mC1c8FJrYNBt8JvcPjZ5UwsQgGNjMDORgFy4NEhDo8GodUUEjhRf5mAv4GNbjLksIJBVDfTjuFd1UZRQrwxk6EfADsdHQOfBVVsIxd0oz8=
0TnZw496jzAmXWelDTkdeOY0NzxVbTRddtYCQYW9wlcTObRyPoSQqRaTKR5bmbdOQzZmkQlVTUjZGSfT5aHXBPEjbqMl
u5DQnw+om8Ic2sEirWTq/WAgeV/4MXm4/wUbwm9vEtvuf93v7aqW1gsg0uKQzSG87/KMkNd0C7hDsOiA1RWjIA==
L8hqmQoZjUcqoxMCYqRflE9HLcEjqX3G4KtTWJfpazYXk5JfZvNNe3U2NnKjjGJWKHHh+Ce+XMQPKOvcq9wY9C1poyQ=
6p+3OCT6AQ3vlL8eG6Kff55V2z0R1T1K5fR6V2PTpNuUDxlPQ87i2op1w67tokt9fsbqAS1NSvfLSaxyJnTICZ7jgd4zib9uu2beEXGFdSjRCQ8TjRFfZCkTdqM9
0TnZw496jzAmXWelDTkdeOY0NzxVbTRddtYCQYW9wlcTObRyPoSQqRaTKR5bmbdOQzZmkQlVTUjZGSfT5aHXBPEjbqMl
u5DQnw+om8Ic2sEirWTq/WAgeV/4MXm4/wUbwm9vEtvuf93v7aqW1gsg0uKQzSG87/KMkNd0C7hDsOiA1RWjIA==
P6Cpk0cwJktul7ORjqmecYXKjEtJjep3KwmMcga0qIk+o2HeE0kf7tum/hGRxdWosclvE61Rv+SJ0xajXQ==
dgoW+7u/CmlGzfWU4NC50N+4JhcxldOrKAUCwL7jKiyrx0EgJg/tU+wxmt2rWmIB4lXneS5k4GmmM9meyznnjhMWVpH5NZ2Iifm3U1XBJ0TBA36jNQ==
fggxc5NdF8sV4gImJiH/SN+4JhcxldOrKAUCwL7jKiyrx0EgJg/tU+wxmt2qWmIB4lXneS5k4GmmM9meyznnjhMWVpH5NZ2Iifm3U1XBJ0TBA36jNQ==
Di/7H9E/UukBoz/gFGbfxOr3T7+rix+v3Dw0GVFbBT53kbNeZ+46UVWNKdhdkUsziWmT9JXbEqNZ
SO9ir75SrAPBr5ZUQrksNomPygYPiaMyNwObL1i0qIk9o2HeE0kf7tum/hGRxdWosclvE61Rv+SJ0xajXQ==
kfrMAmlIVLDxVCb148XjIys/xqZi8CU2DCVEWzKH6tgGAXOBzXzJzo/POiE1nhGshswvDuog3BtBVpsMBAJL0rsCh/4w4jljoyo=
Wi5vHJoV1hN3Aeljs7hVuE9HL8U2qX3G4KtTWJfpazYXk5JcZvNNeHU2NnKjjGJWKHHh+Ce+XMQPKOvcq9wY9C1poyQ=
WL6DsgdBKADNviTjx489T+r3T7+rix+v3Dw0GVBbBT53kbNeZ+46UVWNKdhdkUsziWmT9JXbEqNZ
62FzScXbmWDxlXnY6Nmw9omPygYPiaMyNwObL1i0qIk8o2HeE0kf7tum/hGRxdWosclvE61Rv+SJ0xajXQ==
hB2WG5M9zcs+CNGS2/a/MSo/xqZi8CU2DCVEWzKH6tgGAXOBzXzJzo/POiE1nxGshswvDuog3BtBVpsMBAJL0rsCh/4w4jljoyo=
bHq3qgUkJANTpYR6RymYY09HLcEjqX3G4KtTWJfpazYXk5JdZvNNeXU2NnKjjGJWKHHh+Ce+XMQPKOvcq9wY9C1poyQ=
S7DsFJ0edPujb8XgOReJ5p5V2z0R1T1K5fR6V2PTpNuXDxlPQ87i2op1w67tokt9fsbqAS1NSvfLSaxyJHTICZzjgd4zib9uu2beEXGFdSjRCQ8TjRFfZCkTdqM9
gVyFYTNGQ01+c/yhnzoA+OY0NzxVbTRddtYCQYW9wlcTObRyPISQqRSTKR5bmbdOQzZmkQlVTUjZGSfT5aHXBPEjbqMl
EVO5K6v51ztwrMIzXTyuVmAgeV/4MXm4/wUbwm9vEtnuf93t7aqW1gsg0uKQzSG87/KMkNd0C7hDsOiA1RWjIA==
8/dGR5wfeeorKvmQbhqbwU9HLMEjqX3G4KtTWJfpazYXk5JdZvNNeXU2NnKjjGJWKHHh+Ce+XMQPKOvcq9wY9C1poyQ=
+M/nofT8NyNO2E22yE1A/J5V2z0R1T1K5fR6V2PTpNuQDxlPQ87i2op1w67tokt9fsbqAS1NSvfLSaxyJHTICZzjgd4zib9uu2beEXGFdSjRCQ8TjRFfZCkTdqM9
gVyFYTNGQ01+c/yhnzoA+OY0NzxVbTRddtYCQYW9wlcTObRyPISQqRSTKR5bmbdOQzZmkQlVTUjZGSfT5aHXBPEjbqMl
EVO5K6v51ztwrMIzXTyuVmAgeV/4MXm4/wUbwm9vEtnuf93t7aqW1gsg0uKQzSG87/KMkNd0C7hDsOiA1RWjIA==
xIQWwOCnNleE/yqQU2/3poXKjEtJjep3KwmMcgS0qIk8o2HeE0kf7tum/hGRxdWosclvE61Rv+SJ0xajXQ==
UfRJXdUfSFFnxvYtFe3CJ9+4JhcxldOrKAUCwL7jKiyrx0EgJg/tU+wxmt2qWmIB4lXneSxk4GmkM9meyznnjhMWVpH5NZ2Iifm3U1XBJ0TBA36jNQ==
HbEC1ReiK/AOy1tKHigeFZxO3CYWzjpR4u99TGTGp9WUDx5QXNLl2op1w67tokt9fsbqAS1NSvfLSaxyJXTICZ3jgd4zib9uu2beEXGFdSjRCQ8TjRFfZCkTdqM9
JV5FRy1OFxRjwmAPm/EnzOY0NzxVbTRddtYCQYW9wlcTObRyPYSQqRWTKR5bmbdOQzZmkQlVTUjZGSfT5aHXBPEjbqMl
JNM97z0mAgCKRTrz6V55MWAgeV/4MXm4/wUbwm9vEtjuf93s7aqW1gsg0uKQzSG87/KMkNd0C7hDsOiA1RWjIA==
NP67sNAMcqfEcjRz7j9Fm09HLcEjqX3G4KtTWJfpazYXk5JcZvNNeHU2NnKjjGJWKHHh+Ce+XMQPKOvcq9wY9C1poyQ=
HHb5EL3bIGViBj+BGJ2oKp5V2z0R1T1K5fR6V2PTpNuTDxlPQ87i2op1w67tokt9fsbqAS1NSvfLSaxyJXTICZ3jgd4zib9uu2beEXGFdSjRCQ8TjRFfZCkTdqM9
JV5FRy1OFxRjwmAPm/EnzOY0NzxVbTRddtYCQYW9wlcTObRyPYSQqRWTKR5bmbdOQzZmkQlVTUjZGSfT5aHXBPEjbqMl
JNM97z0mAgCKRTrz6V55MWAgeV/4MXm4/wUbwm9vEtjuf93s7aqW1gsg0uKQzSG87/KMkNd0C7hDsOiA1RWjIA==
iranPZf4czNihxU/GwSOA4XKjEtJjep3KwmMcgW0qIk9o2HeE0kf7tum/hGRxdWosclvE61Rv+SJ0xajXQ==
+0PkPJu5j+/wDvpli66A3N+4JhcxldOrKAUCwL7jKiyrx0EgJg/tU+wxmt2qWmIB4lXneS1k4GmlM9meyznnjhMWVpH5NZ2Iifm3U1XBJ0TBA36jNQ==
3oFWKIf3wOx59a0AcCHLhfCyCe+2jUv5gDw0GVBbBT53kbNeZ+46UVWNKdhdkUsziWmT9JXbEqNZ
+ksEOYAoovp10Kd1mzvJSE5HL8U2qX3G4KtTWJfpazYXk5JdZvNNeXU2NnKjjGJWKHHh+Ce+XMQPKOvcq9wY9C1poyQ=
vdKGTy+U2slIn83Eo7I6OE9HLsU2qX3G4KtTWJfpazYXk5JdZvNNeXU2NnKjjGJWKHHh+Ce+XMQPKOvcq9wY9C1poyQ=
UOPaiRLCXhgGHoVf+EgOhWvQw/pPUaKwwFpvSi6Nj+4hmi9tes72IVGFjodv0SDyqOxs+dirff4vgbt+X16S0b390bhVgZNzMdkbVM0LeqMx
gVyFYTNGQ01+c/yhnzoA+OY0NzxVbTRddtYCQYW9wlcTObRyPISQqRSTKR5bmbdOQzZmkQlVTUjZGSfT5aHXBPEjbqMl
EVO5K6v51ztwrMIzXTyuVmAgeV/4MXm4/wUbwm9vEtnuf93t7aqW1gsg0uKQzSG87/KMkNd0C7hDsOiA1RWjIA==
xIQWwOCnNleE/yqQU2/3poXKjEtJjep3KwmMcgS0qIk8o2HeE0kf7tum/hGRxdWosclvE61Rv+SJ0xajXQ==
UfRJXdUfSFFnxvYtFe3CJ9+4JhcxldOrKAUCwL7jKiyrx0EgJg/tU+wxmt2qWmIB4lXneSxk4GmkM9meyznnjhMWVpH5NZ2Iifm3U1XBJ0TBA36jNQ==
OsT+9c/OPPKGEY8zBvken46aXAzNnbgjjQMoy3wrcDwGXI/eqhD8K0FmuzzEUutCO5JnrvCS2ROjWg==
NLQ3WcwZYpRgLMnqj2JwJHWK4+svOPSFXQkwpw2HoF/sv9iYpvgnCvrEtO8BovPolIbDZhu2T7rghtEXo14=
ruMqesAxUNOPj1pIEKAqiTQg+vsfRAZhm5PwROACgGewJV7Ww4BFExyRzTUEwWQ1JP52uvMkwv64+WFwtxb8bF/gqxT79DjcPWGjLA==
QW4jb4fZJA60e/Dbg4YYGhAQd9hXX9vYJzbsCh5NpoJ4yJL2s47BHTXG8YLcMbPh/4Cb3X0Dv0W17IPXFKNf
FkT0Do3bMAMNCJnQps23KG/L6fNgLLvORkpn/S2HoF/sv9iYpvgnCvrEtO8BovPolIbDZhu2T7rghtEXo14=
s2ZqbdNkrs5iWV1YE4RZ7Zqx3YGQohydgElNtrM2n4Gt+1gjHMMg5EaE33YKuEyTwd4LlGT6Oxr7yrfGEPopa6Mi
O9+zQlUyuXKr5q5CDSoPnnISxblaTApugcCvHeBPyGyvYxOQzslBBkDL7TUEwWQ1JP52uvMkwv64+WFwtxb8bF/gqxT79DjcPWGjLA==
EwoI+o8/61YMz423bsJ46RAmzY5wYAfGG1/3/8+SnPxBeRzLueQSPeNu7A1U5uJAKEIRXoPpTy7rhu4RgaUl6GGp/5Md8Q8k2TNmoy0=
ie80gSnz1NG+nThUxkNxM4XKjEtJhOJ9M07cDWTGsoBYomHeE0kf7tum/hGRxdWosclvE61Rv+SJ0xajXQ==
hXRwnnN3tyBTSbtI+oI9GG74sEi6qiOJms0iCvRYDm5X7iVlybY9yhhxd6kzsKflWSObXan8j98Qo1s=
CttoTRs2DnTBxvNPX9K/VA7yo2/ZJoBZyCL2dGfq4iA64RwFLX/Qt4xXiEDmIHeiWmwEV4EaQ0A0LhM+2+6f0gDuIW+jJg==
C/v8djJCGPtH669ObpHr5tO/NQsq1pu/MhxQ1bj/eiOh1UY4NgKpFOM22c+xHHUe7h70DUwW+mDAMtmeyznnjhMWVpH5NZ2Iifm3U1XBJ0TBA36jNQ==
Sizq13hfiywhl/koijKXgN1B9k6fDOU6//93cJOGWLKizRo6zHgmXh8ubbVhFqVagPHvOatQzzUR49OtwRz3L2ijIw==
3oFWKIf3wOx59a0AcCHLhfCyCe+2jUv5gDw0GVBbBT53kbNeZ+46UVWNKdhdkUsziWmT9JXbEqNZ
2k6aCCicsIX5r7WSQh6PNE9HL8U2qX3G4KtTWJfpazYXk5JdZvNNeXU2NnKjjGJWKHHh+Ce+XMQPKOvcq9wY9C1poyQ=
NotDP7WVgMyttPX5pYo33pxO3CYWzjpR4u99TGTGp9WXDx5QXNLl2op1w67tokt9fsbqAS1NSvfLSaxyJHTICZzjgd4zib9uu2beEXGFdSjRCQ8TjRFfZCkTdqM9
gVyFYTNGQ01+c/yhnzoA+OY0NzxVbTRddtYCQYW9wlcTObRyPISQqRSTKR5bmbdOQzZmkQlVTUjZGSfT5aHXBPEjbqMl
24tUDW8gRTBSfgFsvX4v3Y6aXAzNnbgjjQMoy3srcDwGXI/eqhD8K0FmuzzEUutCO5JnrvCS2ROjWg==
qXe8R1aZEqXAcMWRxkxXpHWK4+svOPSFXQkwpw2HoF/rv9iYpvgnCvrEtO8BovPolIbDZhu2T7rghtEXo14=
qgnLuLiZe1BorZltkMxAGzMg+vsfRAZhm5PwROACgGewJV7Ww4BFExyRzTUEwWM1JP52uvMkwv64+WFwtxb8bF/gqxT79DjcPWGjLA==
4v4KlXdoFG+Clanjb15yGxAQd9hXX9vYJzbsChlNpoJ4z5L2s47BHTXG8YLcMbPh/4Cb3X0Dv0W17IPXFKNf
+myCsrjiX3F8jhQBTm6Qtm/L6fNgLLvORkpn+i2HoF/rv9iYpvgnCvrEtO8BovPolIbDZhu2T7rghtEXo14=
PQqJiISRRaZliV8T5jawdG74sEi6qiOJnc0iCvRfDm5X7iVlybY9yhhxd6kzsKflWSObXan8j98Qo1s=
iAqNhjIkovloX9Nkv4DRcnweh6Fu5SomXyRNF2eOrpgHBnqMim2Ejq3zSDs7+xCshswvDuog3BtBVpsMBAJL0rsCh/4w4jljoyo=
4v4KlXdoFG+Clanjb15yGxAQd9hXX9vYJzbsChlNpoJ4z5L2s47BHTXG8YLcMbPh/4Cb3X0Dv0W17IPXFKNf
emKs7FIX/gU3GTdMcmJR05qx3YGQohydgElNtrM2n4at+1gjG8Mg5EaE33YKuEyTwd4LlGT6Oxr7yrfGEPopa6Mi
jLb3bPsLxef3uMYuHOOusnISxblaTApugcCvHeBPyGyvYxOQzslBBkDM7TUEwWM1JP52uvMkwv64+WFwtxb8bF/gqxT79DjcPWGjLA==
U3JyAIFKkt5e3znBSROuaBAmzY5wYAfGG1/3/8+SnPxBeRzLueQSPeNu6w1U5uJHKEIRXoPpTy7rhu4RgaUl6GGp/5Md8Q8k2TNmoy0=
Jfe0WzxkvjPWTEfe8SspgWXE4KVjcrrHWRxs+i2HoF/rv9iYpvgnCvrEtO8BovPolIbDZhu2T7rghtEXo14=
4HGkAdyKOxqO9exLtinO/oXKjEtJhOJ9M07bDWTGsodYomHeE0kf7tum/hGRxdWosclvE61Rv+SJ0xajXQ==
PQqJiISRRaZliV8T5jawdG74sEi6qiOJnc0iCvRfDm5X7iVlybY9yhhxd6kzsKflWSObXan8j98Qo1s=
8cX6JJdvIeh52TU4QPeyNg7yo2/ZJoBZyCL2dGfq4iA64RwCLX/Qt4tXiEDmIHeiWmwEV4EaQ0A0LhM+2+6f0gDuIW+jJg==
NZ6kq29IrSefIuAnbmbJotO/NQsq1pu/MhxQ1bj/eiOh1UY4NgKpFOM22c+xHHUe7h7zDUwW+mfAMtmeyznnjhMWVpH5NZ2Iifm3U1XBJ0TBA36jNQ==
Zi8hdXCdsuxadW08r4EwZd1B9k6fDOU6//93cJOGWLKlzRo6zH8mXh8ubbVhFqVagPHvOatQzzUR49OtwRz3L2ijIw==
fB39+4b4DlhAThDk2IQ2NAqlJDutmvECcSe15LZCGEP5xRaqrsJAqFk7MZ70WBN+rtrX0TFNjtKArxpG6065DT3mKfI0sRtRp2CTzUVDZzU9TDsHfKM3
1cFgBPwKNGaZqbgPBJ2BOUMTx2QOpEDpxvO5nqv5Rw6zVnaRGXV9CGm5l1N1AYfEocMeo1U=
n21ilOUVHYe/Z/E0rSXhevCyCe+2jUv5gjw0GVJbBT53kbNeZ+46UVWNKdhdkUsziWmT9JXbEqNZ
rqlY/ksT5shuuxzxG28i8k9HL8U2qX3G4KtTWJfpazYXk5JfZvNNe3U2NnKjjGJWKHHh+Ce+XMQPKOvcq9wY9C1poyQ=
0TnZw496jzAmXWelDTkdeOY0NzxVbTRddtYCQYW9wlcTObRyPoSQqRaTKR5bmbdOQzZmkQlVTUjZGSfT5aHXBPEjbqMl
AdXweb3ee57p/1JJZivpchY2vvSWGPUvzRTHDaJ+vuEZVbanh6E48rIcBNni+7W+5zHjnjfOKlFFbXkYDXHbs/mJ4zTlO2KjKQ==
oeKsSJPJfvJDDWQkZX+Zmxc2vvSWGPUvzRTHDaJ+vuEZVbanh6E48rIcBNni+7W+5zHjnjfOKlFFbXkYDXHbs/mJ4zTlO2KjKQ==
Z8yJru9qfZKXryEhexdlxu62zXBQnfH/XlsI77+Cd/Y8FnqUU5CvsQtug8z3GSsGN4OST0bDDYsVprbiQ/yiZghh4egHjpy077hrTMssWMQNeaM0
yw8lfiVX8fQup6mk4822+DEnYjBN8tTjeXUizZidKywPbJBw2jY3Tgfb19jzHkNX87x7RVINgv1FQSnwZtAXEpo85EeBCiOQdJ7zTltePyJAPgF/ozY=
05u6zviC9BarIRaBMi1eqF596r/HWeNmmVmHS+g1rfsZVbanh6E48rIcBNni+7W+5zHjnjfOKlFFbXkYDXHbs/mJ4zTlO2KjKQ==
DU5mhzSRfhYZsHfSIDb3n8FKs02VQ+oxp+szcZSPVfXysnhI1nFAXx8ubbVhFqVagPHvOatQzzUR49OtwRz3L2ijIw==
8NnKOYzedXWb/HPVqhvfZhBSJtXS37bAIOFBYhbb0wl4H8l9djL8wErhLKd7zgltzaYZEkSxK3FXICNtNcP3le0M6ydsoyc=
lvrvOJ3n/wqOnvkVRiaQyl39YiTzjbMWJD2o7LZQVFHj0xmmo4oH5RkzNonzC0dpqN+ZnWYy7KCaoXxH6065DT3mKfI0sRtRp2CTzUVDZzU9TDsHfKM3
DU5mhzSRfhYZsHfSIDb3n8FKs02VQ+oxp+szcZSPVfXysnhI1nFAXx8ubbVhFqVagPHvOatQzzUR49OtwRz3L2ijIw==
9DdIIQsGmyAYvzcRVHoUPhFSJtXS37bAIOFBYhbb0wl4H8l9djL8wErhLKd7zgltzaYZEkSxK3FXICNtNcP3le0M6ydsoyc=
hzaTz6ps1/aLMurETyXPXVz9YiTzjbMWJD2o7LZQVFHj0xmmo4oH5RkzNonzC0dpqN+ZnWYy7KCaoXxH6065DT3mKfI0sRtRp2CTzUVDZzU9TDsHfKM3
xSlWfLSNRyc4uFdBIDfd+xfSAUQ25acpZc2vqYO8X4zYydm0EDUqc6So/byId/VN6UbTjTXDCvHH6xMxdA/1NZKymAh28SCfPy6N9QGWBRpg8c/5y9BvdTHjs21hnBdvSKMD
DU5mhzSRfhYZsHfSIDb3n8FKs02VQ+oxp+szcZSPVfXysnhI1nFAXx8ubbVhFqVagPHvOatQzzUR49OtwRz3L2ijIw==
Ta8F2ZDFkLAutqLijmg8IhJSJtXS37bAIOFBYhbb0wl4H8l9djL8wErhLKd7zgltzaYZEkSxK3FXICNtNcP3le0M6ydsoyc=
tb+hOi3p4vXTf2Fxt/onjV/9YiTzjbMWJD2o7LZQVFHj0xmmo4oH5RkzNonzC0dpqN+ZnWYy7KCaoXxH6065DT3mKfI0sRtRp2CTzUVDZzU9TDsHfKM3
viThPBT8/5S50YBZO2I0gxfSAUQ25acpZc2vqYO8XIzYydm0EDUqc6So/byId/VN6UbTjTXDCvHH6xMxdA/1NZKymAh28SCfPy6N9QGWBRpg8c/5y9BvdTHjs21hnBdvSKMD
DU5mhzSRfhYZsHfSIDb3n8FKs02VQ+oxp+szcZSPVfXysnhI1nFAXx8ubbVhFqVagPHvOatQzzUR49OtwRz3L2ijIw==
Tjo94yGNddWD9q3drEFasBFRJtXS37bAIOFBYhbb0wl4H8l9djL8wErhLKd7zgltzaYZEkSxK3FXICNtNcP3le0M6ydsoyc=
x5A+e3zXkA2c77MI/VdqqVz+YiTzjbMWJD2o7LZQVFHj0xmmo4oH5RkzNonzC0dpqN+ZnWYy7KCaoXxH6065DT3mKfI0sRtRp2CTzUVDZzU9TDsHfKM3
kVqioH5RQJMdYODIBYO9wmb721bKpvBGOiYOIdYZRUtEL4y9oOc2Nm8o4t8f6YvmMSlfa+AllbvB5T5HP/HQ8trMvLlqS+1+3yHrvm8+gtGt3SH4BWEj86F5a5Qda0qjAQ==
DU5mhzSRfhYZsHfSIDb3n8FKs02VQ+oxp+szcZSPVfXysnhI1nFAXx8ubbVhFqVagPHvOatQzzUR49OtwRz3L2ijIw==
B4fpMIUSd7e+CSybF+YwEhJRJtXS37bAIOFBYhbb0wl4H8l9djL8wErhLKd7zgltzaYZEkSxK3FXICNtNcP3le0M6ydsoyc=
fFmkYyIPbeZedy/0eUUrIF/+YiTzjbMWJD2o7LZQVFHj0xmmo4oH5RkzNonzC0dpqN+ZnWYy7KCaoXxH6065DT3mKfI0sRtRp2CTzUVDZzU9TDsHfKM3
H0NPEYIHaESjj1b/2nSlY2b721bKpvBGOiYOIdYZRktEL4y9oOc2Nm8o4t8f6YvmMSlfa+AllbvB5T5HP/HQ8trMvLlqS+1+3yHrvm8+gtGt3SH4BWEj86F5a5Qda0qjAQ==
DU5mhzSRfhYZsHfSIDb3n8FKs02VQ+oxp+szcZSPVfXysnhI1nFAXx8ubbVhFqVagPHvOatQzzUR49OtwRz3L2ijIw==
rqlY/ksT5shuuxzxG28i8k9HL8U2qX3G4KtTWJfpazYXk5JfZvNNe3U2NnKjjGJWKHHh+Ce+XMQPKOvcq9wY9C1poyQ=
6p+3OCT6AQ3vlL8eG6Kff55V2z0R1T1K5fR6V2PTpNuUDxlPQ87i2op1w67tokt9fsbqAS1NSvfLSaxyJnTICZ7jgd4zib9uu2beEXGFdSjRCQ8TjRFfZCkTdqM9
TgA6xQ7pqes78+03Bmsf3h54dzhCbn9jULHaqlEENua5s+laO7HCIBwpKc/x/URnibLbO0Mw48nSgRpx9S2xXAZ8z34q8LwLQUZ7XETyK2I7cidOcDIZc6M6
0TnZw496jzAmXWelDTkdeOY0NzxVbTRddtYCQYW9wlcTObRyPoSQqRaTKR5bmbdOQzZmkQlVTUjZGSfT5aHXBPEjbqMl
Hk+vH5jfrGYDI/QGjUyzylWkc60KLmah4SVex5+xMPK6DBw5igvNfr/hSz6PfqLRzR2BeOUhA/PBucsU/StqoyE=
KDuQQJti2KzgmqFinjWvxH0xLBOjd2D8uBsSxHMsGdvuf93v7aqW1gsg0uKQzSG87/KMkNd0C7hDsOiA1RWjIA==
ObGWD+MA4oOOS/3e1+K5m0MTx2QMpEDpxPO5nqv5Rw6zVnaRGXV9CGm5l1N1AYfEocMeo1U=
3oFWKIf3wOx59a0AcCHLhfCyCe+2jUv5gDw0GVBbBT53kbNeZ+46UVWNKdhdkUsziWmT9JXbEqNZ
bHq3qgUkJANTpYR6RymYY09HLcEjqX3G4KtTWJfpazYXk5JdZvNNeXU2NnKjjGJWKHHh+Ce+XMQPKOvcq9wY9C1poyQ=
2EhVHsdJG2euTFD4l/zDrFqp5mHNJoRegSH8O2mu4ycz7FtVUh+irYUziUDmIHeiWmwEV4EaQ0A0LhM+2+6f0gDuIW+jJg==
EVO5K6v51ztwrMIzXTyuVmAgeV/4MXm4/wUbwm9vEtnuf93t7aqW1gsg0uKQzSG87/KMkNd0C7hDsOiA1RWjIA==
RoTwe0Uf1GMvDg7VBwYkbNxb5gHOBfM68rs3cZSPVfXysnpI1nFCXx8ubbVhFqVagPHvOatQzzUR49OtwRz3L2ijIw==
NJkvyOvWtvXW1k6EG1okBktkIXmH1n2dgU6F8Mxb5FnaEWz5/I6omMvLwLruE1IjdmdFwoaKTf102w4xxuVLSmp7T2FM790lmrKSGF6RGk/nbvVF2XatauhxR0mjcLeFiaPrvZm8f39Aows=
xIQWwOCnNleE/yqQU2/3poXKjEtJjep3KwmMcgS0qIk8o2HeE0kf7tum/hGRxdWosclvE61Rv+SJ0xajXQ==
n21ilOUVHYe/Z/E0rSXhevCyCe+2jUv5gjw0GVJbBT53kbNeZ+46UVWNKdhdkUsziWmT9JXbEqNZ
wToPEm0gka78fgy+GkosE0tkIHmH1n2dgU6F8Mxb5FnaEWz5/I6omMvLwLruElIjdmdFwoaKTf102w4xxuVLSmp7T2FM790lmrKQGF6RGE/nbvVF2XatauhxR0mjcLeFiaPrvZm8f39Aows=
McC1O4K4lPvIoK+aTApO+WXE4KVjcrPPUwQrrVLl0kXl2dmYpvgnCvrEtO8BovPolIbDZhu2T7rghtEXo14=
KDuQQJti2KzgmqFinjWvxH0xLBOjd2D8uBsSxHMsGdvuf93v7aqW1gsg0uKQzSG87/KMkNd0C7hDsOiA1RWjIA==
5+Yejoo+vl0ODvND7fy3Sm74sU+zp2zJiblAeO5RaG9X7iVlybY9yhhxd6kzsKflWSObXan8j98Qo1s=
7HnELsfx0r4FRub52YvSY975HgZc8Tf3U9sZe+/ZaoPKgosPZENu8bnn38JEE372ny1r8f+bqXigS1M4V0nr1lezkn8mE83btVY2kuMs4jboUeHY597cZE/I67xrfJgUbUmjBA==
zNaXEA0B5xeQOe7hDKs8BBwcL55eG5vZID/hTU4yxPBiwfT3s47BHTXG8YLcMbPh/4Cb3X0Dv0W17IPXFKNf
KDuQQJti2KzgmqFinjWvxH0xLBOjd2D8uBsSxHMsGdvuf93v7aqW1gsg0uKQzSG87/KMkNd0C7hDsOiA1RWjIA==
3oFWKIf3wOx59a0AcCHLhfCyCe+2jUv5gDw0GVBbBT53kbNeZ+46UVWNKdhdkUsziWmT9JXbEqNZ
11+uEn8PXssDIvHbfBNreN75HQJJ8Tf3U9sZe+/ZaoPKgosPZENv8bnn38JEE372ny1r8f+bqXigS1M4V0nr1lezkn0mE83ZtVY2kuMs4jboUeHY597cZE/I67xrfJgUbUmjBA==
xIQWwOCnNleE/yqQU2/3poXKjEtJjep3KwmMcgS0qIk8o2HeE0kf7tum/hGRxdWosclvE61Rv+SJ0xajXQ==
F2MKo7T9u5VZt7yBB8i4wH0xLBOjd2D8uBsSxHMsGdnuf93t7aqW1gsg0uKQzSG87/KMkNd0C7hDsOiA1RWjIA==
3oFWKIf3wOx59a0AcCHLhfCyCe+2jUv5gDw0GVBbBT53kbNeZ+46UVWNKdhdkUsziWmT9JXbEqNZ
HiOOQ1PV0zVQiF2ue7QVQt75HgZc8Tf3U9sZe+/ZaoPKgosPZENv8bnn38JEE372ny1r8f+bqXigS1M4V0nr1lezkn0mE83ZtVY2kuMs4jboUeHY597cZE/I67xrfJgUbUmjBA==
xIQWwOCnNleE/yqQU2/3poXKjEtJjep3KwmMcgS0qIk8o2HeE0kf7tum/hGRxdWosclvE61Rv+SJ0xajXQ==
n21ilOUVHYe/Z/E0rSXhevCyCe+2jUv5gjw0GVJbBT53kbNeZ+46UVWNKdhdkUsziWmT9JXbEqNZ
7HnELsfx0r4FRub52YvSY975HgZc8Tf3U9sZe+/ZaoPKgosPZENu8bnn38JEE372ny1r8f+bqXigS1M4V0nr1lezkn8mE83btVY2kuMs4jboUeHY597cZE/I67xrfJgUbUmjBA==
P6Cpk0cwJktul7ORjqmecYXKjEtJjep3KwmMcga0qIk+o2HeE0kf7tum/hGRxdWosclvE61Rv+SJ0xajXQ==
KDuQQJti2KzgmqFinjWvxH0xLBOjd2D8uBsSxHMsGdvuf93v7aqW1gsg0uKQzSG87/KMkNd0C7hDsOiA1RWjIA==
F2MKo7T9u5VZt7yBB8i4wH0xLBOjd2D8uBsSxHMsGdnuf93t7aqW1gsg0uKQzSG87/KMkNd0C7hDsOiA1RWjIA==
n21ilOUVHYe/Z/E0rSXhevCyCe+2jUv5gjw0GVJbBT53kbNeZ+46UVWNKdhdkUsziWmT9JXbEqNZ
rqlY/ksT5shuuxzxG28i8k9HL8U2qX3G4KtTWJfpazYXk5JfZvNNe3U2NnKjjGJWKHHh+Ce+XMQPKOvcq9wY9C1poyQ=
0TnZw496jzAmXWelDTkdeOY0NzxVbTRddtYCQYW9wlcTObRyPoSQqRaTKR5bmbdOQzZmkQlVTUjZGSfT5aHXBPEjbqMl
9x/9YvAiPYwrYWyOMEPNOyhcyPMgoSokXz5CEjGNpNcJQnuLg2DD2dKROiE1nRGshswvDuog3BtBVpsMBAJL0rsCh/4w4jljoyo=
hzaTz6ps1/aLMurETyXPXVz9YiTzjbMWJD2o7LZQVFHj0xmmo4oH5RkzNonzC0dpqN+ZnWYy7KCaoXxH6065DT3mKfI0sRtRp2CTzUVDZzU9TDsHfKM3
xSlWfLSNRyc4uFdBIDfd+xfSAUQ25acpZc2vqYO8X4zYydm0EDUqc6So/byId/VN6UbTjTXDCvHH6xMxdA/1NZKymAh28SCfPy6N9QGWBRpg8c/5y9BvdTHjs21hnBdvSKMD
GYPvLH6TJaqV1ElncpcboBsGeoRzoG/B6/4DXJfpazYXk5JfZvNNe3U2NnKjjGJWKHHh+Ce+XMQPKOvcq9wY9C1poyQ=
n21ilOUVHYe/Z/E0rSXhevCyCe+2jUv5gjw0GVJbBT53kbNeZ+46UVWNKdhdkUsziWmT9JXbEqNZ
rqlY/ksT5shuuxzxG28i8k9HL8U2qX3G4KtTWJfpazYXk5JfZvNNe3U2NnKjjGJWKHHh+Ce+XMQPKOvcq9wY9C1poyQ=
0TnZw496jzAmXWelDTkdeOY0NzxVbTRddtYCQYW9wlcTObRyPoSQqRaTKR5bmbdOQzZmkQlVTUjZGSfT5aHXBPEjbqMl
poOo/GQeGG7tIsX3Co2/wylcyPMgoSokXz5CEjGNpNcJQnuLg2DD2dKROiE1nRGshswvDuog3BtBVpsMBAJL0rsCh/4w4jljoyo=
lvrvOJ3n/wqOnvkVRiaQyl39YiTzjbMWJD2o7LZQVFHj0xmmo4oH5RkzNonzC0dpqN+ZnWYy7KCaoXxH6065DT3mKfI0sRtRp2CTzUVDZzU9TDsHfKM3
hApWuVqpEkg0de93Eqe2b7yrto6NCeepie1zQ+IDShsJmPbf8W8tf2C09r+LyDvalgLfahff36zT6gsTIxgT8dK56lmVBWEERqQfFooYDHPBvss05Bp7Ovuqd2aQGmlLowI=
iukICtLleKfjWQr/1sJKb7yrto6NCeepie1zQ+IDSxsJmPbf8W8tf2C09r+LyDvalgLfahff36zT6gsTIxgT8dK56lmVBWEERqQfFooYDHPBvss05Bp7Ovuqd2aQGmlLowI=
XTTriNL/vgWvOYLyKKznEryrto6NCeepie1zQ+IDSBsJmPbf8W8tf2C09r+LyDvalgLfahff36zT6gsTIxgT8dK56lmVBWEERqQfFooYDHPBvss05Bp7Ovuqd2aQGmlLowI=
DU5mhzSRfhYZsHfSIDb3n8FKs02VQ+oxp+szcZSPVfXysnhI1nFAXx8ubbVhFqVagPHvOatQzzUR49OtwRz3L2ijIw==
5ijgbLlXRDtaDA9SKbT6zTQQ/glVjK+BqKqWvBLP8/QvXfuqnxcS0/5n/cfdktYeW/iyCuA1oTR/aiw4Z8zL8JPoCOglbaMo
P6Cpk0cwJktul7ORjqmecYXKjEtJjep3KwmMcga0qIk+o2HeE0kf7tum/hGRxdWosclvE61Rv+SJ0xajXQ==
Zd9X6rFELXPAxSgICerNz34gMA6zd2D8uBsSxHMsGdvuf93v7aqW1gsg0uKQzSG87/KMkNd0C7hDsOiA1RWjIA==
dOooSOa1Oz+upxnaEYZn5X8Ij7FtsS4hHixeHmXA5JEQBjyVimbfmtmROiE1nRGshswvDuog3BtBVpsMBAJL0rsCh/4w4jljoyo=
n21ilOUVHYe/Z/E0rSXhevCyCe+2jUv5gjw0GVJbBT53kbNeZ+46UVWNKdhdkUsziWmT9JXbEqNZ
V75vXwrSQz6+aIOHbK/4iYkAow/aBe068rs3cZSPVfXysnhI1nFAXx8ubbVhFqVagPHvOatQzzUR49OtwRz3L2ijIw==
Z57uiED9Btri+FR9YpL33hYpoOuJSfJpmRTHDaJ+vuEZVbanh6E48rIcBNni+7W+5zHjnjfOKlFFbXkYDXHbs/mJ4zTlO2KjKQ==
lvrvOJ3n/wqOnvkVRiaQyl39YiTzjbMWJD2o7LZQVFHj0xmmo4oH5RkzNonzC0dpqN+ZnWYy7KCaoXxH6065DT3mKfI0sRtRp2CTzUVDZzU9TDsHfKM3
XTTriNL/vgWvOYLyKKznEryrto6NCeepie1zQ+IDSBsJmPbf8W8tf2C09r+LyDvalgLfahff36zT6gsTIxgT8dK56lmVBWEERqQfFooYDHPBvss05Bp7Ovuqd2aQGmlLowI=
DU5mhzSRfhYZsHfSIDb3n8FKs02VQ+oxp+szcZSPVfXysnhI1nFAXx8ubbVhFqVagPHvOatQzzUR49OtwRz3L2ijIw==
P6Cpk0cwJktul7ORjqmecYXKjEtJjep3KwmMcga0qIk+o2HeE0kf7tum/hGRxdWosclvE61Rv+SJ0xajXQ==
dOooSOa1Oz+upxnaEYZn5X8Ij7FtsS4hHixeHmXA5JEQBjyVimbfmtmROiE1nRGshswvDuog3BtBVpsMBAJL0rsCh/4w4jljoyo=
n21ilOUVHYe/Z/E0rSXhevCyCe+2jUv5gjw0GVJbBT53kbNeZ+46UVWNKdhdkUsziWmT9JXbEqNZ
YSPP0n2Fvmh2T9RqdcwzEg/svT6QNpVRgWy8fSOq4ycz7FtVUh2irYUxiUDmIHeiWmwEV4EaQ0A0LhM+2+6f0gDuIW+jJg==
D0+pOCAFNg3xHWv6EO0NIiYA/wgXw7HIq/SfvQOao/AvXfuqnxcS0/5n/cfdktYeW/iyCuA1oTR/aiw4Z8zL8JPoCOglbaMo
DU5mhzSRfhYZsHfSIDb3n8FKs02VQ+oxp+szcZSPVfXysnhI1nFAXx8ubbVhFqVagPHvOatQzzUR49OtwRz3L2ijIw==
P6Cpk0cwJktul7ORjqmecYXKjEtJjep3KwmMcga0qIk+o2HeE0kf7tum/hGRxdWosclvE61Rv+SJ0xajXQ==
dOooSOa1Oz+upxnaEYZn5X8Ij7FtsS4hHixeHmXA5JEQBjyVimbfmtmROiE1nRGshswvDuog3BtBVpsMBAJL0rsCh/4w4jljoyo=
af8Hni+TGpZ98REyAWuRLEMTx2QNpEDpxfO5nqv5Rw6zVnaRGXV9CGm5l1N1AYfEocMeo1U=
4cS95qyjbmEIFkWdRXEzJPCyCe+2jUv5gTw0GVFbBT53kbNeZ+46UVWNKdhdkUsziWmT9JXbEqNZ
Wi5vHJoV1hN3Aeljs7hVuE9HL8U2qX3G4KtTWJfpazYXk5JcZvNNeHU2NnKjjGJWKHHh+Ce+XMQPKOvcq9wY9C1poyQ=
Z6HB5Q8wFy8mKH3iaRqyYQ/svT6QNpVRgSH8O2mu4ycz7FtVUh6irYUyiUDmIHeiWmwEV4EaQ0A0LhM+2+6f0gDuIW+jJg==
gvMZ8ZMe2U8AXPb5PZSv1SlcyPMgoSokXz5CEjGNpNcJQnuLg2DD2dKSOiE1nhGshswvDuog3BtBVpsMBAJL0rsCh/4w4jljoyo=
etkXbM8q2W3lgCKmJNA0K8FKs02VQ+oxp+szcZSPVfXysntI1nFDXx8ubbVhFqVagPHvOatQzzUR49OtwRz3L2ijIw==
TqNRiC1A/M4uKzKKY29AuxBRJtXS37bAIOFBYhbb0wl4H8l9djL/wErhL6d7zgltzaYZEkSxK3FXICNtNcP3le0M6ydsoyc=
ul+d+ZQlkxf4kRH6XCoOM13+YiTzjbMWJD2o7LZQVFHj0xmmo4oH5RkzNonzC0dpqN+ZnWYy76CaoX9H6065DT3mKfI0sRtRp2CTzUVDZzU9TDsHfKM3
9iOQmY+8PVrjq0asDJjtO1cz4rgMHP5EgO6drLWriAVtT3nlofH+JmIpE1KnRDZge4y/tXNCY5i/5Ztirw8S+K6fXUwtypb2S8BSQlCtIZyvEgwwFxQLmANQaCAVdaMA
etkXbM8q2W3lgCKmJNA0K8FKs02VQ+oxp+szcZSPVfXysntI1nFDXx8ubbVhFqVagPHvOatQzzUR49OtwRz3L2ijIw==
iranPZf4czNihxU/GwSOA4XKjEtJjep3KwmMcgW0qIk9o2HeE0kf7tum/hGRxdWosclvE61Rv+SJ0xajXQ==
NPbO12gxMD3P2rvhbEnepzQQ/glVjKyN67yfpgSbvrRoQ/Ksg1QZ0P5n/cTdktYeW/iyCuA1oTR/aiw4Z8zL8JPoCOglbaMo
A1k6+DtGh1OWxhfKnv7cZkYGYZefz7LFYfNdbkKWk05mFs9hNTn/wErhL6d7zgltzaYZEkSxK3FXICNtNcP3le0M6ydsoyc=
4cS95qyjbmEIFkWdRXEzJPCyCe+2jUv5gTw0GVFbBT53kbNeZ+46UVWNKdhdkUsziWmT9JXbEqNZ
81WKoKT+aahN8piSg9r7O1rU5tZNczrCwXxRscJQMRkYAnbEwoezLF+125KPHxLIzk+dPI1aFkarkBKycL0hrM/CzEC3hIso4wAo0DVlozA=
hxraxdDU51oN3S6D7Hp6KCwQrTrVDV4LDwqedB32S5bzuUeH3MzZoBQjWVdch5nq8tSZBbibQokSNf8iNtuzydifab0WMh+A6mGP55vOKa1tJvnSJLELMfegQ63Vw9dVjYwLZ0yjBw==
iranPZf4czNihxU/GwSOA4XKjEtJjep3KwmMcgW0qIk9o2HeE0kf7tum/hGRxdWosclvE61Rv+SJ0xajXQ==
4cS95qyjbmEIFkWdRXEzJPCyCe+2jUv5gTw0GVFbBT53kbNeZ+46UVWNKdhdkUsziWmT9JXbEqNZ
P4BVmvVyMJNgk6eC9wqL13OesLKjs5JiJICPZtkiCTHdA15MWySOq6PjzhcLHki8A6FaOyAtyN1FVmQLYX2i17N5VHJdRDAp9dNJHnvZV84j9kaR6RXtyHlZx9PFYXeEEWNOowU=
1cFgBPwKNGaZqbgPBJ2BOUMTx2QOpEDpxvO5nqv5Rw6zVnaRGXV9CGm5l1N1AYfEocMeo1U=
n21ilOUVHYe/Z/E0rSXhevCyCe+2jUv5gjw0GVJbBT53kbNeZ+46UVWNKdhdkUsziWmT9JXbEqNZ
bZ98XTCQpdk7DVRkezHXXiwQrjrSEkAIGAuQcQbxUJHovlyAx8vMohoiRktKh5nq8tqZBbibQokSNf8iNtuzydifab0WMhyA6mGM55vOKa1tJvnSJLELMfegQ63Vw9dVjYwLZ0yjBw==
7HnELsfx0r4FRub52YvSY975HgZc8Tf3U9sZe+/ZaoPKgosPZENu8bnn38JEE372ny1r8f+bqXigS1M4V0nr1lezkn8mE83btVY2kuMs4jboUeHY597cZE/I67xrfJgUbUmjBA==
P6Cpk0cwJktul7ORjqmecYXKjEtJjep3KwmMcga0qIk+o2HeE0kf7tum/hGRxdWosclvE61Rv+SJ0xajXQ==
ObGWD+MA4oOOS/3e1+K5m0MTx2QMpEDpxPO5nqv5Rw6zVnaRGXV9CGm5l1N1AYfEocMeo1U=
3oFWKIf3wOx59a0AcCHLhfCyCe+2jUv5gDw0GVBbBT53kbNeZ+46UVWNKdhdkUsziWmT9JXbEqNZ
HiOOQ1PV0zVQiF2ue7QVQt75HgZc8Tf3U9sZe+/ZaoPKgosPZENv8bnn38JEE372ny1r8f+bqXigS1M4V0nr1lezkn0mE83ZtVY2kuMs4jboUeHY597cZE/I67xrfJgUbUmjBA==
xIQWwOCnNleE/yqQU2/3poXKjEtJjep3KwmMcgS0qIk8o2HeE0kf7tum/hGRxdWosclvE61Rv+SJ0xajXQ==
3oFWKIf3wOx59a0AcCHLhfCyCe+2jUv5gDw0GVBbBT53kbNeZ+46UVWNKdhdkUsziWmT9JXbEqNZ
vdKGTy+U2slIn83Eo7I6OE9HLsU2qX3G4KtTWJfpazYXk5JdZvNNeXU2NnKjjGJWKHHh+Ce+XMQPKOvcq9wY9C1poyQ=
BoWz/VLykKTeRIrZnYn7nWC1c8FJrYNBt8JvcPjZ5UwtQgGNjMDORgFy4NEhDo8GodUUEjhRf5mAv4GNbjLmsIJBVjfTjuFd1UZRQrwxk6EfADsdHQOfBVVsIxd0oz8=
EVO5K6v51ztwrMIzXTyuVmAgeV/4MXm4/wUbwm9vEtnuf93t7aqW1gsg0uKQzSG87/KMkNd0C7hDsOiA1RWjIA==
3c5qHAgkC2bnW18Up+yOHc9ctwwWTa6SYCj6BstOmc2dZkkyVLE7kQfgc42lQ4d1ncybxxyjVw==
vUdm7LF2k/8eKusG82qZ+wwNfMU2+2zc5+JQBp/ofnhbw+09FOlEHXQ2NnKjjGJWKHHh+Ce+XMQPKOvcq9wY9C1poyQ=
FkT0Do3bMAMNCJnQps23KG/L6fNgLLvORkpn/S2HoF/sv9iYpvgnCvrEtO8BovPolIbDZhu2T7rghtEXo14=
KDuQQJti2KzgmqFinjWvxH0xLBOjd2D8uBsSxHMsGdvuf93v7aqW1gsg0uKQzSG87/KMkNd0C7hDsOiA1RWjIA==
UzHjWOpO3sNQERgfwFX1Z46aXAzNnbgjjQMoy34rcDwGXI/eqhD8K0FmuzzEUutCO5JnrvCS2ROjWg==
/2CkIRgUthgsAe8x0hrWMkk48sJ7UPHtRNtpfyA2e5QFMDXmpmEw/vDtEiokGt4Ox27VBTn2zaoIcWeJA/AXRemjC/35PN8/YKMr
wOIItMrGtJYtQwO+Hg9ThlMGa4SbnbLSbvwPfFmQiU4yEcRmfG2eslDqSqZ7zgltzaYZEkSxK3FXICNtNcP3le0M6ydsoyc=
Hr9sNYUsEv4cbYnMA3zSuF+revsJcG+gv2IUyZKqOq3YfgYy7ArNfr/hSz6PfqLRzR2BeOUhA/PBucsU/StqoyE=
Fv50+ap+j+XhJ4UjpnL4KHWK4+svOPSFXQkwpw2HoF/uv9iYpvgnCvrEtO8BovPolIbDZhu2T7rghtEXo14=
UnDYnTkLvJKfaKHIGy8wjXN0dmJa/JCmc3UmmY2DMS8Xbod3yGU0REjV3MvuXEcW/bFgTw1v8OdOJyjwZtAXEpo85EeBCiOQdJ7zTltePyJAPgF/ozY=
hXRwnnN3tyBTSbtI+oI9GG74sEi6qiOJms0iCvRYDm5X7iVlybY9yhhxd6kzsKflWSObXan8j98Qo1s=
mWktBGP7QCyyfu6vAmFc0g3yo2/ZJoBZyCL2dGfq4iA64RwFLX/Qt4xXiEDmIHeiWmwEV4EaQ0A0LhM+2+6f0gDuIW+jJg==
HPUUHLLXnNIocAHc2sve6nN0dmJa/JCmc3UmmY2DMS8Xbod3yGU0REjU3IDnWkJQ+rE8FS1v8OdMJyjwZtAXEpo85EeBCiOQdJ7zTltePyJAPgF/ozY=
typQtuI8F/cwK5ONwqkU4XDpwxqtpTpZIZ3viCp4bDXk145z9S0KePq6/cRXXgVvzbThblqGeI3Ajk6QVJolPpfRU97HrhpRNU1JWP3RazNpKTN0NRtyozk=
gEJbON1XMhV+2aS87NbiVVQWYJbdgLmGI7xJYhufkwh/FsQ6Jk2eslDoSqZ7zgltzaYZEkSxK3FXICNtNcP3le0M6ydsoyc=
e9uKy4Z2LAlATImL0KGPeYennMDYsBTUx05KtKp1lIGt+1gjHMMg5EaE33YKuEyTwd4LlGT6Oxr7yrfGEPopa6Mi
CttoTRs2DnTBxvNPX9K/VA7yo2/ZJoBZyCL2dGfq4iA64RwFLX/Qt4xXiEDmIHeiWmwEV4EaQ0A0LhM+2+6f0gDuIW+jJg==
HPUUHLLXnNIocAHc2sve6nN0dmJa/JCmc3UmmY2DMS8Xbod3yGU0REjU3IDnWkJQ+rE8FS1v8OdMJyjwZtAXEpo85EeBCiOQdJ7zTltePyJAPgF/ozY=
typQtuI8F/cwK5ONwqkU4XDpwxqtpTpZIZ3viCp4bDXk145z9S0KePq6/cRXXgVvzbThblqGeI3Ajk6QVJolPpfRU97HrhpRNU1JWP3RazNpKTN0NRtyozk=
gEJbON1XMhV+2aS87NbiVVQWYJbdgLmGI7xJYhufkwh/FsQ6Jk2eslDoSqZ7zgltzaYZEkSxK3FXICNtNcP3le0M6ydsoyc=
e9uKy4Z2LAlATImL0KGPeYennMDYsBTUx05KtKp1lIGt+1gjHMMg5EaE33YKuEyTwd4LlGT6Oxr7yrfGEPopa6Mi
1cFgBPwKNGaZqbgPBJ2BOUMTx2QOpEDpxvO5nqv5Rw6zVnaRGXV9CGm5l1N1AYfEocMeo1U=
KDuQQJti2KzgmqFinjWvxH0xLBOjd2D8uBsSxHMsGdvuf93v7aqW1gsg0uKQzSG87/KMkNd0C7hDsOiA1RWjIA==
n21ilOUVHYe/Z/E0rSXhevCyCe+2jUv5gjw0GVJbBT53kbNeZ+46UVWNKdhdkUsziWmT9JXbEqNZ
ETbGYAxOcu0y8U9tqOpLEiRj2UOf4Yq7urqLORFgjdjVyRhlK7eXTu+V60mPI0nA0POTACdxC+4ni5JHVist48Vu9iqTlAKOmOlhYJdmPNw/cCuEG0R4LB1xozw=
AHPpGO33hhVvK1C2+KWxe0bTkyBnkYtO5+uSJ5aLrQOFTvYKU/SCLtgJYYDXxry8/1ArpFuk+IzdEaNc
d75x1kd5Qi0kr7SFk1gq10ANa9E/+ynY4KtTWJfpazYXk5JfZvNNe3U2NnKjjGJWKHHh+Ce+XMQPKOvcq9wY9C1poyQ=
0wjq7dS8xsCvtiHXxnj+X9xb5gHOBfM68rs3cZSPVfXysnhI1nFAXx8ubbVhFqVagPHvOatQzzUR49OtwRz3L2ijIw==
b+z99eb4C2h7Gfl33HsfvpNS3CEK1TpW/vR9S3jTo8mFEwZQXNH825sxwru4vVB9LYasSylNSvfLSaxyJnTICZ7jgd4zib9uu2beEXGFdSjRCQ8TjRFfZCkTdqM9
buwh8iNzr4q91pb3TSj81HSesLKjs5JiJIKUYcIlEjbGBEVLQCObqa3jzhAUAVS7A6FaOyAtyN1FVmQLYX2i17N5VHJeRDAp9tNJHnvZV84j9kaR6RXtyHlZx9PFYXeEEWNOowU=
7nUrgCGQKK+6ulagj6y6Dy8QrjrSEkAIGAuQcQbxUJHovlyAx8vMohoiRktKh5nq8tqZBbibQokSNf8iNtuzydifab0WMhyA6mGM55vOKa1tJvnSJLELMfegQ63Vw9dVjYwLZ0yjBw==
ncsulxGoHUacwx3YCRwCGUplIyTIhznJ/FyM79le+ELaFnDi/Im0jc7X0bvuG1U8YGNN3ZTWCKh+3Vsu3eVUTWp7T2FM790lmrKQGF6RGE/nbvVF2XatauhxR0mjcLeFiaPrvZm8f39Aows=
7nUrgCGQKK+6ulagj6y6Dy8QrjrSEkAIGAuQcQbxUJHovlyAx8vMohoiRktKh5nq8tqZBbibQokSNf8iNtuzydifab0WMhyA6mGM55vOKa1tJvnSJLELMfegQ63Vw9dVjYwLZ0yjBw==
0Pnjwcjt4P7p5RRdr77gD3eesLKjs5JiJICPZtkiCTHdA15MWySOq6PjzhcLHki8A6FaOyAtyN1FVmQLYX2i17N5VHJeRDAp9tNJHnvZV84j9kaR6RXtyHlZx9PFYXeEEWNOowU=
nNIUHogX4kHwd7wug8OfUzcB4hRFjK+BqKqWvBLP8/QvXfuqnxcS0/5n/cfdktYeW/iyCuA1oTR/aiw4Z8zL8JPoCOglbaMo
P6Cpk0cwJktul7ORjqmecYXKjEtJjep3KwmMcga0qIk+o2HeE0kf7tum/hGRxdWosclvE61Rv+SJ0xajXQ==
KDuQQJti2KzgmqFinjWvxH0xLBOjd2D8uBsSxHMsGdvuf93v7aqW1gsg0uKQzSG87/KMkNd0C7hDsOiA1RWjIA==
0e1BtcIzO6tcHIrawcQJzOH+DeC3i0vkgDw0GVBbBT53kbNeZ+46UVWNKdhdkUsziWmT9JXbEqNZ
3c2r433XMutTGANk9wG3cf4gMSYYcD8JdZoWXc+zzV8SNfd5PISQqRSTKR5bmbdOQzZmkQlVTUjZGSfT5aHXBPEjbqMl
CxAVSWyiUWwIc8lYNlwwkGTG5+QuPvSYXQkwpw2HoF/uv9iYpvgnCvrEtO8BovPolIbDZhu2T7rghtEXo14=
zlWBb3Af21ydHuqFNkqRbnUMiKpi4y42Xy9eDnbH698PDDzBjW3Y043zSDs++xCshswvDuog3BtBVpsMBAJL0rsCh/4w4jljoyo=
cG0XPiDG9A0A2/ps2VyhKHL30wCppz4cOprPnzp4CmHz25995DwXYeC6/cRWXk5my7GnaVraIq3Ajk6SVJolPpfRU97HrhpRNU1JWP3RazNpKTN0NRtyozk=
/pAuenCYKJAIMD7d30K3NVQKcIDdzP7AabhIYlCWlQ05EcRmfG2eslDqSqZ7zgltzaYZEkSxK3FXICNtNcP3le0M6ydsoyc=
cG0XPiDG9A0A2/ps2VyhKHL30wCppz4cOprPnzp4CmHz25995DwXYeC6/cRWXk5my7GnaVraIq3Ajk6SVJolPpfRU97HrhpRNU1JWP3RazNpKTN0NRtyozk=
e3QiUBxF0NeX/SpD7EopQeokf2xcZDNQMpYCRse5g1keIr4tXPaKonCSKR5bmbdOQzZmkQlVTUjZGSfT5aHXBPEjbqMl
FJs1cLQpJ6BZfKjNKYzBw4ennMDYsRSfzkhP8q11yNuN+1gjHsMg5EaE33YKuEyTwd4LlGT6Oxr7yrfGEPopa6Mi
Hr9sNYUsEv4cbYnMA3zSuF+revsJcG+gv2IUyZKqOq3YfgYy7ArNfr/hSz6PfqLRzR2BeOUhA/PBucsU/StqoyE=
wsGsKkkcVKRD18gU7jsLmS8QrjrSEkAIGAuQcQbxUJHovlyAx8vMohojRktKh5nq8tqZBbibQokSNf8iNtuzydifab0WMh6A6mGO55vOKa1tJvnSJLELMfegQ63Vw9dVjYwLZ0yjBw==
kcxHad3I6bsztuLaeD19liwQrjrSEkAIGAuQcQbxUJHovlyAx8vMohojRktKh5nq8tqZBbibQokSNf8iNtuzydifab0WMh6A6mGO55vOKa1tJvnSJLELMfegQ63Vw9dVjYwLZ0yjBw==
PaJZJ1cXls0N9eF9SHVCdEplIyTIhznJ/FyM79le+ELaFnDi/Im0jc7X0LvuG1U8YGNN3ZTWCKh+3Vsu3eVUTWp7T2FM790lmrKSGF6RGk/nbvVF2XatauhxR0mjcLeFiaPrvZm8f39Aows=
GKq0CjzkR8z3SHUUbpmh+t7AEQck8nI/Qzjukiq583xWGwsWugZgxopGXuEmOVRXSg98c/eYmrP3mdae2lyk/UFaz+1WSVBrNUVuBw8RwPLIrIx5uOud/k/BW/4/HnLRnb1xOPXBs3MRmbvUbUtaoxE=
DzWat/F7IXTkoGqeXCvDoeH+DeC3i0vkgjw0GVJbBT53kbNeZ+46UVWNKdhdkUsziWmT9JXbEqNZ
Tj6zPly3CB6b5GBhAdRMQv4gMSYYcD8JdZoWXc+zzV8SNfd5PoSQqRaTKR5bmbdOQzZmkQlVTUjZGSfT5aHXBPEjbqMl
Hr9sNYUsEv4cbYnMA3zSuF+revsJcG+gv2IUyZKqOq3YfgYy7ArNfr/hSz6PfqLRzR2BeOUhA/PBucsU/StqoyE=
Fv50+ap+j+XhJ4UjpnL4KHWK4+svOPSFXQkwpw2HoF/uv9iYpvgnCvrEtO8BovPolIbDZhu2T7rghtEXo14=
0NawIKf5eHvOw7cI+9C4zhQ3vrrAWedh0FqNBOY+vuZbUfepiroyrdBuHtKE+rW+5zHjnjfOKlFFbXkYDXHbs/mJ4zTlO2KjKQ==
CjLsN4ySLco1sKhtNc6s6jOrhhevqGwcNoHnyz1rIzH+24py4SpDLKD8t8BWXk5my7GnaVraIq3Ajk6SVJolPpfRU97HrhpRNU1JWP3RazNpKTN0NRtyozk=
VD1TVO9pXHoDI/qKke8GJjA2M29Y8cbjZGku2pqQfjobYp4+nD9yDkzV3MvuXEcW/bFgTw1v8OdOJyjwZtAXEpo85EeBCiOQdJ7zTltePyJAPgF/ozY=
qb0vzqgS6zoPRHUcX8BbdSZnywPLuM61/PzcdEc0n4yViFkjee3OCLzQvBWGOETX0LXeRiMwBeM8gc0lJDEmhcRu9iqTlAKOmOlhYJdmPNw/cCuEG0R4LB1xozw=
e3QiUBxF0NeX/SpD7EopQeokf2xcZDNQMpYCRse5g1keIr4tXPaKonCSKR5bmbdOQzZmkQlVTUjZGSfT5aHXBPEjbqMl
vNf52ax3SNHR3nCiVJ8eBy1fyfNu92s2ESMMWDjJ5NcOAH/KjW3Y043zSDs++xCshswvDuog3BtBVpsMBAJL0rsCh/4w4jljoyo=
uviph97d7m3+cb/qTyyA2enG/fPjo9x3QySP+K1keQeR0b7cZJz80c5klGOoGT4ii8y1d6QNTaGsrbZxfAJWjvso8trAJaEkX7ps6MdcS2AzOEg4BX2jOA==
e3QiUBxF0NeX/SpD7EopQeokf2xcZDNQMpYCRse5g1keIr4tXPaKonCSKR5bmbdOQzZmkQlVTUjZGSfT5aHXBPEjbqMl
3c5qHAgkC2bnW18Up+yOHc9ctwwWTa6SYCj6BstOmc2dZkkyVLE7kQfgc42lQ4d1ncybxxyjVw==
hXRwnnN3tyBTSbtI+oI9GG74sEi6qiOJms0iCvRYDm5X7iVlybY9yhhxd6kzsKflWSObXan8j98Qo1s=
CttoTRs2DnTBxvNPX9K/VA7yo2/ZJoBZyCL2dGfq4iA64RwFLX/Qt4xXiEDmIHeiWmwEV4EaQ0A0LhM+2+6f0gDuIW+jJg==
HPUUHLLXnNIocAHc2sve6nN0dmJa/JCmc3UmmY2DMS8Xbod3yGU0REjU3IDnWkJQ+rE8FS1v8OdMJyjwZtAXEpo85EeBCiOQdJ7zTltePyJAPgF/ozY=
typQtuI8F/cwK5ONwqkU4XDpwxqtpTpZIZ3viCp4bDXk145z9S0KePq6/cRXXgVvzbThblqGeI3Ajk6QVJolPpfRU97HrhpRNU1JWP3RazNpKTN0NRtyozk=
e9uKy4Z2LAlATImL0KGPeYennMDYsBTUx05KtKp1lIGt+1gjHMMg5EaE33YKuEyTwd4LlGT6Oxr7yrfGEPopa6Mi
1cFgBPwKNGaZqbgPBJ2BOUMTx2QOpEDpxvO5nqv5Rw6zVnaRGXV9CGm5l1N1AYfEocMeo1U=
n21ilOUVHYe/Z/E0rSXhevCyCe+2jUv5gjw0GVJbBT53kbNeZ+46UVWNKdhdkUsziWmT9JXbEqNZ
rqlY/ksT5shuuxzxG28i8k9HL8U2qX3G4KtTWJfpazYXk5JfZvNNe3U2NnKjjGJWKHHh+Ce+XMQPKOvcq9wY9C1poyQ=
poOo/GQeGG7tIsX3Co2/wylcyPMgoSokXz5CEjGNpNcJQnuLg2DD2dKROiE1nRGshswvDuog3BtBVpsMBAJL0rsCh/4w4jljoyo=
D0+pOCAFNg3xHWv6EO0NIiYA/wgXw7HIq/SfvQOao/AvXfuqnxcS0/5n/cfdktYeW/iyCuA1oTR/aiw4Z8zL8JPoCOglbaMo
lvrvOJ3n/wqOnvkVRiaQyl39YiTzjbMWJD2o7LZQVFHj0xmmo4oH5RkzNonzC0dpqN+ZnWYy7KCaoXxH6065DT3mKfI0sRtRp2CTzUVDZzU9TDsHfKM3
pgQZslxnlMm8EuOQvvS4JLOGuLC5u48iAnuWvf94egqAwbPKN8y22Isk322jCiNgj427er8HEsPet70XfQJWjvso8trAJaEkX7ps6MdcS2AzOEg4BX2jOA==
huTQvI5DVph0c4KLdEs0qLLEdwX+735a3V3PTamHX0zwBl0JD5z+we57C1oKBIzr2xzzntZGF75Hi3dIc46jh7OMm3VSPWLNBZHJYOZAt0LazMQ3gfoD4LROU97bzl9ygA5hT6MG
DU5mhzSRfhYZsHfSIDb3n8FKs02VQ+oxp+szcZSPVfXysnhI1nFAXx8ubbVhFqVagPHvOatQzzUR49OtwRz3L2ijIw==
x+YQ/BmEXcNqjRtgh7LRFRBRJtXS37bAIOFBYhbb0wl4H8l9djL8wErhLKd7zgltzaYZEkSxK3FXICNtNcP3le0M6ydsoyc=
sgdT/saHgle77IE+2lyWFF3+YiTzjbMWJD2o7LZQVFHj0xmmo4oH5RkzNonzC0dpqN+ZnWYy7KCaoXxH6065DT3mKfI0sRtRp2CTzUVDZzU9TDsHfKM3
huTQvI5DVph0c4KLdEs0qLLEdwX+735a3V3PTamHX0zwBl0JD5z+we57C1oKBIzr2xzzntZGF75Hi3dIc46jh7OMm3VSPWLNBZHJYOZAt0LazMQ3gfoD4LROU97bzl9ygA5hT6MG
UzHjWOpO3sNQERgfwFX1Z46aXAzNnbgjjQMoy34rcDwGXI/eqhD8K0FmuzzEUutCO5JnrvCS2ROjWg==
Fv50+ap+j+XhJ4UjpnL4KHWK4+svOPSFXQkwpw2HoF/uv9iYpvgnCvrEtO8BovPolIbDZhu2T7rghtEXo14=
89+TqK3FJBrHTNh9abZ9mEcs+b0PHPNHg+6aoLarwEorBDu16OO9ezcsEVbjFC8peIbwu3hRftq7pJVvtAVNmdyFViksypb2S8BSQlCtIZyvEgwwFxQLmANQaCAVdaMA
3L+/lCuVm2e7M4q0+IrucEcs+b0PHPNHg+6aoLarwEorBDu16O69ezcsEVbjFC8peIbwu3hRftq7pJVvtAVNmdyFViksypb2S8BSQlCtIZyvEgwwFxQLmANQaCAVdaMA
0dF8H9cfH9tZlbMO/+QP/h5gtMJ1X6q9RcFyPndsPIoMNimlrWEw/vDtEiokGt4Ox27VBTn2zaoIcWeJA/AXRemjC/35PN8/YKMr
DU5mhzSRfhYZsHfSIDb3n8FKs02VQ+oxp+szcZSPVfXysnhI1nFAXx8ubbVhFqVagPHvOatQzzUR49OtwRz3L2ijIw==
8NnKOYzedXWb/HPVqhvfZhBSJtXS37bAIOFBYhbb0wl4H8l9djL8wErhLKd7zgltzaYZEkSxK3FXICNtNcP3le0M6ydsoyc=
D0+pOCAFNg3xHWv6EO0NIiYA/wgXw7HIq/SfvQOao/AvXfuqnxcS0/5n/cfdktYeW/iyCuA1oTR/aiw4Z8zL8JPoCOglbaMo
lvrvOJ3n/wqOnvkVRiaQyl39YiTzjbMWJD2o7LZQVFHj0xmmo4oH5RkzNonzC0dpqN+ZnWYy7KCaoXxH6065DT3mKfI0sRtRp2CTzUVDZzU9TDsHfKM3
hApWuVqpEkg0de93Eqe2b7yrto6NCeepie1zQ+IDShsJmPbf8W8tf2C09r+LyDvalgLfahff36zT6gsTIxgT8dK56lmVBWEERqQfFooYDHPBvss05Bp7Ovuqd2aQGmlLowI=
DU5mhzSRfhYZsHfSIDb3n8FKs02VQ+oxp+szcZSPVfXysnhI1nFAXx8ubbVhFqVagPHvOatQzzUR49OtwRz3L2ijIw==
bPTmzLIhE4JteRvaZR9qhpxO3CYWzjpR4u99TGTGpsqLERlPStbjxZgolu+ptkN9LYasSylNSvfLSaxyJnTICZ7jgd4zib9uu2beEXGFdSjRCQ8TjRFfZCkTdqM9
8NnKOYzedXWb/HPVqhvfZhBSJtXS37bAIOFBYhbb0wl4H8l9djL8wErhLKd7zgltzaYZEkSxK3FXICNtNcP3le0M6ydsoyc=
D0+pOCAFNg3xHWv6EO0NIiYA/wgXw7HIq/SfvQOao/AvXfuqnxcS0/5n/cfdktYeW/iyCuA1oTR/aiw4Z8zL8JPoCOglbaMo
lvrvOJ3n/wqOnvkVRiaQyl39YiTzjbMWJD2o7LZQVFHj0xmmo4oH5RkzNonzC0dpqN+ZnWYy7KCaoXxH6065DT3mKfI0sRtRp2CTzUVDZzU9TDsHfKM3
7ItXZ4y5b9QOuUbrSZZKYBfSAUQ25acpZc2vqYO8XozYydm0EDUqc6So/byId/VN6UbTjTXDCvHH6xMxdA/1NZKymAh28SCfPy6N9QGWBRpg8c/5y9BvdTHjs21hnBdvSKMD
UzHjWOpO3sNQERgfwFX1Z46aXAzNnbgjjQMoy34rcDwGXI/eqhD8K0FmuzzEUutCO5JnrvCS2ROjWg==
Fv50+ap+j+XhJ4UjpnL4KHWK4+svOPSFXQkwpw2HoF/uv9iYpvgnCvrEtO8BovPolIbDZhu2T7rghtEXo14=
0NawIKf5eHvOw7cI+9C4zhQ3vrrAWedh0FqNBOY+vuZbUfepiroyrdBuHtKE+rW+5zHjnjfOKlFFbXkYDXHbs/mJ4zTlO2KjKQ==
CjLsN4ySLco1sKhtNc6s6jOrhhevqGwcNoHnyz1rIzH+24py4SpDLKD8t8BWXk5my7GnaVraIq3Ajk6SVJolPpfRU97HrhpRNU1JWP3RazNpKTN0NRtyozk=
qb0vzqgS6zoPRHUcX8BbdSZnywPLuM61/PzcdEc0n4yViFkjee3OCLzQvBWGOETX0LXeRiMwBeM8gc0lJDEmhcRu9iqTlAKOmOlhYJdmPNw/cCuEG0R4LB1xozw=
e3QiUBxF0NeX/SpD7EopQeokf2xcZDNQMpYCRse5g1keIr4tXPaKonCSKR5bmbdOQzZmkQlVTUjZGSfT5aHXBPEjbqMl
rUOGirtFd8cDhWmRowP+qhU3vrrAWedh0FqNBOY+vuZbUfepiroyrdBuHtKE+rW+5zHjnjfOKlFFbXkYDXHbs/mJ4zTlO2KjKQ==
CjLsN4ySLco1sKhtNc6s6jOrhhevqGwcNoHnyz1rIzH+24py4SpDLKD8t8BWXk5my7GnaVraIq3Ajk6SVJolPpfRU97HrhpRNU1JWP3RazNpKTN0NRtyozk=
qb0vzqgS6zoPRHUcX8BbdSZnywPLuM61/PzcdEc0n4yViFkjee3OCLzQvBWGOETX0LXeRiMwBeM8gc0lJDEmhcRu9iqTlAKOmOlhYJdmPNw/cCuEG0R4LB1xozw=
e3QiUBxF0NeX/SpD7EopQeokf2xcZDNQMpYCRse5g1keIr4tXPaKonCSKR5bmbdOQzZmkQlVTUjZGSfT5aHXBPEjbqMl
q6nEZcdnXUv6xVR/WFIJmRI3vrrAWedh0FqNBOY+vuZbUfepiroyrdBuHtKE+rW+5zHjnjfOKlFFbXkYDXHbs/mJ4zTlO2KjKQ==
CjLsN4ySLco1sKhtNc6s6jOrhhevqGwcNoHnyz1rIzH+24py4SpDLKD8t8BWXk5my7GnaVraIq3Ajk6SVJolPpfRU97HrhpRNU1JWP3RazNpKTN0NRtyozk=
PNt+CbJm4FxuemFgaFqFVyZkywPLuM61/PzcdEc0n4yViFkjee3OCLzQvBWGOETX0LXeRiMwBeM8gc0lJDEmhcRu9iqTlAKOmOlhYJdmPNw/cCuEG0R4LB1xozw=
e3QiUBxF0NeX/SpD7EopQeokf2xcZDNQMpYCRse5g1keIr4tXPaKonCSKR5bmbdOQzZmkQlVTUjZGSfT5aHXBPEjbqMl
y9r7KEISU7aNtDP2ecc5txM3vrrAWedh0FqNBOY+vuZbUfepiroyrdBuHtKE+rW+5zHjnjfOKlFFbXkYDXHbs/mJ4zTlO2KjKQ==
CjLsN4ySLco1sKhtNc6s6jOrhhevqGwcNoHnyz1rIzH+24py4SpDLKD8t8BWXk5my7GnaVraIq3Ajk6SVJolPpfRU97HrhpRNU1JWP3RazNpKTN0NRtyozk=
PNt+CbJm4FxuemFgaFqFVyZkywPLuM61/PzcdEc0n4yViFkjee3OCLzQvBWGOETX0LXeRiMwBeM8gc0lJDEmhcRu9iqTlAKOmOlhYJdmPNw/cCuEG0R4LB1xozw=
e3QiUBxF0NeX/SpD7EopQeokf2xcZDNQMpYCRse5g1keIr4tXPaKonCSKR5bmbdOQzZmkQlVTUjZGSfT5aHXBPEjbqMl
vNf52ax3SNHR3nCiVJ8eBy1fyfNu92s2ESMMWDjJ5NcOAH/KjW3Y043zSDs++xCshswvDuog3BtBVpsMBAJL0rsCh/4w4jljoyo=
uviph97d7m3+cb/qTyyA2enG/fPjo9x3QySP+K1keQeR0b7cZJz80c5klGOoGT4ii8y1d6QNTaGsrbZxfAJWjvso8trAJaEkX7ps6MdcS2AzOEg4BX2jOA==
e3QiUBxF0NeX/SpD7EopQeokf2xcZDNQMpYCRse5g1keIr4tXPaKonCSKR5bmbdOQzZmkQlVTUjZGSfT5aHXBPEjbqMl
GYPvLH6TJaqV1ElncpcboBsGeoRzoG/B6/4DXJfpazYXk5JfZvNNe3U2NnKjjGJWKHHh+Ce+XMQPKOvcq9wY9C1poyQ=
Tj6zPly3CB6b5GBhAdRMQv4gMSYYcD8JdZoWXc+zzV8SNfd5PoSQqRaTKR5bmbdOQzZmkQlVTUjZGSfT5aHXBPEjbqMl
+xO6nJtSZUXNAcsuLIoIvuIoLW8HZy4IOo1EC4G9wlcTObRyPoSQqRaTKR5bmbdOQzZmkQlVTUjZGSfT5aHXBPEjbqMl
t4sdhGfFcHewFOVsUKO9ZvYvOm9WKygYIYoLWoW9wlcTObRyPoSQqRaTKR5bmbdOQzZmkQlVTUjZGSfT5aHXBPEjbqMl
Tj6zPly3CB6b5GBhAdRMQv4gMSYYcD8JdZoWXc+zzV8SNfd5PoSQqRaTKR5bmbdOQzZmkQlVTUjZGSfT5aHXBPEjbqMl
rqlY/ksT5shuuxzxG28i8k9HL8U2qX3G4KtTWJfpazYXk5JfZvNNe3U2NnKjjGJWKHHh+Ce+XMQPKOvcq9wY9C1poyQ=
poOo/GQeGG7tIsX3Co2/wylcyPMgoSokXz5CEjGNpNcJQnuLg2DD2dKROiE1nRGshswvDuog3BtBVpsMBAJL0rsCh/4w4jljoyo=
D0+pOCAFNg3xHWv6EO0NIiYA/wgXw7HIq/SfvQOao/AvXfuqnxcS0/5n/cfdktYeW/iyCuA1oTR/aiw4Z8zL8JPoCOglbaMo
lvrvOJ3n/wqOnvkVRiaQyl39YiTzjbMWJD2o7LZQVFHj0xmmo4oH5RkzNonzC0dpqN+ZnWYy7KCaoXxH6065DT3mKfI0sRtRp2CTzUVDZzU9TDsHfKM3
7ItXZ4y5b9QOuUbrSZZKYBfSAUQ25acpZc2vqYO8XozYydm0EDUqc6So/byId/VN6UbTjTXDCvHH6xMxdA/1NZKymAh28SCfPy6N9QGWBRpg8c/5y9BvdTHjs21hnBdvSKMD
DU5mhzSRfhYZsHfSIDb3n8FKs02VQ+oxp+szcZSPVfXysnhI1nFAXx8ubbVhFqVagPHvOatQzzUR49OtwRz3L2ijIw==
x+YQ/BmEXcNqjRtgh7LRFRBRJtXS37bAIOFBYhbb0wl4H8l9djL8wErhLKd7zgltzaYZEkSxK3FXICNtNcP3le0M6ydsoyc=
sgdT/saHgle77IE+2lyWFF3+YiTzjbMWJD2o7LZQVFHj0xmmo4oH5RkzNonzC0dpqN+ZnWYy7KCaoXxH6065DT3mKfI0sRtRp2CTzUVDZzU9TDsHfKM3
hsjoB5k9hUmxsZZWUHOpORfSAUQ25acpZc2vqYO8W4/YyNm0EDUqc6So/byId/VN6UbTjTXDCvHH6xMxdA/1NZKymAh28SCfPy6N9QGWBRpg8c/5y9BvdTHjs21hnBdvSKMD
DU5mhzSRfhYZsHfSIDb3n8FKs02VQ+oxp+szcZSPVfXysnhI1nFAXx8ubbVhFqVagPHvOatQzzUR49OtwRz3L2ijIw==
O0gLOnii+G97RZwDYB8aiK+oiWtR0+31X1ss97mQQbc6G37SAty9tgA708j3GSsGN4OST0bDDYsVprbiQ/yiZghh4egHjpy077hrTMssWMQNeaM0
oECu6BCrUTU5SjLOtobRGIurxIbR9VSfyQpLs6N409HSmSo5FaUh5EaE33YKuEyTwd4LlGT6Oxr7yrfGEPopa6Mi
c5xpJPZdTKT2cHnnVvDC76+oiGtR0+31X1ss97mQQbc6G37SAty9tgA708j3GSsGN4OST0bDDYsVprbiQ/yiZghh4egHjpy077hrTMssWMQNeaM0
oECu6BCrUTU5SjLOtobRGIurxIbR9VSfyQpLs6N409HSmSo5FaUh5EaE33YKuEyTwd4LlGT6Oxr7yrfGEPopa6Mi
VC5vpemsz/YiOpFMt+Tzkkcdqa1YIHzSjIVm5V7oFqq1tAw14+ITfxPUS11SFbKVpWl5CCZox3o6lJTfAZLTONR2o/abJu8KINYxZ6Mu
oECu6BCrUTU5SjLOtobRGIurxIbR9VSfyQpLs6N409HSmSo5FaUh5EaE33YKuEyTwd4LlGT6Oxr7yrfGEPopa6Mi
O0gLOnii+G97RZwDYB8aiK+oiWtR0+31X1ss97mQQbc6G37SAty9tgA708j3GSsGN4OST0bDDYsVprbiQ/yiZghh4egHjpy077hrTMssWMQNeaM0
VC4bcz6BhV6kpATw2Ip0ZI6aXAzNnbgjjQMoy30rcDwGXI/eqhD8K0FmuzzEUutCO5JnrvCS2ROjWg==
QsRmmBFJNYFicsJwPhoCblMGa4SbnbLSbvwPfFmQiU4yEcRmfG2eslDpSqZ7zgltzaYZEkSxK3FXICNtNcP3le0M6ydsoyc=
jr2UpaCoNbIjri1zaig9C1+revsJcG+gv2IUyZKqOq3YfgYx7ArNfr/hSz6PfqLRzR2BeOUhA/PBucsU/StqoyE=
octTWv0zdgLzYtQmGJAEwXWK4+svOPSFXQkwpw2HoF/tv9iYpvgnCvrEtO8BovPolIbDZhu2T7rghtEXo14=
D0MTqlljT47TnTAuCPlu0hI3vrrAWedh0FqNBOY+vuZbUfepiroyrdBuHtGE+rW+5zHjnjfOKlFFbXkYDXHbs/mJ4zTlO2KjKQ==
7lybeQHPhi/gnyp3YOunWzOrhhevqGwcNoHnyz1rIzH+24py4SpDLKD8t8BWXk5my7GnaVraIq3Ajk6RVJolPpfRU97HrhpRNU1JWP3RazNpKTN0NRtyozk=
eaH1PkRne41xgn12YEv7g5xSyX1FjHlEo7ItGjWHttvRU0cRGoOmgt1ih+zktEtwOobqBm9JC/nGUqYtRAbSAfjigd4zib9uu2beEXGFdSjRCQ8TjRFfZCkTdqM9
zc/dIdkQCL8ushkjbczzT+okf2xcZDNQMpYCRse5g1keIr4tXPaKoXCSKR5bmbdOQzZmkQlVTUjZGSfT5aHXBPEjbqMl
288tnrciJdB5KwnTsl22mBM3vrrAWedh0FqNBOY+vuZbUfepiroyrdBuHtGE+rW+5zHjnjfOKlFFbXkYDXHbs/mJ4zTlO2KjKQ==
7lybeQHPhi/gnyp3YOunWzOrhhevqGwcNoHnyz1rIzH+24py4SpDLKD8t8BWXk5my7GnaVraIq3Ajk6RVJolPpfRU97HrhpRNU1JWP3RazNpKTN0NRtyozk=
eaH1PkRne41xgn12YEv7g5xSyX1FjHlEo7ItGjWHttvRU0cRGoOmgt1ih+zktEtwOobqBm9JC/nGUqYtRAbSAfjigd4zib9uu2beEXGFdSjRCQ8TjRFfZCkTdqM9
zc/dIdkQCL8ushkjbczzT+okf2xcZDNQMpYCRse5g1keIr4tXPaKoXCSKR5bmbdOQzZmkQlVTUjZGSfT5aHXBPEjbqMl
SqNh6szFaYyc1mRdMSx4IhU3vrrAWedh0FqNBOY+vuZbUfepiroyrdBuHtGE+rW+5zHjnjfOKlFFbXkYDXHbs/mJ4zTlO2KjKQ==
7lybeQHPhi/gnyp3YOunWzOrhhevqGwcNoHnyz1rIzH+24py4SpDLKD8t8BWXk5my7GnaVraIq3Ajk6RVJolPpfRU97HrhpRNU1JWP3RazNpKTN0NRtyozk=
cyPRnAOiLlGMmVzZj1eJnZxRyX1FjHlEo7ItGjWHttvRU0cRGoOmgt1ih+zktEtwOobqBm9JC/nGUqYtRAbSAfjigd4zib9uu2beEXGFdSjRCQ8TjRFfZCkTdqM9
zc/dIdkQCL8ushkjbczzT+okf2xcZDNQMpYCRse5g1keIr4tXPaKoXCSKR5bmbdOQzZmkQlVTUjZGSfT5aHXBPEjbqMl
UnrqVf1h8+z3iEr/Rcl2UhQ3vrrAWedh0FqNBOY+vuZbUfepiroyrdBuHtGE+rW+5zHjnjfOKlFFbXkYDXHbs/mJ4zTlO2KjKQ==
7lybeQHPhi/gnyp3YOunWzOrhhevqGwcNoHnyz1rIzH+24py4SpDLKD8t8BWXk5my7GnaVraIq3Ajk6RVJolPpfRU97HrhpRNU1JWP3RazNpKTN0NRtyozk=
cyPRnAOiLlGMmVzZj1eJnZxRyX1FjHlEo7ItGjWHttvRU0cRGoOmgt1ih+zktEtwOobqBm9JC/nGUqYtRAbSAfjigd4zib9uu2beEXGFdSjRCQ8TjRFfZCkTdqM9
zc/dIdkQCL8ushkjbczzT+okf2xcZDNQMpYCRse5g1keIr4tXPaKoXCSKR5bmbdOQzZmkQlVTUjZGSfT5aHXBPEjbqMl
RyL921ZUwxcl3uA2wCeDEBc3vrrAWedh0FqNBOY+vuZbUfepiroyrdBuHtGE+rW+5zHjnjfOKlFFbXkYDXHbs/mJ4zTlO2KjKQ==
cpCNbS6xT+TaO0XO6xhX5unG/fPjo9x3QySP+K1keQeR0b7cZJz80c5klGOoGT4ii8y1d6QNTaGsrbVxfAJWjvso8trAJaEkX7ps6MdcS2AzOEg4BX2jOA==
tp1O6veCeXTUeq6QGIa9K+H+DeC3i0vkgTw0GVFbBT53kbNeZ+46UVWNKdhdkUsziWmT9JXbEqNZ
cxyypPscGxs8cV537aksWf4gMSYYcD8JdZoWXc+zzV8SNfd5PYSQqRWTKR5bmbdOQzZmkQlVTUjZGSfT5aHXBPEjbqMl
nC0uyHwH/pnua5oRWPhKtq+oiWtR0+31X1ss97mQQbc6G37SAty9tgA708j3GSsGN4OSTEbDDYgVprbiQ/yiZghh4egHjpy077hrTMssWMQNeaM0
G6e/AsyvYw/z2mMIUVvA7xfSAUQ25acpZc2vqYO8X5PHyMaiHjI1b6+g7O+fduYJ/U7T3nWFQLrU8RMxdA/1NZKymwh28SOfPy6N9QGWBRpg8c/5y9BvdTHjs21hnBdvSKMD
zPMT3Btae0iWmeSYLNqHJ4urxIbR9VSfyQpLs6N409HSmio5FaYh5EaE33YKuEyTwd4LlGT6Oxr7yrfGEPopa6Mi
2rc2NsRLtybrYPpebU6J90cdqa1YIHzSjIVm5V7oFqq1tAw14+ITfxPUS11SFrKVpWp5CCZox3o6lJTfAZLTONR2o/abJu8KINYxZ6Mu
oECu6BCrUTU5SjLOtobRGIurxIbR9VSfyQpLs6N409HSmSo5FaUh5EaE33YKuEyTwd4LlGT6Oxr7yrfGEPopa6Mi
O0gLOnii+G97RZwDYB8aiK+oiWtR0+31X1ss97mQQbc6G37SAty9tgA708j3GSsGN4OST0bDDYsVprbiQ/yiZghh4egHjpy077hrTMssWMQNeaM0
oECu6BCrUTU5SjLOtobRGIurxIbR9VSfyQpLs6N409HSmSo5FaUh5EaE33YKuEyTwd4LlGT6Oxr7yrfGEPopa6Mi
O0gLOnii+G97RZwDYB8aiK+oiWtR0+31X1ss97mQQbc6G37SAty9tgA708j3GSsGN4OST0bDDYsVprbiQ/yiZghh4egHjpy077hrTMssWMQNeaM0
JNM97z0mAgCKRTrz6V55MWAgeV/4MXm4/wUbwm9vEtjuf93s7aqW1gsg0uKQzSG87/KMkNd0C7hDsOiA1RWjIA==
Wi5vHJoV1hN3Aeljs7hVuE9HL8U2qX3G4KtTWJfpazYXk5JcZvNNeHU2NnKjjGJWKHHh+Ce+XMQPKOvcq9wY9C1poyQ=
gvMZ8ZMe2U8AXPb5PZSv1SlcyPMgoSokXz5CEjGNpNcJQnuLg2DD2dKSOiE1nhGshswvDuog3BtBVpsMBAJL0rsCh/4w4jljoyo=
96GQcbjVpKLCxDRuoXd6yCYA/wgXw7HIq/SfvQOao/AvXfuqnxcS0P5n/cTdktYeW/iyCuA1oTR/aiw4Z8zL8JPoCOglbaMo
rt68aQC8ZnKKTSnP4WQ/ll39YiTzjbMWJD2o7LZQVFHj0xmmo4oH5RkzNonzC0dpqN+ZnWYy76CaoX9H6065DT3mKfI0sRtRp2CTzUVDZzU9TDsHfKM3
TLCTxNyrHixmarGysttPnhfSAUQ25acpZc2vqYO8WIzYydm0EDUqc6So/byId/VN6UbTjTXDCvHH6xMxdA/1NZKymwh28SOfPy6N9QGWBRpg8c/5y9BvdTHjs21hnBdvSKMD
etkXbM8q2W3lgCKmJNA0K8FKs02VQ+oxp+szcZSPVfXysntI1nFDXx8ubbVhFqVagPHvOatQzzUR49OtwRz3L2ijIw==
TqNRiC1A/M4uKzKKY29AuxBRJtXS37bAIOFBYhbb0wl4H8l9djL/wErhL6d7zgltzaYZEkSxK3FXICNtNcP3le0M6ydsoyc=
96GQcbjVpKLCxDRuoXd6yCYA/wgXw7HIq/SfvQOao/AvXfuqnxcS0P5n/cTdktYeW/iyCuA1oTR/aiw4Z8zL8JPoCOglbaMo
ul+d+ZQlkxf4kRH6XCoOM13+YiTzjbMWJD2o7LZQVFHj0xmmo4oH5RkzNonzC0dpqN+ZnWYy76CaoX9H6065DT3mKfI0sRtRp2CTzUVDZzU9TDsHfKM3
q2ys3qb+NpqYaY5ehgALZxfSAUQ25acpZc2vqYO8WY/YyNm0EDUqc6So/byId/VN6UbTjTXDCvHH6xMxdA/1NZKymwh28SOfPy6N9QGWBRpg8c/5y9BvdTHjs21hnBdvSKMD
etkXbM8q2W3lgCKmJNA0K8FKs02VQ+oxp+szcZSPVfXysntI1nFDXx8ubbVhFqVagPHvOatQzzUR49OtwRz3L2ijIw==
Sd4rLAcw1qIV0jlbHNvm/kFzl9FjJkLfFFj37NTUm7BKZlqG/+lbOfYyti1U5uJBKEIRXoPpTy7rhu4RgaUl6GGp/5Md8Q8k2TNmoy0=
cpCNbS6xT+TaO0XO6xhX5unG/fPjo9x3QySP+K1keQeR0b7cZJz80c5klGOoGT4ii8y1d6QNTaGsrbVxfAJWjvso8trAJaEkX7ps6MdcS2AzOEg4BX2jOA==
UzHjWOpO3sNQERgfwFX1Z46aXAzNnbgjjQMoy34rcDwGXI/eqhD8K0FmuzzEUutCO5JnrvCS2ROjWg==
PjU68ZpqSlY48Ul4W1ewkkk48sJ7UPH6X8Z1cCE3e5QFMDXmpmEw/vDtEiokGt4Ox27VBTn2zaoIcWeJA/AXRemjC/35PN8/YKMr
Q2WPWq6MaDaw0HuHxvkY6o6aXBHNnbgjjQMoy34rcDwGXI/eqhD8K0FmuzzEUutCO5JnrvCS2ROjWg==
PjU68ZpqSlY48Ul4W1ewkkk48sJ7UPH6X8Z1cCE3e5QFMDXmpmEw/vDtEiokGt4Ox27VBTn2zaoIcWeJA/AXRemjC/35PN8/YKMr
Fv50+ap+j+XhJ4UjpnL4KHWK4+svOPSFXQkwpw2HoF/uv9iYpvgnCvrEtO8BovPolIbDZhu2T7rghtEXo14=
vNf52ax3SNHR3nCiVJ8eBy1fyfNu92s2ESMMWDjJ5NcOAH/KjW3Y043zSDs++xCshswvDuog3BtBVpsMBAJL0rsCh/4w4jljoyo=
CjLsN4ySLco1sKhtNc6s6jOrhhevqGwcNoHnyz1rIzH+24py4SpDLKD8t8BWXk5my7GnaVraIq3Ajk6SVJolPpfRU97HrhpRNU1JWP3RazNpKTN0NRtyozk=
3OLUJH2ViwbRziUfWZZFm20YjrAv/iViXGNKEjzJ5NcOAH/KjW3Y043zSDs++xCshswvDuog3BtBVpsMBAJL0rsCh/4w4jljoyo=
u5DQnw+om8Ic2sEirWTq/WAgeV/4MXm4/wUbwm9vEtvuf93v7aqW1gsg0uKQzSG87/KMkNd0C7hDsOiA1RWjIA==
P6Cpk0cwJktul7ORjqmecYXKjEtJjep3KwmMcga0qIk+o2HeE0kf7tum/hGRxdWosclvE61Rv+SJ0xajXQ==
0dZs4hF62xmsgyCLRByx9li09WDQZdlQz2u7M3XxpDk66kcWWR2irYUxiUDmIHeiWmwEV4EaQ0A0LhM+2+6f0gDuIW+jJg==
n21ilOUVHYe/Z/E0rSXhevCyCe+2jUv5gjw0GVJbBT53kbNeZ+46UVWNKdhdkUsziWmT9JXbEqNZ
rqlY/ksT5shuuxzxG28i8k9HL8U2qX3G4KtTWJfpazYXk5JfZvNNe3U2NnKjjGJWKHHh+Ce+XMQPKOvcq9wY9C1poyQ=
poOo/GQeGG7tIsX3Co2/wylcyPMgoSokXz5CEjGNpNcJQnuLg2DD2dKROiE1nRGshswvDuog3BtBVpsMBAJL0rsCh/4w4jljoyo=
lvrvOJ3n/wqOnvkVRiaQyl39YiTzjbMWJD2o7LZQVFHj0xmmo4oH5RkzNonzC0dpqN+ZnWYy7KCaoXxH6065DT3mKfI0sRtRp2CTzUVDZzU9TDsHfKM3
QitNdiseyFjGj/ZYY9LtTI3gbklv2MbtbF9CmPuwbi+jgV8mZQGjW+w9gdv1HXIX41mkci5k4GmmM9meyznnjhMWVpH5NZ2Iifm3U1XBJ0TBA36jNQ==
/pAuenCYKJAIMD7d30K3NVQKcIDdzP7AabhIYlCWlQ05EcRmfG2eslDqSqZ7zgltzaYZEkSxK3FXICNtNcP3le0M6ydsoyc=
oGOYsULWcYi+QcwAOzHcAE8pOW5EbmV/XPncilMFMtO5uOVSKbPOJhEzbIj4uQRnjvDfek09+MON42hr/kuwXAZ8z34q8LwLQUZ7XETyK2I7cidOcDIZc6M6
/pAuenCYKJAIMD7d30K3NVQKcIDdzP7AabhIYlCWlQ05EcRmfG2eslDqSqZ7zgltzaYZEkSxK3FXICNtNcP3le0M6ydsoyc=
cG0XPiDG9A0A2/ps2VyhKHL30wCppz4cOprPnzp4CmHz25995DwXYeC6/cRWXk5my7GnaVraIq3Ajk6SVJolPpfRU97HrhpRNU1JWP3RazNpKTN0NRtyozk=
/pAuenCYKJAIMD7d30K3NVQKcIDdzP7AabhIYlCWlQ05EcRmfG2eslDqSqZ7zgltzaYZEkSxK3FXICNtNcP3le0M6ydsoyc=
mULAFCHWOANmnj5uJS+7uXP30wCppz4cOprPnzp4CmHz25995DwXYeC6/cRWXk5my7GnaVraIq3Ajk6SVJolPpfRU97HrhpRNU1JWP3RazNpKTN0NRtyozk=
/pAuenCYKJAIMD7d30K3NVQKcIDdzP7AabhIYlCWlQ05EcRmfG2eslDqSqZ7zgltzaYZEkSxK3FXICNtNcP3le0M6ydsoyc=
gcV6LP2gfU+qGzxk/f8/E3T30wCppz4cOprPnzp4CmHz25995DwXYeC6/cRWXk5my7GnaVraIq3Ajk6SVJolPpfRU97HrhpRNU1JWP3RazNpKTN0NRtyozk=
/pAuenCYKJAIMD7d30K3NVQKcIDdzP7AabhIYlCWlQ05EcRmfG2eslDqSqZ7zgltzaYZEkSxK3FXICNtNcP3le0M6ydsoyc=
BMS4GMYNDUJPnMQqqluQwXX30wCppz4cOprPnzp4CmHz25995DwXYeC6/cRWXk5my7GnaVraIq3Ajk6SVJolPpfRU97HrhpRNU1JWP3RazNpKTN0NRtyozk=
I8JlctltD7KMwqGya27D0RfSAUQ25acpZc2vqYO8W4zYydm0EDUqc6So/byId/VN6UbTjTXDCvHH6xMxdA/1NZKymAh28SCfPy6N9QGWBRpg8c/5y9BvdTHjs21hnBdvSKMD
D0+pOCAFNg3xHWv6EO0NIiYA/wgXw7HIq/SfvQOao/AvXfuqnxcS0/5n/cfdktYeW/iyCuA1oTR/aiw4Z8zL8JPoCOglbaMo
gKF4d8pDOc8JDM+AIUFGgF8Bx3kOpEDpxvO5nqv5Rw6zVnaRGXV9CGm5l1N1AYfEocMeo1U=
e3QiUBxF0NeX/SpD7EopQeokf2xcZDNQMpYCRse5g1keIr4tXPaKonCSKR5bmbdOQzZmkQlVTUjZGSfT5aHXBPEjbqMl
FJs1cLQpJ6BZfKjNKYzBw4ennMDYsRSfzkhP8q11yNuN+1gjHsMg5EaE33YKuEyTwd4LlGT6Oxr7yrfGEPopa6Mi
PjU68ZpqSlY48Ul4W1ewkkk48sJ7UPH6X8Z1cCE3e5QFMDXmpmEw/vDtEiokGt4Ox27VBTn2zaoIcWeJA/AXRemjC/35PN8/YKMr
Fv50+ap+j+XhJ4UjpnL4KHWK4+svOPSFXQkwpw2HoF/uv9iYpvgnCvrEtO8BovPolIbDZhu2T7rghtEXo14=
vNf52ax3SNHR3nCiVJ8eBy1fyfNu92s2ESMMWDjJ5NcOAH/KjW3Y043zSDs++xCshswvDuog3BtBVpsMBAJL0rsCh/4w4jljoyo=
uviph97d7m3+cb/qTyyA2enG/fPjo9x3QySP+K1keQeR0b7cZJz80c5klGOoGT4ii8y1d6QNTaGsrbZxfAJWjvso8trAJaEkX7ps6MdcS2AzOEg4BX2jOA==
3OLUJH2ViwbRziUfWZZFm20YjrAv/iViXGNKEjzJ5NcOAH/KjW3Y043zSDs++xCshswvDuog3BtBVpsMBAJL0rsCh/4w4jljoyo=
e3QiUBxF0NeX/SpD7EopQeokf2xcZDNQMpYCRse5g1keIr4tXPaKonCSKR5bmbdOQzZmkQlVTUjZGSfT5aHXBPEjbqMl
FJs1cLQpJ6BZfKjNKYzBw4ennMDYsRSfzkhP8q11yNuN+1gjHsMg5EaE33YKuEyTwd4LlGT6Oxr7yrfGEPopa6Mi
PjU68ZpqSlY48Ul4W1ewkkk48sJ7UPH6X8Z1cCE3e5QFMDXmpmEw/vDtEiokGt4Ox27VBTn2zaoIcWeJA/AXRemjC/35PN8/YKMr
Fv50+ap+j+XhJ4UjpnL4KHWK4+svOPSFXQkwpw2HoF/uv9iYpvgnCvrEtO8BovPolIbDZhu2T7rghtEXo14=
0dF8H9cfH9tZlbMO/+QP/h5gtMJ1X6q9RcFyPndsPIoMNimlrWEw/vDtEiokGt4Ox27VBTn2zaoIcWeJA/AXRemjC/35PN8/YKMr
gnw6jHyqqi0X1YWIselNTXWetKmgs5dmNp6UZt4wETXGAUFXViCftb/o0QFeVBurQugfbHwk09BSViJGJ3nj2b5iXi08NioikNJJHnvZV84j9kaR6RXtyHlZx9PFYXeEEWNOowU=
e3QiUBxF0NeX/SpD7EopQeokf2xcZDNQMpYCRse5g1keIr4tXPaKonCSKR5bmbdOQzZmkQlVTUjZGSfT5aHXBPEjbqMl
0dF8H9cfH9tZlbMO/+QP/h5gtMJ1X6q9RcFyPndsPIoMNimlrWEw/vDtEiokGt4Ox27VBTn2zaoIcWeJA/AXRemjC/35PN8/YKMr
NE4jFjNHG7klOhMeLnSGU974GVYd/zLsVMAeYOjMaIPPhpcXYlxx8q7uyZcOQGe31mg8rfaApG+gDR5+Uwjl20y5zR1UCca9tFY2kuMs4jboUeHY597cZE/I67xrfJgUbUmjBA==
KLPg+mfgh5JuUfcEnYtVAUcDu69YJXiXq8tqphynAqbsvQxzrqQXPh3ZUFcNd8CPrg94CCZox3o6lJTfAZLTONR2o/abJu8KINYxZ6Mu
NE4jFjNHG7klOhMeLnSGU974GVYd/zLsVMAeYOjMaIPPhpcXYlxx8q7uyZcOQGe31mg8rfaApG+gDR5+Uwjl20y5zR1UCca9tFY2kuMs4jboUeHY597cZE/I67xrfJgUbUmjBA==
EPcn2FAPjeNwYu1G9V3cHS0QqiHREkUMChWLcQHjSpbyvFyFw9fUpAU9RVxDkcygocPYTP3MHoAJOOgicJb1zZmRZKYcbX7y8Grq5pvOKa1tJvnSJLELMfegQ63Vw9dVjYwLZ0yjBw==
NE4jFjNHG7klOhMeLnSGU974GVYd/zLsVMAeYOjMaIPPhpcXYlxx8q7uyZcOQGe31mg8rfaApG+gDR5+Uwjl20y5zR1UCca9tFY2kuMs4jboUeHY597cZE/I67xrfJgUbUmjBA==
NE4jFjNHG7klOhMeLnSGU974GVYd/zLsVMAeYOjMaIPPhpcXYlxx8q7uyZcOQGe31mg8rfaApG+gDR5+Uwjl20y5zR1UCca9tFY2kuMs4jboUeHY597cZE/I67xrfJgUbUmjBA==
RCK+RatJmG7Ix3S1KsKKcxfSAUQ25acpZc2vqYO8XpPD19CsGS0pZKexqPiNM+QEuQzayHWIBPrU9lE1NQH4Lpjt+nps+kaePy6N9QGWBRpg8c/5y9BvdTHjs21hnBdvSKMD
OfBof5c/Ybtbq3nxry6QQ7DfcB759HlB2kbIVq6SXELwGUMAF5Xmwvl4EhhZBZrunw26zpxPUv4MhXxbbsynxr2BgH8NXxDXDvfIYOZAt0LazMQ3gfoD4LROU97bzl9ygA5hT6MG
kkwjAzlU6wRkp8w1scMWnGMzx2QMpEDpxPO5nqv5Rw6zVnaRGXV9CGm5l1N1AYfEocMeo1U=
SxijCOIoKtpiZ637Dm/Pcli09WDQZdlQz2u7M3XxpDk66kcWWR+irYUziUDmIHeiWmwEV4EaQ0A0LhM+2+6f0gDuIW+jJg==
1cFgBPwKNGaZqbgPBJ2BOUMTx2QOpEDpxvO5nqv5Rw6zVnaRGXV9CGm5l1N1AYfEocMeo1U=
0dZs4hF62xmsgyCLRByx9li09WDQZdlQz2u7M3XxpDk66kcWWR2irYUxiUDmIHeiWmwEV4EaQ0A0LhM+2+6f0gDuIW+jJg==
OfBof5c/Ybtbq3nxry6QQ7DfcB759HlB2kbIVq6SXELwGUMAF5Xmwvl4EhhZBZrunw26zpxPUv4MhXxbbsynxr2BgH8NXxDXDvfIYOZAt0LazMQ3gfoD4LROU97bzl9ygA5hT6MG
e3QiUBxF0NeX/SpD7EopQeokf2xcZDNQMpYCRse5g1keIr4tXPaKonCSKR5bmbdOQzZmkQlVTUjZGSfT5aHXBPEjbqMl
FJs1cLQpJ6BZfKjNKYzBw4ennMDYsRSfzkhP8q11yNuN+1gjHsMg5EaE33YKuEyTwd4LlGT6Oxr7yrfGEPopa6Mi
PjU68ZpqSlY48Ul4W1ewkkk48sJ7UPH6X8Z1cCE3e5QFMDXmpmEw/vDtEiokGt4Ox27VBTn2zaoIcWeJA/AXRemjC/35PN8/YKMr
1cFgBPwKNGaZqbgPBJ2BOUMTx2QOpEDpxvO5nqv5Rw6zVnaRGXV9CGm5l1N1AYfEocMeo1U=
KDuQQJti2KzgmqFinjWvxH0xLBOjd2D8uBsSxHMsGdvuf93v7aqW1gsg0uKQzSG87/KMkNd0C7hDsOiA1RWjIA==
OmMpayIEariIuT0+6BolOUUPYaPd1bDIaeVfZEKL2gt9DMN9WDq54gOpfqZ7zgltzaYZEkSxK3FXICNtNcP3le0M6ydsoyc=
6pWnQ815JJ5VXWVkWTiqMkUPYaPd1bDIaeFdakKL2gt9DMN9WDq54gOpfqZ7zgltzaYZEkSxK3FXICNtNcP3le0M6ydsoyc=
JIojEp8JvMdB9hIykNYb3NqVjmQcPReX3h5wo93qrJy8fFN/x5sv6OnwNDJaLaqBm0ShSpzqG98nH30sxfH4NllD/sZ5pF13aFntSrPFmZOJqLUY4cP5iWZQ9xxLCfi/j45+JjdXmfin7haDdJ8t769KqnL4nH4QMmOSrzPFWSUZEgjW0AqWNssAUoLQbSFcL9IM8JfUC1iDkGjglbWjwA==
4dt0ikasF7JcfpTiY4c1llERc8gl73rb7OgTBIOgaT0WlcoBFLYbI2E2NnKjjGJWKHHh+Ce+XMQPKOvcq9wY9C1poyQ=
i1LitYH3lmHqksSjfEOiWXmRI1UqYm8UtzMIKi8e0Jq1TmkFV1TuiStPqCLV6h71x5n8aE+VJpSZz6lZYRptQSIXetOcSVQ33Rn7e1JxNpD9k0eZwLjIoWtiNT1WYdfBs8JINuadCDHfJvECLRZP5K7W1AEseTIXF/TluitO+Y195mly9LHb0WdgU00FQye1fUz7h7yj9w==
2of7ncOOM36UKZYJELgatDZHmeJJCRN9gJC/WKEBzWWtMVHN04hfFR6K3zVUliMyNP52uvMkwv64+WFwtxb8bF/gqxT79DjcPWGjLA==
ailS+2zlWGDTz8wradjTvPCPIV6ptDoKvAqOEe3OGgGBGRxSSsSz3bMrSEgNBJChyxi9zoUBWv5VkHRJc4OhgqCGm1taeECETcPIYOZAt0LazMQ3gfoD4LROU97bzl9ygA5hT6MG
OHJfZb1wkrCWmV6GLp4NR2lQ+nOiUBFXUVbMIWexH8Gx71zakYqF8Rp3FgYTxc2q7pfNS/3VUIgJYf0qYou6y92MY704Olmioyne5pvOKa1tJvnbIbEKMfegQ63Vw9dVjYwLZ0yjBw==
gHhJ89kPCgOUM8r3J2+EJPPGpB74sXgirYq5CT4HUs6/pWEiagdpkyGVDFDtcfkijqvWAxk8BwXEuiUaR5marnfuRaVpNp2D/XFWaVMwxyV5I3sdSXwvH3CjOw==
RYmJ6UVu+G1UVoTuQollYTXpJ4MP5dkn5rx0KqmKvQEyF07W24WFGhY3pdtlVcgYoYFFWipLcpuFrIuNQDqhkssJBjbTjuFd1UZRS7kxkqEfADsdHQOfBVVsIxd0oz8=
xLQuTVKHvFKpH3+CaRSbMRzaCKY+1/g90bx0KqmKvQEyF07W24WFGhY3pdtlVcgYoYFFWipLcpuFrIuNQDqhkssJBjbTjuFd1UZRS7kxkqEfADsdHQOfBVVsIxd0oz8=
X7ZtgyKEeK4CZulBGU1cockDm2ZLk2oW/q4rCj+FuJ/EQkkVF478n89/h/WqvEspL474GyBPT+TBSYJ6Y1aBQczigd4zib9uu2/bEXCFdSjRCQ8TjRFfZCkTdqM9
ctp66hpCUmuPNrXx+ff6v41ZJSxj31pC5NoHNLGFyF/ZbZxRNnLU8uc07CJbfE5jJ9jVpOneuaNHWm6+z9l7N/4oiaHuurVgQXpsS2mGlZD9JBzw14VQHlz5KYEEycxnFTmDS7oxXgBl8w9p+LjwUSMCra0+IT/xy+KAZn4dkGGXxslyBdbndDZ2nDHUeUon31R9KoMO0X1FhqGraTFCAS9Aq31tg88l5awz94Sjzw==
bfX/8cUdBK9yFv4c2CfW2jZHmeNJCRN9gJC/WKEBzWWtMVHN04hfFR6K3zVUliMyNP52uvMkwv6x/GFxtxb8bF/gqxT79DjcPWGjLA==
mJfZCgkfbhLhGWUI5PafJrdYHG2maDVWLZ/aXD+O3IplyiwYMmOEC7XmhRcovUGrRcNcd0i1NG7K/9Eb19I1G9xYGWk7qxbDNXSmWRwISaui7Vieu2vPDeNbhApkh9Au7YxadRgXbVC4uirUN8fE96Wf/CawoJkkz39xuXubzSv5Ac2enUJtvQnrstZPNlfHeE3rmDacmwmJulOIzolIMY09q7zC6LSiTrKmJWrF70uZFz3EgCy8FMa0fyZKyCwCwU/rZKQqmyp7uteWUEoJ+6Oy
xVmn2iVKdN29BqODDgGlS2IaPKz68U6+s7uPQiaMhHKxbcWgqfs1rTwRZRjZ5zSsguoQLFbe14n3HK5p6Gc60Qzz4HL1AwO1YtElArpjFAZNqaLrVJSjVdt/0034EEzpNAyNanZf4ElZguiM9q7/CYA1ZdkwbOhezZY/Kc1jEzVpSVmnoXQl3JkvmR0ubMe400X4y2cSriIP+zksrxJmZyyTbVsHFro2APCeBPrfIosrCdnRcQ5YUmgmtmJDfKLmCODhaQcOnDTvOGvMy6xYRA35o7Q=
JPz4ZiOzk+kApGNzXgvJTcrmgzagdknn82RFyFPR0nlDamTtXZXa9uENv3+wlUppGbO3/vFDXMH8JAsx9klCo2NzxWv2jz6YSK2NPN6Qhc8oImzaET/uUfZr0g6d2BqmvX39yMqM4sP7QCOQM1tqYpQFPp7JFAVnf2eWGw6n5huYidB/wWkXI3ZRUmiRg/sRBLgMKddyWcUyQfOZX7JUfmJdDPlDlt1ayXZr3AJGqAlo+fYf62RJgg+unVVRVvU68fFeGXuQP5UhY8PNkVxHD/ijsw==
H8KsjGXfMQbLfGgicbcZi8rmgzagdknn82RFyFPR0nlDamTtXZXa8OENv3+2lUppGbO3/vFDXMH8JAsx2l5Cqn990mv2jz6YSK2NPN6Qhc8oImzaET/uUfZr0g6d2BqmvX39yMqM4sP7QCOQM1tqYpQFPp7JFAVnf2eWGw6n5huYidB/wWkXI3ZRUmiRg/sRBLgMKddyWcUyQfOZX7JUfmJdDPlDlt1ayXZr3AJGqAlo+fYf62RJgg+unVVRVvU68fFeGXuQP5UhY8PNkVxHD/ijsw==
Aeb1XxF2TJibJH4sd1wjAjK9RxRvrFaG7XR3n9Pu9lu9kKUG6whEW3GKfr2nohbG2HpYcOSbcXgtV75MyxDdhCSlTxjhR5CXCPRenZsw6IiDwy4iatYXJ9hd4FvEYqvAfIqbHdvkrFTUry1wdVwFA6wu0sV40g9Ms6sp10B3uH+Atz7pdtOn8aFP4OHE5CcbfZ2COIqlUervSaTxZfXpKjLSxD2qVSVOazYfxj0QtB5uRS45sFMtPH9OWZ5LOWeOkxbXkXg1HYgJ+TdT1cGnREED/qO1
J2n8GpiBUzJfV1UpPRc4qcrmgzagdknn82RFyFPR0nlDamTtXZXa8OENv3+2lUppGbO3/vFDXMH8JAsx9klCvX5yz2v2jz6YSK2NPN6Qhc8oImzaET/uUfZr0g6d2BqmvX39yMqM4sP7QCOQM1tqYpQFPp7JFAVnf2eWGw6n5huYidB/wWkXI3ZRUmiRg/sRBLgMKddyWcUyQfOZX7JUfmJdDPlDlt1ayXZr3AJGqAlo+fYf62RJgg+unVVRVvU68fFeGXuQP5UhY8PNkVxHD/ijsw==
hi+8yFZTjGkFii46AXZ59jK9RxRvrFaG7XR3n9Pu9lu9kKUG6whEXXGKfr2hohbG2HpYcOSbcXgtV75M2hbfkSCxTxjhR5CXCPRenZsw6IiDwy4iatYXJ9hd4FvEYqvAfIqbHdvkrFTUry1wdVwFA6wu0sV40g9Ms6sp10B3uH+Atz7pdtOn8aFP4OHE5CcbfZ2COIqlUervSaTxZfXpKjLSxD2qVSVOazYfxj0QtB5uRS45sFMtPH9OWZ5LOWeOkxbXkXg1HYgJ+TdT1cGnREED/qO1
uLoaxx2bJFe7gv99hJ2iqbdYHG2maDVWLZ/aXD+O3IplyiwYMmOEDaS+3Qc+thX0QsBJXg7Wcyzdp8Zb0+AyDclFGWk7qxbDNXSmWRwISaui7Vieu2vPDeNbhApkh9Au7YxadRgXbVC4uirUN8fE96Wf/CawoJkkz39xuXubzSv5Ac2enUJtvQnrstZPNlfHeE3rmDacmwmJulOIzolIMY09q7zC6LSiTrKmJWrF70uZFz3EgCy8FMa0fyZKyCwCwU/rZKQqmyp7uteWUEoJ+6Oy
ArfafTX0VAkZ4n6SfQn8rrdYHG2maDVWLZ/aXD+O3IplyiwYMmOEDaS+3Qc+thX0QsBJXg7Wcyzdp8Zb2vM4EMlHGWk7qxbDNXSmWRwISaui7Vieu2vPDeNbhApkh9Au7YxadRgXbVC4uirUN8fE96Wf/CawoJkkz39xuXubzSv5Ac2enUJtvQnrstZPNlfHeE3rmDacmwmJulOIzolIMY09q7zC6LSiTrKmJWrF70uZFz3EgCy8FMa0fyZKyCwCwU/rZKQqmyp7uteWUEoJ+6Oy
eFTQ8q89Kj27BywicEt2FU2ep+gLeibegHJ+9kme/PYEjx0HkOxTsxNPEWGCPMW+9Syj0x9H1sOJ8HNVnOVFGVKcYGHAub65rTfz6Uo1BS5CdwT6Ra2i50xgk0kzW7OhwESc1XzITSau65CV8eZIII46b3UIseVVqBhYwqUy30V1t0OJoQ0Za/lA1YCxy7kx1njXRNtB+Md/5p4+599ZwJdGtltkV60X36LK6qiUPqiCS7L3o41ZXel66M4AglYO+6jyWsCkoaVfOmxox9xL4DO4SLgF/aO4
rCgdUikA1SqtOqxflgKgY8M6NatwEgr6OmzH71ID9xoeNmU7v0UGXzVweOEnKqCO4/p3nxtmuPA/QE2dqMiZmMruvMChhqSC4YKzfPNzMo/9aDbUfjcqMHRFG0zvOBpNUnaRf2zqlhaLYNIiEIkhd26yjFBXNAt4w/DoQFVVo+A=
U4RaHHG6xChNlkYB1MsAC0PwFCK2HidrHGo7otkbrkjXDL506A1HqobC/Uz6BAx6QW1h65+f93njn0kxeqihNChlPVdO7qNa6FmBQepkaVWAGA8X73WXKhuNxI/sP1opUtuLQR33JMHAvPuLkdVmOG7tvXozEaDRoU1Vmh7a4P3O3Um+F85bJrnI6A5CjYq5FBsBLKMW3f6PQZv+f5420VY8MTi1QXNz0Rn71C3LmqPR
bCbQdVoivDXFBDeXFc7qz+uVyhEixB0pIYjKdA04oheYi6/iwhF0bLhhvpH63tP4FwwtYgFEOSjV0QJMROerdJsNrGYS34/wldE+lDW/BnYL3GdiMhyLxYvnNVc5fTXibT6VwemXSqq/Sq+7eDET5MbgY3Vpxqv0PvWwTU1BU8AylEzers5eWZq5FzcZa8W4cFBEaCbIh1q6tNR7ATkSGFRWY1abxi/qoDbxh6PO
lLA4t657VTv6YOqouEM8YWu4j8XBtZciWOgPK3cwT4GB4DrsjaDS/zgjf5oCKSSE2EmOifrG49B35H1awTzpgHU5ctTEf1scO6X8nlLnX5h1+Q6MNac2Xuu0t1py5NttK4/Fz7nlRQrNlkW5Ka8aQt9in6N4KSPMpggzTam+e1yeHcDVzdmjqJI8HCbu9o4xepEnLxlz9ZCQOJRQZjDX8hrcJOOBoWLw9P6zLlv+fwLAHsGfo9Y=
GwEm6fltwfeJS35pZ1qmwu+CInrOHJPBDkjpuuJWT+MFe+nGHs6tzi6VIBVLiBLXKJ7QT4qL+sj/2k/yaaixIsW6XV+WtiRRZzZjU4hMAtmTwr2/ys71aWqUk2Lj6MK6NxfDKWFtGQs54FUg8Su50ZbYV+QbIfinv0Yenqc/WSDX5jb7pDetdx8CSkrodD5IwusyV2PtWT0p2mhuQGJW7rsIcvoAwaHPnprsyIc8SwBzGMgYxZ2j2A==
ApK+0D1vzTrCJdRcx3tAKRBtz1qtzwSm8gMJbq5WLUa+LYB9u9DSH3hmsGe6k/rA7+JvGhlw8WoVwr33Ji6k2feOwzt4FMIRwzrdl/rW9WF6rLOKkzCC8udvI4HR9ZmDqVj1SAFzeRnGIDfMKzn4r69+PnbX5xloB57WUxSvLf+PuuoiGCz+gJITUn9T9Vk1OeJIhjC6FqZrcJJSsFkhRw4iTKB3ZIvII+CoMPWFo9A=
kIQJkhPrO0r/vh1o7/AU6gj5HiXmCiJwBXxo5cMAuV3XDL506A1HqobC/Uz6BAx6QW1h65+f93njn0kxeqihNChlPVdO7qNa6FmBQepkaVWAGA8X73WXKhuNxI/sP1opUtuLQR33JMHAvPuLkdVmOG7tvXozEaDRoU1Vmh7a4P3O3Um+F85bJrnI6A5CjYq5FBsBLKMW3f6PQZv+f5420VY8MTi1QXNz0Rn71C3LmqPR
Qgknh0Dub0knUgaUtk4MxBBt0lar3R+vwgMJbq5WLUa+LYB9u9DSH3hmsGe6k/rA7+JvGhlw8WoVwr33Ji6k2feOwzt4FMIRwzrdl/rW9WF6rLOKkzCC8udvI4HR9ZmDqVj1SAFzeRnGIDfMKzn4r69+PnbX5xloB57WUxSvLf+PuuoiGCz+gJITUn9T9Vk1OeJIhjC6FqZrcJJSsFkhRw4iTKB3ZIvII+CoMPWFo9A=
GhNTfOtAWTQErAYjnJyN73tTdv7YLA5UWTpKjKlCitsD0TUtMazioE3sCrMIDyd2YsU8qOhFloX6yvvcR8hltqHQsaxFdaqYBDODUIsJpHIyC8c0xXWWALUrrtJbGC+2EgiDwZvDHYN5qZ1G/bodVUlDAm7vboeveCU7wJYkK6HJUiNwrlEYmQ2Ve+QikETKjhoWncodv6OZ/20cIJQMvAbcj16qkPyvQe26vMTS68I7Emcu8BLZk6Pa
UNeJ5sNyE6gJ3fVQXIX6cFSAA2fZ/xAzN3u4RLqvuTpWCu2C9uHQSWOsMjtQisBzgo/6xOfuf+4BTNEO/e6NI17y5J0/whOPIOiitWtWLQNCSnXl8iAj/guMIhaPw5PVKalZR+GUpXzZD5k97sxH2BMl+Kunci6Cz9s5DO+y5odsc227R/Y6lkDQniQ6f6Lr62nZsbFu2PKoBrZCA9wiBkgF4YNG7hyUrxhr7AsM2CTNmaPU
fntqIEI9cz23LUk7vt/Wz1WJHnDf/FkhZ3WkTr/ujXRaEOWX9uHQSWOsMjtQisBzgo/6xOfuf+4BTNEO/e6NI17y5J0/whOPIOiitWtWLQNCSnXl8iAj/guMIhaPw5PVKalZR+GUpXzZD5k97sxH2BMl+Kunci6Cz9s5DO+y5odsc227R/Y6lkDQniQ6f6Lr62nZsbFu2PKoBrZCA9wiBkgF4YNG7hyUrxhr7AsM2CTNmaPU
2sDWCV0Ms7HXoM9UEMKwDlfdnnpul4RU+OeacarC4VOETvYKU/SCLtgNYYvWxry8/1ArpFuk+IzdEaNc
RB/Oo3L8UMsuZdgh7yToa6r2Cve4nUup3QF9VxNGBT53kbNeZ+4+UV6MKdhdkUsziWmT9JXbEqNZ
q8Yv1wahoxvyCiGaU4T88ZdW/wLJQ/Agt/t9Y47JX//n+zo6kycYSx8ubbVhFqVahPHkOKtQzzUR49OtwRz3L2ijIw==
p+rRj2jfjEQpsAVXblzqFbxvcTwbbTMJJZBETd672F4JI7Z6aLjZ5UaSKR5bmbdOQzZikQJUTUjZGSfT5aHXBPEjbqMl
CMvjQKid9qLIV0Q1Z9g93tGm2ZWQpV2KzkhFrrV5nNeMyQt2W+Ey5EaE33YKuEyXwdUKlGT6Oxr7yrfGEPopa6Mi
2sDWCV0Ms7HXoM9UEMKwDlfdnnpul4RU+OeacarC4VOETvYKU/SCLtgNYYvWxry8/1ArpFuk+IzdEaNc
RB/Oo3L8UMsuZdgh7yToa6r2Cve4nUup3QF9VxNGBT53kbNeZ+4+UV6MKdhdkUsziWmT9JXbEqNZ
oC1WfK9xG+BNTscJ1a5o00UPYaPd1bDIaeVfZEKL2gt9DMN9WDq54gOpfqZ7zgltzaYZH0OxIHBXICNtNcP3le0M6ydsoyc=
YOllovZKmi2LdwC3EVjn0LX8rfSWZVDxZAJEtDM55JJiPibJza/342zFu/eD09NFyZlZdwEE5Wz5/xlNztyHSHMV+JvH4u6S76u5/M+ipheMQ22Lp2Z6hmAgHlQab2J7i1nZgdH+GOKIdjayI8xilqU24bOmflyEj+jrnCscGLStqaPk
qWKHGgRgcHeKOthTqib/T8kDm2ZLk2oW/q4rCj+FuJ/EQkkVF478n89/h/WqvEstLYD4GyBPT+TBSYJ6Y1aBQczigd4zib9uu2vZEXqEdSjRCQ8TjRFfZCkTdqM9
G8f2w8VPUq7KKVBL62CzShzaCKY+1/g90bx0KqmKvQEyF07W24WFGhY3pdtlVcgYoYVHVCpLcpuFrIuNQDqhkssJBjbTjuFd1UZRT7sxmKAfADsdHQOfBVVsIxd0oz8=
5p3E3wvDi75Y5K2GA/AYETXpJ4MP5dkn5rx0KqmKvQEyF07W24WFGhY3pdtlVcgYoYVHVCpLcpuFrIuNQDqhkssJBjbTjuFd1UZRT7sxmKAfADsdHQOfBVVsIxd0oz8=
xlExOV9Swvpx+BLHsTIvzPPGpB74sXgirYq5CT4HUs6/pWEiagdpkyGVDFDtdfssjqvWAxk8BwXEuiUaR5marnfuRaVpNp2H/3FcaFMwxyV5I3sdSXwvH3CjOw==
M+aCZbJAqXsDXpaQEKL9xWlQ+nOiUBFXUVbMIWexH8Gx71zakYqF8Rp3FgYTxc2q7pfNS/3VUIgJZf8kYou6y92MY704Olmioyne5pvOKa1tJvnfI7EAMPegQ63Vw9dVjYwLZ0yjBw==
S6nodiIYQ5U75885AQ5fi/CPIV6ptDoKvAqOEe3OGgGBGRxSSsSz3bMrSEgNBJChyxi9zoUBWv5RknpJc4OhgqCGm1taeECETcPIYOZAt0LazMkwgfEC4LROU97bzl9ygA5hT6MG
5c4/NpgPALIHYktN6p4EOMLF+4FWTZC1LVMqZWAW9RSvG2IaX1VwKW+d873ET5PVRMJFHIUp2jgv/EOGcB9U88Y6shN2aSAfaMf2ab7jj1E5v5ghXDQfO9UNSjhCNfnK15k8MR0FcYoa4gy9YiXNLvMGJwalwMz+BtVmOXjDxVyHHsHecwn/bvvrmRE6BDUokYnPE02Rn2Tpk7aj/Q==
SvP3UUvQaPDm4LkCBzihnGQzkgzGpN3m+/+XeEcm1pvJg0goe+3CEeGE+lLAaw7e0KfTTC52AuM7gd5WdHtWqtJu9iqTlAKOle5ha5ZmPNw/cCuEG0R4LB1xozw=
rHuRO4WnpK8yZ0XBwiWa2kYRMosOV8bNaSvqVF9/ptIvj5Xms47BHTXG8Y/bMbjg/4Cb3X0Dv0W17IPXFKNf
rHuRO4WnpK8yZ0XBwiWa2kYRMosOV8bNaSvqVF9/ptIvj5Xms47BHTXG8Y/bMbjg/4Cb3X0Dv0W17IPXFKNf
/3+XHCdiXl81XRHnYybueepLIDvQTl3rgCwy2AsQI2xJ9BFaeALhv0fJzSkCPSrQItKsdCPP44FcaC46WUMYEmIPLU4nVBweqATY/h8q1o1iaiAqYT4QPjTUFw4nSS3QLgHyjxWUGPNIceJABxLFty8KalogiPXnBhUL5ko=
