kGoQ6UX1n1JfbhBIok2p/x9GJHh2F5kmV8k8R6ClqaxTYTUbZwMXW5VoKTtrx8hMXLka0SVraQ/0AseVito+cds1fuk2U2fxYc8g4YRkZxs9HUI4SiUR6q/J5PGldSkq8lKEPerVZU6rtt/G/ZD0Hi7Fbjlw0+08v84Zngu5J45TmBeRtrVdiEl5d1MVQWdEgYO+o/U=
v15KSRISbJwZCwY0goGtH84Me7+Z0MimvsbO0byG3m/snW/7iqMuVUfDxkEXxic7rvvcTpDDtN16d9JDZMnsp7W5I4uaMX7AxXOvqdi40JGDgg1tHiEfMWtiIKZeHfChd0apsuXWh7TW9vzxNHkqZz/UHWpjDrE9pQbB7I0xbEGPwAs9TYPvZUUsk7eko+8=
fAUaao1Otk3yFK576Rx/C3z2i6wX3pP5OBPeACfmhs6+Q+gNPC6vZESQjOrQO8M/R2tMUz+5hJGEJMKddRaQ0rJDRoFRaW7TRgOi/bPzsnnuQ1kDWsuo5hxj+PVuJ4bb+Inwv2Hpt2NWUXIocQMbUeS47Gk38rmFEkHT2f8y9L5CXWw5Ixa9mql2CxyixgjJSPnWX0vk6cLvrn0VsdYVdBHxcFnbEJ9VAWPjDfHcJ8+Yo9M=
uX3R8yROxtfKz0VHaW2kFvqWmuTT9mkpU7qcfoHrixGDigcd87eiQVU7R1/EYVsbeycDmQFdGTtZUJUQkZs5Yfbol1R7EfiX3/berseP2ZC31vZLxAetR3+yinqIxL74otvy5wPdWQ1JaqheINLWXts4skpu9KH7/yos+OeMy7ATKAiopa2j6A==
1jCoW4Ju9Fh7Eywnp+P5Jpjw07PMFvHARb/JKCwcAJbS56n5q0OgU4mfqy1bTtexWyoj3e2ft5MMVTtnYyMTdemJWWchNCWcGW+Z3a6sx3hTBfiL59Ku4o87OWwvUmYnrFNtm4dWunaAsJ7Eeh8iS6tJ2ZHxzliS6Oa2IsM8oqaGIOGnh06cdG94awxLbFiEjbmj9A==
0hYrG1KwdtZjCk3s1iD1Ipjw07PMFvHARb/JKCwcAJbS9qH3rUyhAYmfqy1bTtexWysj3e2ft5MMVTtnYyMTdemJWWchNCWcGW+Z3a6sx3hTBfiL59Ku4o87OWwvUmYnrFNtm4dWunaAsJ7Eeh8iS6tJ2ZHxzliS6Oa2IsM8oqaGIOGnh06cdG94awxLbFiEjbmj9A==
mITTLHmViX859rLL8NHFQkpsm8k0MnPJcaIVEOoT2BPEWFZyRVMAKt+951Oy3wXi6a/rKRNU86kU6RbrUmOWJc8jHhF9w87r9ptUviiD7M1yV6rzjElE141ZK5vC8YZwTdN3efC4+EFbIoXd5uFHIWOCGNb2nRgRD2ahor2WP0RelqQh3HlCN+c0lRrbzmktrSY5XOWxxLG3oAMtlcOX1c2My+eMo8c=
nyYcAEfn1oPWqAJfXd3wtT95bBOHbXvHNGeljpyd+xJWXydBmJmqE2YDgj3Tc1K5iEO6QzpLSKY8Y9i1zqcmm9iJkP+BadejtlES6NGDu5HEuMypl3IZRXJBMxmfshT+Il1MeYOWHdqJditcQkZoiaj5tp+rZIkCz65d1RFWtbQx8ZCZu5B/FWFjA01RXIePuKPz
6tKzTmEw/Vk8VeollhvOeJt8EzlJiNpXYOKd+KK3zj7ZMor8n4fOjoJEIgkKSM4APdOl4Zs3X3ivk4fgY5e5OV8hgMurncd1S7cVpzkNFTItjnVRaQfq2n+az4t4AXM0BpDD5elWS0R+JZA9TbFzkPIkLE4uXv6p2un3BxlbJegwoOT4pljn6nrk+o4BTTPIFOaDxhtWj5pg5pG3o/4=
51SdSWZTgfQpLdb5/CcWB9my4vCWG/HATb3fOngOA8bSouSw/w31AYmfqy1bTtexWy8j3e2ft5MMVTtnYyMTdemJWWchNCWcGW+Z3a6sx3hTBfiL59Ku4o87OWwvUmYnrFNtm4dWunaAsJ7Eeh8iS6tJ2ZHxzliS6Oa2IsM8oqaGIOGnh06cdG94awxLbFiEjbmj9A==
T0MYRkbf/w0n3r5YKTg5UHM8LE7ZbXvMK3ei3JWOtRNcFCdBmJmqE2YDgj3Tc1K5jUO6QzpLSKY8Y9i1zqcmm9iJkP+BadejtlES6NGDu5HEuMypl3IZRXJBMxmfshT+Il1MeYOWHdqJditcQkZoiaj5tp+rZIkCz65d1RFWtbQx8ZCZu5B/FWFjA01RXIePuKPz
zqHnt8knOTmfknFi0br2ubaxfxARuJ6E5dGShGdro0Muw0rN+1NKyZFCorMia2DWdCMQZSYHngugCShveYl/8/4RWtg5Y6Oh3LjUmY+S8XU6AXtJN1LsbprdNOk7NvUKQTZjLGpmcHmw+a7vs0Sh8gduFYV59g0kyXEoCcPw18Wpo8t9OTyfv6Cj6w==
G+iaucI1jvB2hbGph6b1oC/PYY3MF22u3ayh/pdjg3WX95YrpbX2v0JtNnlvZVXpWdfrZYum99lLJiLV/feXe9wdey+zy7MdeQHZ77FchXTJJ9mVfkTnEEMN+IP3uo4KX3N5JP+6xk882+0TFz4anlD43oyq9wIju0HZmeGmeHo4rvZqE9QCzhaoYS8XJjycvzArRJuEeOydsaP8
JriBp3dmd02AIh94VJtheT9jYB6FLDKPK3D8g9DCp0BURmZBmJmqE2YDgj3Tc1K5j0K6QzpLSKY8Y9i1zqcmm9iJkP+BadejtlES6NGDu5HEuMypl3IZRXJBMxmfshT+Il1MeYOWHdqJditcQkZoiaj5tp+rZIkCz65d1RFWtbQx8ZCZu5B/FWFjA01RXIePuKPz
60rkRJldXF5KtcU9xTfFu2y9kuzZooEFO6IPKnUzMo/IoT3zjtyGojd5IdtIZXeHlEeGwOnEwoU243FJlmX+kno1fKSANx8yEqeViVufL+AP61fKYr5pQf+58GNr9fdtK4/Fz7nlRQrNlkW5Ka8aQt9in6N4KSPMpggzTam+e1yeHcDVzdmjqJI8HCbu9o4xepEnLxlz9ZCQOJRQZjDX8hrcKuaBpWPw9P6zLlv+fwLAHsGfo9Y=
snmlB/SdOzpAR97QL1sbBtKRgmwZCUSN0CM/s8ejz57vRm9R9o48+uq1ci1MbuCBk1CqafGzS/kTMmdVw66iaAVD59c0uRtzax/jUbHFmZOJqLUY4cP5iWZQ9xxLCfi/j45+JjdXmfin7haDdJ8t769KqnL4nH4QMmOSrzPFWSUZEgjW0AqWNssAUoLebCFTL9IM8JfUC1iDkGjglbWjwA==
JHdjdO7vxJLQSpQ+ZyLQQj95bBOHbXvPNnG32pGU5UBWWW4V1szYE2YDgj3Tc1K5gkG7QzpLSKY8Y9i1zqcmm9iJkP+BadejtlES6NGDu5HEuMypl3IZRXJBMxmfshT+Il1MeYOWHdqJditcQkZoiaj5tp+rZIkCz65d1RFWtbQx8ZCZu5B/FWFjA01RXIePuKPz
AUs2TndJIrsYJeQp5A6+yLb6gAu7lBxS8yxXHhcocsXQlZZzSLu9zfsbh7Qf/x9p5RUhVe/tWOfLsd95e9tNa/nBTV6dAu39CasyFk/214d4DWtYNlwbSYn608jOScjxjX0r/MIoNGJOciZlaoVvi5nXvYSAbDzUxnT/5kqIokLBgWukpGobanv6V1ZQiom7o/I=
KoJejWo/FhdbrFBM0jP94uaMhJGU248DHdu12dtPz/BPW7f+ZYGJ8b+pELPrpdd9a/9lP7mV5foNhmVpqf96Uh/S/5N4GUN8ZhhTHSluW0xe7WClzSkD2NIsPHZuJm4hOiHHHxlDFSDQKHSA5mD34lqsihaB1cMANO6T/tuuHxIArqGvo+Y=
qnx1S5vCwwbjKMVAYkD/KQMWESd+Ja6BTN+gsyRRVevkFV6FYm8MU07KGlMeeSg/kBdO6cazt7Exr7BhNISX2w09UjhaBSEqXylUcTUVeWoisnQ92vU1DvsWT0YNMEReXqV+OWAzHfwPbmkemxn3ToO4J5HG1Q1ImZnn06UhFwSxo66j5Q==
ZiLwi/ki2Vd3eq/IvLygzOSMhICWzYsDHdu12dtPz/BPW7f4ZYGJ8b+pELPrpdd9a/9lP7mV5foNhmVpqf96Uh/S/5N4GUN8ZhhTHSluW0xe7WClzSkD2NIsPHZuJm4hOiHHHxlDFSDQKHSA5mD34lqsihaB1cMANO6T/tuuHxIArqGvo+Y=
Y66cGcP6EeM7rYAOPu7pvgMWFzFiOK6BTN+gsyRRVevkFViFYm8MU07KGlMeeSg/kBdO6cazt7Exr7BhNISX2w09UjhaBSEqXylUcTUVeWoisnQ92vU1DvsWT0YNMEReXqV+OWAzHfwPbmkemxn3ToO4J5HG1Q1ImZnn06UhFwSxo66j5Q==
lZ8XUQZ/XojWV//GWdDw7gMWFidwPa6BTN+gsyRRVevkFVuFYm8MU07KGlMeeSg/kBdO6cazt7Exr7BhNISX2w09UjhaBSEqXylUcTUVeWoisnQ92vU1DvsWT0YNMEReXqV+OWAzHfwPbmkemxn3ToO4J5HG1Q1ImZnn06UhFwSxo66j5Q==
wWQ6BjP/MzbqVg8TJSSYhpN6QThCl9QWOb/EoeLmwHqcfpb2hdTOipZEPR8BSMwEb4Ol4Zs3X3ivk4fnYpi5OV8hgMurncd1S7cVpzkNFTItjnVRaQfq2n+az4t4AXM0BpDD5elWS0R+JZA9TbFzkPIkLE4uXv6p2un3BxlbJegwoOT4pljn6nrk+o4BTTPIFOaDxhtWj5pg5pG3o/4=
6gREXEi7R7zxDjYV++kiKVfxZUaFp39JKmIqDuYJ/RNcc6lRThZ0KpKNuun4qUKgvRHUaTapJfLUGfYrIXQdN8enjut2R84rUAkYDynJrxNukSq4iaNTgcy4xLl/UkEVSoHrqecSvA6q3cTJa3alqtG204waJkCZoPm+j4OEUVK37oUlqTbdC7lxGOkTMIelOSM7nYl875+wo/s=
n895zppBeFRGGkOGgKRoOFfxZUaFp39JKmIqDuYJ/RNcc6lRThZ0KpKNuun4qUKgvRHUaTapJfLUGfYrIXQdN8enjut2R84rUAkYDynJrxNukSq4iaNTgcy4xLl/UkEVSoHrqecSvA6q3cTJa3alqtG204waJkCZoPm+j4OEUVK37oUlqTbdALhxF+kTMIelOSM7nYl875+wo/s=
3PWm/zCFWZFwgef9JdXhVVfxZUaFp39JKmIqDuYJ/RNcc6lRThZ0KpKNuun4qUKgvRHUaTapJfLUGfYrIXQdN8enjut2R84rUAkYDynJrxNukSq4iaNTgcy4xLl/UkEVSoHrqecSvA6q3cTJa3alqtG204waJkCZoPm+j4OEUVK37oUlqTbdCr9xFukTMIelOSM7nYl875+wo/s=
X3iNPjRpiCl4UVO6awxiVFfxZUaFp39JKmIqDuYJ/RNcc6lRThZ0KpKNuun4qUKgvRHUaTapJfLUGfYrIXQdN8enjut2R84rUAkYDynJrxNukSq4iaNTgcy4xLl/UkEVSoHrqecSvA6q3cTJa3alqtG204waJkCZoPm+j4OEUVK37oUlqTbdA79xHOgTMIelOSM7nYl875+wo/s=
/3+XHCdiXl81XRHnYybueepLIDvQTl3rgCwy2AsQI2xJ9BFaeALhv0fJzSkCPSrQItKsdCPP44FcaC46WUMYEmIPLU4nVBweqATY/h8q1o1iaiAqYT4QPjTUFw4nSS3QLgHyjxWUGPNIceJABxLFty8KalogiPXnBhUL5ko=
