y7Qux2uHenRXuhHzWlMj3VaqxbT+5oRj+Ze6stFbIx+00f6rovxyydR8wawLwEpgtNTZuznl5D1mfN1CZ9qzhaw/zXW4n569ejzrmiMj3i1Fi9GAbQ4fMiVin6nW1L3+D74YrNAhu1QPm14D5ZmLkfbh/QVVGT3yF5/bKmgWlVCIbmkIi8KrWXZPYwtbHr1uQf6Bv6P2
fYvGWeD9BmVybmJJbQWVfM1T7/sBH7NKCn8zW3ks4YK3FVT1XC6kQPvlVDb6tqFHPRM0atQuk8/Jib8z2Y+YufLvQuIvUHNVgo+tZWUa7YiTwL3c+8NmAkE8R/BMljDHl0Z3hVoJ9a+X897PCd8VX3FAz2F/gBiAKdIA4P1yK2RHi84RJ0GL6GFMKZC1paPw
N88fzYBTwO/1SqGfUDKdPgDMGXeWwH8TBFOMeIzDnxdsI8KUk56zNBLNAwJ4s7RFzIHizMC6NOlIF9Vd/fOJNFPVpZBW3RHhRPLExBMpJAIHDyPj9T8kvgyyMwvhhY/HYfNYXfqDkna3DJNR6sNd0R0m7azbbC2Io99GRumw94R0anCjH6onkULVlSt/P6778WOV+7ls37WnHLhEAd4wFEUO64BP5x6Fvx1r7AkA2STNmaPU
dEKWCr3R/LHGynLXQUVjFBElJB5eNMTxqeYDIph6EXyxMSboY53VAP6vmLD3YoH7rpM6c/YnWKiQkJRW7ylPi0SorPEQK10tUWErGWFtTO6D+6+rFZIhYI7VHUOovPbtnp3woton+PWmo4uLPAnvsCGzIYxlQ+VbDeUwGtzhnrO5Cy81pbuio+k=
xVQyq/4OhKMwO9da2xBswAUUHjo8Ds1vGtw9SLOjqpBTKXg9VSMrE5xyPVxd+eJYB+xIgGJXfACzKu3bgps+Y9J/JOgsSHDGa6Ej6+hgaAE0E0EtTVkP6aWl4I7vcys78UqdIPKNOVOstNrN8tW0Ej7fZHU62+87+MEDkA27JZxBmxmbsb1UilhpclMVQ2tFgYO+o/U=
9U9Kg8gw3c+CzpWtOnx5cgUUHjo8Ds1vGtw9SLOjqpBTOHAzUywqQZxyPVxd+eJYB+1IgGJXfACzKu3bgps+Y9J/JOgsSHDGa6Ej6+hgaAE0E0EtTVkP6aWl4I7vcys78UqdIPKNOVOstNrN8tW0Ej7fZHU62+87+MEDkA27JZxBmxmbsb1UilhpclMVQ2tFgYO+o/U=
NPAA6vpiCKZtNyzRSTwHRuW9vhR6xq3kSgYltKBag1+IRJ3M8q26gfQKGz/COGbmZX4Oi67WJExHiUXtTMbkOEtt9G6om6B/TVvU8kRGUzf5gZ/rCScYAQInIvo/uDMtMgcNPTUy7bDjiF1Ea6um+nE0ZyicPrB/Z44XnUrhtdcne36XWfcVZwEIL/nv6Nh4GdogOC3aq9y3Q64JN6nLkNHEicjljaPI
sRFpK5yftx2gcs1M9CkCrdSz4uyYTuufWLTSbjQYApSX6eSw/w31AYSSxCRTSaSiQS8gw7WfpN5MUjNrIWUPZ6HTWH06IxKWd2yTsaqj3XFdBu2Mm8yt6OM/RiYpUHcktEpwg98Kp3GCtZXLP18uW7FDldv5zF/V5/y4JME+sLSFLuugj0eeZX99awxJYFmEjbmj9A==
UbXxWErAq1+rAIKqAkcDmB4F+pqp2gMawuB+BmU0IFSvR+sFcQ0fQwJInb2Rhi5yvImuFhdMV/2QcOU8AsAog56owa5nSyj/jKsQK07IxlxyzllFCbuipJqpVofLrcfNbUFXYarexZcZM/NedwCY2fubHtBwXXhRxrrcCy41cA8NE4rFCYAn3xdUg89zO1sp1gLqjdgDX4eZbeOXtKP/
AxkCiE53j3YSN6Swbw7/YkRWL3lmA81vEt4rWuexqcBTbDV0AW1+QZxyPVxd+eJYB+lIgGJXfACzKu3bgps+Y9J/JOgsSHDGa6Ej6+hgaAE0E0EtTVkP6aWl4I7vcys78UqdIPKNOVOstNrN8tW0Ej7fZHU62+87+MEDkA27JZxBmxmbsb1UilhpclMVQ2tFgYO+o/U=
mjx5DoY+dtQSWdH3QsjbEZj2orHGTuuUR6TVPD0LTJWdouSw/w31AYSSxCRTSaSiRC8gw7WfpN5MUjNrIWUPZ6HTWH06IxKWd2yTsaqj3XFdBu2Mm8yt6OM/RiYpUHcktEpwg98Kp3GCtZXLP18uW7FDldv5zF/V5/y4JME+sLSFLuugj0eeZX99awxJYFmEjbmj9A==
9jYclBMyYy+NZccTH0SyqyJ6APihBX8KLH8pfQjH9Fk0SgT8YxHEunA2INuFh8SGfIrzs5E9b/8RS9jlirtyzse0U2ma+71pbR7tlKvUzbDT54b+mQgXvATS8BtvkscpMm1VEw8HTkOBW5XDydQ/jdckePxxZtAsNbZrOD/f/j3PpavUeTg5nL2ho+w=
SRY3uxZYBBvxyM3BX3N6GtSp7uGaD6LXR6OLY3hHXcaV8KWw/w31AYSSxCRTSaSiRi4gw7WfpN5MUjNrIWUPZ6HTWH06IxKWd2yTsaqj3XFdBu2Mm8yt6OM/RiYpUHcktEpwg98Kp3GCtZXLP18uW7FDldv5zF/V5/y4JME+sLSFLuugj0eeZX99awxJYFmEjbmj9A==
nEGwPvTJYLaLeMQ+YfCo9fja2V2mNRM5iDMEe7DU06ngNXWsS3MW8Ar48IAQ3waiER3NRgZvVEcYrmjoYEfnVxLhy0hzEYeIq8WmBi+MD00YEF3ua8HA0yZISR6/CxDvhIvIW+ZIruyqrlFVcXt61BIJLlfjre8dFeHfEXIevYcRUyvuH4AwqSO7FsBIHaDhTlpkW8Y1GN+1cwJ1UUAfzx902z/bu7OZjuLinSBDB3cRzRvHnKPX
wvY4Nd+LTZGLyC+EjS3ygNgtIfvaxIohOxikTx4jNiNDat/q3TkcrmkuJP+phKVxEQTNHZBqKbxpga6I20w9AZb/IFB/0tm7loMyU65X8Ch4IMw25zm3SxzYJFHo+3UtebHTuekdFC5766fLTSLJ4CalRWOgrM6txi14QmJ3kPVOczPrtLk3cBmjKay9s03bZVXo+tTx5vNh+6eV3euKo8E=
xgTtO39/SK1020iZlDKhV9XtlD4c5W3LJvzuAd8AuF8SKzIjR2LT+sEh+I4NFtjP5UxhMVXMAW0sko3czRkyGFfEuYESd6zA40p9WzL7jqPiHzToPGgABpsBU2t4wDhB5PNxLX2536n1BXAOn9Pb+4FqjSDi7QmTHNRqTWK15NLu/xR1yvu/eyghkxC9W5XccXsJm6GdpMooyYLTheO7hdHjjqPF
JcGrbqsjwfL7dyRmkJ7M1lI2VOOgj3PgN5F2d4lUvj3bjamzo8TkTnZGm3EWlphtO2re8IEmeuzxu3g0tGaHV7yoZthhsRERLEQQlONJVVv3Te2FuO++TbpsSwqjs779hbuxsG0+fwLlsv85VkQdrs9OONzQ0ZskT0v+k2UJa8G20R01VSndwlfPO7rohjWAyB5J+Iuyi6m2H8Ob247dvoHO4Y+jxg==
4tMNlQcAgiyvZRmppoe4rRMvgsF8EX7Bd6McCPwRzTTCVwgvMCNFZsnyuxXqnh/i4qf/aAMRt+hbhRbmXwyfLchQDQB7wdCz9ogZ/i+L4I80S7i71khezJpuIfXB++p0Qsl+d/Ot/z1FIY+x4p4NJ2GTG87vgABJU3umoLidMAEemrQ71jUIP+Uz0hXBwG8vrzQrX+u7w7m+ohI9kMOX18GNy+eMo8c=
CxssDSU0mFn6V0VlMCJ9+NSz4uyYTuuXWqLAOjkRHMaX763ksViHAYSSxCRTSaSiSy0hw7WfpN5MUjNrIWUPZ6HTWH06IxKWd2yTsaqj3XFdBu2Mm8yt6OM/RiYpUHcktEpwg98Kp3GCtZXLP18uW7FDldv5zF/V5/y4JME+sLSFLuugj0eeZX99awxJYFmEjbmj9A==
OE2Ik6EYsyWoMy+tt2TgQH11ehWZHWHPIWqi16PY8QVHV2IV3f2qHmtsizXUAEGhiE6kGzpYBeY7a9T3iLs004KIiuSWXt3NtVt+7N6Zsp/HrcvViXETKXY+eR+doxfmO0BUId+LGtiMfSQZAkp4k6K1/JepY84N1aBb1xNEp7c/+5eRspJuBWRjA09dXYePuKPz
hOCxoUK63l2XXtT9FXKnuV5oA203DWdpdGm2Jn8M/21o0K1KHM4wc1YIuT7Pi8DPlMtY+7ZIfgw67kG1IfvKNCJJnrfTrd/9paHv8cKe7WcBE7sOz4BgCbP7BuCYndDBvhoU+zY1aH9Fs3JVocBP7w+0S58Lu+P5HiLy/fDDtxchDaunrKPn
9qg7/fjM9GRoXG+Uqd1XT/SWyoeL6vsDHdu41LRGx/c8SK3/bpHR8azkULTjqZU7d+0tZbiP/u06jAtqo5N+XQXb8ZBtHj9iZRI/GVYkXU5P7ni80DFbhM8rPnNlKSthNjHdFVUJHSLXb3ua6Gb14Ei+iRiL0ssJNv+D+9uuHR4BrqGvo+Y=
5xY0bZqg10DCcaueTXYDXlxoA3w1G2NpdGm2Jn8M/21o0K1MHM4wc1YIuT7Pi8DPlMtY+7ZIfgw67kG1IfvKNCJJnrfTrd/9paHv8cKe7WcBE7sOz4BgCbP7BuCYndDBvhoU+zY1aH9Fs3JVocBP7w+0S58Lu+P5HiLy/fDDtxchDaunrKPn
hAsXl0yYZrUsIaMhKl+YW/SWzJGX9/sDHdu41LRGx/c8SKv/bpHR8azkULTjqZU7d+0tZbiP/u06jAtqo5N+XQXb8ZBtHj9iZRI/GVYkXU5P7ni80DFbhM8rPnNlKSthNjHdFVUJHSLXb3ua6Gb14Ei+iRiL0ssJNv+D+9uuHR4BrqGvo+Y=
la/HgJZcPRrhDSNVvit4o/SWzYeF8vsDHdu41LRGx/c8SKj/bpHR8azkULTjqZU7d+0tZbiP/u06jAtqo5N+XQXb8ZBtHj9iZRI/GVYkXU5P7ni80DFbhM8rPnNlKSthNjHdFVUJHSLXb3ua6Gb14Ei+iRiL0ssJNv+D+9uuHR4BrqGvo+Y=
1MFd9Y6whFrFHguE4EHnOur3UKzBuOXljXOVj66A5lABy5ypyaN2O2jr1V0sdmSIK900XsKor08taxRCJPbTh5kxX9tpFxgxYhfiSl8Is51St80NVQLtgIO4nfQLGyZKEYSnGPwOsE8HvtctKlE1Z0fLvqc5xxVXYTjvSY9YWMh5auAOTeqr7NdzbrlXGUsgsXRJ+IW9o/g=
YnVL1JzhQ25jtem6Me/q9CddvfHYjR7lAyr3tbw/wZaY1vjQ/11weqjSRc2RbgxRfNuw0l6JxlEkYkRU85lk8iYdL/PVz2QO7CKzm4E1T7dB41hN2vNSxtecE8EKcx0hPTbtvPucbThDT8bWiQA39FR6cLM/2uchIkUVu5+P7gvRc5XrmZyfBUeMONRhbvBiZR7rkG+X3jXfjet86bCZ1O2Jo8Q=
gaZdznDzorPwqkZmv+nxfBB7zVqrgwS20wMaYed5HlrKQeQd1LOXFnMg/3T0ivzAxKdhABEx4i8Tw7PUalOkuoWA0k8YF98V3Xye3KTW8wxO7JS0s0iX7M8nJJGZr5iZsk/CQm9wc3XCLy3FJTrtqNNgPXy742YiAZzHUAy2MOfX5vclGin1j9dTXm9J/xV/MeBPwT+gGKBpcoBGvVIrRAcrTrFnYYvIIeypMPWFo9A=
gaZdznDzorPwqkZmv+nxfBB7zVqrgwS20wMaYed5HlrKQeQd1LOXFnMg/3T0ivzAxKdhABEx4i8Tw7PUalOkuoWA0k8YF98V3Xye3KTW8wxO7JS0s0iX7M8nJJGZr5iZsk/CQm9wc3XCLy3FJTrtqNNgPXy742YiAZzHUAy2MOfX5vclGin1j9dTXm9J/xV/MeBPwT+gGKBpcoBGvVIrRAcrTrFnYYvIIeypMPWFo9A=
cHJJA9tk2vau0Ps5ma/KxSenu0Bop9al6+WNPIx0uNexfv3FzdznQVAXDfZtig1nXVL4mF8OFGHnDWmt3PhoqAN1LWcHcZW5eFPG8UrQM7ZDD8bBdYfJjG0CBz4VjoeFtvhlEj/yQGAQ7eMYv3eGr4U1E31GbWWJ1ZWlfqdzQ4YIuk28OCYxxEsO8xVGo7snOzKlgnHymbOj+g==
NNe076soT+7pRfqZzwlm9j3aZQhjZXMVtzgFLkBZ25+mYSVJHgCqxy0py0ughWeKy4PsKg7HIJOGyOleXwtwL2QLaJvGSE4syi7xFVF7WpTyiU6Xw63P3XVhP1FSHp3HsdNLLv+AEGmDO/YAKB1Aoe7axBsmNXgfFfOitTFA/49/9H9/+7vT2W5iQl0AQye3cU37h7yj9w==
izjC/D8vVyahjS7ff+bf+l9SeMo5/XvJ/fhQFJz1aTc10M4eXaEUGQcsOHShjnBAJX7r8C+3XtUfLevcqdAZ9C1poyQ=
kqNr6YUc7zD0n1adnwsZF9ApLfPf8Nk7NSXrXwRqVSEQUOPE7CwPvGprYuC/x+9xGRDGPv0zeZpdrLTx3RNnX8r/OUEyz5+/lcU8SKxX8Ch4IMw25zm3SxzYJFHo+3UtebHTuekdFC5766fLTSLJ4CalRWOgrM6txi14QmJ3kPVOczPrtLk3cBmjKay5s03bZVXo+tTx5vNh+6eV3euKo8E=
I8YIkCCevWDVU9BC8czEH/dE6EnXTtczpoJQN9sPkNe7LQHlDVueXajTS1yFWT8WGzMDghUKUvcQtaJz1MesnhrcyOT5sjWSYBH/jBMc6/BU8AOg/dwCpea5zezrmfNTj/pkJz+UETPp+X+jub+Y6VIfAvLP4POFov9t9QUq7dgzMP3MG3Pm0mFMh2AspjCXN7Y3lbq5dX+3gx5fae8VD9Gwj3GfMJhQCaLAdJ1CKzTne44Bx/ELOEE86QDVlaOg
i9CLttKE1NuXlGifLpwbQEVxiNgxYBbZFUH3u5ySlvhZfV2c46oBNOM0ugl3q6wjPDELUIXrTTz8i+Ebia0s6nC5+pMd8wMl2TNmoy0=
n3TrAUqa1XpYZKukGLpEnm9b/HqGSQFca0LKLUWqCsecoh3WgZCPvFByFAQG1MbqtIbGBeeIWY8UZ+4/Zdj/wsSdaJ9Vbl27uDjulYHAL69vNO7fK7sDOf6iUr3Qw9dXgY0LZ0yjBw==
j1VOCh+XVt1AEintE+TyiCLGjyvn/g3BnugFgNq4alyOe2belMDQQGIdDl/ez+yxvGFy9Ve2uKahSQvV1bzwmOQheUv9dE6yhdUkxW+o2DiZmiD9rRqrHDeDrkm36cvQUYSJCGVNowg=
8zVXLp6Pktxh9yY3G4w0R3oznR/LmZb67PzQdAox3puGk0wlNO3CEe/K+FKJJRvRzaCQTCxtCe8FyM4GbXl0gbd0+CyRlhCZleZraJ9vPs0vdSuEGUh5LB1xozw=
SjxpcxqlpyIwcLO+gqZN6AJvtvpKVKQi0ZCG9uT40EhyBS637reseWw5El2nDjguMdGrvWVEMNC0+ZljjUxOupXNBC1f0JjwScJAVV2iK5SnGw4hBxELmAFcaSAVdaMA
LKJKBuWTMHY61ezpSUUxYStcmd97ZoU45pCG9uT40EhyBS637reseWw5El2nDjguMdGrvWVEMNC0+ZljjUxOupXNBC1f0JjwScJAVV2iK5SnGw4hBxELmAFcaSAVdaMA
W/zvddYVRy8DT7vJYt5p5yp42NU0jFs4DnBgelD2jr9WARoF3NeAk3r7Q6xY8O2L82uxFmAeeLPRpUkODkSptzzba6KoHmWoaLN5wAuKuwEWNxMDG5YNVmEmEXejPg==
T/2UggiLa41EJASmtBR74hB7zVqrgwS20wMaYed5HlrKQeQd1LOXFnMg/3T0ivzAxKdhABEx4i8Tw7PUalOkuoWA0k8YF98V3Xye3KTW8wxO7JS0s0iX7M8nJJGZr5iZsk/CQm9wc3XCLy3FJTrtqNNgPXy742YiAZzHUAy2MOfX5vclGin1j9dTXm9J/xV/MeBPwT+gGKBpcoBFvVIrRAcrTrFnYYvIIeypMPWFo9A=
P2gR+D6ploqlXTB/C9YzKEVxiNkxYBbZFUH3u5ySlvhZfV2c46oBNOM0ugl3q6wjPDELUIXrTTz8i+Ebia0s6nC5+pMd8wMl2TNmoy0=
sGVku5zAIvgYApHliCJE+BHzvX3RaZ1D0W31OHbi9yEh91UWHUKZ+95T+1roJnWgSHkIWIsSS0k2PwM72+6d3gHuIW+jJg==
P3E4+ZEaBBnu7wVUwrqlmJdL9hjdVqMgvPd3Yo2GG//n+zp1gj4wLQUga7djBLBWj/vnMaJS3iUU49OvzR33L2ijIw==
ET8ZPFSSipA0rYk7KoMzVtOBghsOheplNQnPPVmP/tJc0XvQFUsd/M6q8RuZzdyqoNlqE61Ts+WJ0xajXQ==
Q9yTUgdlnuh7OLaFGYqCes6bGUTEjew5lD9hhT8zAyYIWo3cuAXwJEtuszXGQ/tHO5JlovGS2ROjWg==
WVZQHCVlzyVJyoobRnWXqDcZ/j0XlriG4a2JuxWc8LgkQfmrvVROksU1pKWviNgYWfqgGuk6qjx3Yy4pd8nL8JHkCeglbaMo
eUvyijL7O6bFPsUtAsSyn0RCDCB4FcuBQd/C1SVeIYvuCF2EcjcMQAOKHVsSO24jgl8U6NyooIY7wbNrWICYwQQzUS1deT8pVUVQDn8Te3shqm0gwq1pE/wUSk0CdQRSTr90dSo7H/tIYXMQnRv1XJO/KZrB3QRKiIni06UjGwWxo66j5Q==
4HppcuFFoQNp+LgZfEu/Yyp42NU0jFs4DnBgelD2jr9WARoF3NeAk3r7Q6xY8O2P8WWxFmAeeLPRpUkODkSptzzba6KoHmWoaLR9wAqKuwEWNxMDG5YNVmEmEXejPg==
LswvPrnGSe+y490IhhBvXitcmd97ZoU45pCG9uT40EhyBS637reseWw5El2nDjguMdWps2VEMNC0+ZljjUxOupXNBC1f0JjwScJAUlmiKpSnGw4hBxELmAFcaSAVdaMA
60/ohvp0kXYCEr3Pev21rgJvtvpKVKQi0ZCG9uT40EhyBS637reseWw5El2nDjguMdWps2VEMNC0+ZljjUxOupXNBC1f0JjwScJAUlmiKpSnGw4hBxELmAFcaSAVdaMA
QIaV6LAlLhzBNqSq2qwnP3oznR/LmZb67PzQdAox3puGk0wlNO3CEe/K+FKJIRnfzaCQTCxtCe8FyM4GbXl0gbd0+CyRlhCekeZqaJ9vPs0vdSuEGUh5LB1xozw=
P5bLG2b/YpPHNsgth5GybiLGjyvn/g3BnugFgNq4alyOe2belMDQQGIdDl/ez+yxvGFy9Ve2uKahTQnb1bzwmOQheUv9dE6yhdUkxW+o2DiZmiD6qRqqHDeDrkm36cvQUYSJCGVNowg=
km3dIaSjuhAkpjJpukiye29b/HqGSQFca0LKLUWqCsecoh3WgZCPvFByFAQG1MbqtIbGBeeIWY8QZeA/Zdj/wsSdaJ9Vbl27uDjulYHAL69vNOnbK7oDOf6iUr3Qw9dXgY0LZ0yjBw==
P6LUawBPQRSvwXa7jrxVltg7T3IHg9ITLLfToeD/kGnZbYzn1pPSgoAFIAUJSM4/Pd6lg/02UAzPmZjkZInhOUxswMyjkYUzV6Vd/TgXDiUahBtSY2vu1WWTwYhtBg8qBZqv4ZYcTUZvJogkUKkrzO8jLkslUbvp1vntDVURLeo35+viqF7l6Gj0/YAKSjvBFveTwxtWjZZh5pG3o/4=
mflUJCrCj0cNwCL1VUij1N4FkHJIkGoXpLFmFjWV/5iLRUkCE5S3hYRlwqHt6EUzNJvvDW5ETPLWT6t6Z1apS+qRm9A1i718q2/RGnmNfCrAGQoTjRNTZSkTdqM9
WRcaBi/7FY+K57GoBzP3QDYhPAyhOGTmuB4Y2nJpaZrRK7edn7CY0AkiwPKZwiq05/uOgcdxC7hBvOmA1RWjIA==
WRcaBi/7FY+K57GoBzP3QDYhPAyhOGTmuB4Y2nJpaZrRK7edn7CY0AkiwPKZwiq05/uOgcdxC7hBvOmA1RWjIA==
/3+XHCdiXl81XRHnYybueepLIDvQTl3rgCwy2AsQI2xJ9BFaeALhv0fJzSkCPSrQItKsdCPP44FcaC46WUMYEmIPLU4nVBweqATY/h8q1o1iaiAqYT4QPjTUFw4nSS3QLgHyjxWUGPNIceJABxLFty8KalogiPXnBhUL5ko=
